<?xml version="1.0" encoding="UTF-8"?>
<!-- Generated by org.testng.reporters.JUnitReportReporter -->
<testsuite hostname="CopiousCare" failures="0" tests="9" name="webAuto.OpdVaccineInventory" time="38.341" errors="0" timestamp="2024-04-02T14:17:44 IST" skipped="0">
  <testcase classname="webAuto.OpdVaccineInventory" name="numberField" time="0.163"/>
  <system-out/>
  <testcase classname="webAuto.OpdVaccineInventory" name="sendOTP" time="7.619"/>
  <system-out/>
  <testcase classname="webAuto.OpdVaccineInventory" name="verifyButton" time="10.057"/>
  <system-out/>
  <testcase classname="webAuto.OpdVaccineInventory" name="Inventory" time="2.086"/>
  <system-out/>
  <testcase classname="webAuto.OpdVaccineInventory" name="AddNewBrand" time="10.081"/>
  <system-out/>
  <testcase classname="webAuto.OpdVaccineInventory" name="SearchBrand" time="2.109"/>
  <system-out/>
  <testcase classname="webAuto.OpdVaccineInventory" name="SelectBrand" time="2.069"/>
  <system-out/>
  <testcase classname="webAuto.OpdVaccineInventory" name="Quantity" time="2.094"/>
  <system-out/>
  <testcase classname="webAuto.OpdVaccineInventory" name="Save" time="2.063"/>
  <system-out/>
</testsuite> <!-- webAuto.OpdVaccineInventory -->
