<?xml version="1.0" encoding="UTF-8"?>
<!-- Generated by org.testng.reporters.JUnitReportReporter -->
<testsuite hostname="CopiousCare" failures="0" tests="37" name="webAuto.OpdEndToEndWorkFlow1" time="351.410" errors="0" timestamp="2024-05-28T11:05:18 IST" skipped="0">
  <testcase classname="webAuto.OpdEndToEndWorkFlow1" name="numberField" time="0.233"/>
  <system-out/>
  <testcase classname="webAuto.OpdEndToEndWorkFlow1" name="sendOTP" time="11.834"/>
  <system-out/>
  <testcase classname="webAuto.OpdEndToEndWorkFlow1" name="verifyButton" time="10.137"/>
  <system-out/>
  <testcase classname="webAuto.OpdEndToEndWorkFlow1" name="createPatient" time="0.823"/>
  <system-out/>
  <testcase classname="webAuto.OpdEndToEndWorkFlow1" name="Number1" time="0.306"/>
  <system-out/>
  <testcase classname="webAuto.OpdEndToEndWorkFlow1" name="confirm" time="2.133"/>
  <system-out/>
  <testcase classname="webAuto.OpdEndToEndWorkFlow1" name="number2" time="0.303"/>
  <system-out/>
  <testcase classname="webAuto.OpdEndToEndWorkFlow1" name="firstName" time="0.191"/>
  <system-out/>
  <testcase classname="webAuto.OpdEndToEndWorkFlow1" name="middleName" time="0.159"/>
  <system-out/>
  <testcase classname="webAuto.OpdEndToEndWorkFlow1" name="lastName" time="0.156"/>
  <system-out/>
  <testcase classname="webAuto.OpdEndToEndWorkFlow1" name="birthDate" time="0.257"/>
  <system-out/>
  <testcase classname="webAuto.OpdEndToEndWorkFlow1" name="genFemale" time="0.084"/>
  <system-out/>
  <testcase classname="webAuto.OpdEndToEndWorkFlow1" name="address" time="0.182"/>
  <system-out/>
  <testcase classname="webAuto.OpdEndToEndWorkFlow1" name="locality" time="0.166"/>
  <system-out/>
  <testcase classname="webAuto.OpdEndToEndWorkFlow1" name="city" time="0.227"/>
  <system-out/>
  <testcase classname="webAuto.OpdEndToEndWorkFlow1" name="pinCode" time="0.168"/>
  <system-out/>
  <testcase classname="webAuto.OpdEndToEndWorkFlow1" name="proceedWithSameRMN" time="0.170"/>
  <system-out/>
  <testcase classname="webAuto.OpdEndToEndWorkFlow1" name="nextButton" time="15.099"/>
  <system-out/>
  <testcase classname="webAuto.OpdEndToEndWorkFlow1" name="clickClose" time="0.965"/>
  <system-out/>
  <testcase classname="webAuto.OpdEndToEndWorkFlow1" name="fillVitalForm" time="16.248"/>
  <system-out/>
  <testcase classname="webAuto.OpdEndToEndWorkFlow1" name="fillHealthProfile" time="11.403"/>
  <system-out/>
  <testcase classname="webAuto.OpdEndToEndWorkFlow1" name="fillFamilyProfile" time="17.838"/>
  <system-out/>
  <testcase classname="webAuto.OpdEndToEndWorkFlow1" name="GoHome" time="0.474"/>
  <system-out/>
  <testcase classname="webAuto.OpdEndToEndWorkFlow1" name="AddNewAppointment" time="25.507"/>
  <system-out/>
  <testcase classname="webAuto.OpdEndToEndWorkFlow1" name="AddPrescription" time="15.876"/>
  <system-out/>
  <testcase classname="webAuto.OpdEndToEndWorkFlow1" name="Complaints" time="3.717"/>
  <system-out/>
  <testcase classname="webAuto.OpdEndToEndWorkFlow1" name="VitalsOption" time="4.154"/>
  <system-out/>
  <testcase classname="webAuto.OpdEndToEndWorkFlow1" name="BpandHeartOption" time="15.855"/>
  <system-out/>
  <testcase classname="webAuto.OpdEndToEndWorkFlow1" name="BloodAndAnalysis" time="16.193"/>
  <system-out/>
  <testcase classname="webAuto.OpdEndToEndWorkFlow1" name="LipidProfile" time="15.839"/>
  <system-out/>
  <testcase classname="webAuto.OpdEndToEndWorkFlow1" name="OnExamination" time="15.554"/>
  <system-out/>
  <testcase classname="webAuto.OpdEndToEndWorkFlow1" name="Diagnosis" time="15.303"/>
  <system-out/>
  <testcase classname="webAuto.OpdEndToEndWorkFlow1" name="Medicine1" time="47.164"/>
  <system-out/>
  <testcase classname="webAuto.OpdEndToEndWorkFlow1" name="DietaryAdvice" time="15.278"/>
  <system-out/>
  <testcase classname="webAuto.OpdEndToEndWorkFlow1" name="GeneralInstruction" time="15.261"/>
  <system-out/>
  <testcase classname="webAuto.OpdEndToEndWorkFlow1" name="SaveandProceed" time="0.139"/>
  <system-out/>
  <testcase classname="webAuto.OpdEndToEndWorkFlow1" name="ConfirmPrescription" time="56.014"/>
  <system-out/>
</testsuite> <!-- webAuto.OpdEndToEndWorkFlow1 -->
