<?xml version="1.0" encoding="UTF-8"?>
<!-- Generated by org.testng.reporters.JUnitReportReporter -->
<testsuite hostname="CopiousCare" failures="0" tests="4" name="webAutoNegative.DeleteFavouriteMedicine" time="35.048" errors="0" timestamp="2024-04-02T17:26:03 IST" skipped="0">
  <testcase classname="webAutoNegative.DeleteFavouriteMedicine" name="numberField" time="0.256"/>
  <system-out/>
  <testcase classname="webAutoNegative.DeleteFavouriteMedicine" name="sendOTP" time="10.752"/>
  <system-out/>
  <testcase classname="webAutoNegative.DeleteFavouriteMedicine" name="verifyButton" time="13.693"/>
  <system-out/>
  <testcase classname="webAutoNegative.DeleteFavouriteMedicine" name="deleteButton" time="10.347"/>
  <system-out/>
</testsuite> <!-- webAutoNegative.DeleteFavouriteMedicine -->
