<?xml version="1.0" encoding="UTF-8"?>
<!-- Generated by org.testng.reporters.JUnitReportReporter -->
<testsuite hostname="CopiousCare" failures="0" tests="6" name="webAutoNegative.Appointment" time="47.488" errors="0" timestamp="2024-04-02T17:22:59 IST" skipped="0">
  <testcase classname="webAutoNegative.Appointment" name="numberField" time="0.147"/>
  <system-out/>
  <testcase classname="webAutoNegative.Appointment" name="sendOTP" time="7.761"/>
  <system-out/>
  <testcase classname="webAutoNegative.Appointment" name="verifyButton" time="10.059"/>
  <system-out/>
  <testcase classname="webAutoNegative.Appointment" name="searchBar" time="0.500"/>
  <system-out/>
  <testcase classname="webAutoNegative.Appointment" name="searchOpt" time="3.092"/>
  <system-out/>
  <testcase classname="webAutoNegative.Appointment" name="AddNewAppointment" time="25.929"/>
  <system-out/>
</testsuite> <!-- webAutoNegative.Appointment -->
