<?xml version="1.0" encoding="UTF-8"?>
<!-- Generated by org.testng.reporters.JUnitReportReporter -->
<testsuite hostname="CopiousCare" failures="0" tests="8" name="webAutoQueue.Referral" time="73.012" errors="0" timestamp="2024-04-29T15:16:38 IST" skipped="0">
  <testcase classname="webAutoQueue.Referral" name="numberField" time="0.103"/>
  <system-out/>
  <testcase classname="webAutoQueue.Referral" name="sendOTP" time="7.557"/>
  <system-out/>
  <testcase classname="webAutoQueue.Referral" name="verifyButton" time="10.073"/>
  <system-out/>
  <testcase classname="webAutoQueue.Referral" name="searchBar" time="0.373"/>
  <system-out/>
  <testcase classname="webAutoQueue.Referral" name="searchOpt" time="3.073"/>
  <system-out/>
  <testcase classname="webAutoQueue.Referral" name="clickPatient" time="10.128"/>
  <system-out/>
  <testcase classname="webAutoQueue.Referral" name="Document" time="0.083"/>
  <system-out/>
  <testcase classname="webAutoQueue.Referral" name="cirtificateOption" time="41.622"/>
  <system-out/>
</testsuite> <!-- webAutoQueue.Referral -->
