<?xml version="1.0" encoding="UTF-8"?>
<!-- Generated by org.testng.reporters.JUnitReportReporter -->
<testsuite hostname="CopiousCare" failures="0" tests="7" name="pivotalApplication.PivotalLogout" time="40.953" errors="0" timestamp="2024-07-30T15:22:18 IST" skipped="0">
  <testcase classname="pivotalApplication.PivotalLogout" name="BfSuite" time="0.589"/>
  <system-out/>
  <testcase classname="pivotalApplication.PivotalLogout" name="NumberField" time="1.706"/>
  <system-out/>
  <testcase classname="pivotalApplication.PivotalLogout" name="IAgree" time="2.047"/>
  <system-out/>
  <testcase classname="pivotalApplication.PivotalLogout" name="proceedButton" time="2.346"/>
  <system-out/>
  <testcase classname="pivotalApplication.PivotalLogout" name="OTP" time="11.897"/>
  <system-out/>
  <testcase classname="pivotalApplication.PivotalLogout" name="submit" time="7.750"/>
  <system-out/>
  <testcase classname="pivotalApplication.PivotalLogout" name="menu" time="14.618"/>
  <system-out/>
</testsuite> <!-- pivotalApplication.PivotalLogout -->
