<?xml version="1.0" encoding="UTF-8"?>
<!-- Generated by org.testng.reporters.JUnitReportReporter -->
<testsuite hostname="DESKTOP-VQLLA2K" failures="0" tests="174" name="pivotalApplication.PivoFin1" time="980.660" errors="1" timestamp="2023-12-26T12:56:38 IST" skipped="0">
  <testcase classname="pivotalApplication.PivoFin1" name="BfSuite" time="3.448"/>
  <testcase classname="pivotalApplication.PivoFin1" name="NumberField" time="0.756"/>
  <testcase classname="pivotalApplication.PivoFin1" name="IAgree" time="2.114"/>
  <testcase classname="pivotalApplication.PivoFin1" name="proceedButton" time="2.393"/>
  <testcase classname="pivotalApplication.PivoFin1" name="OTP" time="11.661"/>
  <testcase classname="pivotalApplication.PivoFin1" name="submit" time="8.183"/>
  <testcase classname="pivotalApplication.PivoFin1" name="Createptient" time="4.489"/>
  <testcase classname="pivotalApplication.PivoFin1" name="Neweptient" time="12.315"/>
  <testcase classname="pivotalApplication.PivoFin1" name="Close" time="5.054"/>
  <testcase classname="pivotalApplication.PivoFin1" name="MobileNumber1" time="2.569"/>
  <testcase classname="pivotalApplication.PivoFin1" name="confirm" time="4.551"/>
  <testcase classname="pivotalApplication.PivoFin1" name="confirmPopup" time="4.763"/>
  <testcase classname="pivotalApplication.PivoFin1" name="AdditionalNumber1" time="2.481"/>
  <testcase classname="pivotalApplication.PivoFin1" name="FirstName" time="5.803"/>
  <testcase classname="pivotalApplication.PivoFin1" name="MiddleName" time="4.948"/>
  <testcase classname="pivotalApplication.PivoFin1" name="LastName" time="4.937"/>
  <testcase classname="pivotalApplication.PivoFin1" name="BirthCalender" time="4.993"/>
  <testcase classname="pivotalApplication.PivoFin1" name="Birthok" time="4.298"/>
  <testcase classname="pivotalApplication.PivoFin1" name="GenFemale" time="4.467"/>
  <testcase classname="pivotalApplication.PivoFin1" name="Address" time="2.905"/>
  <testcase classname="pivotalApplication.PivoFin1" name="Area" time="2.942"/>
  <testcase classname="pivotalApplication.PivoFin1" name="City" time="2.951"/>
  <testcase classname="pivotalApplication.PivoFin1" name="PinCode" time="2.393"/>
  <testcase classname="pivotalApplication.PivoFin1" name="Next" time="15.424"/>
  <testcase classname="pivotalApplication.PivoFin1" name="ContinueProfile" time="10.334"/>
  <testcase classname="pivotalApplication.PivoFin1" name="TypeOfDelivery" time="2.351"/>
  <testcase classname="pivotalApplication.PivoFin1" name="TypeOfDeliveryNormal" time="2.203"/>
  <testcase classname="pivotalApplication.PivoFin1" name="weightl" time="2.309"/>
  <testcase classname="pivotalApplication.PivoFin1" name="Heightl" time="2.337"/>
  <testcase classname="pivotalApplication.PivoFin1" name="HC" time="2.276"/>
  <testcase classname="pivotalApplication.PivoFin1" name="CC" time="2.345"/>
  <testcase classname="pivotalApplication.PivoFin1" name="BPSYS" time="2.258"/>
  <testcase classname="pivotalApplication.PivoFin1" name="BPDia" time="2.290"/>
  <testcase classname="pivotalApplication.PivoFin1" name="BloodGroup" time="2.321"/>
  <testcase classname="pivotalApplication.PivoFin1" name="BloodGroupA" time="2.292"/>
  <testcase classname="pivotalApplication.PivoFin1" name="BirthHistoryNext" time="7.463"/>
  <testcase classname="pivotalApplication.PivoFin1" name="MedicalConditionAdd" time="3.793"/>
  <testcase classname="pivotalApplication.PivoFin1" name="MedicalConditionSelect" time="3.530"/>
  <testcase classname="pivotalApplication.PivoFin1" name="AddMedicalCondition" time="2.380"/>
  <testcase classname="pivotalApplication.PivoFin1" name="Allergies" time="2.821"/>
  <testcase classname="pivotalApplication.PivoFin1" name="Reactions" time="2.812"/>
  <testcase classname="pivotalApplication.PivoFin1" name="RecurringComplaints" time="2.829"/>
  <testcase classname="pivotalApplication.PivoFin1" name="HospitalizationHistory" time="2.318"/>
  <testcase classname="pivotalApplication.PivoFin1" name="HealthHistory" time="2.328"/>
  <testcase classname="pivotalApplication.PivoFin1" name="GeneticdisoredrAdd" time="4.102"/>
  <testcase classname="pivotalApplication.PivoFin1" name="GeneticdisoredrSelect" time="12.867"/>
  <testcase classname="pivotalApplication.PivoFin1" name="AddGeneticdisoredr" time="2.456"/>
  <testcase classname="pivotalApplication.PivoFin1" name="OtherEmailId" time="2.801"/>
  <testcase classname="pivotalApplication.PivoFin1" name="helathNext" time="2.356"/>
  <testcase classname="pivotalApplication.PivoFin1" name="FathersName" time="2.292"/>
  <testcase classname="pivotalApplication.PivoFin1" name="MothersName" time="2.732"/>
  <testcase classname="pivotalApplication.PivoFin1" name="Fatherheight" time="7.487"/>
  <testcase classname="pivotalApplication.PivoFin1" name="Mothersheight" time="5.023"/>
  <testcase classname="pivotalApplication.PivoFin1" name="FamailyMedicalHistory" time="8.128"/>
  <testcase classname="pivotalApplication.PivoFin1" name="EnterDisorders" time="15.612"/>
  <testcase classname="pivotalApplication.PivoFin1" name="AddVital" time="5.319"/>
  <testcase classname="pivotalApplication.PivoFin1" name="weight" time="0.305"/>
  <testcase classname="pivotalApplication.PivoFin1" name="Height" time="6.046"/>
  <testcase classname="pivotalApplication.PivoFin1" name="HC1" time="5.322"/>
  <testcase classname="pivotalApplication.PivoFin1" name="CC1" time="5.282"/>
  <testcase classname="pivotalApplication.PivoFin1" name="Temperature" time="5.832"/>
  <testcase classname="pivotalApplication.PivoFin1" name="SPO2" time="11.643"/>
  <testcase classname="pivotalApplication.PivoFin1" name="UpArrow" time="10.732"/>
  <testcase classname="pivotalApplication.PivoFin1" name="BPSYS1" time="5.818"/>
  <testcase classname="pivotalApplication.PivoFin1" name="BPDIA" time="6.340"/>
  <testcase classname="pivotalApplication.PivoFin1" name="HeartRate" time="6.283"/>
  <testcase classname="pivotalApplication.PivoFin1" name="Pulse" time="11.507"/>
  <testcase classname="pivotalApplication.PivoFin1" name="BloodSugar" time="10.771"/>
  <testcase classname="pivotalApplication.PivoFin1" name="BloodSugarf" time="5.754"/>
  <testcase classname="pivotalApplication.PivoFin1" name="BloodSugarPP" time="5.798"/>
  <testcase classname="pivotalApplication.PivoFin1" name="BloodSugarHB" time="16.374"/>
  <testcase classname="pivotalApplication.PivoFin1" name="CholesterolHDL" time="5.749"/>
  <testcase classname="pivotalApplication.PivoFin1" name="CholesterolLDL" time="5.798"/>
  <testcase classname="pivotalApplication.PivoFin1" name="TotalCholesterol" time="5.822"/>
  <testcase classname="pivotalApplication.PivoFin1" name="Triglycerides" time="5.775"/>
  <testcase classname="pivotalApplication.PivoFin1" name="Save" time="5.375"/>
  <testcase classname="pivotalApplication.PivoFin1" name="Appointment" time="21.066"/>
  <testcase classname="pivotalApplication.PivoFin1" name="SlotTime" time="41.879"/>
  <testcase classname="pivotalApplication.PivoFin1" name="VideoCheckBox" time="2.249"/>
  <testcase classname="pivotalApplication.PivoFin1" name="Book" time="7.823"/>
  <testcase classname="pivotalApplication.PivoFin1" name="AppointmentBookedPopup" time="14.904"/>
  <testcase classname="pivotalApplication.PivoFin1" name="ClickPatient" time="3.018"/>
  <testcase classname="pivotalApplication.PivoFin1" name="prescription" time="3.244"/>
  <testcase classname="pivotalApplication.PivoFin1" name="ComplaintAndDiagnosis" time="2.536"/>
  <testcase classname="pivotalApplication.PivoFin1" name="AddChiefComplaints" time="2.333"/>
  <testcase classname="pivotalApplication.PivoFin1" name="Fever" time="3.227"/>
  <testcase classname="pivotalApplication.PivoFin1" name="Details" time="2.440"/>
  <testcase classname="pivotalApplication.PivoFin1" name="mild" time="2.432"/>
  <testcase classname="pivotalApplication.PivoFin1" name="moreSymptoms" time="2.276"/>
  <testcase classname="pivotalApplication.PivoFin1" name="Since2Days" time="2.280"/>
  <testcase classname="pivotalApplication.PivoFin1" name="AddComplaint" time="2.236"/>
  <testcase classname="pivotalApplication.PivoFin1" name="AddWorkingDiagnosis" time="2.312"/>
  <testcase classname="pivotalApplication.PivoFin1" name="AcuteUrti" time="5.488"/>
  <testcase classname="pivotalApplication.PivoFin1" name="AddDiagnosis" time="2.320"/>
  <testcase classname="pivotalApplication.PivoFin1" name="Medicine" time="2.404"/>
  <testcase classname="pivotalApplication.PivoFin1" name="TapToAddMedicine" time="2.373"/>
  <testcase classname="pivotalApplication.PivoFin1" name="SearchMedDolo" time="6.672"/>
  <testcase classname="pivotalApplication.PivoFin1" name="AddToPrescription" time="2.285"/>
  <testcase classname="pivotalApplication.PivoFin1" name="ClickFavourite" time="2.386"/>
  <testcase classname="pivotalApplication.PivoFin1" name="ClickFavoutiteDropdown" time="2.184"/>
  <testcase classname="pivotalApplication.PivoFin1" name="ClickFavoutiteMedDrp" time="2.201"/>
  <testcase classname="pivotalApplication.PivoFin1" name="ClickFavoutiteMedicine" time="2.223"/>
  <testcase classname="pivotalApplication.PivoFin1" name="CopyMedicine" time="2.484"/>
  <testcase classname="pivotalApplication.PivoFin1" name="popularClick" time="2.463"/>
  <testcase classname="pivotalApplication.PivoFin1" name="popularMedicineClick" time="4.232"/>
  <testcase classname="pivotalApplication.PivoFin1" name="popularCopyMedicine" time="2.803"/>
  <testcase classname="pivotalApplication.PivoFin1" name="DietAndNutrition" time="2.384"/>
  <testcase classname="pivotalApplication.PivoFin1" name="DietAndNutritionAdd" time="2.282"/>
  <testcase classname="pivotalApplication.PivoFin1" name="DietAdvice" time="2.382"/>
  <testcase classname="pivotalApplication.PivoFin1" name="AddDietAdvice" time="2.276"/>
  <testcase classname="pivotalApplication.PivoFin1" name="GeneralInstructions" time="2.364"/>
  <testcase classname="pivotalApplication.PivoFin1" name="GeneralInstructionsAdd" time="2.279"/>
  <testcase classname="pivotalApplication.PivoFin1" name="InstructionsAdd" time="2.392"/>
  <testcase classname="pivotalApplication.PivoFin1" name="Instructions" time="2.334"/>
  <testcase classname="pivotalApplication.PivoFin1" name="NextFollowup" time="4.361"/>
  <testcase classname="pivotalApplication.PivoFin1" name="NextFollowupCln7der" time="2.317"/>
  <testcase classname="pivotalApplication.PivoFin1" name="NextOk" time="2.290"/>
  <testcase classname="pivotalApplication.PivoFin1" name="NextVistTab" time="2.384"/>
  <testcase classname="pivotalApplication.PivoFin1" name="PreviewPrescription" time="2.305"/>
  <testcase classname="pivotalApplication.PivoFin1" name="SaveAndShare" time="10.201"/>
  <testcase classname="pivotalApplication.PivoFin1" name="DownloadBack" time="20.785"/>
  <testcase classname="pivotalApplication.PivoFin1" name="ImmunizationClick" time="2.537"/>
  <testcase classname="pivotalApplication.PivoFin1" name="AtBirth" time="2.613"/>
  <testcase classname="pivotalApplication.PivoFin1" name="AddVaccine" time="2.472"/>
  <testcase classname="pivotalApplication.PivoFin1" name="SelectBrand" time="2.556"/>
  <testcase classname="pivotalApplication.PivoFin1" name="SelectDate" time="7.555"/>
  <testcase classname="pivotalApplication.PivoFin1" name="VaccineLabel" time="27.238"/>
  <testcase classname="pivotalApplication.PivoFin1" name="BulkUpdate" time="8.114"/>
  <testcase classname="pivotalApplication.PivoFin1" name="PCV" time="4.484"/>
  <testcase classname="pivotalApplication.PivoFin1" name="IPV" time="4.458"/>
  <testcase classname="pivotalApplication.PivoFin1" name="Rotavirus" time="4.443"/>
  <testcase classname="pivotalApplication.PivoFin1" name="AddToSchedule" time="4.485"/>
  <testcase classname="pivotalApplication.PivoFin1" name="BulkUpdate1" time="10.441"/>
  <testcase classname="pivotalApplication.PivoFin1" name="TransScript" time="5.455"/>
  <testcase classname="pivotalApplication.PivoFin1" name="CreatedBy" time="15.239"/>
  <testcase classname="pivotalApplication.PivoFin1" name="DocumentOn" time="7.201"/>
  <testcase classname="pivotalApplication.PivoFin1" name="popoupOk" time="4.249"/>
  <testcase classname="pivotalApplication.PivoFin1" name="Gallaries" time="2.254"/>
  <testcase classname="pivotalApplication.PivoFin1" name="GallariesPhoto" time="10.315"/>
  <testcase classname="pivotalApplication.PivoFin1" name="Upload" time="7.286"/>
  <testcase classname="pivotalApplication.PivoFin1" name="UploadOk" time="7.209"/>
  <testcase classname="pivotalApplication.PivoFin1" name="TransScript1" time="59.938"/>
  <testcase classname="pivotalApplication.PivoFin1" name="ImmunizationGovClick" time="2.521"/>
  <testcase classname="pivotalApplication.PivoFin1" name="BulkCancel" time="5.555">
    <error message="An element could not be located on the page using the given search parameters.
For documentation on this error, please visit: https://www.selenium.dev/documentation/webdriver/troubleshooting/errors#no-such-element-exception
Build info: version: &#039;4.13.0&#039;, revision: &#039;ba948ece5b*&#039;
System info: os.name: &#039;Windows 10&#039;, os.arch: &#039;amd64&#039;, os.version: &#039;10.0&#039;, java.version: &#039;17.0.5&#039;
Driver info: io.appium.java_client.AppiumDriver
Command: [4c3043d6-f814-4b93-b64d-8734cde0db14, findElement {using=xpath, value=//*[@text=&#039;Cancel&#039;]}]
Capabilities {appium:app: D:\pivoapp-prod-16-nov.apk, appium:appActivity: com.calculator_apps.MainAct..., appium:appPackage: com.calculator_apps, appium:automationName: UiAutomator2, appium:databaseEnabled: false, appium:desired: {app: D:\pivoapp-prod-16-nov.apk, appActivity: com.calculator_apps.MainAct..., appPackage: com.calculator_apps, automationName: UiAutomator2, deviceName: samsung, newCommandTimeout: 120000, noReset: false, platformName: ANDROID, platformVersion: 11, –session-override: true}, appium:deviceApiLevel: 30, appium:deviceManufacturer: samsung, appium:deviceModel: SM-A305F, appium:deviceName: RZ8M5181Y3M, appium:deviceScreenDensity: 420, appium:deviceScreenSize: 1080x2340, appium:deviceUDID: RZ8M5181Y3M, appium:javascriptEnabled: true, appium:locationContextEnabled: false, appium:networkConnectionEnabled: true, appium:newCommandTimeout: 120000, appium:noReset: false, appium:pixelRatio: 2.625, appium:platformVersion: 11, appium:statBarHeight: 83, appium:takesScreenshot: true, appium:viewportRect: {height: 2048, left: 0, top: 83, width: 1080}, appium:warnings: {}, appium:webStorageEnabled: false, appium:–session-override: true, platformName: ANDROID}
Session ID: 4c3043d6-f814-4b93-b64d-8734cde0db14" type="org.openqa.selenium.NoSuchElementException">
      <![CDATA[org.openqa.selenium.NoSuchElementException: An element could not be located on the page using the given search parameters.
For documentation on this error, please visit: https://www.selenium.dev/documentation/webdriver/troubleshooting/errors#no-such-element-exception
Build info: version: '4.13.0', revision: 'ba948ece5b*'
System info: os.name: 'Windows 10', os.arch: 'amd64', os.version: '10.0', java.version: '17.0.5'
Driver info: io.appium.java_client.AppiumDriver
Command: [4c3043d6-f814-4b93-b64d-8734cde0db14, findElement {using=xpath, value=//*[@text='Cancel']}]
Capabilities {appium:app: D:\pivoapp-prod-16-nov.apk, appium:appActivity: com.calculator_apps.MainAct..., appium:appPackage: com.calculator_apps, appium:automationName: UiAutomator2, appium:databaseEnabled: false, appium:desired: {app: D:\pivoapp-prod-16-nov.apk, appActivity: com.calculator_apps.MainAct..., appPackage: com.calculator_apps, automationName: UiAutomator2, deviceName: samsung, newCommandTimeout: 120000, noReset: false, platformName: ANDROID, platformVersion: 11, –session-override: true}, appium:deviceApiLevel: 30, appium:deviceManufacturer: samsung, appium:deviceModel: SM-A305F, appium:deviceName: RZ8M5181Y3M, appium:deviceScreenDensity: 420, appium:deviceScreenSize: 1080x2340, appium:deviceUDID: RZ8M5181Y3M, appium:javascriptEnabled: true, appium:locationContextEnabled: false, appium:networkConnectionEnabled: true, appium:newCommandTimeout: 120000, appium:noReset: false, appium:pixelRatio: 2.625, appium:platformVersion: 11, appium:statBarHeight: 83, appium:takesScreenshot: true, appium:viewportRect: {height: 2048, left: 0, top: 83, width: 1080}, appium:warnings: {}, appium:webStorageEnabled: false, appium:–session-override: true, platformName: ANDROID}
Session ID: 4c3043d6-f814-4b93-b64d-8734cde0db14
at java.base/jdk.internal.reflect.NativeConstructorAccessorImpl.newInstance0(Native Method)
at java.base/jdk.internal.reflect.NativeConstructorAccessorImpl.newInstance(NativeConstructorAccessorImpl.java:77)
at java.base/jdk.internal.reflect.DelegatingConstructorAccessorImpl.newInstance(DelegatingConstructorAccessorImpl.java:45)
at java.base/java.lang.reflect.Constructor.newInstanceWithCaller(Constructor.java:499)
at java.base/java.lang.reflect.Constructor.newInstance(Constructor.java:480)
at org.openqa.selenium.remote.codec.w3c.W3CHttpResponseCodec.createException(W3CHttpResponseCodec.java:200)
at org.openqa.selenium.remote.codec.w3c.W3CHttpResponseCodec.decode(W3CHttpResponseCodec.java:133)
at org.openqa.selenium.remote.codec.w3c.W3CHttpResponseCodec.decode(W3CHttpResponseCodec.java:52)
at org.openqa.selenium.remote.HttpCommandExecutor.execute(HttpCommandExecutor.java:191)
at io.appium.java_client.remote.AppiumCommandExecutor.execute(AppiumCommandExecutor.java:250)
at org.openqa.selenium.remote.RemoteWebDriver.execute(RemoteWebDriver.java:602)
at org.openqa.selenium.remote.ElementLocation$ElementFinder$2.findElement(ElementLocation.java:165)
at org.openqa.selenium.remote.ElementLocation.findElement(ElementLocation.java:59)
at org.openqa.selenium.remote.RemoteWebDriver.findElement(RemoteWebDriver.java:359)
at org.openqa.selenium.remote.RemoteWebDriver.findElement(RemoteWebDriver.java:353)
at pivotalApplication.PivoFin1.BulkCancel(PivoFin1.java:1670)
at java.base/jdk.internal.reflect.NativeMethodAccessorImpl.invoke0(Native Method)
at java.base/jdk.internal.reflect.NativeMethodAccessorImpl.invoke(NativeMethodAccessorImpl.java:77)
at java.base/jdk.internal.reflect.DelegatingMethodAccessorImpl.invoke(DelegatingMethodAccessorImpl.java:43)
at java.base/java.lang.reflect.Method.invoke(Method.java:568)
at org.testng.internal.invokers.MethodInvocationHelper.invokeMethod(MethodInvocationHelper.java:139)
at org.testng.internal.invokers.TestInvoker.invokeMethod(TestInvoker.java:664)
at org.testng.internal.invokers.TestInvoker.invokeTestMethod(TestInvoker.java:227)
at org.testng.internal.invokers.MethodRunner.runInSequence(MethodRunner.java:50)
at org.testng.internal.invokers.TestInvoker$MethodInvocationAgent.invoke(TestInvoker.java:957)
at org.testng.internal.invokers.TestInvoker.invokeTestMethods(TestInvoker.java:200)
at org.testng.internal.invokers.TestMethodWorker.invokeTestMethods(TestMethodWorker.java:148)
at org.testng.internal.invokers.TestMethodWorker.run(TestMethodWorker.java:128)
at java.base/java.util.ArrayList.forEach(ArrayList.java:1511)
at org.testng.TestRunner.privateRun(TestRunner.java:848)
at org.testng.TestRunner.run(TestRunner.java:621)
at org.testng.SuiteRunner.runTest(SuiteRunner.java:443)
at org.testng.SuiteRunner.runSequentially(SuiteRunner.java:437)
at org.testng.SuiteRunner.privateRun(SuiteRunner.java:397)
at org.testng.SuiteRunner.run(SuiteRunner.java:336)
at org.testng.SuiteRunnerWorker.runSuite(SuiteRunnerWorker.java:52)
at org.testng.SuiteRunnerWorker.run(SuiteRunnerWorker.java:95)
at org.testng.TestNG.runSuitesSequentially(TestNG.java:1280)
at org.testng.TestNG.runSuitesLocally(TestNG.java:1200)
at org.testng.TestNG.runSuites(TestNG.java:1114)
at org.testng.TestNG.run(TestNG.java:1082)
at org.testng.remote.AbstractRemoteTestNG.run(AbstractRemoteTestNG.java:115)
at org.testng.remote.RemoteTestNG.initAndRun(RemoteTestNG.java:251)
at org.testng.remote.RemoteTestNG.main(RemoteTestNG.java:77)
]]>
    </error>
  </testcase> <!-- BulkCancel -->
  <testcase classname="pivotalApplication.PivoFin1" name="opvO" time="2.616"/>
  <testcase classname="pivotalApplication.PivoFin1" name="SaveVaccine" time="5.174"/>
  <testcase classname="pivotalApplication.PivoFin1" name="IPV1" time="2.593"/>
  <testcase classname="pivotalApplication.PivoFin1" name="SaveVaccine1" time="5.267"/>
  <testcase classname="pivotalApplication.PivoFin1" name="HepB" time="2.589"/>
  <testcase classname="pivotalApplication.PivoFin1" name="SaveVaccine2" time="2.815"/>
  <testcase classname="pivotalApplication.PivoFin1" name="Transscript" time="3.522"/>
  <testcase classname="pivotalApplication.PivoFin1" name="CreatedBy2" time="2.887"/>
  <testcase classname="pivotalApplication.PivoFin1" name="DocumentOn2" time="2.235"/>
  <testcase classname="pivotalApplication.PivoFin1" name="popUpOk" time="2.257"/>
  <testcase classname="pivotalApplication.PivoFin1" name="Camera" time="12.753"/>
  <testcase classname="pivotalApplication.PivoFin1" name="UploadCam" time="2.306"/>
  <testcase classname="pivotalApplication.PivoFin1" name="UploadCamOk" time="3.302"/>
  <testcase classname="pivotalApplication.PivoFin1" name="Transscript1" time="2.563"/>
  <testcase classname="pivotalApplication.PivoFin1" name="CreatedBy1" time="2.936"/>
  <testcase classname="pivotalApplication.PivoFin1" name="DocumentOn1" time="2.221"/>
  <testcase classname="pivotalApplication.PivoFin1" name="popUpOk1" time="2.311"/>
  <testcase classname="pivotalApplication.PivoFin1" name="Gallery" time="2.202"/>
  <testcase classname="pivotalApplication.PivoFin1" name="photo" time="10.288"/>
  <testcase classname="pivotalApplication.PivoFin1" name="Upload1" time="2.278"/>
  <testcase classname="pivotalApplication.PivoFin1" name="UploadOk1" time="9.618"/>
  <testcase classname="pivotalApplication.PivoFin1" name="ImmunizationClick1" time="2.490"/>
  <testcase classname="pivotalApplication.PivoFin1" name="Records" time="5.429"/>
  <testcase classname="pivotalApplication.PivoFin1" name="Certificates" time="5.467"/>
  <testcase classname="pivotalApplication.PivoFin1" name="SelectVaciines" time="5.237"/>
  <testcase classname="pivotalApplication.PivoFin1" name="Proceed" time="5.535"/>
  <testcase classname="pivotalApplication.PivoFin1" name="SpecialityDropdown" time="5.279"/>
  <testcase classname="pivotalApplication.PivoFin1" name="DefaultV3" time="5.165"/>
  <testcase classname="pivotalApplication.PivoFin1" name="Preview" time="6.399"/>
  <testcase classname="pivotalApplication.PivoFin1" name="Print" time="26.270"/>
</testsuite> <!-- pivotalApplication.PivoFin1 -->
