<?xml version="1.0" encoding="UTF-8"?>
<!-- Generated by org.testng.reporters.JUnitReportReporter -->
<testsuite hostname="DESKTOP-VQLLA2K" failures="0" tests="1" name="pivotalApplication.AppiumServerStart" time="3.310" errors="0" timestamp="2023-12-26T17:00:54 IST" skipped="0">
  <testcase classname="pivotalApplication.AppiumServerStart" name="BfSuite" time="3.310"/>
</testsuite> <!-- pivotalApplication.AppiumServerStart -->
