<?xml version="1.0" encoding="UTF-8"?>
<!-- Generated by org.testng.reporters.JUnitReportReporter -->
<testsuite hostname="CopiousCare" failures="0" tests="13" name="pivotalApplication.SearchNAppointment" time="67.638" errors="0" timestamp="2024-08-01T15:22:30 IST" skipped="0">
  <testcase classname="pivotalApplication.SearchNAppointment" name="NumberField" time="1.298"/>
  <system-out/>
  <testcase classname="pivotalApplication.SearchNAppointment" name="BfSuite" time="1.128"/>
  <system-out/>
  <testcase classname="pivotalApplication.SearchNAppointment" name="IAgree" time="2.003"/>
  <system-out/>
  <testcase classname="pivotalApplication.SearchNAppointment" name="proceedButton" time="2.374"/>
  <system-out/>
  <testcase classname="pivotalApplication.SearchNAppointment" name="OTP" time="11.931"/>
  <system-out/>
  <testcase classname="pivotalApplication.SearchNAppointment" name="submit" time="7.752"/>
  <system-out/>
  <testcase classname="pivotalApplication.SearchNAppointment" name="Search" time="8.191"/>
  <system-out/>
  <testcase classname="pivotalApplication.SearchNAppointment" name="Appointment" time="3.211"/>
  <system-out/>
  <testcase classname="pivotalApplication.SearchNAppointment" name="SlotTime" time="10.310"/>
  <system-out/>
  <testcase classname="pivotalApplication.SearchNAppointment" name="Time" time="2.346"/>
  <system-out/>
  <testcase classname="pivotalApplication.SearchNAppointment" name="SlotBook" time="2.532"/>
  <system-out/>
  <testcase classname="pivotalApplication.SearchNAppointment" name="Book" time="7.345"/>
  <system-out/>
  <testcase classname="pivotalApplication.SearchNAppointment" name="AppointmentBookedPopup" time="7.217"/>
  <system-out/>
</testsuite> <!-- pivotalApplication.SearchNAppointment -->
