<?xml version="1.0" encoding="UTF-8"?>
<!-- Generated by org.testng.reporters.JUnitReportReporter -->
<testsuite hostname="CopiousCare" failures="0" tests="7" name="webAuto.CreateRequisitions" time="65.765" errors="0" timestamp="2024-04-29T15:19:05 IST" skipped="0">
  <testcase classname="webAuto.CreateRequisitions" name="numberField" time="0.122"/>
  <system-out/>
  <testcase classname="webAuto.CreateRequisitions" name="sendOTP" time="7.605"/>
  <system-out/>
  <testcase classname="webAuto.CreateRequisitions" name="verifyButton" time="10.062"/>
  <system-out/>
  <testcase classname="webAuto.CreateRequisitions" name="searchBar" time="0.445"/>
  <system-out/>
  <testcase classname="webAuto.CreateRequisitions" name="searchOpt" time="3.062"/>
  <system-out/>
  <testcase classname="webAuto.CreateRequisitions" name="clickPatient" time="10.131"/>
  <system-out/>
  <testcase classname="webAuto.CreateRequisitions" name="Investigation" time="34.338"/>
  <system-out/>
</testsuite> <!-- webAuto.CreateRequisitions -->
