<?xml version="1.0" encoding="UTF-8"?>
<!-- Generated by org.testng.reporters.JUnitReportReporter -->
<testsuite hostname="CopiousCare" failures="0" tests="56" name="pivotalApplicationNegative.PDeletePatient" time="299.294" errors="0" timestamp="2024-08-05T11:03:17 IST" skipped="0">
  <testcase classname="pivotalApplicationNegative.PDeletePatient" name="BfSuite" time="0.646"/>
  <system-out/>
  <testcase classname="pivotalApplicationNegative.PDeletePatient" name="NumberField" time="1.331"/>
  <system-out/>
  <testcase classname="pivotalApplicationNegative.PDeletePatient" name="IAgree" time="2.010"/>
  <system-out/>
  <testcase classname="pivotalApplicationNegative.PDeletePatient" name="proceedButton" time="2.366"/>
  <system-out/>
  <testcase classname="pivotalApplicationNegative.PDeletePatient" name="OTP" time="12.088"/>
  <system-out/>
  <testcase classname="pivotalApplicationNegative.PDeletePatient" name="submit" time="7.767"/>
  <system-out/>
  <testcase classname="pivotalApplicationNegative.PDeletePatient" name="Createptient" time="4.539"/>
  <system-out/>
  <testcase classname="pivotalApplicationNegative.PDeletePatient" name="Neweptient" time="12.365"/>
  <system-out/>
  <testcase classname="pivotalApplicationNegative.PDeletePatient" name="Close" time="4.991"/>
  <system-out/>
  <testcase classname="pivotalApplicationNegative.PDeletePatient" name="MobileNumber1" time="2.493"/>
  <system-out/>
  <testcase classname="pivotalApplicationNegative.PDeletePatient" name="confirm" time="4.501"/>
  <system-out/>
  <testcase classname="pivotalApplicationNegative.PDeletePatient" name="confirmPopup" time="13.716"/>
  <system-out/>
  <testcase classname="pivotalApplicationNegative.PDeletePatient" name="AdditionalNumber1" time="2.923"/>
  <system-out/>
  <testcase classname="pivotalApplicationNegative.PDeletePatient" name="FirstName" time="4.902"/>
  <system-out/>
  <testcase classname="pivotalApplicationNegative.PDeletePatient" name="MiddleName" time="5.325"/>
  <system-out/>
  <testcase classname="pivotalApplicationNegative.PDeletePatient" name="LastName" time="4.966"/>
  <system-out/>
  <testcase classname="pivotalApplicationNegative.PDeletePatient" name="BirthCalender" time="5.130"/>
  <system-out/>
  <testcase classname="pivotalApplicationNegative.PDeletePatient" name="Birthok" time="4.346"/>
  <system-out/>
  <testcase classname="pivotalApplicationNegative.PDeletePatient" name="GenFemale" time="4.438"/>
  <system-out/>
  <testcase classname="pivotalApplicationNegative.PDeletePatient" name="Address" time="2.907"/>
  <system-out/>
  <testcase classname="pivotalApplicationNegative.PDeletePatient" name="Area" time="2.957"/>
  <system-out/>
  <testcase classname="pivotalApplicationNegative.PDeletePatient" name="City" time="2.915"/>
  <system-out/>
  <testcase classname="pivotalApplicationNegative.PDeletePatient" name="PinCode" time="2.953"/>
  <system-out/>
  <testcase classname="pivotalApplicationNegative.PDeletePatient" name="Next" time="15.408"/>
  <system-out/>
  <testcase classname="pivotalApplicationNegative.PDeletePatient" name="ContinueProfile" time="10.366"/>
  <system-out/>
  <testcase classname="pivotalApplicationNegative.PDeletePatient" name="TypeOfDelivery" time="2.489"/>
  <system-out/>
  <testcase classname="pivotalApplicationNegative.PDeletePatient" name="TypeOfDeliveryNormal" time="5.527"/>
  <system-out/>
  <testcase classname="pivotalApplicationNegative.PDeletePatient" name="weightl" time="2.424"/>
  <system-out/>
  <testcase classname="pivotalApplicationNegative.PDeletePatient" name="Heightl" time="2.429"/>
  <system-out/>
  <testcase classname="pivotalApplicationNegative.PDeletePatient" name="HC" time="2.383"/>
  <system-out/>
  <testcase classname="pivotalApplicationNegative.PDeletePatient" name="CC" time="2.447"/>
  <system-out/>
  <testcase classname="pivotalApplicationNegative.PDeletePatient" name="BPSYS" time="2.355"/>
  <system-out/>
  <testcase classname="pivotalApplicationNegative.PDeletePatient" name="BPDia" time="2.433"/>
  <system-out/>
  <testcase classname="pivotalApplicationNegative.PDeletePatient" name="BloodGroup" time="2.455"/>
  <system-out/>
  <testcase classname="pivotalApplicationNegative.PDeletePatient" name="BloodGroupA" time="2.260"/>
  <system-out/>
  <testcase classname="pivotalApplicationNegative.PDeletePatient" name="BirthHistoryNext" time="7.486"/>
  <system-out/>
  <testcase classname="pivotalApplicationNegative.PDeletePatient" name="MedicalConditionAdd" time="3.868"/>
  <system-out/>
  <testcase classname="pivotalApplicationNegative.PDeletePatient" name="MedicalConditionSelect" time="3.566"/>
  <system-out/>
  <testcase classname="pivotalApplicationNegative.PDeletePatient" name="AddMedicalCondition" time="2.446"/>
  <system-out/>
  <testcase classname="pivotalApplicationNegative.PDeletePatient" name="Allergies" time="2.801"/>
  <system-out/>
  <testcase classname="pivotalApplicationNegative.PDeletePatient" name="Reactions" time="2.782"/>
  <system-out/>
  <testcase classname="pivotalApplicationNegative.PDeletePatient" name="RecurringComplaints" time="2.864"/>
  <system-out/>
  <testcase classname="pivotalApplicationNegative.PDeletePatient" name="HospitalizationHistory" time="2.285"/>
  <system-out/>
  <testcase classname="pivotalApplicationNegative.PDeletePatient" name="HealthHistory" time="2.818"/>
  <system-out/>
  <testcase classname="pivotalApplicationNegative.PDeletePatient" name="GeneticdisoredrAdd" time="4.038"/>
  <system-out/>
  <testcase classname="pivotalApplicationNegative.PDeletePatient" name="GeneticdisoredrSelect" time="13.214"/>
  <system-out/>
  <testcase classname="pivotalApplicationNegative.PDeletePatient" name="AddGeneticdisoredr" time="2.640"/>
  <system-out/>
  <testcase classname="pivotalApplicationNegative.PDeletePatient" name="OtherEmailId" time="2.842"/>
  <system-out/>
  <testcase classname="pivotalApplicationNegative.PDeletePatient" name="helathNext" time="2.325"/>
  <system-out/>
  <testcase classname="pivotalApplicationNegative.PDeletePatient" name="FathersName" time="3.353"/>
  <system-out/>
  <testcase classname="pivotalApplicationNegative.PDeletePatient" name="MothersName" time="2.788"/>
  <system-out/>
  <testcase classname="pivotalApplicationNegative.PDeletePatient" name="Fatherheight" time="7.589"/>
  <system-out/>
  <testcase classname="pivotalApplicationNegative.PDeletePatient" name="Mothersheight" time="5.615"/>
  <system-out/>
  <testcase classname="pivotalApplicationNegative.PDeletePatient" name="FamailyNedicalHistory" time="8.437"/>
  <system-out/>
  <testcase classname="pivotalApplicationNegative.PDeletePatient" name="EnterDisorders" time="21.114"/>
  <system-out/>
  <testcase classname="pivotalApplicationNegative.PDeletePatient" name="DeleteOption" time="28.872"/>
  <system-out/>
</testsuite> <!-- pivotalApplicationNegative.PDeletePatient -->
