<?xml version="1.0" encoding="UTF-8"?>
<!-- Generated by org.testng.reporters.JUnitReportReporter -->
<testsuite hostname="CopiousCare" failures="0" tests="21" name="webAutoQueue.PediatricPatient" time="78.714" errors="0" timestamp="2024-04-26T16:00:34 IST" skipped="0">
  <testcase classname="webAutoQueue.PediatricPatient" name="numberField" time="0.113"/>
  <system-out/>
  <testcase classname="webAutoQueue.PediatricPatient" name="sendOTP" time="5.472"/>
  <system-out/>
  <testcase classname="webAutoQueue.PediatricPatient" name="verifyButton" time="10.055"/>
  <system-out/>
  <testcase classname="webAutoQueue.PediatricPatient" name="createPatient" time="0.423"/>
  <system-out/>
  <testcase classname="webAutoQueue.PediatricPatient" name="Number1" time="0.204"/>
  <system-out/>
  <testcase classname="webAutoQueue.PediatricPatient" name="confirm" time="2.423"/>
  <system-out/>
  <testcase classname="webAutoQueue.PediatricPatient" name="number2" time="0.157"/>
  <system-out/>
  <testcase classname="webAutoQueue.PediatricPatient" name="firstName" time="0.121"/>
  <system-out/>
  <testcase classname="webAutoQueue.PediatricPatient" name="middleName" time="0.111"/>
  <system-out/>
  <testcase classname="webAutoQueue.PediatricPatient" name="lastName" time="0.107"/>
  <system-out/>
  <testcase classname="webAutoQueue.PediatricPatient" name="birthDate" time="0.158"/>
  <system-out/>
  <testcase classname="webAutoQueue.PediatricPatient" name="genFemale" time="0.057"/>
  <system-out/>
  <testcase classname="webAutoQueue.PediatricPatient" name="address" time="0.116"/>
  <system-out/>
  <testcase classname="webAutoQueue.PediatricPatient" name="locality" time="0.130"/>
  <system-out/>
  <testcase classname="webAutoQueue.PediatricPatient" name="city" time="0.116"/>
  <system-out/>
  <testcase classname="webAutoQueue.PediatricPatient" name="pinCode" time="0.223"/>
  <system-out/>
  <testcase classname="webAutoQueue.PediatricPatient" name="nextButton" time="15.100"/>
  <system-out/>
  <testcase classname="webAutoQueue.PediatricPatient" name="clickClose" time="0.549"/>
  <system-out/>
  <testcase classname="webAutoQueue.PediatricPatient" name="fillVitalForm" time="15.752"/>
  <system-out/>
  <testcase classname="webAutoQueue.PediatricPatient" name="fillHealthProfile" time="10.833"/>
  <system-out/>
  <testcase classname="webAutoQueue.PediatricPatient" name="fillFamilyProfile" time="16.494"/>
  <system-out/>
</testsuite> <!-- webAutoQueue.PediatricPatient -->
