<?xml version="1.0" encoding="UTF-8"?>
<!-- Generated by org.testng.reporters.JUnitReportReporter -->
<testsuite hostname="CopiousCare" failures="0" tests="3" name="webAutoQueue.LogIn1" time="17.762" errors="0" timestamp="2024-04-29T14:40:26 IST" skipped="0">
  <testcase classname="webAutoQueue.LogIn1" name="numberField" time="0.115"/>
  <system-out/>
  <testcase classname="webAutoQueue.LogIn1" name="sendOTP" time="7.594"/>
  <system-out/>
  <testcase classname="webAutoQueue.LogIn1" name="verifyButton" time="10.053"/>
  <system-out/>
</testsuite> <!-- webAutoQueue.LogIn1 -->
