<?xml version="1.0" encoding="UTF-8"?>
<!-- Generated by org.testng.reporters.JUnitReportReporter -->
<testsuite hostname="CopiousCare" failures="0" tests="6" name="webAuto.MoreInformation" time="38.214" errors="0" timestamp="2024-11-18T10:45:36 IST" skipped="0">
  <testcase classname="webAuto.MoreInformation" name="numberField" time="0.151"/>
  <system-out/>
  <testcase classname="webAuto.MoreInformation" name="sendOTP" time="9.013"/>
  <system-out/>
  <testcase classname="webAuto.MoreInformation" name="verifyButton" time="10.111"/>
  <system-out/>
  <testcase classname="webAuto.MoreInformation" name="searchBar" time="0.434"/>
  <system-out/>
  <testcase classname="webAuto.MoreInformation" name="searchOpt" time="3.141"/>
  <system-out/>
  <testcase classname="webAuto.MoreInformation" name="clickPatient" time="15.364"/>
  <system-out/>
</testsuite> <!-- webAuto.MoreInformation -->
