<?xml version="1.0" encoding="UTF-8"?>
<!-- Generated by org.testng.reporters.JUnitReportReporter -->
<testsuite hostname="CopiousCare" failures="0" tests="11" name="pivotalApplication.PivotalChatAppointment" time="79.957" errors="0" timestamp="2024-04-12T14:35:17 IST" skipped="0">
  <testcase classname="pivotalApplication.PivotalChatAppointment" name="NumberField" time="1.187"/>
  <system-out/>
  <testcase classname="pivotalApplication.PivotalChatAppointment" name="BfSuite" time="1.099"/>
  <system-out/>
  <testcase classname="pivotalApplication.PivotalChatAppointment" name="IAgree" time="2.345"/>
  <system-out/>
  <testcase classname="pivotalApplication.PivotalChatAppointment" name="proceedButton" time="2.391"/>
  <system-out/>
  <testcase classname="pivotalApplication.PivotalChatAppointment" name="OTP" time="10.901"/>
  <system-out/>
  <testcase classname="pivotalApplication.PivotalChatAppointment" name="submit" time="13.161"/>
  <system-out/>
  <testcase classname="pivotalApplication.PivotalChatAppointment" name="chatsclick" time="7.626"/>
  <system-out/>
  <testcase classname="pivotalApplication.PivotalChatAppointment" name="Patientclick" time="7.478"/>
  <system-out/>
  <testcase classname="pivotalApplication.PivotalChatAppointment" name="AppointmentClick" time="19.107"/>
  <system-out/>
  <testcase classname="pivotalApplication.PivotalChatAppointment" name="Book" time="7.413"/>
  <system-out/>
  <testcase classname="pivotalApplication.PivotalChatAppointment" name="AppointmentBookedPopup" time="7.249"/>
  <system-out/>
</testsuite> <!-- pivotalApplication.PivotalChatAppointment -->
