<?xml version="1.0" encoding="UTF-8"?>
<!-- Generated by org.testng.reporters.JUnitReportReporter -->
<testsuite hostname="CopiousCare" failures="0" tests="11" name="pivotalApplication.ViewReferralHistory" time="82.712" errors="0" timestamp="2024-08-01T15:25:29 IST" skipped="0">
  <testcase classname="pivotalApplication.ViewReferralHistory" name="NumberField" time="1.210"/>
  <system-out/>
  <testcase classname="pivotalApplication.ViewReferralHistory" name="BfSuite" time="1.388"/>
  <system-out/>
  <testcase classname="pivotalApplication.ViewReferralHistory" name="IAgree" time="2.016"/>
  <system-out/>
  <testcase classname="pivotalApplication.ViewReferralHistory" name="proceedButton" time="2.358"/>
  <system-out/>
  <testcase classname="pivotalApplication.ViewReferralHistory" name="OTP" time="11.892"/>
  <system-out/>
  <testcase classname="pivotalApplication.ViewReferralHistory" name="submit" time="7.762"/>
  <system-out/>
  <testcase classname="pivotalApplication.ViewReferralHistory" name="Search" time="10.424"/>
  <system-out/>
  <testcase classname="pivotalApplication.ViewReferralHistory" name="ClickPatient" time="3.163"/>
  <system-out/>
  <testcase classname="pivotalApplication.ViewReferralHistory" name="ClickHistory" time="12.946"/>
  <system-out/>
  <testcase classname="pivotalApplication.ViewReferralHistory" name="ViewReferal" time="19.307"/>
  <system-out/>
  <testcase classname="pivotalApplication.ViewReferralHistory" name="close" time="10.246"/>
  <system-out/>
</testsuite> <!-- pivotalApplication.ViewReferralHistory -->
