<?xml version="1.0" encoding="UTF-8"?>
<!-- Generated by org.testng.reporters.JUnitReportReporter -->
<testsuite hostname="CopiousCare" failures="0" tests="17" name="pivotalApplication.DashBoard" time="342.197" errors="0" timestamp="2024-04-16T12:31:38 IST" skipped="0">
  <testcase classname="pivotalApplication.DashBoard" name="NumberField" time="1.284"/>
  <system-out/>
  <testcase classname="pivotalApplication.DashBoard" name="BfSuite" time="1.152"/>
  <system-out/>
  <testcase classname="pivotalApplication.DashBoard" name="IAgree" time="2.167"/>
  <system-out/>
  <testcase classname="pivotalApplication.DashBoard" name="proceedButton" time="2.565"/>
  <system-out/>
  <testcase classname="pivotalApplication.DashBoard" name="OTP" time="11.233"/>
  <system-out/>
  <testcase classname="pivotalApplication.DashBoard" name="submit" time="15.658"/>
  <system-out/>
  <testcase classname="pivotalApplication.DashBoard" name="PatientList" time="31.842"/>
  <system-out/>
  <testcase classname="pivotalApplication.DashBoard" name="Appointments" time="10.701"/>
  <system-out/>
  <testcase classname="pivotalApplication.DashBoard" name="Prescription" time="42.636"/>
  <system-out/>
  <testcase classname="pivotalApplication.DashBoard" name="Reports" time="48.353"/>
  <system-out/>
  <testcase classname="pivotalApplication.DashBoard" name="Referrals" time="46.310"/>
  <system-out/>
  <testcase classname="pivotalApplication.DashBoard" name="VaccineInStore" time="22.596"/>
  <system-out/>
  <testcase classname="pivotalApplication.DashBoard" name="ViewReports" time="50.463"/>
  <system-out/>
  <testcase classname="pivotalApplication.DashBoard" name="MyNotes" time="25.958"/>
  <system-out/>
  <testcase classname="pivotalApplication.DashBoard" name="ShareHealth" time="12.200"/>
  <system-out/>
  <testcase classname="pivotalApplication.DashBoard" name="WhatsNew" time="10.539"/>
  <system-out/>
  <testcase classname="pivotalApplication.DashBoard" name="DashboardData" time="6.540"/>
  <system-out/>
</testsuite> <!-- pivotalApplication.DashBoard -->
