<?xml version="1.0" encoding="UTF-8"?>
<!-- Generated by org.testng.reporters.JUnitReportReporter -->
<testsuite hostname="CopiousCare" failures="0" tests="7" name="pivotalApplication.PivotalLogIn" time="38.893" errors="0" timestamp="2024-04-15T16:23:26 IST" skipped="0">
  <testcase classname="pivotalApplication.PivotalLogIn" name="BfSuite" time="1.108"/>
  <system-out/>
  <testcase classname="pivotalApplication.PivotalLogIn" name="NumberField" time="1.190"/>
  <system-out/>
  <testcase classname="pivotalApplication.PivotalLogIn" name="IAgree" time="2.111"/>
  <system-out/>
  <testcase classname="pivotalApplication.PivotalLogIn" name="proceedButton" time="2.365"/>
  <system-out/>
  <testcase classname="pivotalApplication.PivotalLogIn" name="OTP" time="10.888"/>
  <system-out/>
  <testcase classname="pivotalApplication.PivotalLogIn" name="submit" time="13.169"/>
  <system-out/>
  <testcase classname="pivotalApplication.PivotalLogIn" name="Search" time="8.062"/>
  <system-out/>
</testsuite> <!-- pivotalApplication.PivotalLogIn -->
