<?xml version="1.0" encoding="UTF-8"?>
<!-- Generated by org.testng.reporters.JUnitReportReporter -->
<testsuite hostname="CopiousCare" failures="0" tests="12" name="pivotalApplication.PivoVaccineInventory" time="65.115" errors="0" timestamp="2024-04-11T17:05:33 IST" skipped="0">
  <testcase classname="pivotalApplication.PivoVaccineInventory" name="BfSuite" time="0.593"/>
  <system-out/>
  <testcase classname="pivotalApplication.PivoVaccineInventory" name="NumberField" time="1.148"/>
  <system-out/>
  <testcase classname="pivotalApplication.PivoVaccineInventory" name="IAgree" time="2.132"/>
  <system-out/>
  <testcase classname="pivotalApplication.PivoVaccineInventory" name="proceedButton" time="2.381"/>
  <system-out/>
  <testcase classname="pivotalApplication.PivoVaccineInventory" name="OTP" time="11.638"/>
  <system-out/>
  <testcase classname="pivotalApplication.PivoVaccineInventory" name="submit" time="2.396"/>
  <system-out/>
  <testcase classname="pivotalApplication.PivoVaccineInventory" name="close" time="12.782"/>
  <system-out/>
  <testcase classname="pivotalApplication.PivoVaccineInventory" name="menu" time="4.603"/>
  <system-out/>
  <testcase classname="pivotalApplication.PivoVaccineInventory" name="VccineInventory" time="4.371"/>
  <system-out/>
  <testcase classname="pivotalApplication.PivoVaccineInventory" name="NewStock" time="4.685"/>
  <system-out/>
  <testcase classname="pivotalApplication.PivoVaccineInventory" name="SearchBrand" time="17.281"/>
  <system-out/>
  <testcase classname="pivotalApplication.PivoVaccineInventory" name="SearchBrandOrCompany" time="1.105"/>
  <system-out/>
</testsuite> <!-- pivotalApplication.PivoVaccineInventory -->
