<?xml version="1.0" encoding="UTF-8"?>
<!-- Generated by org.testng.reporters.JUnitReportReporter -->
<testsuite hostname="CopiousCare" failures="0" tests="55" name="pivotalApplication.CreatePediatricPatient" time="263.168" errors="0" timestamp="2024-04-17T11:14:15 IST" skipped="0">
  <testcase classname="pivotalApplication.CreatePediatricPatient" name="BfSuite" time="1.171"/>
  <system-out/>
  <testcase classname="pivotalApplication.CreatePediatricPatient" name="NumberField" time="1.233"/>
  <system-out/>
  <testcase classname="pivotalApplication.CreatePediatricPatient" name="IAgree" time="2.161"/>
  <system-out/>
  <testcase classname="pivotalApplication.CreatePediatricPatient" name="proceedButton" time="2.389"/>
  <system-out/>
  <testcase classname="pivotalApplication.CreatePediatricPatient" name="OTP" time="11.772"/>
  <system-out/>
  <testcase classname="pivotalApplication.CreatePediatricPatient" name="submit" time="12.637"/>
  <system-out/>
  <testcase classname="pivotalApplication.CreatePediatricPatient" name="Createptient" time="4.451"/>
  <system-out/>
  <testcase classname="pivotalApplication.CreatePediatricPatient" name="Neweptient" time="12.296"/>
  <system-out/>
  <testcase classname="pivotalApplication.CreatePediatricPatient" name="Close" time="5.171"/>
  <system-out/>
  <testcase classname="pivotalApplication.CreatePediatricPatient" name="MobileNumber1" time="2.993"/>
  <system-out/>
  <testcase classname="pivotalApplication.CreatePediatricPatient" name="confirm" time="4.588"/>
  <system-out/>
  <testcase classname="pivotalApplication.CreatePediatricPatient" name="confirmPopup" time="6.444"/>
  <system-out/>
  <testcase classname="pivotalApplication.CreatePediatricPatient" name="AdditionalNumber1" time="3.469"/>
  <system-out/>
  <testcase classname="pivotalApplication.CreatePediatricPatient" name="FirstName" time="4.975"/>
  <system-out/>
  <testcase classname="pivotalApplication.CreatePediatricPatient" name="MiddleName" time="5.004"/>
  <system-out/>
  <testcase classname="pivotalApplication.CreatePediatricPatient" name="LastName" time="5.009"/>
  <system-out/>
  <testcase classname="pivotalApplication.CreatePediatricPatient" name="BirthCalender" time="5.169"/>
  <system-out/>
  <testcase classname="pivotalApplication.CreatePediatricPatient" name="Birthok" time="4.366"/>
  <system-out/>
  <testcase classname="pivotalApplication.CreatePediatricPatient" name="GenFemale" time="4.431"/>
  <system-out/>
  <testcase classname="pivotalApplication.CreatePediatricPatient" name="Address" time="2.937"/>
  <system-out/>
  <testcase classname="pivotalApplication.CreatePediatricPatient" name="Area" time="2.934"/>
  <system-out/>
  <testcase classname="pivotalApplication.CreatePediatricPatient" name="City" time="2.942"/>
  <system-out/>
  <testcase classname="pivotalApplication.CreatePediatricPatient" name="PinCode" time="2.921"/>
  <system-out/>
  <testcase classname="pivotalApplication.CreatePediatricPatient" name="Next" time="15.451"/>
  <system-out/>
  <testcase classname="pivotalApplication.CreatePediatricPatient" name="ContinueProfile" time="10.347"/>
  <system-out/>
  <testcase classname="pivotalApplication.CreatePediatricPatient" name="TypeOfDelivery" time="2.402"/>
  <system-out/>
  <testcase classname="pivotalApplication.CreatePediatricPatient" name="TypeOfDeliveryNormal" time="2.269"/>
  <system-out/>
  <testcase classname="pivotalApplication.CreatePediatricPatient" name="weightl" time="2.325"/>
  <system-out/>
  <testcase classname="pivotalApplication.CreatePediatricPatient" name="Heightl" time="2.345"/>
  <system-out/>
  <testcase classname="pivotalApplication.CreatePediatricPatient" name="HC" time="2.362"/>
  <system-out/>
  <testcase classname="pivotalApplication.CreatePediatricPatient" name="CC" time="2.317"/>
  <system-out/>
  <testcase classname="pivotalApplication.CreatePediatricPatient" name="BPSYS" time="2.367"/>
  <system-out/>
  <testcase classname="pivotalApplication.CreatePediatricPatient" name="BPDia" time="2.343"/>
  <system-out/>
  <testcase classname="pivotalApplication.CreatePediatricPatient" name="BloodGroup" time="2.392"/>
  <system-out/>
  <testcase classname="pivotalApplication.CreatePediatricPatient" name="BloodGroupA" time="2.257"/>
  <system-out/>
  <testcase classname="pivotalApplication.CreatePediatricPatient" name="BirthHistoryNext" time="7.458"/>
  <system-out/>
  <testcase classname="pivotalApplication.CreatePediatricPatient" name="MedicalConditionAdd" time="3.796"/>
  <system-out/>
  <testcase classname="pivotalApplication.CreatePediatricPatient" name="MedicalConditionSelect" time="3.610"/>
  <system-out/>
  <testcase classname="pivotalApplication.CreatePediatricPatient" name="AddMedicalCondition" time="2.393"/>
  <system-out/>
  <testcase classname="pivotalApplication.CreatePediatricPatient" name="Allergies" time="2.814"/>
  <system-out/>
  <testcase classname="pivotalApplication.CreatePediatricPatient" name="Reactions" time="2.825"/>
  <system-out/>
  <testcase classname="pivotalApplication.CreatePediatricPatient" name="RecurringComplaints" time="2.807"/>
  <system-out/>
  <testcase classname="pivotalApplication.CreatePediatricPatient" name="HospitalizationHistory" time="2.315"/>
  <system-out/>
  <testcase classname="pivotalApplication.CreatePediatricPatient" name="HealthHistory" time="2.299"/>
  <system-out/>
  <testcase classname="pivotalApplication.CreatePediatricPatient" name="GeneticdisoredrAdd" time="3.989"/>
  <system-out/>
  <testcase classname="pivotalApplication.CreatePediatricPatient" name="GeneticdisoredrSelect" time="12.923"/>
  <system-out/>
  <testcase classname="pivotalApplication.CreatePediatricPatient" name="AddGeneticdisoredr" time="2.514"/>
  <system-out/>
  <testcase classname="pivotalApplication.CreatePediatricPatient" name="OtherEmailId" time="2.805"/>
  <system-out/>
  <testcase classname="pivotalApplication.CreatePediatricPatient" name="helathNext" time="2.357"/>
  <system-out/>
  <testcase classname="pivotalApplication.CreatePediatricPatient" name="FathersName" time="2.818"/>
  <system-out/>
  <testcase classname="pivotalApplication.CreatePediatricPatient" name="MothersName" time="2.719"/>
  <system-out/>
  <testcase classname="pivotalApplication.CreatePediatricPatient" name="Fatherheight" time="7.483"/>
  <system-out/>
  <testcase classname="pivotalApplication.CreatePediatricPatient" name="Mothersheight" time="5.502"/>
  <system-out/>
  <testcase classname="pivotalApplication.CreatePediatricPatient" name="FamailyNedicalHistory" time="8.224"/>
  <system-out/>
  <testcase classname="pivotalApplication.CreatePediatricPatient" name="EnterDisorders" time="20.877"/>
  <system-out/>
</testsuite> <!-- pivotalApplication.CreatePediatricPatient -->
