<?xml version="1.0" encoding="UTF-8"?>
<!-- Generated by org.testng.reporters.JUnitReportReporter -->
<testsuite hostname="CopiousCare" failures="0" tests="41" name="webAuto.NewRxFlow" time="648.589" errors="0" timestamp="2024-05-22T11:04:48 IST" skipped="0">
  <testcase classname="webAuto.NewRxFlow" name="numberField" time="0.198"/>
  <system-out/>
  <testcase classname="webAuto.NewRxFlow" name="sendOTP" time="11.922"/>
  <system-out/>
  <testcase classname="webAuto.NewRxFlow" name="verifyButton" time="10.112"/>
  <system-out/>
  <testcase classname="webAuto.NewRxFlow" name="Profile" time="10.143"/>
  <system-out/>
  <testcase classname="webAuto.NewRxFlow" name="NewUISelect" time="10.248"/>
  <system-out/>
  <testcase classname="webAuto.NewRxFlow" name="clickHome" time="10.199"/>
  <system-out/>
  <testcase classname="webAuto.NewRxFlow" name="createPatient" time="0.361"/>
  <system-out/>
  <testcase classname="webAuto.NewRxFlow" name="Number1" time="0.448"/>
  <system-out/>
  <testcase classname="webAuto.NewRxFlow" name="confirm" time="2.404"/>
  <system-out/>
  <testcase classname="webAuto.NewRxFlow" name="number2" time="0.356"/>
  <system-out/>
  <testcase classname="webAuto.NewRxFlow" name="firstName" time="0.295"/>
  <system-out/>
  <testcase classname="webAuto.NewRxFlow" name="middleName" time="0.260"/>
  <system-out/>
  <testcase classname="webAuto.NewRxFlow" name="lastName" time="0.244"/>
  <system-out/>
  <testcase classname="webAuto.NewRxFlow" name="birthDate" time="0.557"/>
  <system-out/>
  <testcase classname="webAuto.NewRxFlow" name="genFemale" time="0.072"/>
  <system-out/>
  <testcase classname="webAuto.NewRxFlow" name="address" time="0.221"/>
  <system-out/>
  <testcase classname="webAuto.NewRxFlow" name="locality" time="0.181"/>
  <system-out/>
  <testcase classname="webAuto.NewRxFlow" name="city" time="0.164"/>
  <system-out/>
  <testcase classname="webAuto.NewRxFlow" name="pinCode" time="0.188"/>
  <system-out/>
  <testcase classname="webAuto.NewRxFlow" name="proceedWithSameRMN" time="0.185"/>
  <system-out/>
  <testcase classname="webAuto.NewRxFlow" name="nextButton" time="15.159"/>
  <system-out/>
  <testcase classname="webAuto.NewRxFlow" name="clickClose" time="1.143"/>
  <system-out/>
  <testcase classname="webAuto.NewRxFlow" name="fillVitalForm" time="16.416"/>
  <system-out/>
  <testcase classname="webAuto.NewRxFlow" name="fillHealthProfile" time="11.664"/>
  <system-out/>
  <testcase classname="webAuto.NewRxFlow" name="fillFamilyProfile" time="16.917"/>
  <system-out/>
  <testcase classname="webAuto.NewRxFlow" name="GoHome" time="0.258"/>
  <system-out/>
  <testcase classname="webAuto.NewRxFlow" name="AddNewAppointment" time="25.506"/>
  <system-out/>
  <testcase classname="webAuto.NewRxFlow" name="AddPrescription" time="15.468"/>
  <system-out/>
  <testcase classname="webAuto.NewRxFlow" name="HealthProfile" time="18.155"/>
  <system-out/>
  <testcase classname="webAuto.NewRxFlow" name="ConcernsAndIssues" time="30.948"/>
  <system-out/>
  <testcase classname="webAuto.NewRxFlow" name="AdVitals" time="7.070"/>
  <system-out/>
  <testcase classname="webAuto.NewRxFlow" name="Diagnosis" time="15.353"/>
  <system-out/>
  <testcase classname="webAuto.NewRxFlow" name="Medicine1" time="46.977"/>
  <system-out/>
  <testcase classname="webAuto.NewRxFlow" name="DietaryAdvice" time="15.434"/>
  <system-out/>
  <testcase classname="webAuto.NewRxFlow" name="GeneralInstruction" time="15.400"/>
  <system-out/>
  <testcase classname="webAuto.NewRxFlow" name="NextFoolowup" time="71.917"/>
  <system-out/>
  <testcase classname="webAuto.NewRxFlow" name="ReferralOption3" time="40.164"/>
  <system-out/>
  <testcase classname="webAuto.NewRxFlow" name="Investigation1" time="40.276"/>
  <system-out/>
  <testcase classname="webAuto.NewRxFlow" name="ReceiptOption" time="50.566"/>
  <system-out/>
  <testcase classname="webAuto.NewRxFlow" name="cirtificateOption" time="33.004"/>
  <system-out/>
  <testcase classname="webAuto.NewRxFlow" name="History" time="102.036"/>
  <system-out/>
</testsuite> <!-- webAuto.NewRxFlow -->
