<?xml version="1.0" encoding="UTF-8"?>
<!-- Generated by org.testng.reporters.JUnitReportReporter -->
<testsuite hostname="CopiousCare" failures="0" tests="12" name="pivotalApplication.LinkDoctor" time="111.054" errors="0" timestamp="2024-04-16T11:25:01 IST" skipped="0">
  <testcase classname="pivotalApplication.LinkDoctor" name="BfSuite" time="0.815"/>
  <system-out/>
  <testcase classname="pivotalApplication.LinkDoctor" name="NumberField" time="1.189"/>
  <system-out/>
  <testcase classname="pivotalApplication.LinkDoctor" name="IAgree" time="2.132"/>
  <system-out/>
  <testcase classname="pivotalApplication.LinkDoctor" name="proceedButton" time="2.376"/>
  <system-out/>
  <testcase classname="pivotalApplication.LinkDoctor" name="OTP" time="10.936"/>
  <system-out/>
  <testcase classname="pivotalApplication.LinkDoctor" name="submit" time="13.131"/>
  <system-out/>
  <testcase classname="pivotalApplication.LinkDoctor" name="Search" time="11.150"/>
  <system-out/>
  <testcase classname="pivotalApplication.LinkDoctor" name="ClickPatient" time="18.597"/>
  <system-out/>
  <testcase classname="pivotalApplication.LinkDoctor" name="LinkPatient" time="7.587"/>
  <system-out/>
  <testcase classname="pivotalApplication.LinkDoctor" name="DrMobileNumber" time="10.669"/>
  <system-out/>
  <testcase classname="pivotalApplication.LinkDoctor" name="SearchDr" time="17.240"/>
  <system-out/>
  <testcase classname="pivotalApplication.LinkDoctor" name="Link" time="15.232"/>
  <system-out/>
</testsuite> <!-- pivotalApplication.LinkDoctor -->
