<?xml version="1.0" encoding="UTF-8"?>
<!-- Generated by org.testng.reporters.JUnitReportReporter -->
<testsuite hostname="DESKTOP-VQLLA2K" failures="0" tests="174" name="pivotalApplication.PivoFin1" time="980.528" errors="0" timestamp="2024-01-08T11:31:12 IST" skipped="0">
  <testcase classname="pivotalApplication.PivoFin1" name="BfSuite" time="3.334"/>
  <testcase classname="pivotalApplication.PivoFin1" name="NumberField" time="1.260"/>
  <testcase classname="pivotalApplication.PivoFin1" name="IAgree" time="2.163"/>
  <testcase classname="pivotalApplication.PivoFin1" name="proceedButton" time="2.400"/>
  <testcase classname="pivotalApplication.PivoFin1" name="OTP" time="11.153"/>
  <testcase classname="pivotalApplication.PivoFin1" name="submit" time="8.216"/>
  <testcase classname="pivotalApplication.PivoFin1" name="Createptient" time="4.560"/>
  <testcase classname="pivotalApplication.PivoFin1" name="Neweptient" time="12.335"/>
  <testcase classname="pivotalApplication.PivoFin1" name="Close" time="5.196"/>
  <testcase classname="pivotalApplication.PivoFin1" name="MobileNumber1" time="3.093"/>
  <testcase classname="pivotalApplication.PivoFin1" name="confirm" time="4.609"/>
  <testcase classname="pivotalApplication.PivoFin1" name="confirmPopup" time="4.816"/>
  <testcase classname="pivotalApplication.PivoFin1" name="AdditionalNumber1" time="3.107"/>
  <testcase classname="pivotalApplication.PivoFin1" name="FirstName" time="4.528"/>
  <testcase classname="pivotalApplication.PivoFin1" name="MiddleName" time="4.551"/>
  <testcase classname="pivotalApplication.PivoFin1" name="LastName" time="4.986"/>
  <testcase classname="pivotalApplication.PivoFin1" name="BirthCalender" time="5.160"/>
  <testcase classname="pivotalApplication.PivoFin1" name="Birthok" time="4.356"/>
  <testcase classname="pivotalApplication.PivoFin1" name="GenFemale" time="4.508"/>
  <testcase classname="pivotalApplication.PivoFin1" name="Address" time="3.393"/>
  <testcase classname="pivotalApplication.PivoFin1" name="Area" time="2.985"/>
  <testcase classname="pivotalApplication.PivoFin1" name="City" time="2.982"/>
  <testcase classname="pivotalApplication.PivoFin1" name="PinCode" time="2.936"/>
  <testcase classname="pivotalApplication.PivoFin1" name="Next" time="15.468"/>
  <testcase classname="pivotalApplication.PivoFin1" name="ContinueProfile" time="10.372"/>
  <testcase classname="pivotalApplication.PivoFin1" name="TypeOfDelivery" time="2.486"/>
  <testcase classname="pivotalApplication.PivoFin1" name="TypeOfDeliveryNormal" time="2.291"/>
  <testcase classname="pivotalApplication.PivoFin1" name="weightl" time="2.424"/>
  <testcase classname="pivotalApplication.PivoFin1" name="Heightl" time="2.372"/>
  <testcase classname="pivotalApplication.PivoFin1" name="HC" time="2.704"/>
  <testcase classname="pivotalApplication.PivoFin1" name="CC" time="2.414"/>
  <testcase classname="pivotalApplication.PivoFin1" name="BPSYS" time="2.403"/>
  <testcase classname="pivotalApplication.PivoFin1" name="BPDia" time="2.412"/>
  <testcase classname="pivotalApplication.PivoFin1" name="BloodGroup" time="2.460"/>
  <testcase classname="pivotalApplication.PivoFin1" name="BloodGroupA" time="2.302"/>
  <testcase classname="pivotalApplication.PivoFin1" name="BirthHistoryNext" time="7.497"/>
  <testcase classname="pivotalApplication.PivoFin1" name="MedicalConditionAdd" time="2.301"/>
  <testcase classname="pivotalApplication.PivoFin1" name="MedicalConditionSelect" time="3.660"/>
  <testcase classname="pivotalApplication.PivoFin1" name="AddMedicalCondition" time="2.418"/>
  <testcase classname="pivotalApplication.PivoFin1" name="Allergies" time="2.833"/>
  <testcase classname="pivotalApplication.PivoFin1" name="Reactions" time="2.358"/>
  <testcase classname="pivotalApplication.PivoFin1" name="RecurringComplaints" time="2.367"/>
  <testcase classname="pivotalApplication.PivoFin1" name="HospitalizationHistory" time="2.870"/>
  <testcase classname="pivotalApplication.PivoFin1" name="HealthHistory" time="2.839"/>
  <testcase classname="pivotalApplication.PivoFin1" name="GeneticdisoredrAdd" time="4.143"/>
  <testcase classname="pivotalApplication.PivoFin1" name="GeneticdisoredrSelect" time="12.886"/>
  <testcase classname="pivotalApplication.PivoFin1" name="AddGeneticdisoredr" time="2.540"/>
  <testcase classname="pivotalApplication.PivoFin1" name="OtherEmailId" time="2.880"/>
  <testcase classname="pivotalApplication.PivoFin1" name="helathNext" time="2.353"/>
  <testcase classname="pivotalApplication.PivoFin1" name="FathersName" time="2.863"/>
  <testcase classname="pivotalApplication.PivoFin1" name="MothersName" time="2.778"/>
  <testcase classname="pivotalApplication.PivoFin1" name="Fatherheight" time="7.581"/>
  <testcase classname="pivotalApplication.PivoFin1" name="Mothersheight" time="5.212"/>
  <testcase classname="pivotalApplication.PivoFin1" name="FamailyMedicalHistory" time="8.290"/>
  <testcase classname="pivotalApplication.PivoFin1" name="EnterDisorders" time="15.571"/>
  <testcase classname="pivotalApplication.PivoFin1" name="AddVital" time="5.351"/>
  <testcase classname="pivotalApplication.PivoFin1" name="weight" time="0.278"/>
  <testcase classname="pivotalApplication.PivoFin1" name="Height" time="5.994"/>
  <testcase classname="pivotalApplication.PivoFin1" name="HC1" time="5.341"/>
  <testcase classname="pivotalApplication.PivoFin1" name="CC1" time="5.288"/>
  <testcase classname="pivotalApplication.PivoFin1" name="Temperature" time="5.913"/>
  <testcase classname="pivotalApplication.PivoFin1" name="SPO2" time="11.647"/>
  <testcase classname="pivotalApplication.PivoFin1" name="UpArrow" time="10.672"/>
  <testcase classname="pivotalApplication.PivoFin1" name="BPSYS1" time="5.736"/>
  <testcase classname="pivotalApplication.PivoFin1" name="BPDIA" time="5.757"/>
  <testcase classname="pivotalApplication.PivoFin1" name="HeartRate" time="6.604"/>
  <testcase classname="pivotalApplication.PivoFin1" name="Pulse" time="11.410"/>
  <testcase classname="pivotalApplication.PivoFin1" name="BloodSugar" time="10.800"/>
  <testcase classname="pivotalApplication.PivoFin1" name="BloodSugarf" time="5.723"/>
  <testcase classname="pivotalApplication.PivoFin1" name="BloodSugarPP" time="5.725"/>
  <testcase classname="pivotalApplication.PivoFin1" name="BloodSugarHB" time="16.280"/>
  <testcase classname="pivotalApplication.PivoFin1" name="CholesterolHDL" time="5.237"/>
  <testcase classname="pivotalApplication.PivoFin1" name="CholesterolLDL" time="5.785"/>
  <testcase classname="pivotalApplication.PivoFin1" name="TotalCholesterol" time="5.728"/>
  <testcase classname="pivotalApplication.PivoFin1" name="Triglycerides" time="5.741"/>
  <testcase classname="pivotalApplication.PivoFin1" name="Save" time="5.354"/>
  <testcase classname="pivotalApplication.PivoFin1" name="Appointment" time="21.143"/>
  <testcase classname="pivotalApplication.PivoFin1" name="SlotTime" time="42.203"/>
  <testcase classname="pivotalApplication.PivoFin1" name="VideoCheckBox" time="2.219"/>
  <testcase classname="pivotalApplication.PivoFin1" name="Book" time="7.793"/>
  <testcase classname="pivotalApplication.PivoFin1" name="AppointmentBookedPopup" time="15.289"/>
  <testcase classname="pivotalApplication.PivoFin1" name="ClickPatient" time="3.028"/>
  <testcase classname="pivotalApplication.PivoFin1" name="prescription" time="2.995"/>
  <testcase classname="pivotalApplication.PivoFin1" name="ComplaintAndDiagnosis" time="2.595"/>
  <testcase classname="pivotalApplication.PivoFin1" name="AddChiefComplaints" time="2.352"/>
  <testcase classname="pivotalApplication.PivoFin1" name="Fever" time="4.073"/>
  <testcase classname="pivotalApplication.PivoFin1" name="Details" time="2.431"/>
  <testcase classname="pivotalApplication.PivoFin1" name="mild" time="2.367"/>
  <testcase classname="pivotalApplication.PivoFin1" name="moreSymptoms" time="2.326"/>
  <testcase classname="pivotalApplication.PivoFin1" name="Since2Days" time="2.373"/>
  <testcase classname="pivotalApplication.PivoFin1" name="AddComplaint" time="2.757"/>
  <testcase classname="pivotalApplication.PivoFin1" name="AddWorkingDiagnosis" time="2.384"/>
  <testcase classname="pivotalApplication.PivoFin1" name="AcuteUrti" time="5.213"/>
  <testcase classname="pivotalApplication.PivoFin1" name="AddDiagnosis" time="2.371"/>
  <testcase classname="pivotalApplication.PivoFin1" name="Medicine" time="2.435"/>
  <testcase classname="pivotalApplication.PivoFin1" name="TapToAddMedicine" time="2.415"/>
  <testcase classname="pivotalApplication.PivoFin1" name="SearchMedDolo" time="6.724"/>
  <testcase classname="pivotalApplication.PivoFin1" name="AddToPrescription" time="2.347"/>
  <testcase classname="pivotalApplication.PivoFin1" name="ClickFavourite" time="2.398"/>
  <testcase classname="pivotalApplication.PivoFin1" name="ClickFavoutiteDropdown" time="2.167"/>
  <testcase classname="pivotalApplication.PivoFin1" name="ClickFavoutiteMedDrp" time="2.192"/>
  <testcase classname="pivotalApplication.PivoFin1" name="ClickFavoutiteMedicine" time="2.252"/>
  <testcase classname="pivotalApplication.PivoFin1" name="CopyMedicine" time="2.238"/>
  <testcase classname="pivotalApplication.PivoFin1" name="popularClick" time="2.464"/>
  <testcase classname="pivotalApplication.PivoFin1" name="popularMedicineClick" time="3.927"/>
  <testcase classname="pivotalApplication.PivoFin1" name="popularCopyMedicine" time="3.034"/>
  <testcase classname="pivotalApplication.PivoFin1" name="DietAndNutrition" time="2.429"/>
  <testcase classname="pivotalApplication.PivoFin1" name="DietAndNutritionAdd" time="2.364"/>
  <testcase classname="pivotalApplication.PivoFin1" name="DietAdvice" time="2.352"/>
  <testcase classname="pivotalApplication.PivoFin1" name="AddDietAdvice" time="2.332"/>
  <testcase classname="pivotalApplication.PivoFin1" name="GeneralInstructions" time="2.435"/>
  <testcase classname="pivotalApplication.PivoFin1" name="GeneralInstructionsAdd" time="2.413"/>
  <testcase classname="pivotalApplication.PivoFin1" name="InstructionsAdd" time="2.395"/>
  <testcase classname="pivotalApplication.PivoFin1" name="Instructions" time="2.349"/>
  <testcase classname="pivotalApplication.PivoFin1" name="NextFollowup" time="4.415"/>
  <testcase classname="pivotalApplication.PivoFin1" name="NextFollowupCln7der" time="2.340"/>
  <testcase classname="pivotalApplication.PivoFin1" name="NextOk" time="2.285"/>
  <testcase classname="pivotalApplication.PivoFin1" name="NextVistTab" time="2.417"/>
  <testcase classname="pivotalApplication.PivoFin1" name="PreviewPrescription" time="2.395"/>
  <testcase classname="pivotalApplication.PivoFin1" name="SaveAndShare" time="10.189"/>
  <testcase classname="pivotalApplication.PivoFin1" name="DownloadBack" time="20.903"/>
  <testcase classname="pivotalApplication.PivoFin1" name="ImmunizationClick" time="2.511"/>
  <testcase classname="pivotalApplication.PivoFin1" name="AtBirth" time="2.588"/>
  <testcase classname="pivotalApplication.PivoFin1" name="AddVaccine" time="2.555"/>
  <testcase classname="pivotalApplication.PivoFin1" name="SelectBrand" time="2.623"/>
  <testcase classname="pivotalApplication.PivoFin1" name="SelectDate" time="7.634"/>
  <testcase classname="pivotalApplication.PivoFin1" name="VaccineLabel" time="27.601"/>
  <testcase classname="pivotalApplication.PivoFin1" name="BulkUpdate" time="7.611"/>
  <testcase classname="pivotalApplication.PivoFin1" name="PCV" time="4.431"/>
  <testcase classname="pivotalApplication.PivoFin1" name="IPV" time="4.453"/>
  <testcase classname="pivotalApplication.PivoFin1" name="Rotavirus" time="4.448"/>
  <testcase classname="pivotalApplication.PivoFin1" name="AddToSchedule" time="4.468"/>
  <testcase classname="pivotalApplication.PivoFin1" name="BulkUpdate1" time="10.446"/>
  <testcase classname="pivotalApplication.PivoFin1" name="TransScript" time="5.491"/>
  <testcase classname="pivotalApplication.PivoFin1" name="CreatedBy" time="15.766"/>
  <testcase classname="pivotalApplication.PivoFin1" name="DocumentOn" time="7.250"/>
  <testcase classname="pivotalApplication.PivoFin1" name="popoupOk" time="4.282"/>
  <testcase classname="pivotalApplication.PivoFin1" name="Gallaries" time="2.247"/>
  <testcase classname="pivotalApplication.PivoFin1" name="GallariesPhoto" time="10.294"/>
  <testcase classname="pivotalApplication.PivoFin1" name="Upload" time="7.323"/>
  <testcase classname="pivotalApplication.PivoFin1" name="UploadOk" time="7.229"/>
  <testcase classname="pivotalApplication.PivoFin1" name="TransScript1" time="60.298"/>
  <testcase classname="pivotalApplication.PivoFin1" name="ImmunizationGovClick" time="2.517"/>
  <testcase classname="pivotalApplication.PivoFin1" name="BulkCancel" time="5.214"/>
  <testcase classname="pivotalApplication.PivoFin1" name="opvO" time="3.096"/>
  <testcase classname="pivotalApplication.PivoFin1" name="SaveVaccine" time="4.877"/>
  <testcase classname="pivotalApplication.PivoFin1" name="IPV1" time="2.588"/>
  <testcase classname="pivotalApplication.PivoFin1" name="SaveVaccine1" time="2.310"/>
  <testcase classname="pivotalApplication.PivoFin1" name="HepB" time="3.340"/>
  <testcase classname="pivotalApplication.PivoFin1" name="SaveVaccine2" time="2.293"/>
  <testcase classname="pivotalApplication.PivoFin1" name="Transscript" time="3.246"/>
  <testcase classname="pivotalApplication.PivoFin1" name="CreatedBy2" time="2.888"/>
  <testcase classname="pivotalApplication.PivoFin1" name="DocumentOn2" time="2.211"/>
  <testcase classname="pivotalApplication.PivoFin1" name="popUpOk" time="2.244"/>
  <testcase classname="pivotalApplication.PivoFin1" name="Camera" time="12.779"/>
  <testcase classname="pivotalApplication.PivoFin1" name="UploadCam" time="2.266"/>
  <testcase classname="pivotalApplication.PivoFin1" name="UploadCamOk" time="3.132"/>
  <testcase classname="pivotalApplication.PivoFin1" name="Transscript1" time="2.549"/>
  <testcase classname="pivotalApplication.PivoFin1" name="CreatedBy1" time="2.888"/>
  <testcase classname="pivotalApplication.PivoFin1" name="DocumentOn1" time="2.223"/>
  <testcase classname="pivotalApplication.PivoFin1" name="popUpOk1" time="2.254"/>
  <testcase classname="pivotalApplication.PivoFin1" name="Gallery" time="2.264"/>
  <testcase classname="pivotalApplication.PivoFin1" name="photo" time="10.306"/>
  <testcase classname="pivotalApplication.PivoFin1" name="Upload1" time="2.271"/>
  <testcase classname="pivotalApplication.PivoFin1" name="UploadOk1" time="8.803"/>
  <testcase classname="pivotalApplication.PivoFin1" name="ImmunizationClick1" time="2.452"/>
  <testcase classname="pivotalApplication.PivoFin1" name="Records" time="5.444"/>
  <testcase classname="pivotalApplication.PivoFin1" name="Certificates" time="5.914"/>
  <testcase classname="pivotalApplication.PivoFin1" name="SelectVaciines" time="5.238"/>
  <testcase classname="pivotalApplication.PivoFin1" name="Proceed" time="5.487"/>
  <testcase classname="pivotalApplication.PivoFin1" name="SpecialityDropdown" time="5.304"/>
  <testcase classname="pivotalApplication.PivoFin1" name="DefaultV3" time="5.195"/>
  <testcase classname="pivotalApplication.PivoFin1" name="Preview" time="5.269"/>
  <testcase classname="pivotalApplication.PivoFin1" name="Print" time="26.260"/>
</testsuite> <!-- pivotalApplication.PivoFin1 -->
