<?xml version="1.0" encoding="UTF-8"?>
<!-- Generated by org.testng.reporters.JUnitReportReporter -->
<testsuite hostname="CopiousCare" failures="0" tests="7" name="webAutoNegative.MedicineInvalidValue" time="58.558" errors="0" timestamp="2024-04-03T12:44:44 IST" skipped="0">
  <testcase classname="webAutoNegative.MedicineInvalidValue" name="numberField" time="0.187"/>
  <system-out/>
  <testcase classname="webAutoNegative.MedicineInvalidValue" name="sendOTP" time="11.551"/>
  <system-out/>
  <testcase classname="webAutoNegative.MedicineInvalidValue" name="verifyButton" time="10.071"/>
  <system-out/>
  <testcase classname="webAutoNegative.MedicineInvalidValue" name="searchBar1" time="0.405"/>
  <system-out/>
  <testcase classname="webAutoNegative.MedicineInvalidValue" name="searchOpt" time="3.073"/>
  <system-out/>
  <testcase classname="webAutoNegative.MedicineInvalidValue" name="AddPrescription" time="15.312"/>
  <system-out/>
  <testcase classname="webAutoNegative.MedicineInvalidValue" name="Medicine1" time="17.959"/>
  <system-out/>
</testsuite> <!-- webAutoNegative.MedicineInvalidValue -->
