<?xml version="1.0" encoding="UTF-8"?>
<!-- Generated by org.testng.reporters.JUnitReportReporter -->
<testsuite hostname="CopiousCare" failures="0" tests="8" name="webAutoQueue.ViewCertificateQ" time="57.446" errors="0" timestamp="2024-04-29T15:34:29 IST" skipped="0">
  <testcase classname="webAutoQueue.ViewCertificateQ" name="numberField" time="0.131"/>
  <system-out/>
  <testcase classname="webAutoQueue.ViewCertificateQ" name="sendOTP" time="7.532"/>
  <system-out/>
  <testcase classname="webAutoQueue.ViewCertificateQ" name="verifyButton" time="10.052"/>
  <system-out/>
  <testcase classname="webAutoQueue.ViewCertificateQ" name="searchBar" time="0.406"/>
  <system-out/>
  <testcase classname="webAutoQueue.ViewCertificateQ" name="searchOpt" time="3.075"/>
  <system-out/>
  <testcase classname="webAutoQueue.ViewCertificateQ" name="clickPatient" time="10.137"/>
  <system-out/>
  <testcase classname="webAutoQueue.ViewCertificateQ" name="Document" time="0.088"/>
  <system-out/>
  <testcase classname="webAutoQueue.ViewCertificateQ" name="cirtificateOption" time="26.025"/>
  <system-out/>
</testsuite> <!-- webAutoQueue.ViewCertificateQ -->
