<?xml version="1.0" encoding="UTF-8"?>
<!-- Generated by org.testng.reporters.JUnitReportReporter -->
<testsuite hostname="CopiousCare" failures="0" tests="94" name="pivotalApplication.PivoFin2" time="1037.453" errors="0" timestamp="2024-05-28T13:06:34 IST" skipped="0">
  <testcase classname="pivotalApplication.PivoFin2" name="InvestigationClick" time="3.214"/>
  <system-out/>
  <testcase classname="pivotalApplication.PivoFin2" name="NewRequisition" time="2.375"/>
  <system-out/>
  <testcase classname="pivotalApplication.PivoFin2" name="Covid19" time="7.070"/>
  <system-out/>
  <testcase classname="pivotalApplication.PivoFin2" name="packages" time="2.648"/>
  <system-out/>
  <testcase classname="pivotalApplication.PivoFin2" name="Feverpanel" time="2.512"/>
  <system-out/>
  <testcase classname="pivotalApplication.PivoFin2" name="SelectTests" time="2.582"/>
  <system-out/>
  <testcase classname="pivotalApplication.PivoFin2" name="CreateRquisition" time="2.325"/>
  <system-out/>
  <testcase classname="pivotalApplication.PivoFin2" name="RquisitionDownloadclose" time="2.339"/>
  <system-out/>
  <testcase classname="pivotalApplication.PivoFin2" name="ReportClick" time="2.346"/>
  <system-out/>
  <testcase classname="pivotalApplication.PivoFin2" name="UploadReport" time="2.275"/>
  <system-out/>
  <testcase classname="pivotalApplication.PivoFin2" name="CreatedBy2" time="2.803"/>
  <system-out/>
  <testcase classname="pivotalApplication.PivoFin2" name="DocumentOn2" time="2.296"/>
  <system-out/>
  <testcase classname="pivotalApplication.PivoFin2" name="popUpOk2" time="2.342"/>
  <system-out/>
  <testcase classname="pivotalApplication.PivoFin2" name="Camera2" time="20.042"/>
  <system-out/>
  <testcase classname="pivotalApplication.PivoFin2" name="UploadCam2" time="2.338"/>
  <system-out/>
  <testcase classname="pivotalApplication.PivoFin2" name="UploadCamOk2" time="2.252"/>
  <system-out/>
  <testcase classname="pivotalApplication.PivoFin2" name="Transscript1" time="5.322"/>
  <system-out/>
  <testcase classname="pivotalApplication.PivoFin2" name="CreatedBy3" time="2.814"/>
  <system-out/>
  <testcase classname="pivotalApplication.PivoFin2" name="DocumentOn3" time="2.275"/>
  <system-out/>
  <testcase classname="pivotalApplication.PivoFin2" name="popUpOk3" time="2.314"/>
  <system-out/>
  <testcase classname="pivotalApplication.PivoFin2" name="Gallery3" time="2.327"/>
  <system-out/>
  <testcase classname="pivotalApplication.PivoFin2" name="photo3" time="10.297"/>
  <system-out/>
  <testcase classname="pivotalApplication.PivoFin2" name="Upload3" time="2.340"/>
  <system-out/>
  <testcase classname="pivotalApplication.PivoFin2" name="UploadOk3" time="9.538"/>
  <system-out/>
  <testcase classname="pivotalApplication.PivoFin2" name="RffralCreation" time="2.575"/>
  <system-out/>
  <testcase classname="pivotalApplication.PivoFin2" name="DrName" time="2.717"/>
  <system-out/>
  <testcase classname="pivotalApplication.PivoFin2" name="DrEmail" time="2.754"/>
  <system-out/>
  <testcase classname="pivotalApplication.PivoFin2" name="DrMobNumber" time="2.752"/>
  <system-out/>
  <testcase classname="pivotalApplication.PivoFin2" name="HealthCondition" time="2.774"/>
  <system-out/>
  <testcase classname="pivotalApplication.PivoFin2" name="Duration" time="2.741"/>
  <system-out/>
  <testcase classname="pivotalApplication.PivoFin2" name="Speciality" time="7.555"/>
  <system-out/>
  <testcase classname="pivotalApplication.PivoFin2" name="preview" time="2.347"/>
  <system-out/>
  <testcase classname="pivotalApplication.PivoFin2" name="Save" time="15.252"/>
  <system-out/>
  <testcase classname="pivotalApplication.PivoFin2" name="UploadDocuments" time="54.273"/>
  <system-out/>
  <testcase classname="pivotalApplication.PivoFin2" name="DocumentsDropDown" time="5.264"/>
  <system-out/>
  <testcase classname="pivotalApplication.PivoFin2" name="DischargeSummary" time="2.287"/>
  <system-out/>
  <testcase classname="pivotalApplication.PivoFin2" name="CreatedBy" time="2.774"/>
  <system-out/>
  <testcase classname="pivotalApplication.PivoFin2" name="DocumentOn" time="2.268"/>
  <system-out/>
  <testcase classname="pivotalApplication.PivoFin2" name="popUpOk" time="2.408"/>
  <system-out/>
  <testcase classname="pivotalApplication.PivoFin2" name="Camera" time="13.905"/>
  <system-out/>
  <testcase classname="pivotalApplication.PivoFin2" name="UploadCam" time="2.390"/>
  <system-out/>
  <testcase classname="pivotalApplication.PivoFin2" name="UploadCamOk" time="10.743"/>
  <system-out/>
  <testcase classname="pivotalApplication.PivoFin2" name="UploadDocuments1" time="5.455"/>
  <system-out/>
  <testcase classname="pivotalApplication.PivoFin2" name="DocumentsDropDown1" time="5.273"/>
  <system-out/>
  <testcase classname="pivotalApplication.PivoFin2" name="DischargeSummary1" time="2.254"/>
  <system-out/>
  <testcase classname="pivotalApplication.PivoFin2" name="CreatedBy1" time="2.251"/>
  <system-out/>
  <testcase classname="pivotalApplication.PivoFin2" name="DocumentOn1" time="2.291"/>
  <system-out/>
  <testcase classname="pivotalApplication.PivoFin2" name="popUpOk1" time="2.308"/>
  <system-out/>
  <testcase classname="pivotalApplication.PivoFin2" name="Gallery" time="2.282"/>
  <system-out/>
  <testcase classname="pivotalApplication.PivoFin2" name="photo" time="10.298"/>
  <system-out/>
  <testcase classname="pivotalApplication.PivoFin2" name="Upload" time="2.307"/>
  <system-out/>
  <testcase classname="pivotalApplication.PivoFin2" name="UploadOk" time="2.231"/>
  <system-out/>
  <testcase classname="pivotalApplication.PivoFin2" name="SpecialVaccine" time="17.618"/>
  <system-out/>
  <testcase classname="pivotalApplication.PivoFin2" name="AdministeredDate" time="5.253"/>
  <system-out/>
  <testcase classname="pivotalApplication.PivoFin2" name="PopUpOk" time="2.306"/>
  <system-out/>
  <testcase classname="pivotalApplication.PivoFin2" name="VaccineDropdown" time="2.242"/>
  <system-out/>
  <testcase classname="pivotalApplication.PivoFin2" name="CholeraVaccine" time="2.263"/>
  <system-out/>
  <testcase classname="pivotalApplication.PivoFin2" name="Submit" time="2.259"/>
  <system-out/>
  <testcase classname="pivotalApplication.PivoFin2" name="VaccinationOk" time="2.747"/>
  <system-out/>
  <testcase classname="pivotalApplication.PivoFin2" name="Reciept" time="17.640"/>
  <system-out/>
  <testcase classname="pivotalApplication.PivoFin2" name="AddNewReceipt" time="10.278"/>
  <system-out/>
  <testcase classname="pivotalApplication.PivoFin2" name="ReceiptNo" time="7.921"/>
  <system-out/>
  <testcase classname="pivotalApplication.PivoFin2" name="Consultation" time="5.705"/>
  <system-out/>
  <testcase classname="pivotalApplication.PivoFin2" name="Vaccination" time="5.059"/>
  <system-out/>
  <testcase classname="pivotalApplication.PivoFin2" name="OtherReasons" time="4.911"/>
  <system-out/>
  <testcase classname="pivotalApplication.PivoFin2" name="Addmore" time="4.473"/>
  <system-out/>
  <testcase classname="pivotalApplication.PivoFin2" name="Preview" time="35.433"/>
  <system-out/>
  <testcase classname="pivotalApplication.PivoFin2" name="PayerName" time="2.689"/>
  <system-out/>
  <testcase classname="pivotalApplication.PivoFin2" name="CreateReceipt" time="27.051"/>
  <system-out/>
  <testcase classname="pivotalApplication.PivoFin2" name="Certificate" time="41.225"/>
  <system-out/>
  <testcase classname="pivotalApplication.PivoFin2" name="CertificateDropdown" time="22.258"/>
  <system-out/>
  <testcase classname="pivotalApplication.PivoFin2" name="CertificateType" time="22.234"/>
  <system-out/>
  <testcase classname="pivotalApplication.PivoFin2" name="Speciality1" time="32.298"/>
  <system-out/>
  <testcase classname="pivotalApplication.PivoFin2" name="SpecialitySelect" time="37.227"/>
  <system-out/>
  <testcase classname="pivotalApplication.PivoFin2" name="Preview1" time="12.291"/>
  <system-out/>
  <testcase classname="pivotalApplication.PivoFin2" name="Printclose" time="17.463"/>
  <system-out/>
  <testcase classname="pivotalApplication.PivoFin2" name="ClickHistory" time="6.598"/>
  <system-out/>
  <testcase classname="pivotalApplication.PivoFin2" name="ViewDocument" time="2.371"/>
  <system-out/>
  <testcase classname="pivotalApplication.PivoFin2" name="close1" time="10.218"/>
  <system-out/>
  <testcase classname="pivotalApplication.PivoFin2" name="ViewReceipts" time="12.539"/>
  <system-out/>
  <testcase classname="pivotalApplication.PivoFin2" name="close2" time="12.172"/>
  <system-out/>
  <testcase classname="pivotalApplication.PivoFin2" name="ViewReferal" time="10.556"/>
  <system-out/>
  <testcase classname="pivotalApplication.PivoFin2" name="close4" time="55.268"/>
  <system-out/>
  <testcase classname="pivotalApplication.PivoFin2" name="PatientList" time="35.177"/>
  <system-out/>
  <testcase classname="pivotalApplication.PivoFin2" name="Appointments" time="10.861"/>
  <system-out/>
  <testcase classname="pivotalApplication.PivoFin2" name="Prescription" time="42.348"/>
  <system-out/>
  <testcase classname="pivotalApplication.PivoFin2" name="Reports" time="48.411"/>
  <system-out/>
  <testcase classname="pivotalApplication.PivoFin2" name="Referrals" time="45.748"/>
  <system-out/>
  <testcase classname="pivotalApplication.PivoFin2" name="VaccineInStore" time="22.447"/>
  <system-out/>
  <testcase classname="pivotalApplication.PivoFin2" name="ViewReports" time="50.016"/>
  <system-out/>
  <testcase classname="pivotalApplication.PivoFin2" name="MyNotes" time="26.331"/>
  <system-out/>
  <testcase classname="pivotalApplication.PivoFin2" name="ShareHealth" time="12.018"/>
  <system-out/>
  <testcase classname="pivotalApplication.PivoFin2" name="WhatsNew" time="10.487"/>
  <system-out/>
  <testcase classname="pivotalApplication.PivoFin2" name="DashboardData" time="9.328"/>
  <system-out/>
</testsuite> <!-- pivotalApplication.PivoFin2 -->
