<?xml version="1.0" encoding="UTF-8"?>
<!-- Generated by org.testng.reporters.JUnitReportReporter -->
<testsuite hostname="CopiousCare" failures="0" tests="18" name="pivotalApplicationNegative.NReceipt" time="200.569" errors="0" timestamp="2024-08-02T15:18:38 IST" skipped="0">
  <testcase classname="pivotalApplicationNegative.NReceipt" name="NumberField" time="1.600"/>
  <system-out/>
  <testcase classname="pivotalApplicationNegative.NReceipt" name="BfSuite" time="0.613"/>
  <system-out/>
  <testcase classname="pivotalApplicationNegative.NReceipt" name="IAgree" time="2.001"/>
  <system-out/>
  <testcase classname="pivotalApplicationNegative.NReceipt" name="proceedButton" time="2.363"/>
  <system-out/>
  <testcase classname="pivotalApplicationNegative.NReceipt" name="OTP" time="12.151"/>
  <system-out/>
  <testcase classname="pivotalApplicationNegative.NReceipt" name="submit" time="7.866"/>
  <system-out/>
  <testcase classname="pivotalApplicationNegative.NReceipt" name="Search" time="10.522"/>
  <system-out/>
  <testcase classname="pivotalApplicationNegative.NReceipt" name="ClickPatient" time="24.286"/>
  <system-out/>
  <testcase classname="pivotalApplicationNegative.NReceipt" name="Reciept" time="7.673"/>
  <system-out/>
  <testcase classname="pivotalApplicationNegative.NReceipt" name="AddNewReceipt" time="13.293"/>
  <system-out/>
  <testcase classname="pivotalApplicationNegative.NReceipt" name="ReceiptNo" time="8.009"/>
  <system-out/>
  <testcase classname="pivotalApplicationNegative.NReceipt" name="Consultation" time="4.852"/>
  <system-out/>
  <testcase classname="pivotalApplicationNegative.NReceipt" name="Vaccination" time="5.745"/>
  <system-out/>
  <testcase classname="pivotalApplicationNegative.NReceipt" name="OtherReasons" time="5.355"/>
  <system-out/>
  <testcase classname="pivotalApplicationNegative.NReceipt" name="Addmore" time="4.489"/>
  <system-out/>
  <testcase classname="pivotalApplicationNegative.NReceipt" name="Preview" time="35.483"/>
  <system-out/>
  <testcase classname="pivotalApplicationNegative.NReceipt" name="PayerName" time="2.724"/>
  <system-out/>
  <testcase classname="pivotalApplicationNegative.NReceipt" name="CreateReceipt" time="51.544"/>
  <system-out/>
</testsuite> <!-- pivotalApplicationNegative.NReceipt -->
