<?xml version="1.0" encoding="UTF-8"?>
<!-- Generated by org.testng.reporters.JUnitReportReporter -->
<testsuite hostname="CopiousCare" failures="0" tests="3" name="webAuto.AddfavouriteMedicine" time="24.756" errors="0" timestamp="2024-11-18T10:34:10 IST" skipped="0">
  <testcase classname="webAuto.AddfavouriteMedicine" name="numberField" time="0.361"/>
  <system-out/>
  <testcase classname="webAuto.AddfavouriteMedicine" name="sendOTP" time="11.192"/>
  <system-out/>
  <testcase classname="webAuto.AddfavouriteMedicine" name="verifyButton" time="13.203"/>
  <system-out/>
</testsuite> <!-- webAuto.AddfavouriteMedicine -->
