<?xml version="1.0" encoding="UTF-8"?>
<!-- Generated by org.testng.reporters.JUnitReportReporter -->
<testsuite hostname="CopiousCare" failures="0" tests="11" name="pivotalApplication.ViewDocumentHistory" time="63.942" errors="0" timestamp="2024-04-10T16:09:35 IST" skipped="0">
  <testcase classname="pivotalApplication.ViewDocumentHistory" name="NumberField" time="0.631"/>
  <system-out/>
  <testcase classname="pivotalApplication.ViewDocumentHistory" name="BfSuite" time="0.597"/>
  <system-out/>
  <testcase classname="pivotalApplication.ViewDocumentHistory" name="IAgree" time="2.153"/>
  <system-out/>
  <testcase classname="pivotalApplication.ViewDocumentHistory" name="proceedButton" time="2.379"/>
  <system-out/>
  <testcase classname="pivotalApplication.ViewDocumentHistory" name="OTP" time="10.866"/>
  <system-out/>
  <testcase classname="pivotalApplication.ViewDocumentHistory" name="submit" time="13.854"/>
  <system-out/>
  <testcase classname="pivotalApplication.ViewDocumentHistory" name="Search" time="10.423"/>
  <system-out/>
  <testcase classname="pivotalApplication.ViewDocumentHistory" name="ClickPatient" time="3.235"/>
  <system-out/>
  <testcase classname="pivotalApplication.ViewDocumentHistory" name="ClickHistory" time="7.121"/>
  <system-out/>
  <testcase classname="pivotalApplication.ViewDocumentHistory" name="ViewDocument" time="2.449"/>
  <system-out/>
  <testcase classname="pivotalApplication.ViewDocumentHistory" name="close" time="10.234"/>
  <system-out/>
</testsuite> <!-- pivotalApplication.ViewDocumentHistory -->
