<?xml version="1.0" encoding="UTF-8"?>
<!-- Generated by org.testng.reporters.JUnitReportReporter -->
<testsuite hostname="CopiousCare" failures="0" tests="37" name="webAuto.OpdEndToEndWorkFlow1" time="352.765" errors="0" timestamp="2024-05-22T10:41:20 IST" skipped="0">
  <testcase classname="webAuto.OpdEndToEndWorkFlow1" name="numberField" time="0.195"/>
  <system-out/>
  <testcase classname="webAuto.OpdEndToEndWorkFlow1" name="sendOTP" time="11.853"/>
  <system-out/>
  <testcase classname="webAuto.OpdEndToEndWorkFlow1" name="verifyButton" time="10.117"/>
  <system-out/>
  <testcase classname="webAuto.OpdEndToEndWorkFlow1" name="createPatient" time="0.936"/>
  <system-out/>
  <testcase classname="webAuto.OpdEndToEndWorkFlow1" name="Number1" time="0.263"/>
  <system-out/>
  <testcase classname="webAuto.OpdEndToEndWorkFlow1" name="confirm" time="2.358"/>
  <system-out/>
  <testcase classname="webAuto.OpdEndToEndWorkFlow1" name="number2" time="0.276"/>
  <system-out/>
  <testcase classname="webAuto.OpdEndToEndWorkFlow1" name="firstName" time="0.182"/>
  <system-out/>
  <testcase classname="webAuto.OpdEndToEndWorkFlow1" name="middleName" time="0.148"/>
  <system-out/>
  <testcase classname="webAuto.OpdEndToEndWorkFlow1" name="lastName" time="0.154"/>
  <system-out/>
  <testcase classname="webAuto.OpdEndToEndWorkFlow1" name="birthDate" time="0.257"/>
  <system-out/>
  <testcase classname="webAuto.OpdEndToEndWorkFlow1" name="genFemale" time="0.085"/>
  <system-out/>
  <testcase classname="webAuto.OpdEndToEndWorkFlow1" name="address" time="0.194"/>
  <system-out/>
  <testcase classname="webAuto.OpdEndToEndWorkFlow1" name="locality" time="0.167"/>
  <system-out/>
  <testcase classname="webAuto.OpdEndToEndWorkFlow1" name="city" time="0.155"/>
  <system-out/>
  <testcase classname="webAuto.OpdEndToEndWorkFlow1" name="pinCode" time="0.161"/>
  <system-out/>
  <testcase classname="webAuto.OpdEndToEndWorkFlow1" name="proceedWithSameRMN" time="0.156"/>
  <system-out/>
  <testcase classname="webAuto.OpdEndToEndWorkFlow1" name="nextButton" time="15.115"/>
  <system-out/>
  <testcase classname="webAuto.OpdEndToEndWorkFlow1" name="clickClose" time="1.064"/>
  <system-out/>
  <testcase classname="webAuto.OpdEndToEndWorkFlow1" name="fillVitalForm" time="16.391"/>
  <system-out/>
  <testcase classname="webAuto.OpdEndToEndWorkFlow1" name="fillHealthProfile" time="11.724"/>
  <system-out/>
  <testcase classname="webAuto.OpdEndToEndWorkFlow1" name="fillFamilyProfile" time="16.745"/>
  <system-out/>
  <testcase classname="webAuto.OpdEndToEndWorkFlow1" name="GoHome" time="0.200"/>
  <system-out/>
  <testcase classname="webAuto.OpdEndToEndWorkFlow1" name="AddNewAppointment" time="25.495"/>
  <system-out/>
  <testcase classname="webAuto.OpdEndToEndWorkFlow1" name="AddPrescription" time="15.387"/>
  <system-out/>
  <testcase classname="webAuto.OpdEndToEndWorkFlow1" name="Complaints" time="3.421"/>
  <system-out/>
  <testcase classname="webAuto.OpdEndToEndWorkFlow1" name="VitalsOption" time="4.536"/>
  <system-out/>
  <testcase classname="webAuto.OpdEndToEndWorkFlow1" name="BpandHeartOption" time="15.899"/>
  <system-out/>
  <testcase classname="webAuto.OpdEndToEndWorkFlow1" name="BloodAndAnalysis" time="16.008"/>
  <system-out/>
  <testcase classname="webAuto.OpdEndToEndWorkFlow1" name="LipidProfile" time="15.880"/>
  <system-out/>
  <testcase classname="webAuto.OpdEndToEndWorkFlow1" name="OnExamination" time="16.591"/>
  <system-out/>
  <testcase classname="webAuto.OpdEndToEndWorkFlow1" name="Diagnosis" time="15.313"/>
  <system-out/>
  <testcase classname="webAuto.OpdEndToEndWorkFlow1" name="Medicine1" time="48.223"/>
  <system-out/>
  <testcase classname="webAuto.OpdEndToEndWorkFlow1" name="DietaryAdvice" time="15.340"/>
  <system-out/>
  <testcase classname="webAuto.OpdEndToEndWorkFlow1" name="GeneralInstruction" time="15.298"/>
  <system-out/>
  <testcase classname="webAuto.OpdEndToEndWorkFlow1" name="SaveandProceed" time="0.254"/>
  <system-out/>
  <testcase classname="webAuto.OpdEndToEndWorkFlow1" name="ConfirmPrescription" time="56.224"/>
  <system-out/>
</testsuite> <!-- webAuto.OpdEndToEndWorkFlow1 -->
