<?xml version="1.0" encoding="UTF-8"?>
<!-- Generated by org.testng.reporters.JUnitReportReporter -->
<testsuite hostname="CopiousCare" failures="0" tests="7" name="webAutoQueue.ImmunizationCertificateQ" time="56.016" errors="0" timestamp="2024-04-29T13:23:38 IST" skipped="0">
  <testcase classname="webAutoQueue.ImmunizationCertificateQ" name="numberField" time="0.128"/>
  <system-out/>
  <testcase classname="webAutoQueue.ImmunizationCertificateQ" name="sendOTP" time="8.474"/>
  <system-out/>
  <testcase classname="webAutoQueue.ImmunizationCertificateQ" name="verifyButton" time="10.065"/>
  <system-out/>
  <testcase classname="webAutoQueue.ImmunizationCertificateQ" name="searchBar" time="0.389"/>
  <system-out/>
  <testcase classname="webAutoQueue.ImmunizationCertificateQ" name="searchOpt" time="3.067"/>
  <system-out/>
  <testcase classname="webAutoQueue.ImmunizationCertificateQ" name="clickPatient" time="10.142"/>
  <system-out/>
  <testcase classname="webAutoQueue.ImmunizationCertificateQ" name="HealthProfile" time="23.751"/>
  <system-out/>
</testsuite> <!-- webAutoQueue.ImmunizationCertificateQ -->
