<?xml version="1.0" encoding="UTF-8"?>
<!-- Generated by org.testng.reporters.JUnitReportReporter -->
<testsuite hostname="CopiousCare" failures="0" tests="7" name="webAutoQueueNegative.InvalidmedicineValueQ" time="59.066" errors="0" timestamp="2024-05-02T14:36:47 IST" skipped="0">
  <testcase classname="webAutoQueueNegative.InvalidmedicineValueQ" name="numberField" time="0.137"/>
  <system-out/>
  <testcase classname="webAutoQueueNegative.InvalidmedicineValueQ" name="sendOTP" time="11.550"/>
  <system-out/>
  <testcase classname="webAutoQueueNegative.InvalidmedicineValueQ" name="verifyButton" time="10.094"/>
  <system-out/>
  <testcase classname="webAutoQueueNegative.InvalidmedicineValueQ" name="searchBar1" time="0.394"/>
  <system-out/>
  <testcase classname="webAutoQueueNegative.InvalidmedicineValueQ" name="searchOpt" time="3.085"/>
  <system-out/>
  <testcase classname="webAutoQueueNegative.InvalidmedicineValueQ" name="AddPrescription" time="15.429"/>
  <system-out/>
  <testcase classname="webAutoQueueNegative.InvalidmedicineValueQ" name="Medicine1" time="18.377"/>
  <system-out/>
</testsuite> <!-- webAutoQueueNegative.InvalidmedicineValueQ -->
