<?xml version="1.0" encoding="UTF-8"?>
<!-- Generated by org.testng.reporters.JUnitReportReporter -->
<testsuite hostname="CopiousCare" failures="0" tests="11" name="pivotalApplication.ViewPrescriptionHistory" time="70.259" errors="0" timestamp="2024-07-31T17:29:19 IST" skipped="0">
  <testcase classname="pivotalApplication.ViewPrescriptionHistory" name="NumberField" time="1.218"/>
  <system-out/>
  <testcase classname="pivotalApplication.ViewPrescriptionHistory" name="BfSuite" time="1.540"/>
  <system-out/>
  <testcase classname="pivotalApplication.ViewPrescriptionHistory" name="IAgree" time="2.068"/>
  <system-out/>
  <testcase classname="pivotalApplication.ViewPrescriptionHistory" name="proceedButton" time="2.383"/>
  <system-out/>
  <testcase classname="pivotalApplication.ViewPrescriptionHistory" name="OTP" time="11.444"/>
  <system-out/>
  <testcase classname="pivotalApplication.ViewPrescriptionHistory" name="submit" time="8.082"/>
  <system-out/>
  <testcase classname="pivotalApplication.ViewPrescriptionHistory" name="Search" time="11.032"/>
  <system-out/>
  <testcase classname="pivotalApplication.ViewPrescriptionHistory" name="ClickPatient" time="2.630"/>
  <system-out/>
  <testcase classname="pivotalApplication.ViewPrescriptionHistory" name="ClickHistory" time="14.881"/>
  <system-out/>
  <testcase classname="pivotalApplication.ViewPrescriptionHistory" name="ViewPrescription" time="12.757"/>
  <system-out/>
  <testcase classname="pivotalApplication.ViewPrescriptionHistory" name="close" time="2.224"/>
  <system-out/>
</testsuite> <!-- pivotalApplication.ViewPrescriptionHistory -->
