<?xml version="1.0" encoding="UTF-8"?>
<!-- Generated by org.testng.reporters.JUnitReportReporter -->
<testsuite hostname="DESKTOP-VQLLA2K" failures="0" tests="106" name="pivotalApplication.PivoFin2" time="1090.697" errors="0" timestamp="2024-01-03T11:49:37 IST" skipped="8">
  <testcase classname="pivotalApplication.PivoFin2" name="InvestigationClick" time="3.251"/>
  <testcase classname="pivotalApplication.PivoFin2" name="NewRequisition" time="2.344"/>
  <testcase classname="pivotalApplication.PivoFin2" name="Covid19" time="6.048"/>
  <testcase classname="pivotalApplication.PivoFin2" name="packages" time="2.657"/>
  <testcase classname="pivotalApplication.PivoFin2" name="Feverpanel" time="2.454"/>
  <testcase classname="pivotalApplication.PivoFin2" name="SelectTests" time="2.561"/>
  <testcase classname="pivotalApplication.PivoFin2" name="CreateRquisition" time="2.377"/>
  <testcase classname="pivotalApplication.PivoFin2" name="RquisitionDownloadclose" time="2.302"/>
  <testcase classname="pivotalApplication.PivoFin2" name="ReportClick" time="2.391"/>
  <testcase classname="pivotalApplication.PivoFin2" name="UploadReport" time="2.325"/>
  <testcase classname="pivotalApplication.PivoFin2" name="CreatedBy2" time="2.871"/>
  <testcase classname="pivotalApplication.PivoFin2" name="DocumentOn2" time="2.274"/>
  <testcase classname="pivotalApplication.PivoFin2" name="popUpOk2" time="2.356"/>
  <testcase classname="pivotalApplication.PivoFin2" name="Camera2" time="20.109"/>
  <testcase classname="pivotalApplication.PivoFin2" name="UploadCam2" time="2.309"/>
  <testcase classname="pivotalApplication.PivoFin2" name="UploadCamOk2" time="2.838"/>
  <testcase classname="pivotalApplication.PivoFin2" name="Transscript1" time="5.330"/>
  <testcase classname="pivotalApplication.PivoFin2" name="CreatedBy3" time="2.799"/>
  <testcase classname="pivotalApplication.PivoFin2" name="DocumentOn3" time="2.282"/>
  <testcase classname="pivotalApplication.PivoFin2" name="popUpOk3" time="2.327"/>
  <testcase classname="pivotalApplication.PivoFin2" name="Gallery3" time="2.298"/>
  <testcase classname="pivotalApplication.PivoFin2" name="photo3" time="10.374"/>
  <testcase classname="pivotalApplication.PivoFin2" name="Upload3" time="2.397"/>
  <testcase classname="pivotalApplication.PivoFin2" name="UploadOk3" time="10.147"/>
  <testcase classname="pivotalApplication.PivoFin2" name="RffralCreation" time="2.604"/>
  <testcase classname="pivotalApplication.PivoFin2" name="DrName" time="2.945"/>
  <testcase classname="pivotalApplication.PivoFin2" name="DrEmail" time="2.823"/>
  <testcase classname="pivotalApplication.PivoFin2" name="DrMobNumber" time="2.788"/>
  <testcase classname="pivotalApplication.PivoFin2" name="HealthCondition" time="2.302"/>
  <testcase classname="pivotalApplication.PivoFin2" name="Duration" time="2.276"/>
  <testcase classname="pivotalApplication.PivoFin2" name="Speciality" time="7.582"/>
  <testcase classname="pivotalApplication.PivoFin2" name="preview" time="2.354"/>
  <testcase classname="pivotalApplication.PivoFin2" name="Save" time="15.239"/>
  <testcase classname="pivotalApplication.PivoFin2" name="UploadDocuments" time="54.284"/>
  <testcase classname="pivotalApplication.PivoFin2" name="DocumentsDropDown" time="5.274"/>
  <testcase classname="pivotalApplication.PivoFin2" name="DischargeSummary" time="2.249"/>
  <testcase classname="pivotalApplication.PivoFin2" name="CreatedBy" time="2.786"/>
  <testcase classname="pivotalApplication.PivoFin2" name="DocumentOn" time="2.293"/>
  <testcase classname="pivotalApplication.PivoFin2" name="popUpOk" time="2.300"/>
  <testcase classname="pivotalApplication.PivoFin2" name="Camera" time="13.760"/>
  <testcase classname="pivotalApplication.PivoFin2" name="UploadCam" time="2.324"/>
  <testcase classname="pivotalApplication.PivoFin2" name="UploadCamOk" time="10.775"/>
  <testcase classname="pivotalApplication.PivoFin2" name="UploadDocuments1" time="5.424"/>
  <testcase classname="pivotalApplication.PivoFin2" name="DocumentsDropDown1" time="5.329"/>
  <testcase classname="pivotalApplication.PivoFin2" name="DischargeSummary1" time="2.246"/>
  <testcase classname="pivotalApplication.PivoFin2" name="CreatedBy1" time="2.768"/>
  <testcase classname="pivotalApplication.PivoFin2" name="DocumentOn1" time="2.264"/>
  <testcase classname="pivotalApplication.PivoFin2" name="popUpOk1" time="2.320"/>
  <testcase classname="pivotalApplication.PivoFin2" name="Gallery" time="2.282"/>
  <testcase classname="pivotalApplication.PivoFin2" name="photo" time="10.323"/>
  <testcase classname="pivotalApplication.PivoFin2" name="Upload" time="2.316"/>
  <testcase classname="pivotalApplication.PivoFin2" name="UploadOk" time="2.212"/>
  <testcase classname="pivotalApplication.PivoFin2" name="SpecialVaccine" time="17.625"/>
  <testcase classname="pivotalApplication.PivoFin2" name="AdministeredDate" time="5.249"/>
  <testcase classname="pivotalApplication.PivoFin2" name="PopUpOk" time="2.325"/>
  <testcase classname="pivotalApplication.PivoFin2" name="VaccineDropdown" time="2.188"/>
  <testcase classname="pivotalApplication.PivoFin2" name="CholeraVaccine" time="2.261"/>
  <testcase classname="pivotalApplication.PivoFin2" name="Submit" time="2.294"/>
  <testcase classname="pivotalApplication.PivoFin2" name="VaccinationOk" time="2.196"/>
  <testcase classname="pivotalApplication.PivoFin2" name="LinkPatient" time="18.290"/>
  <testcase classname="pivotalApplication.PivoFin2" name="DrMobileNumber" time="10.167"/>
  <testcase classname="pivotalApplication.PivoFin2" name="SearchDr" time="17.188"/>
  <testcase classname="pivotalApplication.PivoFin2" name="Link" time="15.246"/>
  <testcase classname="pivotalApplication.PivoFin2" name="Reciept" time="17.649"/>
  <testcase classname="pivotalApplication.PivoFin2" name="AddNewReceipt" time="10.285"/>
  <testcase classname="pivotalApplication.PivoFin2" name="ReceiptNo" time="7.390"/>
  <testcase classname="pivotalApplication.PivoFin2" name="Consultation" time="4.801"/>
  <testcase classname="pivotalApplication.PivoFin2" name="Vaccination" time="4.322"/>
  <testcase classname="pivotalApplication.PivoFin2" name="OtherReasons" time="4.825"/>
  <testcase classname="pivotalApplication.PivoFin2" name="Addmore" time="4.412"/>
  <testcase classname="pivotalApplication.PivoFin2" name="Preview" time="35.435"/>
  <testcase classname="pivotalApplication.PivoFin2" name="PayerName" time="2.717"/>
  <testcase classname="pivotalApplication.PivoFin2" name="CreateReceipt" time="27.138"/>
  <testcase classname="pivotalApplication.PivoFin2" name="Certificate" time="41.453"/>
  <testcase classname="pivotalApplication.PivoFin2" name="CertificateDropdown" time="22.211"/>
  <testcase classname="pivotalApplication.PivoFin2" name="CertificateType" time="22.265"/>
  <testcase classname="pivotalApplication.PivoFin2" name="Speciality1" time="32.359"/>
  <testcase classname="pivotalApplication.PivoFin2" name="SpecialitySelect" time="37.252"/>
  <testcase classname="pivotalApplication.PivoFin2" name="Preview1" time="12.365"/>
  <testcase classname="pivotalApplication.PivoFin2" name="Printclose" time="17.478"/>
  <testcase classname="pivotalApplication.PivoFin2" name="ClickHistory" time="6.585"/>
  <testcase classname="pivotalApplication.PivoFin2" name="ViewDocument" time="2.379"/>
  <testcase classname="pivotalApplication.PivoFin2" name="close1" time="10.170"/>
  <testcase classname="pivotalApplication.PivoFin2" name="ViewReceipts" time="12.524"/>
  <testcase classname="pivotalApplication.PivoFin2" name="close2" time="12.240"/>
  <testcase classname="pivotalApplication.PivoFin2" name="ViewReferal" time="10.547"/>
  <testcase classname="pivotalApplication.PivoFin2" name="close4" time="54.917"/>
  <testcase classname="pivotalApplication.PivoFin2" name="PatientList" time="34.436"/>
  <testcase classname="pivotalApplication.PivoFin2" name="Appointments" time="10.622"/>
  <testcase classname="pivotalApplication.PivoFin2" name="Prescription" time="42.450"/>
  <testcase classname="pivotalApplication.PivoFin2" name="Reports" time="48.099"/>
  <testcase classname="pivotalApplication.PivoFin2" name="Referrals" time="46.044"/>
  <testcase classname="pivotalApplication.PivoFin2" name="VaccineInStore" time="22.573"/>
  <testcase classname="pivotalApplication.PivoFin2" name="ViewReports" time="48.078"/>
  <testcase classname="pivotalApplication.PivoFin2" name="MyNotes" time="26.368"/>
  <testcase classname="pivotalApplication.PivoFin2" name="ShareHealth" time="12.104"/>
  <testcase classname="pivotalApplication.PivoFin2" name="WhatsNew" time="10.509"/>
  <testcase classname="pivotalApplication.PivoFin2" name="DashboardData" time="6.803"/>
  <testcase classname="pivotalApplication.PivoFin2" name="proceedButton">
    <skipped/>
  </testcase> <!-- proceedButton -->
  <testcase classname="pivotalApplication.PivoFin2" name="OTP">
    <skipped/>
  </testcase> <!-- OTP -->
  <testcase classname="pivotalApplication.PivoFin2" name="HealthApp">
    <skipped/>
  </testcase> <!-- HealthApp -->
  <testcase classname="pivotalApplication.PivoFin2" name="Search">
    <skipped/>
  </testcase> <!-- Search -->
  <testcase classname="pivotalApplication.PivoFin2" name="ClickPatient1">
    <skipped/>
  </testcase> <!-- ClickPatient1 -->
  <testcase classname="pivotalApplication.PivoFin2" name="IAgree">
    <skipped/>
  </testcase> <!-- IAgree -->
  <testcase classname="pivotalApplication.PivoFin2" name="submit">
    <skipped/>
  </testcase> <!-- submit -->
  <testcase classname="pivotalApplication.PivoFin2" name="NumberField">
    <skipped/>
  </testcase> <!-- NumberField -->
</testsuite> <!-- pivotalApplication.PivoFin2 -->
