<?xml version="1.0" encoding="UTF-8"?>
<!-- Generated by org.testng.reporters.JUnitReportReporter -->
<testsuite hostname="CopiousCare" failures="0" tests="27" name="pivotalApplication.UploadDocument" time="123.507" errors="0" timestamp="2024-04-16T11:31:19 IST" skipped="0">
  <testcase classname="pivotalApplication.UploadDocument" name="NumberField" time="1.195"/>
  <system-out/>
  <testcase classname="pivotalApplication.UploadDocument" name="BfSuite" time="0.951"/>
  <system-out/>
  <testcase classname="pivotalApplication.UploadDocument" name="IAgree" time="2.152"/>
  <system-out/>
  <testcase classname="pivotalApplication.UploadDocument" name="proceedButton" time="2.377"/>
  <system-out/>
  <testcase classname="pivotalApplication.UploadDocument" name="OTP" time="10.987"/>
  <system-out/>
  <testcase classname="pivotalApplication.UploadDocument" name="submit" time="13.163"/>
  <system-out/>
  <testcase classname="pivotalApplication.UploadDocument" name="Search" time="8.028"/>
  <system-out/>
  <testcase classname="pivotalApplication.UploadDocument" name="ClickPatient" time="3.110"/>
  <system-out/>
  <testcase classname="pivotalApplication.UploadDocument" name="UploadDocuments" time="10.720"/>
  <system-out/>
  <testcase classname="pivotalApplication.UploadDocument" name="DocumentsDropDown" time="5.306"/>
  <system-out/>
  <testcase classname="pivotalApplication.UploadDocument" name="DischargeSummary" time="2.321"/>
  <system-out/>
  <testcase classname="pivotalApplication.UploadDocument" name="CreatedBy" time="2.347"/>
  <system-out/>
  <testcase classname="pivotalApplication.UploadDocument" name="DocumentOn" time="2.313"/>
  <system-out/>
  <testcase classname="pivotalApplication.UploadDocument" name="popUpOk" time="2.402"/>
  <system-out/>
  <testcase classname="pivotalApplication.UploadDocument" name="Camera" time="16.178"/>
  <system-out/>
  <testcase classname="pivotalApplication.UploadDocument" name="UploadCam" time="2.300"/>
  <system-out/>
  <testcase classname="pivotalApplication.UploadDocument" name="UploadCamOk" time="2.820"/>
  <system-out/>
  <testcase classname="pivotalApplication.UploadDocument" name="UploadDocuments1" time="2.601"/>
  <system-out/>
  <testcase classname="pivotalApplication.UploadDocument" name="DocumentsDropDown1" time="5.300"/>
  <system-out/>
  <testcase classname="pivotalApplication.UploadDocument" name="DischargeSummary1" time="2.284"/>
  <system-out/>
  <testcase classname="pivotalApplication.UploadDocument" name="CreatedBy1" time="2.319"/>
  <system-out/>
  <testcase classname="pivotalApplication.UploadDocument" name="DocumentOn1" time="2.299"/>
  <system-out/>
  <testcase classname="pivotalApplication.UploadDocument" name="popUpOk1" time="2.314"/>
  <system-out/>
  <testcase classname="pivotalApplication.UploadDocument" name="Gallery" time="2.293"/>
  <system-out/>
  <testcase classname="pivotalApplication.UploadDocument" name="photo" time="10.332"/>
  <system-out/>
  <testcase classname="pivotalApplication.UploadDocument" name="Upload" time="2.315"/>
  <system-out/>
  <testcase classname="pivotalApplication.UploadDocument" name="UploadOk" time="2.780"/>
  <system-out/>
</testsuite> <!-- pivotalApplication.UploadDocument -->
