<?xml version="1.0" encoding="UTF-8"?>
<!-- Generated by org.testng.reporters.JUnitReportReporter -->
<testsuite hostname="CopiousCare" failures="0" tests="83" name="healthApp.HealthEndToEndScript" time="674.371" errors="0" timestamp="2024-06-21T10:50:25 IST" skipped="0">
  <testcase classname="healthApp.HealthEndToEndScript" name="NumberField" time="17.231"/>
  <system-out/>
  <testcase classname="healthApp.HealthEndToEndScript" name="BfSuite" time="0.641"/>
  <system-out/>
  <testcase classname="healthApp.HealthEndToEndScript" name="IAgree" time="2.095"/>
  <system-out/>
  <testcase classname="healthApp.HealthEndToEndScript" name="proceedButton" time="5.284"/>
  <system-out/>
  <testcase classname="healthApp.HealthEndToEndScript" name="OTP" time="17.953"/>
  <system-out/>
  <testcase classname="healthApp.HealthEndToEndScript" name="Verify" time="15.936"/>
  <system-out/>
  <testcase classname="healthApp.HealthEndToEndScript" name="Family" time="5.854"/>
  <system-out/>
  <testcase classname="healthApp.HealthEndToEndScript" name="AddFamilyMember" time="6.260"/>
  <system-out/>
  <testcase classname="healthApp.HealthEndToEndScript" name="FirstName" time="5.333"/>
  <system-out/>
  <testcase classname="healthApp.HealthEndToEndScript" name="MiddleName" time="5.870"/>
  <system-out/>
  <testcase classname="healthApp.HealthEndToEndScript" name="Birthdate" time="10.645"/>
  <system-out/>
  <testcase classname="healthApp.HealthEndToEndScript" name="Male" time="5.369"/>
  <system-out/>
  <testcase classname="healthApp.HealthEndToEndScript" name="SaveAndNext" time="11.246"/>
  <system-out/>
  <testcase classname="healthApp.HealthEndToEndScript" name="SelectClick" time="6.290"/>
  <system-out/>
  <testcase classname="healthApp.HealthEndToEndScript" name="SelectOther" time="5.325"/>
  <system-out/>
  <testcase classname="healthApp.HealthEndToEndScript" name="Next" time="5.897"/>
  <system-out/>
  <testcase classname="healthApp.HealthEndToEndScript" name="LinkDr" time="2.642"/>
  <system-out/>
  <testcase classname="healthApp.HealthEndToEndScript" name="AddtionalInformation" time="1.882"/>
  <system-out/>
  <testcase classname="healthApp.HealthEndToEndScript" name="MedicalConditionAdd" time="3.751"/>
  <system-out/>
  <testcase classname="healthApp.HealthEndToEndScript" name="MedicalConditionSelect" time="3.826"/>
  <system-out/>
  <testcase classname="healthApp.HealthEndToEndScript" name="AddMedicalCondition" time="2.386"/>
  <system-out/>
  <testcase classname="healthApp.HealthEndToEndScript" name="Allergies" time="2.753"/>
  <system-out/>
  <testcase classname="healthApp.HealthEndToEndScript" name="Reactions" time="2.756"/>
  <system-out/>
  <testcase classname="healthApp.HealthEndToEndScript" name="RecurringComplaints" time="2.786"/>
  <system-out/>
  <testcase classname="healthApp.HealthEndToEndScript" name="HospitalizationHistory" time="2.297"/>
  <system-out/>
  <testcase classname="healthApp.HealthEndToEndScript" name="HealthHistory" time="2.772"/>
  <system-out/>
  <testcase classname="healthApp.HealthEndToEndScript" name="GeneticdisoredrAdd" time="4.003"/>
  <system-out/>
  <testcase classname="healthApp.HealthEndToEndScript" name="GeneticdisoredrSelect" time="13.018"/>
  <system-out/>
  <testcase classname="healthApp.HealthEndToEndScript" name="AddGeneticdisoredr" time="2.508"/>
  <system-out/>
  <testcase classname="healthApp.HealthEndToEndScript" name="helathNext" time="2.327"/>
  <system-out/>
  <testcase classname="healthApp.HealthEndToEndScript" name="FamailyNedicalHistory" time="8.184"/>
  <system-out/>
  <testcase classname="healthApp.HealthEndToEndScript" name="EnterDisorders" time="10.076"/>
  <system-out/>
  <testcase classname="healthApp.HealthEndToEndScript" name="FathersName" time="3.164"/>
  <system-out/>
  <testcase classname="healthApp.HealthEndToEndScript" name="MothersName" time="19.547"/>
  <system-out/>
  <testcase classname="healthApp.HealthEndToEndScript" name="BookAppointment" time="6.524"/>
  <system-out/>
  <testcase classname="healthApp.HealthEndToEndScript" name="SelectFamilyMember" time="7.285"/>
  <system-out/>
  <testcase classname="healthApp.HealthEndToEndScript" name="SelectDoctor" time="5.356"/>
  <system-out/>
  <testcase classname="healthApp.HealthEndToEndScript" name="Doctor" time="5.328"/>
  <system-out/>
  <testcase classname="healthApp.HealthEndToEndScript" name="DateClick" time="5.362"/>
  <system-out/>
  <testcase classname="healthApp.HealthEndToEndScript" name="Time" time="5.600"/>
  <system-out/>
  <testcase classname="healthApp.HealthEndToEndScript" name="PurposeVisit" time="32.398"/>
  <system-out/>
  <testcase classname="healthApp.HealthEndToEndScript" name="CreateAppointment" time="5.394"/>
  <system-out/>
  <testcase classname="healthApp.HealthEndToEndScript" name="Done" time="5.300"/>
  <system-out/>
  <testcase classname="healthApp.HealthEndToEndScript" name="SelectFamilyMember2" time="10.633"/>
  <system-out/>
  <testcase classname="healthApp.HealthEndToEndScript" name="AddButton1" time="5.521"/>
  <system-out/>
  <testcase classname="healthApp.HealthEndToEndScript" name="GrowthRecord1" time="5.571"/>
  <system-out/>
  <testcase classname="healthApp.HealthEndToEndScript" name="Vital" time="13.308"/>
  <system-out/>
  <testcase classname="healthApp.HealthEndToEndScript" name="UploadDoc" time="16.416"/>
  <system-out/>
  <testcase classname="healthApp.HealthEndToEndScript" name="DocumentsDropDown" time="5.217"/>
  <system-out/>
  <testcase classname="healthApp.HealthEndToEndScript" name="DischargeSummary" time="2.255"/>
  <system-out/>
  <testcase classname="healthApp.HealthEndToEndScript" name="CreatedBy" time="2.256"/>
  <system-out/>
  <testcase classname="healthApp.HealthEndToEndScript" name="DocumentOn" time="2.285"/>
  <system-out/>
  <testcase classname="healthApp.HealthEndToEndScript" name="popUpOk" time="4.276"/>
  <system-out/>
  <testcase classname="healthApp.HealthEndToEndScript" name="Camera" time="18.138"/>
  <system-out/>
  <testcase classname="healthApp.HealthEndToEndScript" name="UploadCam" time="7.290"/>
  <system-out/>
  <testcase classname="healthApp.HealthEndToEndScript" name="UploadCamOk" time="10.212"/>
  <system-out/>
  <testcase classname="healthApp.HealthEndToEndScript" name="UploadDocuments1" time="3.087"/>
  <system-out/>
  <testcase classname="healthApp.HealthEndToEndScript" name="DocumentsDropDown1" time="5.209"/>
  <system-out/>
  <testcase classname="healthApp.HealthEndToEndScript" name="DischargeSummary1" time="2.777"/>
  <system-out/>
  <testcase classname="healthApp.HealthEndToEndScript" name="CreatedBy1" time="2.754"/>
  <system-out/>
  <testcase classname="healthApp.HealthEndToEndScript" name="DocumentOn1" time="2.242"/>
  <system-out/>
  <testcase classname="healthApp.HealthEndToEndScript" name="popUpOk1" time="2.262"/>
  <system-out/>
  <testcase classname="healthApp.HealthEndToEndScript" name="Gallery" time="2.311"/>
  <system-out/>
  <testcase classname="healthApp.HealthEndToEndScript" name="photo" time="10.297"/>
  <system-out/>
  <testcase classname="healthApp.HealthEndToEndScript" name="Upload" time="2.276"/>
  <system-out/>
  <testcase classname="healthApp.HealthEndToEndScript" name="UploadOk" time="12.349"/>
  <system-out/>
  <testcase classname="healthApp.HealthEndToEndScript" name="AddButton4" time="10.545"/>
  <system-out/>
  <testcase classname="healthApp.HealthEndToEndScript" name="BookLabTest11" time="5.618"/>
  <system-out/>
  <testcase classname="healthApp.HealthEndToEndScript" name="SelectLab" time="5.280"/>
  <system-out/>
  <testcase classname="healthApp.HealthEndToEndScript" name="ClickLab" time="5.336"/>
  <system-out/>
  <testcase classname="healthApp.HealthEndToEndScript" name="Comments" time="5.779"/>
  <system-out/>
  <testcase classname="healthApp.HealthEndToEndScript" name="VaccineLabel" time="17.868"/>
  <system-out/>
  <testcase classname="healthApp.HealthEndToEndScript" name="BookLabTest1" time="5.297"/>
  <system-out/>
  <testcase classname="healthApp.HealthEndToEndScript" name="Done2" time="5.252"/>
  <system-out/>
  <testcase classname="healthApp.HealthEndToEndScript" name="SelectFamilyMember3" time="15.681"/>
  <system-out/>
  <testcase classname="healthApp.HealthEndToEndScript" name="Immunization" time="5.490"/>
  <system-out/>
  <testcase classname="healthApp.HealthEndToEndScript" name="Birth" time="30.406"/>
  <system-out/>
  <testcase classname="healthApp.HealthEndToEndScript" name="PopUpOk" time="20.244"/>
  <system-out/>
  <testcase classname="healthApp.HealthEndToEndScript" name="AddButton2" time="21.432"/>
  <system-out/>
  <testcase classname="healthApp.HealthEndToEndScript" name="AllVisits" time="5.521"/>
  <system-out/>
  <testcase classname="healthApp.HealthEndToEndScript" name="AddVitalsClick" time="5.291"/>
  <system-out/>
  <testcase classname="healthApp.HealthEndToEndScript" name="AddVitals" time="37.913"/>
  <system-out/>
  <testcase classname="healthApp.HealthEndToEndScript" name="LipidProfile" time="26.022"/>
  <system-out/>
</testsuite> <!-- healthApp.HealthEndToEndScript -->
