<?xml version="1.0" encoding="UTF-8"?>
<!-- Generated by org.testng.reporters.JUnitReportReporter -->
<testsuite hostname="CopiousCare" failures="0" tests="4" name="webAuto.LogOut" time="20.735" errors="0" timestamp="2024-07-02T13:49:51 IST" skipped="0">
  <testcase classname="webAuto.LogOut" name="numberField" time="0.155"/>
  <system-out/>
  <testcase classname="webAuto.LogOut" name="sendOTP" time="8.003"/>
  <system-out/>
  <testcase classname="webAuto.LogOut" name="verifyButton" time="10.120"/>
  <system-out/>
  <testcase classname="webAuto.LogOut" name="city" time="2.457"/>
  <system-out/>
</testsuite> <!-- webAuto.LogOut -->
