<?xml version="1.0" encoding="UTF-8"?>
<!-- Generated by org.testng.reporters.JUnitReportReporter -->
<testsuite hostname="CopiousCare" failures="0" tests="11" name="healthApp.HealthAddVital" time="140.973" errors="0" timestamp="2024-08-08T12:14:00 IST" skipped="0">
  <testcase classname="healthApp.HealthAddVital" name="NumberField" time="16.729"/>
  <system-out/>
  <testcase classname="healthApp.HealthAddVital" name="BfSuite" time="0.658"/>
  <system-out/>
  <testcase classname="healthApp.HealthAddVital" name="IAgree" time="2.045"/>
  <system-out/>
  <testcase classname="healthApp.HealthAddVital" name="proceedButton" time="5.265"/>
  <system-out/>
  <testcase classname="healthApp.HealthAddVital" name="OTP" time="15.019"/>
  <system-out/>
  <testcase classname="healthApp.HealthAddVital" name="Verify" time="5.377"/>
  <system-out/>
  <testcase classname="healthApp.HealthAddVital" name="AddButton2" time="21.701"/>
  <system-out/>
  <testcase classname="healthApp.HealthAddVital" name="AllVisits" time="5.730"/>
  <system-out/>
  <testcase classname="healthApp.HealthAddVital" name="AddVitalsClick" time="5.466"/>
  <system-out/>
  <testcase classname="healthApp.HealthAddVital" name="AddVitals" time="36.009"/>
  <system-out/>
  <testcase classname="healthApp.HealthAddVital" name="LipidProfile" time="26.974"/>
  <system-out/>
</testsuite> <!-- healthApp.HealthAddVital -->
