<?xml version="1.0" encoding="UTF-8"?>
<!-- Generated by org.testng.reporters.JUnitReportReporter -->
<testsuite hostname="CopiousCare" failures="0" tests="6" name="webAuto.ApoointmentCall" time="52.089" errors="0" timestamp="2024-03-29T14:12:28 IST" skipped="0">
  <testcase classname="webAuto.ApoointmentCall" name="numberField" time="0.113"/>
  <system-out/>
  <testcase classname="webAuto.ApoointmentCall" name="sendOTP" time="7.548"/>
  <system-out/>
  <testcase classname="webAuto.ApoointmentCall" name="verifyButton" time="10.069"/>
  <system-out/>
  <testcase classname="webAuto.ApoointmentCall" name="searchBar" time="0.405"/>
  <system-out/>
  <testcase classname="webAuto.ApoointmentCall" name="searchOpt" time="3.071"/>
  <system-out/>
  <testcase classname="webAuto.ApoointmentCall" name="AddNewAppointment" time="30.883"/>
  <system-out/>
</testsuite> <!-- webAuto.ApoointmentCall -->
