<?xml version="1.0" encoding="UTF-8"?>
<!-- Generated by org.testng.reporters.JUnitReportReporter -->
<testsuite hostname="DESKTOP-VQLLA2K" failures="0" tests="17" name="webAutoNegative.LogIn1" time="37.153" errors="0" timestamp="2023-12-27T16:52:52 IST" skipped="1">
  <testcase classname="webAutoNegative.LogIn1" name="numberField1" time="0.548"/>
  <testcase classname="webAutoNegative.LogIn1" name="numberField2" time="0.481"/>
  <testcase classname="webAutoNegative.LogIn1" name="numberField3" time="0.439"/>
  <testcase classname="webAutoNegative.LogIn1" name="numberField4" time="0.723"/>
  <testcase classname="webAutoNegative.LogIn1" name="numberField5" time="0.472"/>
  <testcase classname="webAutoNegative.LogIn1" name="numberField6" time="0.412"/>
  <testcase classname="webAutoNegative.LogIn1" name="sendOTP5" time="5.370"/>
  <testcase classname="webAutoNegative.LogIn1" name="sendOTP1" time="1.832"/>
  <testcase classname="webAutoNegative.LogIn1" name="searchBar1" time="9.761"/>
  <testcase classname="webAutoNegative.LogIn1" name="createPatient" time="0.724"/>
  <testcase classname="webAutoNegative.LogIn1" name="Number1" time="5.591"/>
  <testcase classname="webAutoNegative.LogIn1" name="confirm" time="3.462"/>
  <testcase classname="webAutoNegative.LogIn1" name="number2" time="0.862"/>
  <testcase classname="webAutoNegative.LogIn1" name="firstName" time="0.434"/>
  <testcase classname="webAutoNegative.LogIn1" name="lastName" time="0.516"/>
  <testcase classname="webAutoNegative.LogIn1" name="nextButton" time="5.526"/>
  <testcase classname="webAutoNegative.LogIn1" name="genFemale">
    <skipped/>
  </testcase> <!-- genFemale -->
</testsuite> <!-- webAutoNegative.LogIn1 -->
