<?xml version="1.0" encoding="UTF-8"?>
<!-- Generated by org.testng.reporters.JUnitReportReporter -->
<testsuite hostname="CopiousCare" failures="0" tests="16" name="pivotalApplication.EditMoreInformation" time="85.841" errors="0" timestamp="2024-08-30T15:13:27 IST" skipped="0">
  <testcase classname="pivotalApplication.EditMoreInformation" name="BfSuite" time="0.751"/>
  <system-out/>
  <testcase classname="pivotalApplication.EditMoreInformation" name="NumberField" time="1.317"/>
  <system-out/>
  <testcase classname="pivotalApplication.EditMoreInformation" name="IAgree" time="2.038"/>
  <system-out/>
  <testcase classname="pivotalApplication.EditMoreInformation" name="proceedButton" time="2.358"/>
  <system-out/>
  <testcase classname="pivotalApplication.EditMoreInformation" name="OTP" time="12.001"/>
  <system-out/>
  <testcase classname="pivotalApplication.EditMoreInformation" name="submit" time="7.818"/>
  <system-out/>
  <testcase classname="pivotalApplication.EditMoreInformation" name="Search" time="11.141"/>
  <system-out/>
  <testcase classname="pivotalApplication.EditMoreInformation" name="ClickPatient" time="3.339"/>
  <system-out/>
  <testcase classname="pivotalApplication.EditMoreInformation" name="ClickEdit" time="10.939"/>
  <system-out/>
  <testcase classname="pivotalApplication.EditMoreInformation" name="AddMedicalCondition" time="10.294"/>
  <system-out/>
  <testcase classname="pivotalApplication.EditMoreInformation" name="SelectMedicalCondition" time="7.519"/>
  <system-out/>
  <testcase classname="pivotalApplication.EditMoreInformation" name="AddMedicalCondition1" time="3.250"/>
  <system-out/>
  <testcase classname="pivotalApplication.EditMoreInformation" name="Allergies" time="3.641"/>
  <system-out/>
  <testcase classname="pivotalApplication.EditMoreInformation" name="ReComplaints" time="3.550"/>
  <system-out/>
  <testcase classname="pivotalApplication.EditMoreInformation" name="Hospitalization" time="3.527"/>
  <system-out/>
  <testcase classname="pivotalApplication.EditMoreInformation" name="Submit" time="2.358"/>
  <system-out/>
</testsuite> <!-- pivotalApplication.EditMoreInformation -->
