<?xml version="1.0" encoding="UTF-8"?>
<!-- Generated by org.testng.reporters.JUnitReportReporter -->
<testsuite hostname="CopiousCare" failures="0" tests="29" name="pivotalApplication.ImmunizationBulkTranscript" time="227.917" errors="0" timestamp="2024-04-17T11:25:30 IST" skipped="0">
  <testcase classname="pivotalApplication.ImmunizationBulkTranscript" name="BfSuite" time="0.818"/>
  <system-out/>
  <testcase classname="pivotalApplication.ImmunizationBulkTranscript" name="NumberField" time="1.194"/>
  <system-out/>
  <testcase classname="pivotalApplication.ImmunizationBulkTranscript" name="IAgree" time="2.184"/>
  <system-out/>
  <testcase classname="pivotalApplication.ImmunizationBulkTranscript" name="proceedButton" time="2.400"/>
  <system-out/>
  <testcase classname="pivotalApplication.ImmunizationBulkTranscript" name="OTP" time="10.893"/>
  <system-out/>
  <testcase classname="pivotalApplication.ImmunizationBulkTranscript" name="submit" time="12.697"/>
  <system-out/>
  <testcase classname="pivotalApplication.ImmunizationBulkTranscript" name="Search" time="8.041"/>
  <system-out/>
  <testcase classname="pivotalApplication.ImmunizationBulkTranscript" name="ClickPatient" time="3.180"/>
  <system-out/>
  <testcase classname="pivotalApplication.ImmunizationBulkTranscript" name="ImmunizationClick" time="3.374"/>
  <system-out/>
  <testcase classname="pivotalApplication.ImmunizationBulkTranscript" name="AtBirth" time="3.499"/>
  <system-out/>
  <testcase classname="pivotalApplication.ImmunizationBulkTranscript" name="AddVaccine" time="2.470"/>
  <system-out/>
  <testcase classname="pivotalApplication.ImmunizationBulkTranscript" name="SelectBrand" time="2.583"/>
  <system-out/>
  <testcase classname="pivotalApplication.ImmunizationBulkTranscript" name="SelectDate" time="7.792"/>
  <system-out/>
  <testcase classname="pivotalApplication.ImmunizationBulkTranscript" name="VaccineLabel" time="21.090"/>
  <system-out/>
  <testcase classname="pivotalApplication.ImmunizationBulkTranscript" name="BulkUpdate" time="9.464"/>
  <system-out/>
  <testcase classname="pivotalApplication.ImmunizationBulkTranscript" name="PCV" time="4.540"/>
  <system-out/>
  <testcase classname="pivotalApplication.ImmunizationBulkTranscript" name="IPV" time="4.514"/>
  <system-out/>
  <testcase classname="pivotalApplication.ImmunizationBulkTranscript" name="Rotavirus" time="4.503"/>
  <system-out/>
  <testcase classname="pivotalApplication.ImmunizationBulkTranscript" name="AddToSchedule" time="4.554"/>
  <system-out/>
  <testcase classname="pivotalApplication.ImmunizationBulkTranscript" name="BulkUpdate1" time="10.477"/>
  <system-out/>
  <testcase classname="pivotalApplication.ImmunizationBulkTranscript" name="TransScript" time="5.504"/>
  <system-out/>
  <testcase classname="pivotalApplication.ImmunizationBulkTranscript" name="CreatedBy" time="15.332"/>
  <system-out/>
  <testcase classname="pivotalApplication.ImmunizationBulkTranscript" name="DocumentOn" time="7.274"/>
  <system-out/>
  <testcase classname="pivotalApplication.ImmunizationBulkTranscript" name="popoupOk" time="4.302"/>
  <system-out/>
  <testcase classname="pivotalApplication.ImmunizationBulkTranscript" name="Gallaries" time="7.306"/>
  <system-out/>
  <testcase classname="pivotalApplication.ImmunizationBulkTranscript" name="GallariesPhoto" time="7.325"/>
  <system-out/>
  <testcase classname="pivotalApplication.ImmunizationBulkTranscript" name="Upload" time="7.328"/>
  <system-out/>
  <testcase classname="pivotalApplication.ImmunizationBulkTranscript" name="UploadOk" time="7.844"/>
  <system-out/>
  <testcase classname="pivotalApplication.ImmunizationBulkTranscript" name="TransScript1" time="45.435"/>
  <system-out/>
</testsuite> <!-- pivotalApplication.ImmunizationBulkTranscript -->
