<?xml version="1.0" encoding="UTF-8"?>
<!-- Generated by org.testng.reporters.JUnitReportReporter -->
<testsuite hostname="CopiousCare" failures="0" tests="24" name="webAutoQueue.AdultPatient" time="87.577" errors="0" timestamp="2024-04-26T16:05:14 IST" skipped="0">
  <testcase classname="webAutoQueue.AdultPatient" name="numberField" time="0.118"/>
  <system-out/>
  <testcase classname="webAutoQueue.AdultPatient" name="sendOTP" time="6.438"/>
  <system-out/>
  <testcase classname="webAutoQueue.AdultPatient" name="verifyButton" time="10.066"/>
  <system-out/>
  <testcase classname="webAutoQueue.AdultPatient" name="createPatient" time="0.371"/>
  <system-out/>
  <testcase classname="webAutoQueue.AdultPatient" name="Number1" time="0.260"/>
  <system-out/>
  <testcase classname="webAutoQueue.AdultPatient" name="confirm" time="2.263"/>
  <system-out/>
  <testcase classname="webAutoQueue.AdultPatient" name="number2" time="0.159"/>
  <system-out/>
  <testcase classname="webAutoQueue.AdultPatient" name="firstName" time="0.133"/>
  <system-out/>
  <testcase classname="webAutoQueue.AdultPatient" name="middleName" time="0.115"/>
  <system-out/>
  <testcase classname="webAutoQueue.AdultPatient" name="lastName" time="0.113"/>
  <system-out/>
  <testcase classname="webAutoQueue.AdultPatient" name="birthDate" time="0.350"/>
  <system-out/>
  <testcase classname="webAutoQueue.AdultPatient" name="genFemale" time="0.048"/>
  <system-out/>
  <testcase classname="webAutoQueue.AdultPatient" name="address" time="0.122"/>
  <system-out/>
  <testcase classname="webAutoQueue.AdultPatient" name="locality" time="0.125"/>
  <system-out/>
  <testcase classname="webAutoQueue.AdultPatient" name="city" time="0.102"/>
  <system-out/>
  <testcase classname="webAutoQueue.AdultPatient" name="pinCode" time="0.113"/>
  <system-out/>
  <testcase classname="webAutoQueue.AdultPatient" name="prefferedLanguage" time="0.118"/>
  <system-out/>
  <testcase classname="webAutoQueue.AdultPatient" name="nextButton" time="15.069"/>
  <system-out/>
  <testcase classname="webAutoQueue.AdultPatient" name="clickClose" time="0.659"/>
  <system-out/>
  <testcase classname="webAutoQueue.AdultPatient" name="BloodGroups" time="0.117"/>
  <system-out/>
  <testcase classname="webAutoQueue.AdultPatient" name="Habits" time="0.064"/>
  <system-out/>
  <testcase classname="webAutoQueue.AdultPatient" name="HealthNext" time="15.103"/>
  <system-out/>
  <testcase classname="webAutoQueue.AdultPatient" name="HealthProfile" time="16.656"/>
  <system-out/>
  <testcase classname="webAutoQueue.AdultPatient" name="FamilyProfile" time="18.895"/>
  <system-out/>
</testsuite> <!-- webAutoQueue.AdultPatient -->
