<?xml version="1.0" encoding="UTF-8"?>
<!-- Generated by org.testng.reporters.JUnitReportReporter -->
<testsuite hostname="CopiousCare" failures="0" tests="172" name="pivotalApplication.PivoFin1" time="1056.836" errors="0" timestamp="2024-07-16T13:14:29 IST" skipped="0">
  <testcase classname="pivotalApplication.PivoFin1" name="BfSuite" time="1.317"/>
  <system-out/>
  <testcase classname="pivotalApplication.PivoFin1" name="NumberField" time="1.258"/>
  <system-out/>
  <testcase classname="pivotalApplication.PivoFin1" name="IAgree" time="2.169"/>
  <system-out/>
  <testcase classname="pivotalApplication.PivoFin1" name="proceedButton" time="2.386"/>
  <system-out/>
  <testcase classname="pivotalApplication.PivoFin1" name="OTP" time="11.023"/>
  <system-out/>
  <testcase classname="pivotalApplication.PivoFin1" name="submit" time="8.192"/>
  <system-out/>
  <testcase classname="pivotalApplication.PivoFin1" name="Createptient" time="4.493"/>
  <system-out/>
  <testcase classname="pivotalApplication.PivoFin1" name="Neweptient" time="12.330"/>
  <system-out/>
  <testcase classname="pivotalApplication.PivoFin1" name="Close" time="5.063"/>
  <system-out/>
  <testcase classname="pivotalApplication.PivoFin1" name="MobileNumber1" time="3.049"/>
  <system-out/>
  <testcase classname="pivotalApplication.PivoFin1" name="confirm" time="4.576"/>
  <system-out/>
  <testcase classname="pivotalApplication.PivoFin1" name="confirmPopup" time="12.766"/>
  <system-out/>
  <testcase classname="pivotalApplication.PivoFin1" name="AdditionalNumber1" time="3.084"/>
  <system-out/>
  <testcase classname="pivotalApplication.PivoFin1" name="FirstName" time="4.983"/>
  <system-out/>
  <testcase classname="pivotalApplication.PivoFin1" name="MiddleName" time="4.987"/>
  <system-out/>
  <testcase classname="pivotalApplication.PivoFin1" name="LastName" time="4.962"/>
  <system-out/>
  <testcase classname="pivotalApplication.PivoFin1" name="BirthCalender" time="5.471"/>
  <system-out/>
  <testcase classname="pivotalApplication.PivoFin1" name="Birthok" time="4.390"/>
  <system-out/>
  <testcase classname="pivotalApplication.PivoFin1" name="GenFemale" time="4.486"/>
  <system-out/>
  <testcase classname="pivotalApplication.PivoFin1" name="Address" time="2.982"/>
  <system-out/>
  <testcase classname="pivotalApplication.PivoFin1" name="Area" time="2.920"/>
  <system-out/>
  <testcase classname="pivotalApplication.PivoFin1" name="City" time="2.952"/>
  <system-out/>
  <testcase classname="pivotalApplication.PivoFin1" name="PinCode" time="2.928"/>
  <system-out/>
  <testcase classname="pivotalApplication.PivoFin1" name="Next" time="15.411"/>
  <system-out/>
  <testcase classname="pivotalApplication.PivoFin1" name="ContinueProfile" time="10.369"/>
  <system-out/>
  <testcase classname="pivotalApplication.PivoFin1" name="TypeOfDelivery" time="2.406"/>
  <system-out/>
  <testcase classname="pivotalApplication.PivoFin1" name="TypeOfDeliveryNormal" time="3.482"/>
  <system-out/>
  <testcase classname="pivotalApplication.PivoFin1" name="weightl" time="2.376"/>
  <system-out/>
  <testcase classname="pivotalApplication.PivoFin1" name="Heightl" time="2.356"/>
  <system-out/>
  <testcase classname="pivotalApplication.PivoFin1" name="HC" time="2.547"/>
  <system-out/>
  <testcase classname="pivotalApplication.PivoFin1" name="CC" time="2.345"/>
  <system-out/>
  <testcase classname="pivotalApplication.PivoFin1" name="BPSYS" time="2.886"/>
  <system-out/>
  <testcase classname="pivotalApplication.PivoFin1" name="BPDia" time="2.326"/>
  <system-out/>
  <testcase classname="pivotalApplication.PivoFin1" name="BloodGroup" time="2.422"/>
  <system-out/>
  <testcase classname="pivotalApplication.PivoFin1" name="BloodGroupA" time="2.257"/>
  <system-out/>
  <testcase classname="pivotalApplication.PivoFin1" name="BirthHistoryNext" time="7.464"/>
  <system-out/>
  <testcase classname="pivotalApplication.PivoFin1" name="MedicalConditionAdd" time="3.867"/>
  <system-out/>
  <testcase classname="pivotalApplication.PivoFin1" name="MedicalConditionSelect" time="3.622"/>
  <system-out/>
  <testcase classname="pivotalApplication.PivoFin1" name="AddMedicalCondition" time="2.440"/>
  <system-out/>
  <testcase classname="pivotalApplication.PivoFin1" name="Allergies" time="2.876"/>
  <system-out/>
  <testcase classname="pivotalApplication.PivoFin1" name="Reactions" time="2.866"/>
  <system-out/>
  <testcase classname="pivotalApplication.PivoFin1" name="RecurringComplaints" time="2.842"/>
  <system-out/>
  <testcase classname="pivotalApplication.PivoFin1" name="HospitalizationHistory" time="2.868"/>
  <system-out/>
  <testcase classname="pivotalApplication.PivoFin1" name="HealthHistory" time="2.855"/>
  <system-out/>
  <testcase classname="pivotalApplication.PivoFin1" name="GeneticdisoredrAdd" time="4.012"/>
  <system-out/>
  <testcase classname="pivotalApplication.PivoFin1" name="GeneticdisoredrSelect" time="13.041"/>
  <system-out/>
  <testcase classname="pivotalApplication.PivoFin1" name="AddGeneticdisoredr" time="2.542"/>
  <system-out/>
  <testcase classname="pivotalApplication.PivoFin1" name="OtherEmailId" time="2.852"/>
  <system-out/>
  <testcase classname="pivotalApplication.PivoFin1" name="helathNext" time="2.384"/>
  <system-out/>
  <testcase classname="pivotalApplication.PivoFin1" name="FathersName" time="2.876"/>
  <system-out/>
  <testcase classname="pivotalApplication.PivoFin1" name="MothersName" time="2.797"/>
  <system-out/>
  <testcase classname="pivotalApplication.PivoFin1" name="Fatherheight" time="7.663"/>
  <system-out/>
  <testcase classname="pivotalApplication.PivoFin1" name="Mothersheight" time="5.636"/>
  <system-out/>
  <testcase classname="pivotalApplication.PivoFin1" name="FamailyMedicalHistory" time="8.384"/>
  <system-out/>
  <testcase classname="pivotalApplication.PivoFin1" name="EnterDisorders" time="15.761"/>
  <system-out/>
  <testcase classname="pivotalApplication.PivoFin1" name="AddVital" time="5.356"/>
  <system-out/>
  <testcase classname="pivotalApplication.PivoFin1" name="weight" time="0.337"/>
  <system-out/>
  <testcase classname="pivotalApplication.PivoFin1" name="Height" time="5.983"/>
  <system-out/>
  <testcase classname="pivotalApplication.PivoFin1" name="HC1" time="5.325"/>
  <system-out/>
  <testcase classname="pivotalApplication.PivoFin1" name="Temperature" time="5.855"/>
  <system-out/>
  <testcase classname="pivotalApplication.PivoFin1" name="SPO2" time="11.722"/>
  <system-out/>
  <testcase classname="pivotalApplication.PivoFin1" name="UpArrow" time="10.713"/>
  <system-out/>
  <testcase classname="pivotalApplication.PivoFin1" name="BPSYS1" time="5.781"/>
  <system-out/>
  <testcase classname="pivotalApplication.PivoFin1" name="BPDIA" time="5.816"/>
  <system-out/>
  <testcase classname="pivotalApplication.PivoFin1" name="HeartRate" time="6.791"/>
  <system-out/>
  <testcase classname="pivotalApplication.PivoFin1" name="Pulse" time="11.464"/>
  <system-out/>
  <testcase classname="pivotalApplication.PivoFin1" name="BloodSugar" time="10.810"/>
  <system-out/>
  <testcase classname="pivotalApplication.PivoFin1" name="BloodSugarf" time="5.804"/>
  <system-out/>
  <testcase classname="pivotalApplication.PivoFin1" name="BloodSugarPP" time="5.771"/>
  <system-out/>
  <testcase classname="pivotalApplication.PivoFin1" name="BloodSugarHB" time="16.467"/>
  <system-out/>
  <testcase classname="pivotalApplication.PivoFin1" name="CholesterolHDL" time="5.858"/>
  <system-out/>
  <testcase classname="pivotalApplication.PivoFin1" name="CholesterolLDL" time="5.831"/>
  <system-out/>
  <testcase classname="pivotalApplication.PivoFin1" name="TotalCholesterol" time="5.278"/>
  <system-out/>
  <testcase classname="pivotalApplication.PivoFin1" name="Triglycerides" time="5.808"/>
  <system-out/>
  <testcase classname="pivotalApplication.PivoFin1" name="Save" time="10.415"/>
  <system-out/>
  <testcase classname="pivotalApplication.PivoFin1" name="Appointment" time="21.315"/>
  <system-out/>
  <testcase classname="pivotalApplication.PivoFin1" name="SlotTime" time="42.835"/>
  <system-out/>
  <testcase classname="pivotalApplication.PivoFin1" name="VideoCheckBox" time="2.337"/>
  <system-out/>
  <testcase classname="pivotalApplication.PivoFin1" name="Book" time="8.385"/>
  <system-out/>
  <testcase classname="pivotalApplication.PivoFin1" name="AppointmentBookedPopup" time="14.909"/>
  <system-out/>
  <testcase classname="pivotalApplication.PivoFin1" name="ClickPatient" time="3.091"/>
  <system-out/>
  <testcase classname="pivotalApplication.PivoFin1" name="prescription" time="3.162"/>
  <system-out/>
  <testcase classname="pivotalApplication.PivoFin1" name="ComplaintAndDiagnosis" time="2.612"/>
  <system-out/>
  <testcase classname="pivotalApplication.PivoFin1" name="AddChiefComplaints" time="2.359"/>
  <system-out/>
  <testcase classname="pivotalApplication.PivoFin1" name="Fever" time="4.705"/>
  <system-out/>
  <testcase classname="pivotalApplication.PivoFin1" name="Details" time="3.482"/>
  <system-out/>
  <testcase classname="pivotalApplication.PivoFin1" name="moreSymptoms" time="2.368"/>
  <system-out/>
  <testcase classname="pivotalApplication.PivoFin1" name="Since2Days" time="2.295"/>
  <system-out/>
  <testcase classname="pivotalApplication.PivoFin1" name="AddComplaint" time="2.261"/>
  <system-out/>
  <testcase classname="pivotalApplication.PivoFin1" name="AddWorkingDiagnosis" time="2.396"/>
  <system-out/>
  <testcase classname="pivotalApplication.PivoFin1" name="AcuteUrti" time="5.671"/>
  <system-out/>
  <testcase classname="pivotalApplication.PivoFin1" name="AddDiagnosis" time="2.391"/>
  <system-out/>
  <testcase classname="pivotalApplication.PivoFin1" name="Medicine" time="2.440"/>
  <system-out/>
  <testcase classname="pivotalApplication.PivoFin1" name="TapToAddMedicine" time="2.422"/>
  <system-out/>
  <testcase classname="pivotalApplication.PivoFin1" name="SearchMedDolo" time="7.030"/>
  <system-out/>
  <testcase classname="pivotalApplication.PivoFin1" name="AddToPrescription" time="2.418"/>
  <system-out/>
  <testcase classname="pivotalApplication.PivoFin1" name="ClickFavourite" time="2.460"/>
  <system-out/>
  <testcase classname="pivotalApplication.PivoFin1" name="ClickFavoutiteDropdown" time="2.209"/>
  <system-out/>
  <testcase classname="pivotalApplication.PivoFin1" name="ClickFavoutiteMedDrp" time="2.203"/>
  <system-out/>
  <testcase classname="pivotalApplication.PivoFin1" name="ClickFavoutiteMedicine" time="2.283"/>
  <system-out/>
  <testcase classname="pivotalApplication.PivoFin1" name="CopyMedicine" time="2.339"/>
  <system-out/>
  <testcase classname="pivotalApplication.PivoFin1" name="popularClick" time="2.468"/>
  <system-out/>
  <testcase classname="pivotalApplication.PivoFin1" name="popularMedicineClick" time="3.871"/>
  <system-out/>
  <testcase classname="pivotalApplication.PivoFin1" name="popularCopyMedicine" time="2.754"/>
  <system-out/>
  <testcase classname="pivotalApplication.PivoFin1" name="DietAndNutrition" time="2.443"/>
  <system-out/>
  <testcase classname="pivotalApplication.PivoFin1" name="DietAndNutritionAdd" time="2.454"/>
  <system-out/>
  <testcase classname="pivotalApplication.PivoFin1" name="DietAdvice" time="2.415"/>
  <system-out/>
  <testcase classname="pivotalApplication.PivoFin1" name="AddDietAdvice" time="2.372"/>
  <system-out/>
  <testcase classname="pivotalApplication.PivoFin1" name="GeneralInstructions" time="5.446"/>
  <system-out/>
  <testcase classname="pivotalApplication.PivoFin1" name="GeneralInstructionsAdd" time="2.360"/>
  <system-out/>
  <testcase classname="pivotalApplication.PivoFin1" name="InstructionsAdd" time="2.406"/>
  <system-out/>
  <testcase classname="pivotalApplication.PivoFin1" name="Instructions" time="2.444"/>
  <system-out/>
  <testcase classname="pivotalApplication.PivoFin1" name="NextFollowup" time="4.409"/>
  <system-out/>
  <testcase classname="pivotalApplication.PivoFin1" name="NextFollowupCln7der" time="2.383"/>
  <system-out/>
  <testcase classname="pivotalApplication.PivoFin1" name="NextOk" time="2.345"/>
  <system-out/>
  <testcase classname="pivotalApplication.PivoFin1" name="NextVistTab" time="2.477"/>
  <system-out/>
  <testcase classname="pivotalApplication.PivoFin1" name="PreviewPrescription" time="2.433"/>
  <system-out/>
  <testcase classname="pivotalApplication.PivoFin1" name="SaveAndShare" time="10.224"/>
  <system-out/>
  <testcase classname="pivotalApplication.PivoFin1" name="DownloadBack" time="20.818"/>
  <system-out/>
  <testcase classname="pivotalApplication.PivoFin1" name="ImmunizationClick" time="2.535"/>
  <system-out/>
  <testcase classname="pivotalApplication.PivoFin1" name="AtBirth" time="5.500"/>
  <system-out/>
  <testcase classname="pivotalApplication.PivoFin1" name="AddVaccine" time="2.545"/>
  <system-out/>
  <testcase classname="pivotalApplication.PivoFin1" name="SelectBrand" time="2.719"/>
  <system-out/>
  <testcase classname="pivotalApplication.PivoFin1" name="SelectDate" time="7.724"/>
  <system-out/>
  <testcase classname="pivotalApplication.PivoFin1" name="VaccineLabel" time="36.887"/>
  <system-out/>
  <testcase classname="pivotalApplication.PivoFin1" name="BulkUpdate" time="15.487"/>
  <system-out/>
  <testcase classname="pivotalApplication.PivoFin1" name="PCV" time="4.485"/>
  <system-out/>
  <testcase classname="pivotalApplication.PivoFin1" name="IPV" time="4.534"/>
  <system-out/>
  <testcase classname="pivotalApplication.PivoFin1" name="Rotavirus" time="4.552"/>
  <system-out/>
  <testcase classname="pivotalApplication.PivoFin1" name="AddToSchedule" time="4.498"/>
  <system-out/>
  <testcase classname="pivotalApplication.PivoFin1" name="BulkUpdate1" time="10.425"/>
  <system-out/>
  <testcase classname="pivotalApplication.PivoFin1" name="TransScript" time="5.525"/>
  <system-out/>
  <testcase classname="pivotalApplication.PivoFin1" name="CreatedBy" time="15.813"/>
  <system-out/>
  <testcase classname="pivotalApplication.PivoFin1" name="DocumentOn" time="7.286"/>
  <system-out/>
  <testcase classname="pivotalApplication.PivoFin1" name="popoupOk" time="4.297"/>
  <system-out/>
  <testcase classname="pivotalApplication.PivoFin1" name="Gallaries" time="2.316"/>
  <system-out/>
  <testcase classname="pivotalApplication.PivoFin1" name="GallariesPhoto" time="10.330"/>
  <system-out/>
  <testcase classname="pivotalApplication.PivoFin1" name="Upload" time="7.333"/>
  <system-out/>
  <testcase classname="pivotalApplication.PivoFin1" name="UploadOk" time="7.810"/>
  <system-out/>
  <testcase classname="pivotalApplication.PivoFin1" name="TransScript1" time="66.957"/>
  <system-out/>
  <testcase classname="pivotalApplication.PivoFin1" name="ImmunizationGovClick" time="2.547"/>
  <system-out/>
  <testcase classname="pivotalApplication.PivoFin1" name="BulkCancel" time="11.580"/>
  <system-out/>
  <testcase classname="pivotalApplication.PivoFin1" name="opvO" time="2.747"/>
  <system-out/>
  <testcase classname="pivotalApplication.PivoFin1" name="SaveVaccine" time="4.970"/>
  <system-out/>
  <testcase classname="pivotalApplication.PivoFin1" name="IPV1" time="2.767"/>
  <system-out/>
  <testcase classname="pivotalApplication.PivoFin1" name="SaveVaccine1" time="4.948"/>
  <system-out/>
  <testcase classname="pivotalApplication.PivoFin1" name="HepB" time="2.773"/>
  <system-out/>
  <testcase classname="pivotalApplication.PivoFin1" name="SaveVaccine2" time="5.084"/>
  <system-out/>
  <testcase classname="pivotalApplication.PivoFin1" name="Transscript" time="2.772"/>
  <system-out/>
  <testcase classname="pivotalApplication.PivoFin1" name="CreatedBy2" time="2.895"/>
  <system-out/>
  <testcase classname="pivotalApplication.PivoFin1" name="DocumentOn2" time="2.284"/>
  <system-out/>
  <testcase classname="pivotalApplication.PivoFin1" name="popUpOk" time="2.289"/>
  <system-out/>
  <testcase classname="pivotalApplication.PivoFin1" name="Camera" time="18.972"/>
  <system-out/>
  <testcase classname="pivotalApplication.PivoFin1" name="UploadCam" time="2.294"/>
  <system-out/>
  <testcase classname="pivotalApplication.PivoFin1" name="UploadCamOk" time="10.809"/>
  <system-out/>
  <testcase classname="pivotalApplication.PivoFin1" name="Transscript1" time="2.780"/>
  <system-out/>
  <testcase classname="pivotalApplication.PivoFin1" name="CreatedBy1" time="2.435"/>
  <system-out/>
  <testcase classname="pivotalApplication.PivoFin1" name="DocumentOn1" time="2.243"/>
  <system-out/>
  <testcase classname="pivotalApplication.PivoFin1" name="popUpOk1" time="2.310"/>
  <system-out/>
  <testcase classname="pivotalApplication.PivoFin1" name="Gallery" time="2.301"/>
  <system-out/>
  <testcase classname="pivotalApplication.PivoFin1" name="photo" time="10.315"/>
  <system-out/>
  <testcase classname="pivotalApplication.PivoFin1" name="Upload1" time="2.309"/>
  <system-out/>
  <testcase classname="pivotalApplication.PivoFin1" name="UploadOk1" time="16.486"/>
  <system-out/>
  <testcase classname="pivotalApplication.PivoFin1" name="ImmunizationClick1" time="2.570"/>
  <system-out/>
  <testcase classname="pivotalApplication.PivoFin1" name="Records" time="5.428"/>
  <system-out/>
  <testcase classname="pivotalApplication.PivoFin1" name="Certificates" time="5.509"/>
  <system-out/>
  <testcase classname="pivotalApplication.PivoFin1" name="SelectVaciines" time="5.251"/>
  <system-out/>
  <testcase classname="pivotalApplication.PivoFin1" name="Proceed" time="5.511"/>
  <system-out/>
  <testcase classname="pivotalApplication.PivoFin1" name="SpecialityDropdown" time="5.334"/>
  <system-out/>
  <testcase classname="pivotalApplication.PivoFin1" name="DefaultV3" time="5.236"/>
  <system-out/>
  <testcase classname="pivotalApplication.PivoFin1" name="Preview" time="5.333"/>
  <system-out/>
  <testcase classname="pivotalApplication.PivoFin1" name="Print" time="26.513"/>
  <system-out/>
</testsuite> <!-- pivotalApplication.PivoFin1 -->
