<?xml version="1.0" encoding="UTF-8"?>
<!-- Generated by org.testng.reporters.JUnitReportReporter -->
<testsuite hostname="CopiousCare" failures="0" tests="6" name="webAuto.PriorityTimeAppointment" time="58.350" errors="0" timestamp="2024-11-13T14:18:22 IST" skipped="0">
  <testcase classname="webAuto.PriorityTimeAppointment" name="numberField" time="0.128"/>
  <system-out/>
  <testcase classname="webAuto.PriorityTimeAppointment" name="sendOTP" time="8.060"/>
  <system-out/>
  <testcase classname="webAuto.PriorityTimeAppointment" name="verifyButton" time="10.142"/>
  <system-out/>
  <testcase classname="webAuto.PriorityTimeAppointment" name="searchBar" time="0.504"/>
  <system-out/>
  <testcase classname="webAuto.PriorityTimeAppointment" name="searchOpt" time="3.139"/>
  <system-out/>
  <testcase classname="webAuto.PriorityTimeAppointment" name="AddNewAppointment" time="36.377"/>
  <system-out/>
</testsuite> <!-- webAuto.PriorityTimeAppointment -->
