<?xml version="1.0" encoding="UTF-8"?>
<!-- Generated by org.testng.reporters.JUnitReportReporter -->
<testsuite hostname="CopiousCare" failures="0" tests="5" name="webAuto.PatientSearch" time="21.421" errors="0" timestamp="2024-08-13T13:09:28 IST" skipped="0">
  <testcase classname="webAuto.PatientSearch" name="numberField" time="0.150"/>
  <system-out/>
  <testcase classname="webAuto.PatientSearch" name="sendOTP" time="7.622"/>
  <system-out/>
  <testcase classname="webAuto.PatientSearch" name="verifyButton" time="10.068"/>
  <system-out/>
  <testcase classname="webAuto.PatientSearch" name="searchBar1" time="0.498"/>
  <system-out/>
  <testcase classname="webAuto.PatientSearch" name="searchOpt" time="3.083"/>
  <system-out/>
</testsuite> <!-- webAuto.PatientSearch -->
