<?xml version="1.0" encoding="UTF-8"?>
<!-- Generated by org.testng.reporters.JUnitReportReporter -->
<testsuite hostname="CopiousCare" failures="0" tests="11" name="pivotalApplicationNegative.NMedicine" time="85.537" errors="0" timestamp="2024-04-17T17:06:35 IST" skipped="0">
  <testcase classname="pivotalApplicationNegative.NMedicine" name="NumberField" time="1.214"/>
  <system-out/>
  <testcase classname="pivotalApplicationNegative.NMedicine" name="BfSuite" time="0.820"/>
  <system-out/>
  <testcase classname="pivotalApplicationNegative.NMedicine" name="IAgree" time="2.206"/>
  <system-out/>
  <testcase classname="pivotalApplicationNegative.NMedicine" name="proceedButton" time="2.393"/>
  <system-out/>
  <testcase classname="pivotalApplicationNegative.NMedicine" name="OTP" time="10.979"/>
  <system-out/>
  <testcase classname="pivotalApplicationNegative.NMedicine" name="submit" time="13.119"/>
  <system-out/>
  <testcase classname="pivotalApplicationNegative.NMedicine" name="Search" time="11.146"/>
  <system-out/>
  <testcase classname="pivotalApplicationNegative.NMedicine" name="ClickPatient" time="21.536"/>
  <system-out/>
  <testcase classname="pivotalApplicationNegative.NMedicine" name="SearchMedDolo" time="11.880"/>
  <system-out/>
  <testcase classname="pivotalApplicationNegative.NMedicine" name="DosageAndDays" time="7.819"/>
  <system-out/>
  <testcase classname="pivotalApplicationNegative.NMedicine" name="AddToPrescription" time="2.425"/>
  <system-out/>
</testsuite> <!-- pivotalApplicationNegative.NMedicine -->
