<?xml version="1.0" encoding="UTF-8"?>
<!-- Generated by org.testng.reporters.JUnitReportReporter -->
<testsuite hostname="DESKTOP-VQLLA2K" failures="0" tests="37" name="webAuto.OpdEndToEndWorkFlow1" time="383.585" errors="0" timestamp="2023-12-28T09:29:49 IST" skipped="0">
  <testcase classname="webAuto.OpdEndToEndWorkFlow1" name="numberField" time="0.658"/>
  <testcase classname="webAuto.OpdEndToEndWorkFlow1" name="sendOTP" time="12.328"/>
  <testcase classname="webAuto.OpdEndToEndWorkFlow1" name="verifyButton" time="10.309"/>
  <testcase classname="webAuto.OpdEndToEndWorkFlow1" name="createPatient" time="8.398"/>
  <testcase classname="webAuto.OpdEndToEndWorkFlow1" name="Number1" time="0.758"/>
  <testcase classname="webAuto.OpdEndToEndWorkFlow1" name="confirm" time="3.083"/>
  <testcase classname="webAuto.OpdEndToEndWorkFlow1" name="number2" time="0.623"/>
  <testcase classname="webAuto.OpdEndToEndWorkFlow1" name="firstName" time="0.526"/>
  <testcase classname="webAuto.OpdEndToEndWorkFlow1" name="middleName" time="0.453"/>
  <testcase classname="webAuto.OpdEndToEndWorkFlow1" name="lastName" time="0.406"/>
  <testcase classname="webAuto.OpdEndToEndWorkFlow1" name="birthDate" time="0.764"/>
  <testcase classname="webAuto.OpdEndToEndWorkFlow1" name="genFemale" time="0.334"/>
  <testcase classname="webAuto.OpdEndToEndWorkFlow1" name="address" time="0.659"/>
  <testcase classname="webAuto.OpdEndToEndWorkFlow1" name="locality" time="0.478"/>
  <testcase classname="webAuto.OpdEndToEndWorkFlow1" name="city" time="0.407"/>
  <testcase classname="webAuto.OpdEndToEndWorkFlow1" name="pinCode" time="0.454"/>
  <testcase classname="webAuto.OpdEndToEndWorkFlow1" name="proceedWithSameRMN" time="0.542"/>
  <testcase classname="webAuto.OpdEndToEndWorkFlow1" name="nextButton" time="15.362"/>
  <testcase classname="webAuto.OpdEndToEndWorkFlow1" name="clickClose" time="1.750"/>
  <testcase classname="webAuto.OpdEndToEndWorkFlow1" name="fillVitalForm" time="18.858"/>
  <testcase classname="webAuto.OpdEndToEndWorkFlow1" name="fillHealthProfile" time="14.286"/>
  <testcase classname="webAuto.OpdEndToEndWorkFlow1" name="fillFamilyProfile" time="17.702"/>
  <testcase classname="webAuto.OpdEndToEndWorkFlow1" name="GoHome" time="0.902"/>
  <testcase classname="webAuto.OpdEndToEndWorkFlow1" name="AddNewAppointment" time="26.526"/>
  <testcase classname="webAuto.OpdEndToEndWorkFlow1" name="AddPrescription" time="15.971"/>
  <testcase classname="webAuto.OpdEndToEndWorkFlow1" name="Complaints" time="4.486"/>
  <testcase classname="webAuto.OpdEndToEndWorkFlow1" name="VitalsOption" time="6.115"/>
  <testcase classname="webAuto.OpdEndToEndWorkFlow1" name="BpandHeartOption" time="17.163"/>
  <testcase classname="webAuto.OpdEndToEndWorkFlow1" name="BloodAndAnalysis" time="17.586"/>
  <testcase classname="webAuto.OpdEndToEndWorkFlow1" name="LipidProfile" time="16.744"/>
  <testcase classname="webAuto.OpdEndToEndWorkFlow1" name="OnExamination" time="15.843"/>
  <testcase classname="webAuto.OpdEndToEndWorkFlow1" name="Diagnosis" time="15.598"/>
  <testcase classname="webAuto.OpdEndToEndWorkFlow1" name="Medicine1" time="49.641"/>
  <testcase classname="webAuto.OpdEndToEndWorkFlow1" name="DietaryAdvice" time="15.462"/>
  <testcase classname="webAuto.OpdEndToEndWorkFlow1" name="GeneralInstruction" time="15.459"/>
  <testcase classname="webAuto.OpdEndToEndWorkFlow1" name="SaveandProceed" time="0.300"/>
  <testcase classname="webAuto.OpdEndToEndWorkFlow1" name="ConfirmPrescription" time="56.651"/>
</testsuite> <!-- webAuto.OpdEndToEndWorkFlow1 -->
