<?xml version="1.0" encoding="UTF-8"?>
<!-- Generated by org.testng.reporters.JUnitReportReporter -->
<testsuite hostname="CopiousCare" failures="0" tests="11" name="pivotalApplication.ViewReeiptHistory" time="80.417" errors="0" timestamp="2024-04-10T16:51:11 IST" skipped="0">
  <testcase classname="pivotalApplication.ViewReeiptHistory" name="NumberField" time="1.216"/>
  <system-out/>
  <testcase classname="pivotalApplication.ViewReeiptHistory" name="BfSuite" time="1.164"/>
  <system-out/>
  <testcase classname="pivotalApplication.ViewReeiptHistory" name="IAgree" time="2.186"/>
  <system-out/>
  <testcase classname="pivotalApplication.ViewReeiptHistory" name="proceedButton" time="2.397"/>
  <system-out/>
  <testcase classname="pivotalApplication.ViewReeiptHistory" name="OTP" time="11.635"/>
  <system-out/>
  <testcase classname="pivotalApplication.ViewReeiptHistory" name="submit" time="12.710"/>
  <system-out/>
  <testcase classname="pivotalApplication.ViewReeiptHistory" name="Search" time="10.383"/>
  <system-out/>
  <testcase classname="pivotalApplication.ViewReeiptHistory" name="ClickPatient" time="3.155"/>
  <system-out/>
  <testcase classname="pivotalApplication.ViewReeiptHistory" name="ClickHistory" time="12.767"/>
  <system-out/>
  <testcase classname="pivotalApplication.ViewReeiptHistory" name="ViewReceipts" time="12.576"/>
  <system-out/>
  <testcase classname="pivotalApplication.ViewReeiptHistory" name="close" time="10.228"/>
  <system-out/>
</testsuite> <!-- pivotalApplication.ViewReeiptHistory -->
