<?xml version="1.0" encoding="UTF-8"?>
<!-- Generated by org.testng.reporters.JUnitReportReporter -->
<testsuite hostname="CopiousCare" failures="0" tests="18" name="webAuto.LinkedPatient" time="61.955" errors="0" timestamp="2024-11-18T10:49:30 IST" skipped="0">
  <testcase classname="webAuto.LinkedPatient" name="numberField" time="0.133"/>
  <system-out/>
  <testcase classname="webAuto.LinkedPatient" name="sendOTP" time="8.887"/>
  <system-out/>
  <testcase classname="webAuto.LinkedPatient" name="verifyButton" time="10.130"/>
  <system-out/>
  <testcase classname="webAuto.LinkedPatient" name="createPatient" time="0.466"/>
  <system-out/>
  <testcase classname="webAuto.LinkedPatient" name="Number1" time="0.303"/>
  <system-out/>
  <testcase classname="webAuto.LinkedPatient" name="confirm" time="2.837"/>
  <system-out/>
  <testcase classname="webAuto.LinkedPatient" name="number2" time="0.284"/>
  <system-out/>
  <testcase classname="webAuto.LinkedPatient" name="firstName" time="0.238"/>
  <system-out/>
  <testcase classname="webAuto.LinkedPatient" name="middleName" time="0.283"/>
  <system-out/>
  <testcase classname="webAuto.LinkedPatient" name="lastName" time="0.139"/>
  <system-out/>
  <testcase classname="webAuto.LinkedPatient" name="birthDate" time="5.209"/>
  <system-out/>
  <testcase classname="webAuto.LinkedPatient" name="genFemale" time="0.129"/>
  <system-out/>
  <testcase classname="webAuto.LinkedPatient" name="address" time="0.247"/>
  <system-out/>
  <testcase classname="webAuto.LinkedPatient" name="locality" time="0.265"/>
  <system-out/>
  <testcase classname="webAuto.LinkedPatient" name="city" time="0.248"/>
  <system-out/>
  <testcase classname="webAuto.LinkedPatient" name="pinCode" time="0.480"/>
  <system-out/>
  <testcase classname="webAuto.LinkedPatient" name="nextButton" time="16.245"/>
  <system-out/>
  <testcase classname="webAuto.LinkedPatient" name="clickPatient" time="15.432"/>
  <system-out/>
</testsuite> <!-- webAuto.LinkedPatient -->
