<?xml version="1.0" encoding="UTF-8"?>
<!-- Generated by org.testng.reporters.JUnitReportReporter -->
<testsuite hostname="CopiousCare" failures="0" tests="21" name="webAuto.CreatePatient" time="102.860" errors="0" timestamp="2024-11-12T11:52:47 IST" skipped="0">
  <testcase classname="webAuto.CreatePatient" name="numberField" time="0.140"/>
  <system-out/>
  <testcase classname="webAuto.CreatePatient" name="sendOTP" time="5.976"/>
  <system-out/>
  <testcase classname="webAuto.CreatePatient" name="verifyButton" time="10.073"/>
  <system-out/>
  <testcase classname="webAuto.CreatePatient" name="createPatient" time="0.532"/>
  <system-out/>
  <testcase classname="webAuto.CreatePatient" name="Number1" time="0.250"/>
  <system-out/>
  <testcase classname="webAuto.CreatePatient" name="confirm" time="2.456"/>
  <system-out/>
  <testcase classname="webAuto.CreatePatient" name="number2" time="0.328"/>
  <system-out/>
  <testcase classname="webAuto.CreatePatient" name="firstName" time="0.292"/>
  <system-out/>
  <testcase classname="webAuto.CreatePatient" name="middleName" time="0.259"/>
  <system-out/>
  <testcase classname="webAuto.CreatePatient" name="lastName" time="0.247"/>
  <system-out/>
  <testcase classname="webAuto.CreatePatient" name="birthDate" time="0.330"/>
  <system-out/>
  <testcase classname="webAuto.CreatePatient" name="genFemale" time="0.090"/>
  <system-out/>
  <testcase classname="webAuto.CreatePatient" name="address" time="0.195"/>
  <system-out/>
  <testcase classname="webAuto.CreatePatient" name="locality" time="0.259"/>
  <system-out/>
  <testcase classname="webAuto.CreatePatient" name="city" time="0.253"/>
  <system-out/>
  <testcase classname="webAuto.CreatePatient" name="pinCode" time="0.468"/>
  <system-out/>
  <testcase classname="webAuto.CreatePatient" name="nextButton" time="15.107"/>
  <system-out/>
  <testcase classname="webAuto.CreatePatient" name="clickClose" time="0.913"/>
  <system-out/>
  <testcase classname="webAuto.CreatePatient" name="fillVitalForm" time="16.296"/>
  <system-out/>
  <testcase classname="webAuto.CreatePatient" name="fillHealthProfile" time="11.842"/>
  <system-out/>
  <testcase classname="webAuto.CreatePatient" name="fillFamilyProfile" time="36.554"/>
  <system-out/>
</testsuite> <!-- webAuto.CreatePatient -->
