<?xml version="1.0" encoding="UTF-8"?>
<!-- Generated by org.testng.reporters.JUnitReportReporter -->
<testsuite hostname="CopiousCare" failures="0" tests="34" name="pivotalApplication.EditPatientProfile" time="204.700" errors="0" timestamp="2024-07-31T16:03:14 IST" skipped="0">
  <testcase classname="pivotalApplication.EditPatientProfile" name="NumberField" time="2.102"/>
  <system-out/>
  <testcase classname="pivotalApplication.EditPatientProfile" name="IAgree" time="2.040"/>
  <system-out/>
  <testcase classname="pivotalApplication.EditPatientProfile" name="proceedButton" time="2.369"/>
  <system-out/>
  <testcase classname="pivotalApplication.EditPatientProfile" name="OTP" time="11.886"/>
  <system-out/>
  <testcase classname="pivotalApplication.EditPatientProfile" name="submit" time="7.783"/>
  <system-out/>
  <testcase classname="pivotalApplication.EditPatientProfile" name="Search" time="10.053"/>
  <system-out/>
  <testcase classname="pivotalApplication.EditPatientProfile" name="ClickPatient" time="23.790"/>
  <system-out/>
  <testcase classname="pivotalApplication.EditPatientProfile" name="FirstName" time="5.638"/>
  <system-out/>
  <testcase classname="pivotalApplication.EditPatientProfile" name="MiddleName" time="5.410"/>
  <system-out/>
  <testcase classname="pivotalApplication.EditPatientProfile" name="LastName" time="19.818"/>
  <system-out/>
  <testcase classname="pivotalApplication.EditPatientProfile" name="Address" time="3.359"/>
  <system-out/>
  <testcase classname="pivotalApplication.EditPatientProfile" name="Area" time="3.320"/>
  <system-out/>
  <testcase classname="pivotalApplication.EditPatientProfile" name="City" time="3.327"/>
  <system-out/>
  <testcase classname="pivotalApplication.EditPatientProfile" name="PinCode" time="3.310"/>
  <system-out/>
  <testcase classname="pivotalApplication.EditPatientProfile" name="Next" time="15.483"/>
  <system-out/>
  <testcase classname="pivotalApplication.EditPatientProfile" name="weightl" time="3.441"/>
  <system-out/>
  <testcase classname="pivotalApplication.EditPatientProfile" name="Heightl" time="3.420"/>
  <system-out/>
  <testcase classname="pivotalApplication.EditPatientProfile" name="HC" time="3.370"/>
  <system-out/>
  <testcase classname="pivotalApplication.EditPatientProfile" name="CC" time="3.120"/>
  <system-out/>
  <testcase classname="pivotalApplication.EditPatientProfile" name="BPSYS" time="3.390"/>
  <system-out/>
  <testcase classname="pivotalApplication.EditPatientProfile" name="BPDia" time="3.314"/>
  <system-out/>
  <testcase classname="pivotalApplication.EditPatientProfile" name="BirthHistoryNext" time="7.537"/>
  <system-out/>
  <testcase classname="pivotalApplication.EditPatientProfile" name="Allergies" time="3.202"/>
  <system-out/>
  <testcase classname="pivotalApplication.EditPatientProfile" name="Reactions" time="3.258"/>
  <system-out/>
  <testcase classname="pivotalApplication.EditPatientProfile" name="RecurringComplaints" time="3.256"/>
  <system-out/>
  <testcase classname="pivotalApplication.EditPatientProfile" name="HospitalizationHistory" time="3.374"/>
  <system-out/>
  <testcase classname="pivotalApplication.EditPatientProfile" name="HealthHistory" time="3.288"/>
  <system-out/>
  <testcase classname="pivotalApplication.EditPatientProfile" name="OtherEmailId" time="3.265"/>
  <system-out/>
  <testcase classname="pivotalApplication.EditPatientProfile" name="helathNext" time="2.362"/>
  <system-out/>
  <testcase classname="pivotalApplication.EditPatientProfile" name="FathersName" time="6.353"/>
  <system-out/>
  <testcase classname="pivotalApplication.EditPatientProfile" name="MothersName" time="2.791"/>
  <system-out/>
  <testcase classname="pivotalApplication.EditPatientProfile" name="Fatherheight" time="6.517"/>
  <system-out/>
  <testcase classname="pivotalApplication.EditPatientProfile" name="Mothersheight" time="7.091"/>
  <system-out/>
  <testcase classname="pivotalApplication.EditPatientProfile" name="FamailyNedicalHistory" time="12.663"/>
  <system-out/>
</testsuite> <!-- pivotalApplication.EditPatientProfile -->
