<?xml version="1.0" encoding="UTF-8"?>
<!-- Generated by org.testng.reporters.JUnitReportReporter -->
<testsuite hostname="CopiousCare" failures="0" tests="17" name="webAutoNegative.EditAndCancel" time="2.332" errors="1" timestamp="2024-05-28T10:51:05 IST" skipped="16">
  <testcase classname="webAutoNegative.EditAndCancel" name="setUp" time="2.332">
    <error message="unknown error: net::ERR_INTERNET_DISCONNECTED
  (Session info: chrome=124.0.6367.207)
Build info: version: &#039;4.13.0&#039;, revision: &#039;ba948ece5b*&#039;
System info: os.name: &#039;Windows 11&#039;, os.arch: &#039;amd64&#039;, os.version: &#039;10.0&#039;, java.version: &#039;17.0.10&#039;
Driver info: org.openqa.selenium.chrome.ChromeDriver
Command: [8d351e808e7b5ca895eb6a7064a67c0c, get {url=https://app.copious.care/}]
Capabilities {acceptInsecureCerts: false, browserName: chrome, browserVersion: 124.0.6367.207, chrome: {chromedriverVersion: 123.0.6312.86 (9b72c47a0536..., userDataDir: C:\Users\91966\AppData\Loca...}, fedcm:accounts: true, goog:chromeOptions: {debuggerAddress: localhost:50470}, networkConnectionEnabled: false, pageLoadStrategy: normal, platformName: windows, proxy: Proxy(), se:cdp: ws://localhost:50470/devtoo..., se:cdpVersion: 124.0.6367.207, setWindowRect: true, strictFileInteractability: false, timeouts: {implicit: 0, pageLoad: 300000, script: 30000}, unhandledPromptBehavior: dismiss and notify, webauthn:extension:credBlob: true, webauthn:extension:largeBlob: true, webauthn:extension:minPinLength: true, webauthn:extension:prf: true, webauthn:virtualAuthenticators: true}
Session ID: 8d351e808e7b5ca895eb6a7064a67c0c" type="org.openqa.selenium.WebDriverException">
      <![CDATA[org.openqa.selenium.WebDriverException: unknown error: net::ERR_INTERNET_DISCONNECTED
  (Session info: chrome=124.0.6367.207)
Build info: version: '4.13.0', revision: 'ba948ece5b*'
System info: os.name: 'Windows 11', os.arch: 'amd64', os.version: '10.0', java.version: '17.0.10'
Driver info: org.openqa.selenium.chrome.ChromeDriver
Command: [8d351e808e7b5ca895eb6a7064a67c0c, get {url=https://app.copious.care/}]
Capabilities {acceptInsecureCerts: false, browserName: chrome, browserVersion: 124.0.6367.207, chrome: {chromedriverVersion: 123.0.6312.86 (9b72c47a0536..., userDataDir: C:\Users\91966\AppData\Loca...}, fedcm:accounts: true, goog:chromeOptions: {debuggerAddress: localhost:50470}, networkConnectionEnabled: false, pageLoadStrategy: normal, platformName: windows, proxy: Proxy(), se:cdp: ws://localhost:50470/devtoo..., se:cdpVersion: 124.0.6367.207, setWindowRect: true, strictFileInteractability: false, timeouts: {implicit: 0, pageLoad: 300000, script: 30000}, unhandledPromptBehavior: dismiss and notify, webauthn:extension:credBlob: true, webauthn:extension:largeBlob: true, webauthn:extension:minPinLength: true, webauthn:extension:prf: true, webauthn:virtualAuthenticators: true}
Session ID: 8d351e808e7b5ca895eb6a7064a67c0c
at java.base/jdk.internal.reflect.NativeConstructorAccessorImpl.newInstance0(Native Method)
at java.base/jdk.internal.reflect.NativeConstructorAccessorImpl.newInstance(NativeConstructorAccessorImpl.java:77)
at java.base/jdk.internal.reflect.DelegatingConstructorAccessorImpl.newInstance(DelegatingConstructorAccessorImpl.java:45)
at java.base/java.lang.reflect.Constructor.newInstanceWithCaller(Constructor.java:499)
at java.base/java.lang.reflect.Constructor.newInstance(Constructor.java:480)
at org.openqa.selenium.remote.codec.w3c.W3CHttpResponseCodec.createException(W3CHttpResponseCodec.java:200)
at org.openqa.selenium.remote.codec.w3c.W3CHttpResponseCodec.decode(W3CHttpResponseCodec.java:133)
at org.openqa.selenium.remote.codec.w3c.W3CHttpResponseCodec.decode(W3CHttpResponseCodec.java:52)
at org.openqa.selenium.remote.HttpCommandExecutor.execute(HttpCommandExecutor.java:191)
at org.openqa.selenium.remote.service.DriverCommandExecutor.invokeExecute(DriverCommandExecutor.java:196)
at org.openqa.selenium.remote.service.DriverCommandExecutor.execute(DriverCommandExecutor.java:171)
at org.openqa.selenium.remote.RemoteWebDriver.execute(RemoteWebDriver.java:602)
at org.openqa.selenium.remote.RemoteWebDriver.get(RemoteWebDriver.java:304)
at webAutoNegative.EditAndCancel.setUp(EditAndCancel.java:131)
at java.base/jdk.internal.reflect.NativeMethodAccessorImpl.invoke0(Native Method)
at java.base/jdk.internal.reflect.NativeMethodAccessorImpl.invoke(NativeMethodAccessorImpl.java:77)
at java.base/jdk.internal.reflect.DelegatingMethodAccessorImpl.invoke(DelegatingMethodAccessorImpl.java:43)
at java.base/java.lang.reflect.Method.invoke(Method.java:568)
at org.testng.internal.MethodInvocationHelper.invokeMethod(MethodInvocationHelper.java:133)
at org.testng.internal.MethodInvocationHelper.invokeMethodConsideringTimeout(MethodInvocationHelper.java:62)
at org.testng.internal.ConfigInvoker.invokeConfigurationMethod(ConfigInvoker.java:385)
at org.testng.internal.ConfigInvoker.invokeConfigurations(ConfigInvoker.java:321)
at org.testng.internal.TestMethodWorker.invokeBeforeClassMethods(TestMethodWorker.java:176)
at org.testng.internal.TestMethodWorker.run(TestMethodWorker.java:122)
at java.base/java.util.ArrayList.forEach(ArrayList.java:1511)
at org.testng.TestRunner.privateRun(TestRunner.java:794)
at org.testng.TestRunner.run(TestRunner.java:596)
at org.testng.SuiteRunner.runTest(SuiteRunner.java:377)
at org.testng.SuiteRunner.runSequentially(SuiteRunner.java:371)
at org.testng.SuiteRunner.privateRun(SuiteRunner.java:332)
at org.testng.SuiteRunner.run(SuiteRunner.java:276)
at org.testng.SuiteRunnerWorker.runSuite(SuiteRunnerWorker.java:53)
at org.testng.SuiteRunnerWorker.run(SuiteRunnerWorker.java:96)
at org.testng.TestNG.runSuitesSequentially(TestNG.java:1212)
at org.testng.TestNG.runSuitesLocally(TestNG.java:1134)
at org.testng.TestNG.runSuites(TestNG.java:1063)
at org.testng.TestNG.run(TestNG.java:1031)
at org.testng.remote.AbstractRemoteTestNG.run(AbstractRemoteTestNG.java:115)
at org.testng.remote.RemoteTestNG.initAndRun(RemoteTestNG.java:251)
at org.testng.remote.RemoteTestNG.main(RemoteTestNG.java:77)
]]>
    </error>
  </testcase> <!-- setUp -->
  <system-out/>
  <testcase classname="webAutoNegative.EditAndCancel" name="numberField" time="0.000">
    <skipped/>
  </testcase> <!-- numberField -->
  <system-out/>
  <testcase classname="webAutoNegative.EditAndCancel" name="sendOTP" time="0.000">
    <skipped/>
  </testcase> <!-- sendOTP -->
  <system-out/>
  <testcase classname="webAutoNegative.EditAndCancel" name="verifyButton" time="0.000">
    <skipped/>
  </testcase> <!-- verifyButton -->
  <system-out/>
  <testcase classname="webAutoNegative.EditAndCancel" name="searchBar" time="0.000">
    <skipped/>
  </testcase> <!-- searchBar -->
  <system-out/>
  <testcase classname="webAutoNegative.EditAndCancel" name="searchOpt" time="0.000">
    <skipped/>
  </testcase> <!-- searchOpt -->
  <system-out/>
  <testcase classname="webAutoNegative.EditAndCancel" name="clickPatient" time="0.000">
    <skipped/>
  </testcase> <!-- clickPatient -->
  <system-out/>
  <testcase classname="webAutoNegative.EditAndCancel" name="firstName" time="0.000">
    <skipped/>
  </testcase> <!-- firstName -->
  <system-out/>
  <testcase classname="webAutoNegative.EditAndCancel" name="nextButton" time="0.000">
    <skipped/>
  </testcase> <!-- nextButton -->
  <system-out/>
  <testcase classname="webAutoNegative.EditAndCancel" name="BirthHistory" time="0.000">
    <skipped/>
  </testcase> <!-- BirthHistory -->
  <system-out/>
  <testcase classname="webAutoNegative.EditAndCancel" name="BirthHistory1" time="0.000">
    <skipped/>
  </testcase> <!-- BirthHistory1 -->
  <system-out/>
  <testcase classname="webAutoNegative.EditAndCancel" name="BirthHistoryCancel" time="0.000">
    <skipped/>
  </testcase> <!-- BirthHistoryCancel -->
  <system-out/>
  <testcase classname="webAutoNegative.EditAndCancel" name="HealthProfile" time="0.000">
    <skipped/>
  </testcase> <!-- HealthProfile -->
  <system-out/>
  <testcase classname="webAutoNegative.EditAndCancel" name="HealthProfileCancel" time="0.000">
    <skipped/>
  </testcase> <!-- HealthProfileCancel -->
  <system-out/>
  <testcase classname="webAutoNegative.EditAndCancel" name="familyProfile" time="0.000">
    <skipped/>
  </testcase> <!-- familyProfile -->
  <system-out/>
  <testcase classname="webAutoNegative.EditAndCancel" name="familyProfileCancel" time="0.000">
    <skipped/>
  </testcase> <!-- familyProfileCancel -->
  <system-out/>
  <testcase classname="webAutoNegative.EditAndCancel" name="ProfileValidation" time="0.000">
    <skipped/>
  </testcase> <!-- ProfileValidation -->
  <system-out/>
</testsuite> <!-- webAutoNegative.EditAndCancel -->
