<?xml version="1.0" encoding="UTF-8"?>
<!-- Generated by org.testng.reporters.JUnitReportReporter -->
<testsuite hostname="CopiousCare" failures="0" tests="19" name="webAuto.OPDEndToEndWorkFlow2" time="326.362" errors="0" timestamp="2024-05-22T10:41:20 IST" skipped="0">
  <testcase classname="webAuto.OPDEndToEndWorkFlow2" name="numberField" time="0.261"/>
  <system-out/>
  <testcase classname="webAuto.OPDEndToEndWorkFlow2" name="sendOTP" time="11.721"/>
  <system-out/>
  <testcase classname="webAuto.OPDEndToEndWorkFlow2" name="verifyButton" time="10.077"/>
  <system-out/>
  <testcase classname="webAuto.OPDEndToEndWorkFlow2" name="searchBar1" time="0.663"/>
  <system-out/>
  <testcase classname="webAuto.OPDEndToEndWorkFlow2" name="searchOpt" time="3.105"/>
  <system-out/>
  <testcase classname="webAuto.OPDEndToEndWorkFlow2" name="searchBar2" time="15.145"/>
  <system-out/>
  <testcase classname="webAuto.OPDEndToEndWorkFlow2" name="Investigation" time="26.760"/>
  <system-out/>
  <testcase classname="webAuto.OPDEndToEndWorkFlow2" name="Investigation1" time="34.404"/>
  <system-out/>
  <testcase classname="webAuto.OPDEndToEndWorkFlow2" name="HealthProfile" time="32.810"/>
  <system-out/>
  <testcase classname="webAuto.OPDEndToEndWorkFlow2" name="Document1" time="0.072"/>
  <system-out/>
  <testcase classname="webAuto.OPDEndToEndWorkFlow2" name="ReceiptOption" time="14.818"/>
  <system-out/>
  <testcase classname="webAuto.OPDEndToEndWorkFlow2" name="previewReceipt" time="30.552"/>
  <system-out/>
  <testcase classname="webAuto.OPDEndToEndWorkFlow2" name="cirtificateOption1" time="20.263"/>
  <system-out/>
  <testcase classname="webAuto.OPDEndToEndWorkFlow2" name="AllDocuments" time="16.207"/>
  <system-out/>
  <testcase classname="webAuto.OPDEndToEndWorkFlow2" name="Document2" time="0.131"/>
  <system-out/>
  <testcase classname="webAuto.OPDEndToEndWorkFlow2" name="cirtificateOption" time="32.798"/>
  <system-out/>
  <testcase classname="webAuto.OPDEndToEndWorkFlow2" name="cirtificateOption3" time="20.420"/>
  <system-out/>
  <testcase classname="webAuto.OPDEndToEndWorkFlow2" name="AllDocuments1" time="11.437"/>
  <system-out/>
  <testcase classname="webAuto.OPDEndToEndWorkFlow2" name="ReferralOption3" time="44.718"/>
  <system-out/>
</testsuite> <!-- webAuto.OPDEndToEndWorkFlow2 -->
