<?xml version="1.0" encoding="UTF-8"?>
<!-- Generated by org.testng.reporters.JUnitReportReporter -->
<testsuite hostname="CopiousCare" failures="0" tests="50" name="pivotalApplication.AddFamilyMember" time="461.868" errors="0" timestamp="2024-08-30T12:48:27 IST" skipped="0">
  <testcase classname="pivotalApplication.AddFamilyMember" name="BfSuite" time="0.740"/>
  <system-out/>
  <testcase classname="pivotalApplication.AddFamilyMember" name="NumberField" time="1.213"/>
  <system-out/>
  <testcase classname="pivotalApplication.AddFamilyMember" name="IAgree" time="2.024"/>
  <system-out/>
  <testcase classname="pivotalApplication.AddFamilyMember" name="proceedButton" time="5.361"/>
  <system-out/>
  <testcase classname="pivotalApplication.AddFamilyMember" name="OTP" time="11.025"/>
  <system-out/>
  <testcase classname="pivotalApplication.AddFamilyMember" name="submit" time="7.718"/>
  <system-out/>
  <testcase classname="pivotalApplication.AddFamilyMember" name="Search" time="11.106"/>
  <system-out/>
  <testcase classname="pivotalApplication.AddFamilyMember" name="ClickPatient" time="22.731"/>
  <system-out/>
  <testcase classname="pivotalApplication.AddFamilyMember" name="AddfamilyMember" time="65.408"/>
  <system-out/>
  <testcase classname="pivotalApplication.AddFamilyMember" name="FirstName" time="12.988"/>
  <system-out/>
  <testcase classname="pivotalApplication.AddFamilyMember" name="MiddleName" time="4.520"/>
  <system-out/>
  <testcase classname="pivotalApplication.AddFamilyMember" name="BirthCalender" time="10.563"/>
  <system-out/>
  <testcase classname="pivotalApplication.AddFamilyMember" name="Birthok" time="32.338"/>
  <system-out/>
  <testcase classname="pivotalApplication.AddFamilyMember" name="GenFemale" time="15.232"/>
  <system-out/>
  <testcase classname="pivotalApplication.AddFamilyMember" name="Address" time="2.963"/>
  <system-out/>
  <testcase classname="pivotalApplication.AddFamilyMember" name="Area" time="2.949"/>
  <system-out/>
  <testcase classname="pivotalApplication.AddFamilyMember" name="City" time="3.329"/>
  <system-out/>
  <testcase classname="pivotalApplication.AddFamilyMember" name="PinCode" time="2.976"/>
  <system-out/>
  <testcase classname="pivotalApplication.AddFamilyMember" name="Next" time="50.473"/>
  <system-out/>
  <testcase classname="pivotalApplication.AddFamilyMember" name="ContinueProfile" time="30.451"/>
  <system-out/>
  <testcase classname="pivotalApplication.AddFamilyMember" name="TypeOfDelivery" time="0.508"/>
  <system-out/>
  <testcase classname="pivotalApplication.AddFamilyMember" name="TypeOfDeliveryNormal" time="2.317"/>
  <system-out/>
  <testcase classname="pivotalApplication.AddFamilyMember" name="weightl" time="5.402"/>
  <system-out/>
  <testcase classname="pivotalApplication.AddFamilyMember" name="Heightl" time="2.385"/>
  <system-out/>
  <testcase classname="pivotalApplication.AddFamilyMember" name="HC" time="2.447"/>
  <system-out/>
  <testcase classname="pivotalApplication.AddFamilyMember" name="CC" time="2.413"/>
  <system-out/>
  <testcase classname="pivotalApplication.AddFamilyMember" name="BPSYS" time="2.329"/>
  <system-out/>
  <testcase classname="pivotalApplication.AddFamilyMember" name="BPDia" time="2.391"/>
  <system-out/>
  <testcase classname="pivotalApplication.AddFamilyMember" name="BloodGroup" time="7.472"/>
  <system-out/>
  <testcase classname="pivotalApplication.AddFamilyMember" name="BloodGroupA" time="2.331"/>
  <system-out/>
  <testcase classname="pivotalApplication.AddFamilyMember" name="BirthHistoryNext" time="35.622"/>
  <system-out/>
  <testcase classname="pivotalApplication.AddFamilyMember" name="MedicalConditionAdd" time="3.767"/>
  <system-out/>
  <testcase classname="pivotalApplication.AddFamilyMember" name="MedicalConditionSelect" time="3.881"/>
  <system-out/>
  <testcase classname="pivotalApplication.AddFamilyMember" name="AddMedicalCondition" time="2.451"/>
  <system-out/>
  <testcase classname="pivotalApplication.AddFamilyMember" name="Allergies" time="2.786"/>
  <system-out/>
  <testcase classname="pivotalApplication.AddFamilyMember" name="Reactions" time="2.768"/>
  <system-out/>
  <testcase classname="pivotalApplication.AddFamilyMember" name="RecurringComplaints" time="2.805"/>
  <system-out/>
  <testcase classname="pivotalApplication.AddFamilyMember" name="HospitalizationHistory" time="2.860"/>
  <system-out/>
  <testcase classname="pivotalApplication.AddFamilyMember" name="HealthHistory" time="2.800"/>
  <system-out/>
  <testcase classname="pivotalApplication.AddFamilyMember" name="GeneticdisoredrAdd" time="4.360"/>
  <system-out/>
  <testcase classname="pivotalApplication.AddFamilyMember" name="GeneticdisoredrSelect" time="13.133"/>
  <system-out/>
  <testcase classname="pivotalApplication.AddFamilyMember" name="AddGeneticdisoredr" time="2.594"/>
  <system-out/>
  <testcase classname="pivotalApplication.AddFamilyMember" name="OtherEmailId" time="2.377"/>
  <system-out/>
  <testcase classname="pivotalApplication.AddFamilyMember" name="helathNext" time="2.346"/>
  <system-out/>
  <testcase classname="pivotalApplication.AddFamilyMember" name="FathersName" time="5.815"/>
  <system-out/>
  <testcase classname="pivotalApplication.AddFamilyMember" name="MothersName" time="2.751"/>
  <system-out/>
  <testcase classname="pivotalApplication.AddFamilyMember" name="Fatherheight" time="7.637"/>
  <system-out/>
  <testcase classname="pivotalApplication.AddFamilyMember" name="Mothersheight" time="5.149"/>
  <system-out/>
  <testcase classname="pivotalApplication.AddFamilyMember" name="FamailyMedicalHistory" time="8.581"/>
  <system-out/>
  <testcase classname="pivotalApplication.AddFamilyMember" name="EnterDisorders" time="21.282"/>
  <system-out/>
</testsuite> <!-- pivotalApplication.AddFamilyMember -->
