<?xml version="1.0" encoding="UTF-8"?>
<!-- Generated by org.testng.reporters.JUnitReportReporter -->
<testsuite hostname="CopiousCare" failures="0" tests="4" name="webAuto.LogOut" time="21.302" errors="0" timestamp="2024-11-15T16:09:51 IST" skipped="0">
  <testcase classname="webAuto.LogOut" name="numberField" time="0.135"/>
  <system-out/>
  <testcase classname="webAuto.LogOut" name="sendOTP" time="8.120"/>
  <system-out/>
  <testcase classname="webAuto.LogOut" name="verifyButton" time="10.145"/>
  <system-out/>
  <testcase classname="webAuto.LogOut" name="city" time="2.902"/>
  <system-out/>
</testsuite> <!-- webAuto.LogOut -->
