<?xml version="1.0" encoding="UTF-8"?>
<!-- Generated by org.testng.reporters.JUnitReportReporter -->
<testsuite hostname="DESKTOP-VQLLA2K" failures="0" tests="6" name="webAutoNegative.Appointment" time="79.539" errors="0" timestamp="2023-12-27T16:57:24 IST" skipped="0">
  <testcase classname="webAutoNegative.Appointment" name="numberField" time="0.299"/>
  <testcase classname="webAutoNegative.Appointment" name="sendOTP" time="9.076"/>
  <testcase classname="webAutoNegative.Appointment" name="verifyButton" time="10.244"/>
  <testcase classname="webAutoNegative.Appointment" name="searchBar" time="10.809"/>
  <testcase classname="webAutoNegative.Appointment" name="searchOpt" time="3.199"/>
  <testcase classname="webAutoNegative.Appointment" name="AddNewAppointment" time="45.912"/>
</testsuite> <!-- webAutoNegative.Appointment -->
