<?xml version="1.0" encoding="UTF-8"?>
<!-- Generated by org.testng.reporters.JUnitReportReporter -->
<testsuite hostname="DESKTOP-VQLLA2K" failures="0" tests="37" name="webAuto.OpdEndToEndWorkFlow1" time="391.488" errors="0" timestamp="2024-01-03T09:24:09 IST" skipped="0">
  <testcase classname="webAuto.OpdEndToEndWorkFlow1" name="numberField" time="0.339"/>
  <testcase classname="webAuto.OpdEndToEndWorkFlow1" name="sendOTP" time="12.809"/>
  <testcase classname="webAuto.OpdEndToEndWorkFlow1" name="verifyButton" time="10.379"/>
  <testcase classname="webAuto.OpdEndToEndWorkFlow1" name="createPatient" time="10.995"/>
  <testcase classname="webAuto.OpdEndToEndWorkFlow1" name="Number1" time="0.786"/>
  <testcase classname="webAuto.OpdEndToEndWorkFlow1" name="confirm" time="2.636"/>
  <testcase classname="webAuto.OpdEndToEndWorkFlow1" name="number2" time="1.192"/>
  <testcase classname="webAuto.OpdEndToEndWorkFlow1" name="firstName" time="0.479"/>
  <testcase classname="webAuto.OpdEndToEndWorkFlow1" name="middleName" time="0.382"/>
  <testcase classname="webAuto.OpdEndToEndWorkFlow1" name="lastName" time="0.520"/>
  <testcase classname="webAuto.OpdEndToEndWorkFlow1" name="birthDate" time="0.843"/>
  <testcase classname="webAuto.OpdEndToEndWorkFlow1" name="genFemale" time="0.316"/>
  <testcase classname="webAuto.OpdEndToEndWorkFlow1" name="address" time="0.533"/>
  <testcase classname="webAuto.OpdEndToEndWorkFlow1" name="locality" time="0.629"/>
  <testcase classname="webAuto.OpdEndToEndWorkFlow1" name="city" time="0.509"/>
  <testcase classname="webAuto.OpdEndToEndWorkFlow1" name="pinCode" time="0.561"/>
  <testcase classname="webAuto.OpdEndToEndWorkFlow1" name="proceedWithSameRMN" time="0.665"/>
  <testcase classname="webAuto.OpdEndToEndWorkFlow1" name="nextButton" time="15.219"/>
  <testcase classname="webAuto.OpdEndToEndWorkFlow1" name="clickClose" time="2.535"/>
  <testcase classname="webAuto.OpdEndToEndWorkFlow1" name="fillVitalForm" time="18.935"/>
  <testcase classname="webAuto.OpdEndToEndWorkFlow1" name="fillHealthProfile" time="13.612"/>
  <testcase classname="webAuto.OpdEndToEndWorkFlow1" name="fillFamilyProfile" time="20.505"/>
  <testcase classname="webAuto.OpdEndToEndWorkFlow1" name="GoHome" time="0.431"/>
  <testcase classname="webAuto.OpdEndToEndWorkFlow1" name="AddNewAppointment" time="26.281"/>
  <testcase classname="webAuto.OpdEndToEndWorkFlow1" name="AddPrescription" time="16.126"/>
  <testcase classname="webAuto.OpdEndToEndWorkFlow1" name="Complaints" time="5.334"/>
  <testcase classname="webAuto.OpdEndToEndWorkFlow1" name="VitalsOption" time="6.870"/>
  <testcase classname="webAuto.OpdEndToEndWorkFlow1" name="BpandHeartOption" time="16.824"/>
  <testcase classname="webAuto.OpdEndToEndWorkFlow1" name="BloodAndAnalysis" time="17.442"/>
  <testcase classname="webAuto.OpdEndToEndWorkFlow1" name="LipidProfile" time="17.461"/>
  <testcase classname="webAuto.OpdEndToEndWorkFlow1" name="OnExamination" time="16.047"/>
  <testcase classname="webAuto.OpdEndToEndWorkFlow1" name="Diagnosis" time="15.649"/>
  <testcase classname="webAuto.OpdEndToEndWorkFlow1" name="Medicine1" time="48.939"/>
  <testcase classname="webAuto.OpdEndToEndWorkFlow1" name="DietaryAdvice" time="15.856"/>
  <testcase classname="webAuto.OpdEndToEndWorkFlow1" name="GeneralInstruction" time="15.489"/>
  <testcase classname="webAuto.OpdEndToEndWorkFlow1" name="SaveandProceed" time="0.290"/>
  <testcase classname="webAuto.OpdEndToEndWorkFlow1" name="ConfirmPrescription" time="57.070"/>
</testsuite> <!-- webAuto.OpdEndToEndWorkFlow1 -->
