<?xml version="1.0" encoding="UTF-8"?>
<!-- Generated by org.testng.reporters.JUnitReportReporter -->
<testsuite hostname="CopiousCare" failures="0" tests="83" name="healthApp.HealthEndToEndScript" time="669.779" errors="0" timestamp="2024-05-21T13:24:57 IST" skipped="0">
  <testcase classname="healthApp.HealthEndToEndScript" name="NumberField" time="16.706"/>
  <system-out/>
  <testcase classname="healthApp.HealthEndToEndScript" name="BfSuite" time="0.585"/>
  <system-out/>
  <testcase classname="healthApp.HealthEndToEndScript" name="IAgree" time="2.154"/>
  <system-out/>
  <testcase classname="healthApp.HealthEndToEndScript" name="proceedButton" time="5.293"/>
  <system-out/>
  <testcase classname="healthApp.HealthEndToEndScript" name="OTP" time="15.673"/>
  <system-out/>
  <testcase classname="healthApp.HealthEndToEndScript" name="Verify" time="15.483"/>
  <system-out/>
  <testcase classname="healthApp.HealthEndToEndScript" name="Family" time="5.758"/>
  <system-out/>
  <testcase classname="healthApp.HealthEndToEndScript" name="AddFamilyMember" time="6.099"/>
  <system-out/>
  <testcase classname="healthApp.HealthEndToEndScript" name="FirstName" time="5.908"/>
  <system-out/>
  <testcase classname="healthApp.HealthEndToEndScript" name="MiddleName" time="5.992"/>
  <system-out/>
  <testcase classname="healthApp.HealthEndToEndScript" name="Birthdate" time="10.673"/>
  <system-out/>
  <testcase classname="healthApp.HealthEndToEndScript" name="Male" time="5.429"/>
  <system-out/>
  <testcase classname="healthApp.HealthEndToEndScript" name="SaveAndNext" time="10.642"/>
  <system-out/>
  <testcase classname="healthApp.HealthEndToEndScript" name="SelectClick" time="5.904"/>
  <system-out/>
  <testcase classname="healthApp.HealthEndToEndScript" name="SelectOther" time="5.337"/>
  <system-out/>
  <testcase classname="healthApp.HealthEndToEndScript" name="Next" time="5.800"/>
  <system-out/>
  <testcase classname="healthApp.HealthEndToEndScript" name="LinkDr" time="2.683"/>
  <system-out/>
  <testcase classname="healthApp.HealthEndToEndScript" name="AddtionalInformation" time="1.876"/>
  <system-out/>
  <testcase classname="healthApp.HealthEndToEndScript" name="MedicalConditionAdd" time="3.686"/>
  <system-out/>
  <testcase classname="healthApp.HealthEndToEndScript" name="MedicalConditionSelect" time="4.391"/>
  <system-out/>
  <testcase classname="healthApp.HealthEndToEndScript" name="AddMedicalCondition" time="2.397"/>
  <system-out/>
  <testcase classname="healthApp.HealthEndToEndScript" name="Allergies" time="2.283"/>
  <system-out/>
  <testcase classname="healthApp.HealthEndToEndScript" name="Reactions" time="2.790"/>
  <system-out/>
  <testcase classname="healthApp.HealthEndToEndScript" name="RecurringComplaints" time="2.799"/>
  <system-out/>
  <testcase classname="healthApp.HealthEndToEndScript" name="HospitalizationHistory" time="2.780"/>
  <system-out/>
  <testcase classname="healthApp.HealthEndToEndScript" name="HealthHistory" time="2.792"/>
  <system-out/>
  <testcase classname="healthApp.HealthEndToEndScript" name="GeneticdisoredrAdd" time="3.947"/>
  <system-out/>
  <testcase classname="healthApp.HealthEndToEndScript" name="GeneticdisoredrSelect" time="12.935"/>
  <system-out/>
  <testcase classname="healthApp.HealthEndToEndScript" name="AddGeneticdisoredr" time="2.507"/>
  <system-out/>
  <testcase classname="healthApp.HealthEndToEndScript" name="helathNext" time="2.299"/>
  <system-out/>
  <testcase classname="healthApp.HealthEndToEndScript" name="FamailyNedicalHistory" time="8.153"/>
  <system-out/>
  <testcase classname="healthApp.HealthEndToEndScript" name="EnterDisorders" time="10.171"/>
  <system-out/>
  <testcase classname="healthApp.HealthEndToEndScript" name="FathersName" time="3.506"/>
  <system-out/>
  <testcase classname="healthApp.HealthEndToEndScript" name="MothersName" time="19.464"/>
  <system-out/>
  <testcase classname="healthApp.HealthEndToEndScript" name="BookAppointment" time="5.657"/>
  <system-out/>
  <testcase classname="healthApp.HealthEndToEndScript" name="SelectFamilyMember" time="7.281"/>
  <system-out/>
  <testcase classname="healthApp.HealthEndToEndScript" name="SelectDoctor" time="5.351"/>
  <system-out/>
  <testcase classname="healthApp.HealthEndToEndScript" name="Doctor" time="5.288"/>
  <system-out/>
  <testcase classname="healthApp.HealthEndToEndScript" name="DateClick" time="5.326"/>
  <system-out/>
  <testcase classname="healthApp.HealthEndToEndScript" name="Time" time="5.503"/>
  <system-out/>
  <testcase classname="healthApp.HealthEndToEndScript" name="PurposeVisit" time="32.333"/>
  <system-out/>
  <testcase classname="healthApp.HealthEndToEndScript" name="CreateAppointment" time="5.361"/>
  <system-out/>
  <testcase classname="healthApp.HealthEndToEndScript" name="Done" time="5.291"/>
  <system-out/>
  <testcase classname="healthApp.HealthEndToEndScript" name="SelectFamilyMember2" time="10.709"/>
  <system-out/>
  <testcase classname="healthApp.HealthEndToEndScript" name="AddButton1" time="5.430"/>
  <system-out/>
  <testcase classname="healthApp.HealthEndToEndScript" name="GrowthRecord1" time="5.581"/>
  <system-out/>
  <testcase classname="healthApp.HealthEndToEndScript" name="Vital" time="13.670"/>
  <system-out/>
  <testcase classname="healthApp.HealthEndToEndScript" name="UploadDoc" time="15.999"/>
  <system-out/>
  <testcase classname="healthApp.HealthEndToEndScript" name="DocumentsDropDown" time="5.217"/>
  <system-out/>
  <testcase classname="healthApp.HealthEndToEndScript" name="DischargeSummary" time="2.297"/>
  <system-out/>
  <testcase classname="healthApp.HealthEndToEndScript" name="CreatedBy" time="2.781"/>
  <system-out/>
  <testcase classname="healthApp.HealthEndToEndScript" name="DocumentOn" time="2.270"/>
  <system-out/>
  <testcase classname="healthApp.HealthEndToEndScript" name="popUpOk" time="4.271"/>
  <system-out/>
  <testcase classname="healthApp.HealthEndToEndScript" name="Camera" time="17.101"/>
  <system-out/>
  <testcase classname="healthApp.HealthEndToEndScript" name="UploadCam" time="7.259"/>
  <system-out/>
  <testcase classname="healthApp.HealthEndToEndScript" name="UploadCamOk" time="10.771"/>
  <system-out/>
  <testcase classname="healthApp.HealthEndToEndScript" name="UploadDocuments1" time="2.936"/>
  <system-out/>
  <testcase classname="healthApp.HealthEndToEndScript" name="DocumentsDropDown1" time="5.220"/>
  <system-out/>
  <testcase classname="healthApp.HealthEndToEndScript" name="DischargeSummary1" time="2.230"/>
  <system-out/>
  <testcase classname="healthApp.HealthEndToEndScript" name="CreatedBy1" time="2.771"/>
  <system-out/>
  <testcase classname="healthApp.HealthEndToEndScript" name="DocumentOn1" time="2.218"/>
  <system-out/>
  <testcase classname="healthApp.HealthEndToEndScript" name="popUpOk1" time="2.303"/>
  <system-out/>
  <testcase classname="healthApp.HealthEndToEndScript" name="Gallery" time="2.284"/>
  <system-out/>
  <testcase classname="healthApp.HealthEndToEndScript" name="photo" time="10.303"/>
  <system-out/>
  <testcase classname="healthApp.HealthEndToEndScript" name="Upload" time="2.297"/>
  <system-out/>
  <testcase classname="healthApp.HealthEndToEndScript" name="UploadOk" time="12.314"/>
  <system-out/>
  <testcase classname="healthApp.HealthEndToEndScript" name="AddButton4" time="10.454"/>
  <system-out/>
  <testcase classname="healthApp.HealthEndToEndScript" name="BookLabTest11" time="5.614"/>
  <system-out/>
  <testcase classname="healthApp.HealthEndToEndScript" name="SelectLab" time="5.279"/>
  <system-out/>
  <testcase classname="healthApp.HealthEndToEndScript" name="ClickLab" time="5.372"/>
  <system-out/>
  <testcase classname="healthApp.HealthEndToEndScript" name="Comments" time="5.753"/>
  <system-out/>
  <testcase classname="healthApp.HealthEndToEndScript" name="VaccineLabel" time="17.936"/>
  <system-out/>
  <testcase classname="healthApp.HealthEndToEndScript" name="BookLabTest1" time="5.308"/>
  <system-out/>
  <testcase classname="healthApp.HealthEndToEndScript" name="Done2" time="5.270"/>
  <system-out/>
  <testcase classname="healthApp.HealthEndToEndScript" name="SelectFamilyMember3" time="15.677"/>
  <system-out/>
  <testcase classname="healthApp.HealthEndToEndScript" name="Immunization" time="5.467"/>
  <system-out/>
  <testcase classname="healthApp.HealthEndToEndScript" name="Birth" time="30.734"/>
  <system-out/>
  <testcase classname="healthApp.HealthEndToEndScript" name="PopUpOk" time="16.971"/>
  <system-out/>
  <testcase classname="healthApp.HealthEndToEndScript" name="AddButton2" time="21.688"/>
  <system-out/>
  <testcase classname="healthApp.HealthEndToEndScript" name="AllVisits" time="5.644"/>
  <system-out/>
  <testcase classname="healthApp.HealthEndToEndScript" name="AddVitalsClick" time="5.343"/>
  <system-out/>
  <testcase classname="healthApp.HealthEndToEndScript" name="AddVitals" time="39.427"/>
  <system-out/>
  <testcase classname="healthApp.HealthEndToEndScript" name="LipidProfile" time="27.324"/>
  <system-out/>
</testsuite> <!-- healthApp.HealthEndToEndScript -->
