<?xml version="1.0" encoding="UTF-8"?>
<!-- Generated by org.testng.reporters.JUnitReportReporter -->
<testsuite hostname="CopiousCare" failures="0" tests="18" name="pivotalApplication.PreviousDateReceipt" time="212.917" errors="0" timestamp="2024-07-30T15:30:15 IST" skipped="0">
  <testcase classname="pivotalApplication.PreviousDateReceipt" name="NumberField" time="1.645"/>
  <system-out/>
  <testcase classname="pivotalApplication.PreviousDateReceipt" name="BfSuite" time="0.593"/>
  <system-out/>
  <testcase classname="pivotalApplication.PreviousDateReceipt" name="IAgree" time="2.068"/>
  <system-out/>
  <testcase classname="pivotalApplication.PreviousDateReceipt" name="proceedButton" time="2.350"/>
  <system-out/>
  <testcase classname="pivotalApplication.PreviousDateReceipt" name="OTP" time="11.956"/>
  <system-out/>
  <testcase classname="pivotalApplication.PreviousDateReceipt" name="submit" time="7.787"/>
  <system-out/>
  <testcase classname="pivotalApplication.PreviousDateReceipt" name="Search" time="11.128"/>
  <system-out/>
  <testcase classname="pivotalApplication.PreviousDateReceipt" name="ClickPatient" time="24.363"/>
  <system-out/>
  <testcase classname="pivotalApplication.PreviousDateReceipt" name="Reciept" time="7.673"/>
  <system-out/>
  <testcase classname="pivotalApplication.PreviousDateReceipt" name="AddNewReceipt" time="27.470"/>
  <system-out/>
  <testcase classname="pivotalApplication.PreviousDateReceipt" name="ReceiptNo" time="7.493"/>
  <system-out/>
  <testcase classname="pivotalApplication.PreviousDateReceipt" name="Consultation" time="4.441"/>
  <system-out/>
  <testcase classname="pivotalApplication.PreviousDateReceipt" name="Vaccination" time="4.860"/>
  <system-out/>
  <testcase classname="pivotalApplication.PreviousDateReceipt" name="OtherReasons" time="4.835"/>
  <system-out/>
  <testcase classname="pivotalApplication.PreviousDateReceipt" name="Addmore" time="4.491"/>
  <system-out/>
  <testcase classname="pivotalApplication.PreviousDateReceipt" name="Preview" time="35.485"/>
  <system-out/>
  <testcase classname="pivotalApplication.PreviousDateReceipt" name="PayerName" time="2.735"/>
  <system-out/>
  <testcase classname="pivotalApplication.PreviousDateReceipt" name="CreateReceipt" time="51.544"/>
  <system-out/>
</testsuite> <!-- pivotalApplication.PreviousDateReceipt -->
