<?xml version="1.0" encoding="UTF-8"?>
<!-- Generated by org.testng.reporters.JUnitReportReporter -->
<testsuite hostname="CopiousCare" failures="0" tests="10" name="healthApp.GrowthRecord" time="92.114" errors="0" timestamp="2024-08-08T12:07:29 IST" skipped="0">
  <testcase classname="healthApp.GrowthRecord" name="NumberField" time="11.211"/>
  <system-out/>
  <testcase classname="healthApp.GrowthRecord" name="BfSuite" time="0.638"/>
  <system-out/>
  <testcase classname="healthApp.GrowthRecord" name="IAgree" time="2.017"/>
  <system-out/>
  <testcase classname="healthApp.GrowthRecord" name="proceedButton" time="5.274"/>
  <system-out/>
  <testcase classname="healthApp.GrowthRecord" name="OTP" time="15.066"/>
  <system-out/>
  <testcase classname="healthApp.GrowthRecord" name="Verify" time="2.673"/>
  <system-out/>
  <testcase classname="healthApp.GrowthRecord" name="SelectFamilyMember" time="21.172"/>
  <system-out/>
  <testcase classname="healthApp.GrowthRecord" name="AddButton" time="5.526"/>
  <system-out/>
  <testcase classname="healthApp.GrowthRecord" name="GrowthRecord1" time="5.777"/>
  <system-out/>
  <testcase classname="healthApp.GrowthRecord" name="Vital" time="22.760"/>
  <system-out/>
</testsuite> <!-- healthApp.GrowthRecord -->
