<?xml version="1.0" encoding="UTF-8"?>
<!-- Generated by org.testng.reporters.JUnitReportReporter -->
<testsuite hostname="DESKTOP-VQLLA2K" failures="0" tests="174" name="pivotalApplication.PivoFin1" time="979.352" errors="1" timestamp="2023-12-28T10:26:13 IST" skipped="0">
  <testcase classname="pivotalApplication.PivoFin1" name="NumberField" time="1.257"/>
  <testcase classname="pivotalApplication.PivoFin1" name="BfSuite" time="3.735"/>
  <testcase classname="pivotalApplication.PivoFin1" name="IAgree" time="2.167"/>
  <testcase classname="pivotalApplication.PivoFin1" name="proceedButton" time="2.394"/>
  <testcase classname="pivotalApplication.PivoFin1" name="OTP" time="11.011"/>
  <testcase classname="pivotalApplication.PivoFin1" name="submit" time="8.148"/>
  <testcase classname="pivotalApplication.PivoFin1" name="Createptient" time="4.435"/>
  <testcase classname="pivotalApplication.PivoFin1" name="Neweptient" time="12.282"/>
  <testcase classname="pivotalApplication.PivoFin1" name="Close" time="5.099"/>
  <testcase classname="pivotalApplication.PivoFin1" name="MobileNumber1" time="2.997"/>
  <testcase classname="pivotalApplication.PivoFin1" name="confirm" time="4.561"/>
  <testcase classname="pivotalApplication.PivoFin1" name="confirmPopup" time="4.636"/>
  <testcase classname="pivotalApplication.PivoFin1" name="AdditionalNumber1" time="3.094"/>
  <testcase classname="pivotalApplication.PivoFin1" name="FirstName" time="4.967"/>
  <testcase classname="pivotalApplication.PivoFin1" name="MiddleName" time="4.957"/>
  <testcase classname="pivotalApplication.PivoFin1" name="LastName" time="4.959"/>
  <testcase classname="pivotalApplication.PivoFin1" name="BirthCalender" time="5.002"/>
  <testcase classname="pivotalApplication.PivoFin1" name="Birthok" time="4.312"/>
  <testcase classname="pivotalApplication.PivoFin1" name="GenFemale" time="4.450"/>
  <testcase classname="pivotalApplication.PivoFin1" name="Address" time="2.429"/>
  <testcase classname="pivotalApplication.PivoFin1" name="Area" time="2.407"/>
  <testcase classname="pivotalApplication.PivoFin1" name="City" time="2.901"/>
  <testcase classname="pivotalApplication.PivoFin1" name="PinCode" time="2.945"/>
  <testcase classname="pivotalApplication.PivoFin1" name="Next" time="15.424"/>
  <testcase classname="pivotalApplication.PivoFin1" name="ContinueProfile" time="10.339"/>
  <testcase classname="pivotalApplication.PivoFin1" name="TypeOfDelivery" time="2.400"/>
  <testcase classname="pivotalApplication.PivoFin1" name="TypeOfDeliveryNormal" time="2.281"/>
  <testcase classname="pivotalApplication.PivoFin1" name="weightl" time="2.827"/>
  <testcase classname="pivotalApplication.PivoFin1" name="Heightl" time="2.388"/>
  <testcase classname="pivotalApplication.PivoFin1" name="HC" time="2.313"/>
  <testcase classname="pivotalApplication.PivoFin1" name="CC" time="2.314"/>
  <testcase classname="pivotalApplication.PivoFin1" name="BPSYS" time="2.338"/>
  <testcase classname="pivotalApplication.PivoFin1" name="BPDia" time="2.904"/>
  <testcase classname="pivotalApplication.PivoFin1" name="BloodGroup" time="2.401"/>
  <testcase classname="pivotalApplication.PivoFin1" name="BloodGroupA" time="2.242"/>
  <testcase classname="pivotalApplication.PivoFin1" name="BirthHistoryNext" time="7.473"/>
  <testcase classname="pivotalApplication.PivoFin1" name="MedicalConditionAdd" time="3.714"/>
  <testcase classname="pivotalApplication.PivoFin1" name="MedicalConditionSelect" time="3.525"/>
  <testcase classname="pivotalApplication.PivoFin1" name="AddMedicalCondition" time="2.387"/>
  <testcase classname="pivotalApplication.PivoFin1" name="Allergies" time="2.297"/>
  <testcase classname="pivotalApplication.PivoFin1" name="Reactions" time="2.823"/>
  <testcase classname="pivotalApplication.PivoFin1" name="RecurringComplaints" time="2.812"/>
  <testcase classname="pivotalApplication.PivoFin1" name="HospitalizationHistory" time="2.830"/>
  <testcase classname="pivotalApplication.PivoFin1" name="HealthHistory" time="2.807"/>
  <testcase classname="pivotalApplication.PivoFin1" name="GeneticdisoredrAdd" time="4.048"/>
  <testcase classname="pivotalApplication.PivoFin1" name="GeneticdisoredrSelect" time="12.886"/>
  <testcase classname="pivotalApplication.PivoFin1" name="AddGeneticdisoredr" time="2.452"/>
  <testcase classname="pivotalApplication.PivoFin1" name="OtherEmailId" time="3.173"/>
  <testcase classname="pivotalApplication.PivoFin1" name="helathNext" time="2.340"/>
  <testcase classname="pivotalApplication.PivoFin1" name="FathersName" time="2.331"/>
  <testcase classname="pivotalApplication.PivoFin1" name="MothersName" time="2.275"/>
  <testcase classname="pivotalApplication.PivoFin1" name="Fatherheight" time="7.798"/>
  <testcase classname="pivotalApplication.PivoFin1" name="Mothersheight" time="5.448"/>
  <testcase classname="pivotalApplication.PivoFin1" name="FamailyMedicalHistory" time="8.159"/>
  <testcase classname="pivotalApplication.PivoFin1" name="EnterDisorders" time="15.528"/>
  <testcase classname="pivotalApplication.PivoFin1" name="AddVital" time="5.301"/>
  <testcase classname="pivotalApplication.PivoFin1" name="weight" time="0.261"/>
  <testcase classname="pivotalApplication.PivoFin1" name="Height" time="5.943"/>
  <testcase classname="pivotalApplication.PivoFin1" name="HC1" time="5.277"/>
  <testcase classname="pivotalApplication.PivoFin1" name="CC1" time="5.274"/>
  <testcase classname="pivotalApplication.PivoFin1" name="Temperature" time="5.796"/>
  <testcase classname="pivotalApplication.PivoFin1" name="SPO2" time="11.624"/>
  <testcase classname="pivotalApplication.PivoFin1" name="UpArrow" time="10.572"/>
  <testcase classname="pivotalApplication.PivoFin1" name="BPSYS1" time="5.776"/>
  <testcase classname="pivotalApplication.PivoFin1" name="BPDIA" time="5.779"/>
  <testcase classname="pivotalApplication.PivoFin1" name="HeartRate" time="6.747"/>
  <testcase classname="pivotalApplication.PivoFin1" name="Pulse" time="11.402"/>
  <testcase classname="pivotalApplication.PivoFin1" name="BloodSugar" time="10.264"/>
  <testcase classname="pivotalApplication.PivoFin1" name="BloodSugarf" time="5.729"/>
  <testcase classname="pivotalApplication.PivoFin1" name="BloodSugarPP" time="5.275"/>
  <testcase classname="pivotalApplication.PivoFin1" name="BloodSugarHB" time="16.393"/>
  <testcase classname="pivotalApplication.PivoFin1" name="CholesterolHDL" time="5.783"/>
  <testcase classname="pivotalApplication.PivoFin1" name="CholesterolLDL" time="5.794"/>
  <testcase classname="pivotalApplication.PivoFin1" name="TotalCholesterol" time="5.785"/>
  <testcase classname="pivotalApplication.PivoFin1" name="Triglycerides" time="5.805"/>
  <testcase classname="pivotalApplication.PivoFin1" name="Save" time="5.374"/>
  <testcase classname="pivotalApplication.PivoFin1" name="Appointment" time="21.266"/>
  <testcase classname="pivotalApplication.PivoFin1" name="SlotTime" time="41.689"/>
  <testcase classname="pivotalApplication.PivoFin1" name="VideoCheckBox" time="3.854"/>
  <testcase classname="pivotalApplication.PivoFin1" name="Book" time="7.823"/>
  <testcase classname="pivotalApplication.PivoFin1" name="AppointmentBookedPopup" time="14.832"/>
  <testcase classname="pivotalApplication.PivoFin1" name="ClickPatient" time="3.045"/>
  <testcase classname="pivotalApplication.PivoFin1" name="prescription" time="3.180"/>
  <testcase classname="pivotalApplication.PivoFin1" name="ComplaintAndDiagnosis" time="2.595"/>
  <testcase classname="pivotalApplication.PivoFin1" name="AddChiefComplaints" time="2.304"/>
  <testcase classname="pivotalApplication.PivoFin1" name="Fever" time="4.177"/>
  <testcase classname="pivotalApplication.PivoFin1" name="Details" time="2.433"/>
  <testcase classname="pivotalApplication.PivoFin1" name="mild" time="2.426"/>
  <testcase classname="pivotalApplication.PivoFin1" name="moreSymptoms" time="2.272"/>
  <testcase classname="pivotalApplication.PivoFin1" name="Since2Days" time="2.308"/>
  <testcase classname="pivotalApplication.PivoFin1" name="AddComplaint" time="2.237"/>
  <testcase classname="pivotalApplication.PivoFin1" name="AddWorkingDiagnosis" time="2.415"/>
  <testcase classname="pivotalApplication.PivoFin1" name="AcuteUrti" time="5.295"/>
  <testcase classname="pivotalApplication.PivoFin1" name="AddDiagnosis" time="2.342"/>
  <testcase classname="pivotalApplication.PivoFin1" name="Medicine" time="2.405"/>
  <testcase classname="pivotalApplication.PivoFin1" name="TapToAddMedicine" time="2.374"/>
  <testcase classname="pivotalApplication.PivoFin1" name="SearchMedDolo" time="6.018"/>
  <testcase classname="pivotalApplication.PivoFin1" name="AddToPrescription" time="2.258"/>
  <testcase classname="pivotalApplication.PivoFin1" name="ClickFavourite" time="2.423"/>
  <testcase classname="pivotalApplication.PivoFin1" name="ClickFavoutiteDropdown" time="2.179"/>
  <testcase classname="pivotalApplication.PivoFin1" name="ClickFavoutiteMedDrp" time="2.190"/>
  <testcase classname="pivotalApplication.PivoFin1" name="ClickFavoutiteMedicine" time="2.269"/>
  <testcase classname="pivotalApplication.PivoFin1" name="CopyMedicine" time="2.267"/>
  <testcase classname="pivotalApplication.PivoFin1" name="popularClick" time="2.377"/>
  <testcase classname="pivotalApplication.PivoFin1" name="popularMedicineClick" time="3.897"/>
  <testcase classname="pivotalApplication.PivoFin1" name="popularCopyMedicine" time="2.781"/>
  <testcase classname="pivotalApplication.PivoFin1" name="DietAndNutrition" time="2.390"/>
  <testcase classname="pivotalApplication.PivoFin1" name="DietAndNutritionAdd" time="2.338"/>
  <testcase classname="pivotalApplication.PivoFin1" name="DietAdvice" time="2.384"/>
  <testcase classname="pivotalApplication.PivoFin1" name="AddDietAdvice" time="2.345"/>
  <testcase classname="pivotalApplication.PivoFin1" name="GeneralInstructions" time="2.380"/>
  <testcase classname="pivotalApplication.PivoFin1" name="GeneralInstructionsAdd" time="2.268"/>
  <testcase classname="pivotalApplication.PivoFin1" name="InstructionsAdd" time="2.401"/>
  <testcase classname="pivotalApplication.PivoFin1" name="Instructions" time="2.326"/>
  <testcase classname="pivotalApplication.PivoFin1" name="NextFollowup" time="4.357"/>
  <testcase classname="pivotalApplication.PivoFin1" name="NextFollowupCln7der" time="2.337"/>
  <testcase classname="pivotalApplication.PivoFin1" name="NextOk" time="2.281"/>
  <testcase classname="pivotalApplication.PivoFin1" name="NextVistTab" time="2.361"/>
  <testcase classname="pivotalApplication.PivoFin1" name="PreviewPrescription" time="2.412"/>
  <testcase classname="pivotalApplication.PivoFin1" name="SaveAndShare" time="10.161"/>
  <testcase classname="pivotalApplication.PivoFin1" name="DownloadBack" time="20.779"/>
  <testcase classname="pivotalApplication.PivoFin1" name="ImmunizationClick" time="2.561"/>
  <testcase classname="pivotalApplication.PivoFin1" name="AtBirth" time="2.472"/>
  <testcase classname="pivotalApplication.PivoFin1" name="AddVaccine" time="2.462"/>
  <testcase classname="pivotalApplication.PivoFin1" name="SelectBrand" time="2.686"/>
  <testcase classname="pivotalApplication.PivoFin1" name="SelectDate" time="7.629"/>
  <testcase classname="pivotalApplication.PivoFin1" name="VaccineLabel" time="28.102"/>
  <testcase classname="pivotalApplication.PivoFin1" name="BulkUpdate" time="7.781"/>
  <testcase classname="pivotalApplication.PivoFin1" name="PCV" time="4.487"/>
  <testcase classname="pivotalApplication.PivoFin1" name="IPV" time="4.465"/>
  <testcase classname="pivotalApplication.PivoFin1" name="Rotavirus" time="4.467"/>
  <testcase classname="pivotalApplication.PivoFin1" name="AddToSchedule" time="4.784"/>
  <testcase classname="pivotalApplication.PivoFin1" name="BulkUpdate1" time="10.488"/>
  <testcase classname="pivotalApplication.PivoFin1" name="TransScript" time="5.456"/>
  <testcase classname="pivotalApplication.PivoFin1" name="CreatedBy" time="15.734"/>
  <testcase classname="pivotalApplication.PivoFin1" name="DocumentOn" time="7.216"/>
  <testcase classname="pivotalApplication.PivoFin1" name="popoupOk" time="4.320"/>
  <testcase classname="pivotalApplication.PivoFin1" name="Gallaries" time="2.254"/>
  <testcase classname="pivotalApplication.PivoFin1" name="GallariesPhoto" time="10.275"/>
  <testcase classname="pivotalApplication.PivoFin1" name="Upload" time="7.248"/>
  <testcase classname="pivotalApplication.PivoFin1" name="UploadOk" time="7.178"/>
  <testcase classname="pivotalApplication.PivoFin1" name="TransScript1" time="59.988"/>
  <testcase classname="pivotalApplication.PivoFin1" name="ImmunizationGovClick" time="2.502"/>
  <testcase classname="pivotalApplication.PivoFin1" name="BulkCancel" time="5.583">
    <error message="An element could not be located on the page using the given search parameters.
For documentation on this error, please visit: https://www.selenium.dev/documentation/webdriver/troubleshooting/errors#no-such-element-exception
Build info: version: &#039;4.13.0&#039;, revision: &#039;ba948ece5b*&#039;
System info: os.name: &#039;Windows 10&#039;, os.arch: &#039;amd64&#039;, os.version: &#039;10.0&#039;, java.version: &#039;17.0.5&#039;
Driver info: io.appium.java_client.AppiumDriver
Command: [520fda33-5c07-43d8-80ca-bf21913518ef, findElement {using=xpath, value=//*[@text=&#039;Cancel&#039;]}]
Capabilities {appium:app: D:\pivoapp-prod-16-nov.apk, appium:appActivity: com.calculator_apps.MainAct..., appium:appPackage: com.calculator_apps, appium:automationName: UiAutomator2, appium:databaseEnabled: false, appium:desired: {app: D:\pivoapp-prod-16-nov.apk, appActivity: com.calculator_apps.MainAct..., appPackage: com.calculator_apps, automationName: UiAutomator2, deviceName: samsung, newCommandTimeout: 120000, noReset: false, platformName: ANDROID, platformVersion: 11, –session-override: true}, appium:deviceApiLevel: 30, appium:deviceManufacturer: samsung, appium:deviceModel: SM-A305F, appium:deviceName: RZ8M5181Y3M, appium:deviceScreenDensity: 420, appium:deviceScreenSize: 1080x2340, appium:deviceUDID: RZ8M5181Y3M, appium:javascriptEnabled: true, appium:locationContextEnabled: false, appium:networkConnectionEnabled: true, appium:newCommandTimeout: 120000, appium:noReset: false, appium:pixelRatio: 2.625, appium:platformVersion: 11, appium:statBarHeight: 83, appium:takesScreenshot: true, appium:viewportRect: {height: 2048, left: 0, top: 83, width: 1080}, appium:warnings: {}, appium:webStorageEnabled: false, appium:–session-override: true, platformName: ANDROID}
Session ID: 520fda33-5c07-43d8-80ca-bf21913518ef" type="org.openqa.selenium.NoSuchElementException">
      <![CDATA[org.openqa.selenium.NoSuchElementException: An element could not be located on the page using the given search parameters.
For documentation on this error, please visit: https://www.selenium.dev/documentation/webdriver/troubleshooting/errors#no-such-element-exception
Build info: version: '4.13.0', revision: 'ba948ece5b*'
System info: os.name: 'Windows 10', os.arch: 'amd64', os.version: '10.0', java.version: '17.0.5'
Driver info: io.appium.java_client.AppiumDriver
Command: [520fda33-5c07-43d8-80ca-bf21913518ef, findElement {using=xpath, value=//*[@text='Cancel']}]
Capabilities {appium:app: D:\pivoapp-prod-16-nov.apk, appium:appActivity: com.calculator_apps.MainAct..., appium:appPackage: com.calculator_apps, appium:automationName: UiAutomator2, appium:databaseEnabled: false, appium:desired: {app: D:\pivoapp-prod-16-nov.apk, appActivity: com.calculator_apps.MainAct..., appPackage: com.calculator_apps, automationName: UiAutomator2, deviceName: samsung, newCommandTimeout: 120000, noReset: false, platformName: ANDROID, platformVersion: 11, –session-override: true}, appium:deviceApiLevel: 30, appium:deviceManufacturer: samsung, appium:deviceModel: SM-A305F, appium:deviceName: RZ8M5181Y3M, appium:deviceScreenDensity: 420, appium:deviceScreenSize: 1080x2340, appium:deviceUDID: RZ8M5181Y3M, appium:javascriptEnabled: true, appium:locationContextEnabled: false, appium:networkConnectionEnabled: true, appium:newCommandTimeout: 120000, appium:noReset: false, appium:pixelRatio: 2.625, appium:platformVersion: 11, appium:statBarHeight: 83, appium:takesScreenshot: true, appium:viewportRect: {height: 2048, left: 0, top: 83, width: 1080}, appium:warnings: {}, appium:webStorageEnabled: false, appium:–session-override: true, platformName: ANDROID}
Session ID: 520fda33-5c07-43d8-80ca-bf21913518ef
at java.base/jdk.internal.reflect.NativeConstructorAccessorImpl.newInstance0(Native Method)
at java.base/jdk.internal.reflect.NativeConstructorAccessorImpl.newInstance(NativeConstructorAccessorImpl.java:77)
at java.base/jdk.internal.reflect.DelegatingConstructorAccessorImpl.newInstance(DelegatingConstructorAccessorImpl.java:45)
at java.base/java.lang.reflect.Constructor.newInstanceWithCaller(Constructor.java:499)
at java.base/java.lang.reflect.Constructor.newInstance(Constructor.java:480)
at org.openqa.selenium.remote.codec.w3c.W3CHttpResponseCodec.createException(W3CHttpResponseCodec.java:200)
at org.openqa.selenium.remote.codec.w3c.W3CHttpResponseCodec.decode(W3CHttpResponseCodec.java:133)
at org.openqa.selenium.remote.codec.w3c.W3CHttpResponseCodec.decode(W3CHttpResponseCodec.java:52)
at org.openqa.selenium.remote.HttpCommandExecutor.execute(HttpCommandExecutor.java:191)
at io.appium.java_client.remote.AppiumCommandExecutor.execute(AppiumCommandExecutor.java:250)
at org.openqa.selenium.remote.RemoteWebDriver.execute(RemoteWebDriver.java:602)
at org.openqa.selenium.remote.ElementLocation$ElementFinder$2.findElement(ElementLocation.java:165)
at org.openqa.selenium.remote.ElementLocation.findElement(ElementLocation.java:59)
at org.openqa.selenium.remote.RemoteWebDriver.findElement(RemoteWebDriver.java:359)
at org.openqa.selenium.remote.RemoteWebDriver.findElement(RemoteWebDriver.java:353)
at pivotalApplication.PivoFin1.BulkCancel(PivoFin1.java:1670)
at java.base/jdk.internal.reflect.NativeMethodAccessorImpl.invoke0(Native Method)
at java.base/jdk.internal.reflect.NativeMethodAccessorImpl.invoke(NativeMethodAccessorImpl.java:77)
at java.base/jdk.internal.reflect.DelegatingMethodAccessorImpl.invoke(DelegatingMethodAccessorImpl.java:43)
at java.base/java.lang.reflect.Method.invoke(Method.java:568)
at org.testng.internal.invokers.MethodInvocationHelper.invokeMethod(MethodInvocationHelper.java:139)
at org.testng.internal.invokers.TestInvoker.invokeMethod(TestInvoker.java:664)
at org.testng.internal.invokers.TestInvoker.invokeTestMethod(TestInvoker.java:227)
at org.testng.internal.invokers.MethodRunner.runInSequence(MethodRunner.java:50)
at org.testng.internal.invokers.TestInvoker$MethodInvocationAgent.invoke(TestInvoker.java:957)
at org.testng.internal.invokers.TestInvoker.invokeTestMethods(TestInvoker.java:200)
at org.testng.internal.invokers.TestMethodWorker.invokeTestMethods(TestMethodWorker.java:148)
at org.testng.internal.invokers.TestMethodWorker.run(TestMethodWorker.java:128)
at java.base/java.util.ArrayList.forEach(ArrayList.java:1511)
at org.testng.TestRunner.privateRun(TestRunner.java:848)
at org.testng.TestRunner.run(TestRunner.java:621)
at org.testng.SuiteRunner.runTest(SuiteRunner.java:443)
at org.testng.SuiteRunner.runSequentially(SuiteRunner.java:437)
at org.testng.SuiteRunner.privateRun(SuiteRunner.java:397)
at org.testng.SuiteRunner.run(SuiteRunner.java:336)
at org.testng.SuiteRunnerWorker.runSuite(SuiteRunnerWorker.java:52)
at org.testng.SuiteRunnerWorker.run(SuiteRunnerWorker.java:95)
at org.testng.TestNG.runSuitesSequentially(TestNG.java:1280)
at org.testng.TestNG.runSuitesLocally(TestNG.java:1200)
at org.testng.TestNG.runSuites(TestNG.java:1114)
at org.testng.TestNG.run(TestNG.java:1082)
at org.testng.remote.AbstractRemoteTestNG.run(AbstractRemoteTestNG.java:115)
at org.testng.remote.RemoteTestNG.initAndRun(RemoteTestNG.java:251)
at org.testng.remote.RemoteTestNG.main(RemoteTestNG.java:77)
]]>
    </error>
  </testcase> <!-- BulkCancel -->
  <testcase classname="pivotalApplication.PivoFin1" name="opvO" time="2.603"/>
  <testcase classname="pivotalApplication.PivoFin1" name="SaveVaccine" time="4.914"/>
  <testcase classname="pivotalApplication.PivoFin1" name="IPV1" time="2.587"/>
  <testcase classname="pivotalApplication.PivoFin1" name="SaveVaccine1" time="4.674"/>
  <testcase classname="pivotalApplication.PivoFin1" name="HepB" time="2.572"/>
  <testcase classname="pivotalApplication.PivoFin1" name="SaveVaccine2" time="2.237"/>
  <testcase classname="pivotalApplication.PivoFin1" name="Transscript" time="3.526"/>
  <testcase classname="pivotalApplication.PivoFin1" name="CreatedBy2" time="2.872"/>
  <testcase classname="pivotalApplication.PivoFin1" name="DocumentOn2" time="2.225"/>
  <testcase classname="pivotalApplication.PivoFin1" name="popUpOk" time="2.281"/>
  <testcase classname="pivotalApplication.PivoFin1" name="Camera" time="12.691"/>
  <testcase classname="pivotalApplication.PivoFin1" name="UploadCam" time="2.252"/>
  <testcase classname="pivotalApplication.PivoFin1" name="UploadCamOk" time="2.555"/>
  <testcase classname="pivotalApplication.PivoFin1" name="Transscript1" time="2.588"/>
  <testcase classname="pivotalApplication.PivoFin1" name="CreatedBy1" time="2.879"/>
  <testcase classname="pivotalApplication.PivoFin1" name="DocumentOn1" time="2.216"/>
  <testcase classname="pivotalApplication.PivoFin1" name="popUpOk1" time="2.283"/>
  <testcase classname="pivotalApplication.PivoFin1" name="Gallery" time="2.262"/>
  <testcase classname="pivotalApplication.PivoFin1" name="photo" time="10.255"/>
  <testcase classname="pivotalApplication.PivoFin1" name="Upload1" time="2.276"/>
  <testcase classname="pivotalApplication.PivoFin1" name="UploadOk1" time="8.691"/>
  <testcase classname="pivotalApplication.PivoFin1" name="ImmunizationClick1" time="2.467"/>
  <testcase classname="pivotalApplication.PivoFin1" name="Records" time="5.433"/>
  <testcase classname="pivotalApplication.PivoFin1" name="Certificates" time="5.426"/>
  <testcase classname="pivotalApplication.PivoFin1" name="SelectVaciines" time="5.207"/>
  <testcase classname="pivotalApplication.PivoFin1" name="Proceed" time="5.492"/>
  <testcase classname="pivotalApplication.PivoFin1" name="SpecialityDropdown" time="5.261"/>
  <testcase classname="pivotalApplication.PivoFin1" name="DefaultV3" time="5.181"/>
  <testcase classname="pivotalApplication.PivoFin1" name="Preview" time="5.316"/>
  <testcase classname="pivotalApplication.PivoFin1" name="Print" time="26.165"/>
</testsuite> <!-- pivotalApplication.PivoFin1 -->
