<?xml version="1.0" encoding="UTF-8"?>
<!-- Generated by org.testng.reporters.JUnitReportReporter -->
<testsuite hostname="CopiousCare" failures="0" tests="172" name="pivotalApplication.PivoFin1" time="985.454" errors="0" timestamp="2024-05-28T13:06:34 IST" skipped="0">
  <testcase classname="pivotalApplication.PivoFin1" name="BfSuite" time="1.212"/>
  <system-out/>
  <testcase classname="pivotalApplication.PivoFin1" name="NumberField" time="0.731"/>
  <system-out/>
  <testcase classname="pivotalApplication.PivoFin1" name="IAgree" time="2.207"/>
  <system-out/>
  <testcase classname="pivotalApplication.PivoFin1" name="proceedButton" time="2.355"/>
  <system-out/>
  <testcase classname="pivotalApplication.PivoFin1" name="OTP" time="10.852"/>
  <system-out/>
  <testcase classname="pivotalApplication.PivoFin1" name="submit" time="8.180"/>
  <system-out/>
  <testcase classname="pivotalApplication.PivoFin1" name="Createptient" time="4.505"/>
  <system-out/>
  <testcase classname="pivotalApplication.PivoFin1" name="Neweptient" time="12.332"/>
  <system-out/>
  <testcase classname="pivotalApplication.PivoFin1" name="Close" time="5.137"/>
  <system-out/>
  <testcase classname="pivotalApplication.PivoFin1" name="MobileNumber1" time="3.014"/>
  <system-out/>
  <testcase classname="pivotalApplication.PivoFin1" name="confirm" time="4.533"/>
  <system-out/>
  <testcase classname="pivotalApplication.PivoFin1" name="confirmPopup" time="4.841"/>
  <system-out/>
  <testcase classname="pivotalApplication.PivoFin1" name="AdditionalNumber1" time="3.065"/>
  <system-out/>
  <testcase classname="pivotalApplication.PivoFin1" name="FirstName" time="4.990"/>
  <system-out/>
  <testcase classname="pivotalApplication.PivoFin1" name="MiddleName" time="4.958"/>
  <system-out/>
  <testcase classname="pivotalApplication.PivoFin1" name="LastName" time="4.971"/>
  <system-out/>
  <testcase classname="pivotalApplication.PivoFin1" name="BirthCalender" time="5.116"/>
  <system-out/>
  <testcase classname="pivotalApplication.PivoFin1" name="Birthok" time="4.375"/>
  <system-out/>
  <testcase classname="pivotalApplication.PivoFin1" name="GenFemale" time="4.456"/>
  <system-out/>
  <testcase classname="pivotalApplication.PivoFin1" name="Address" time="2.924"/>
  <system-out/>
  <testcase classname="pivotalApplication.PivoFin1" name="Area" time="2.938"/>
  <system-out/>
  <testcase classname="pivotalApplication.PivoFin1" name="City" time="2.958"/>
  <system-out/>
  <testcase classname="pivotalApplication.PivoFin1" name="PinCode" time="2.429"/>
  <system-out/>
  <testcase classname="pivotalApplication.PivoFin1" name="Next" time="15.450"/>
  <system-out/>
  <testcase classname="pivotalApplication.PivoFin1" name="ContinueProfile" time="10.334"/>
  <system-out/>
  <testcase classname="pivotalApplication.PivoFin1" name="TypeOfDelivery" time="2.395"/>
  <system-out/>
  <testcase classname="pivotalApplication.PivoFin1" name="TypeOfDeliveryNormal" time="2.274"/>
  <system-out/>
  <testcase classname="pivotalApplication.PivoFin1" name="weightl" time="2.385"/>
  <system-out/>
  <testcase classname="pivotalApplication.PivoFin1" name="Heightl" time="2.349"/>
  <system-out/>
  <testcase classname="pivotalApplication.PivoFin1" name="HC" time="2.342"/>
  <system-out/>
  <testcase classname="pivotalApplication.PivoFin1" name="CC" time="2.326"/>
  <system-out/>
  <testcase classname="pivotalApplication.PivoFin1" name="BPSYS" time="2.352"/>
  <system-out/>
  <testcase classname="pivotalApplication.PivoFin1" name="BPDia" time="2.345"/>
  <system-out/>
  <testcase classname="pivotalApplication.PivoFin1" name="BloodGroup" time="2.405"/>
  <system-out/>
  <testcase classname="pivotalApplication.PivoFin1" name="BloodGroupA" time="2.272"/>
  <system-out/>
  <testcase classname="pivotalApplication.PivoFin1" name="BirthHistoryNext" time="7.449"/>
  <system-out/>
  <testcase classname="pivotalApplication.PivoFin1" name="MedicalConditionAdd" time="3.770"/>
  <system-out/>
  <testcase classname="pivotalApplication.PivoFin1" name="MedicalConditionSelect" time="3.610"/>
  <system-out/>
  <testcase classname="pivotalApplication.PivoFin1" name="AddMedicalCondition" time="2.429"/>
  <system-out/>
  <testcase classname="pivotalApplication.PivoFin1" name="Allergies" time="2.799"/>
  <system-out/>
  <testcase classname="pivotalApplication.PivoFin1" name="Reactions" time="2.811"/>
  <system-out/>
  <testcase classname="pivotalApplication.PivoFin1" name="RecurringComplaints" time="2.297"/>
  <system-out/>
  <testcase classname="pivotalApplication.PivoFin1" name="HospitalizationHistory" time="2.758"/>
  <system-out/>
  <testcase classname="pivotalApplication.PivoFin1" name="HealthHistory" time="2.835"/>
  <system-out/>
  <testcase classname="pivotalApplication.PivoFin1" name="GeneticdisoredrAdd" time="3.982"/>
  <system-out/>
  <testcase classname="pivotalApplication.PivoFin1" name="GeneticdisoredrSelect" time="13.172"/>
  <system-out/>
  <testcase classname="pivotalApplication.PivoFin1" name="AddGeneticdisoredr" time="2.516"/>
  <system-out/>
  <testcase classname="pivotalApplication.PivoFin1" name="OtherEmailId" time="2.796"/>
  <system-out/>
  <testcase classname="pivotalApplication.PivoFin1" name="helathNext" time="2.335"/>
  <system-out/>
  <testcase classname="pivotalApplication.PivoFin1" name="FathersName" time="2.824"/>
  <system-out/>
  <testcase classname="pivotalApplication.PivoFin1" name="MothersName" time="2.794"/>
  <system-out/>
  <testcase classname="pivotalApplication.PivoFin1" name="Fatherheight" time="7.532"/>
  <system-out/>
  <testcase classname="pivotalApplication.PivoFin1" name="Mothersheight" time="5.560"/>
  <system-out/>
  <testcase classname="pivotalApplication.PivoFin1" name="FamailyMedicalHistory" time="8.195"/>
  <system-out/>
  <testcase classname="pivotalApplication.PivoFin1" name="EnterDisorders" time="15.599"/>
  <system-out/>
  <testcase classname="pivotalApplication.PivoFin1" name="AddVital" time="5.331"/>
  <system-out/>
  <testcase classname="pivotalApplication.PivoFin1" name="weight" time="0.266"/>
  <system-out/>
  <testcase classname="pivotalApplication.PivoFin1" name="Height" time="6.052"/>
  <system-out/>
  <testcase classname="pivotalApplication.PivoFin1" name="HC1" time="5.334"/>
  <system-out/>
  <testcase classname="pivotalApplication.PivoFin1" name="Temperature" time="5.891"/>
  <system-out/>
  <testcase classname="pivotalApplication.PivoFin1" name="SPO2" time="11.648"/>
  <system-out/>
  <testcase classname="pivotalApplication.PivoFin1" name="UpArrow" time="10.781"/>
  <system-out/>
  <testcase classname="pivotalApplication.PivoFin1" name="BPSYS1" time="5.774"/>
  <system-out/>
  <testcase classname="pivotalApplication.PivoFin1" name="BPDIA" time="5.788"/>
  <system-out/>
  <testcase classname="pivotalApplication.PivoFin1" name="HeartRate" time="6.898"/>
  <system-out/>
  <testcase classname="pivotalApplication.PivoFin1" name="Pulse" time="11.539"/>
  <system-out/>
  <testcase classname="pivotalApplication.PivoFin1" name="BloodSugar" time="10.812"/>
  <system-out/>
  <testcase classname="pivotalApplication.PivoFin1" name="BloodSugarf" time="5.840"/>
  <system-out/>
  <testcase classname="pivotalApplication.PivoFin1" name="BloodSugarPP" time="5.830"/>
  <system-out/>
  <testcase classname="pivotalApplication.PivoFin1" name="BloodSugarHB" time="16.433"/>
  <system-out/>
  <testcase classname="pivotalApplication.PivoFin1" name="CholesterolHDL" time="5.871"/>
  <system-out/>
  <testcase classname="pivotalApplication.PivoFin1" name="CholesterolLDL" time="5.295"/>
  <system-out/>
  <testcase classname="pivotalApplication.PivoFin1" name="TotalCholesterol" time="5.836"/>
  <system-out/>
  <testcase classname="pivotalApplication.PivoFin1" name="Triglycerides" time="5.897"/>
  <system-out/>
  <testcase classname="pivotalApplication.PivoFin1" name="Save" time="10.411"/>
  <system-out/>
  <testcase classname="pivotalApplication.PivoFin1" name="Appointment" time="21.269"/>
  <system-out/>
  <testcase classname="pivotalApplication.PivoFin1" name="SlotTime" time="42.225"/>
  <system-out/>
  <testcase classname="pivotalApplication.PivoFin1" name="VideoCheckBox" time="2.244"/>
  <system-out/>
  <testcase classname="pivotalApplication.PivoFin1" name="Book" time="7.648"/>
  <system-out/>
  <testcase classname="pivotalApplication.PivoFin1" name="AppointmentBookedPopup" time="14.830"/>
  <system-out/>
  <testcase classname="pivotalApplication.PivoFin1" name="ClickPatient" time="3.064"/>
  <system-out/>
  <testcase classname="pivotalApplication.PivoFin1" name="prescription" time="2.761"/>
  <system-out/>
  <testcase classname="pivotalApplication.PivoFin1" name="ComplaintAndDiagnosis" time="2.612"/>
  <system-out/>
  <testcase classname="pivotalApplication.PivoFin1" name="AddChiefComplaints" time="2.400"/>
  <system-out/>
  <testcase classname="pivotalApplication.PivoFin1" name="Fever" time="4.028"/>
  <system-out/>
  <testcase classname="pivotalApplication.PivoFin1" name="Details" time="3.481"/>
  <system-out/>
  <testcase classname="pivotalApplication.PivoFin1" name="moreSymptoms" time="2.298"/>
  <system-out/>
  <testcase classname="pivotalApplication.PivoFin1" name="Since2Days" time="2.333"/>
  <system-out/>
  <testcase classname="pivotalApplication.PivoFin1" name="AddComplaint" time="2.230"/>
  <system-out/>
  <testcase classname="pivotalApplication.PivoFin1" name="AddWorkingDiagnosis" time="2.372"/>
  <system-out/>
  <testcase classname="pivotalApplication.PivoFin1" name="AcuteUrti" time="5.208"/>
  <system-out/>
  <testcase classname="pivotalApplication.PivoFin1" name="AddDiagnosis" time="2.388"/>
  <system-out/>
  <testcase classname="pivotalApplication.PivoFin1" name="Medicine" time="2.427"/>
  <system-out/>
  <testcase classname="pivotalApplication.PivoFin1" name="TapToAddMedicine" time="2.407"/>
  <system-out/>
  <testcase classname="pivotalApplication.PivoFin1" name="SearchMedDolo" time="6.705"/>
  <system-out/>
  <testcase classname="pivotalApplication.PivoFin1" name="AddToPrescription" time="2.363"/>
  <system-out/>
  <testcase classname="pivotalApplication.PivoFin1" name="ClickFavourite" time="2.414"/>
  <system-out/>
  <testcase classname="pivotalApplication.PivoFin1" name="ClickFavoutiteDropdown" time="2.191"/>
  <system-out/>
  <testcase classname="pivotalApplication.PivoFin1" name="ClickFavoutiteMedDrp" time="2.231"/>
  <system-out/>
  <testcase classname="pivotalApplication.PivoFin1" name="ClickFavoutiteMedicine" time="2.241"/>
  <system-out/>
  <testcase classname="pivotalApplication.PivoFin1" name="CopyMedicine" time="2.269"/>
  <system-out/>
  <testcase classname="pivotalApplication.PivoFin1" name="popularClick" time="2.438"/>
  <system-out/>
  <testcase classname="pivotalApplication.PivoFin1" name="popularMedicineClick" time="2.526"/>
  <system-out/>
  <testcase classname="pivotalApplication.PivoFin1" name="popularCopyMedicine" time="2.408"/>
  <system-out/>
  <testcase classname="pivotalApplication.PivoFin1" name="DietAndNutrition" time="2.399"/>
  <system-out/>
  <testcase classname="pivotalApplication.PivoFin1" name="DietAndNutritionAdd" time="2.324"/>
  <system-out/>
  <testcase classname="pivotalApplication.PivoFin1" name="DietAdvice" time="2.431"/>
  <system-out/>
  <testcase classname="pivotalApplication.PivoFin1" name="AddDietAdvice" time="2.338"/>
  <system-out/>
  <testcase classname="pivotalApplication.PivoFin1" name="GeneralInstructions" time="2.386"/>
  <system-out/>
  <testcase classname="pivotalApplication.PivoFin1" name="GeneralInstructionsAdd" time="2.354"/>
  <system-out/>
  <testcase classname="pivotalApplication.PivoFin1" name="InstructionsAdd" time="2.415"/>
  <system-out/>
  <testcase classname="pivotalApplication.PivoFin1" name="Instructions" time="2.378"/>
  <system-out/>
  <testcase classname="pivotalApplication.PivoFin1" name="NextFollowup" time="4.429"/>
  <system-out/>
  <testcase classname="pivotalApplication.PivoFin1" name="NextFollowupCln7der" time="2.294"/>
  <system-out/>
  <testcase classname="pivotalApplication.PivoFin1" name="NextOk" time="3.066"/>
  <system-out/>
  <testcase classname="pivotalApplication.PivoFin1" name="NextVistTab" time="2.412"/>
  <system-out/>
  <testcase classname="pivotalApplication.PivoFin1" name="PreviewPrescription" time="2.375"/>
  <system-out/>
  <testcase classname="pivotalApplication.PivoFin1" name="SaveAndShare" time="10.176"/>
  <system-out/>
  <testcase classname="pivotalApplication.PivoFin1" name="DownloadBack" time="22.402"/>
  <system-out/>
  <testcase classname="pivotalApplication.PivoFin1" name="ImmunizationClick" time="2.546"/>
  <system-out/>
  <testcase classname="pivotalApplication.PivoFin1" name="AtBirth" time="5.513"/>
  <system-out/>
  <testcase classname="pivotalApplication.PivoFin1" name="AddVaccine" time="2.535"/>
  <system-out/>
  <testcase classname="pivotalApplication.PivoFin1" name="SelectBrand" time="2.572"/>
  <system-out/>
  <testcase classname="pivotalApplication.PivoFin1" name="SelectDate" time="7.594"/>
  <system-out/>
  <testcase classname="pivotalApplication.PivoFin1" name="VaccineLabel" time="27.594"/>
  <system-out/>
  <testcase classname="pivotalApplication.PivoFin1" name="BulkUpdate" time="10.433"/>
  <system-out/>
  <testcase classname="pivotalApplication.PivoFin1" name="PCV" time="4.489"/>
  <system-out/>
  <testcase classname="pivotalApplication.PivoFin1" name="IPV" time="4.466"/>
  <system-out/>
  <testcase classname="pivotalApplication.PivoFin1" name="Rotavirus" time="4.475"/>
  <system-out/>
  <testcase classname="pivotalApplication.PivoFin1" name="AddToSchedule" time="4.459"/>
  <system-out/>
  <testcase classname="pivotalApplication.PivoFin1" name="BulkUpdate1" time="10.435"/>
  <system-out/>
  <testcase classname="pivotalApplication.PivoFin1" name="TransScript" time="5.474"/>
  <system-out/>
  <testcase classname="pivotalApplication.PivoFin1" name="CreatedBy" time="15.763"/>
  <system-out/>
  <testcase classname="pivotalApplication.PivoFin1" name="DocumentOn" time="7.197"/>
  <system-out/>
  <testcase classname="pivotalApplication.PivoFin1" name="popoupOk" time="4.287"/>
  <system-out/>
  <testcase classname="pivotalApplication.PivoFin1" name="Gallaries" time="2.305"/>
  <system-out/>
  <testcase classname="pivotalApplication.PivoFin1" name="GallariesPhoto" time="10.267"/>
  <system-out/>
  <testcase classname="pivotalApplication.PivoFin1" name="Upload" time="7.247"/>
  <system-out/>
  <testcase classname="pivotalApplication.PivoFin1" name="UploadOk" time="7.788"/>
  <system-out/>
  <testcase classname="pivotalApplication.PivoFin1" name="TransScript1" time="61.370"/>
  <system-out/>
  <testcase classname="pivotalApplication.PivoFin1" name="ImmunizationGovClick" time="2.534"/>
  <system-out/>
  <testcase classname="pivotalApplication.PivoFin1" name="BulkCancel" time="5.285"/>
  <system-out/>
  <testcase classname="pivotalApplication.PivoFin1" name="opvO" time="2.636"/>
  <system-out/>
  <testcase classname="pivotalApplication.PivoFin1" name="SaveVaccine" time="4.552"/>
  <system-out/>
  <testcase classname="pivotalApplication.PivoFin1" name="IPV1" time="2.936"/>
  <system-out/>
  <testcase classname="pivotalApplication.PivoFin1" name="SaveVaccine1" time="4.581"/>
  <system-out/>
  <testcase classname="pivotalApplication.PivoFin1" name="HepB" time="2.596"/>
  <system-out/>
  <testcase classname="pivotalApplication.PivoFin1" name="SaveVaccine2" time="2.258"/>
  <system-out/>
  <testcase classname="pivotalApplication.PivoFin1" name="Transscript" time="3.378"/>
  <system-out/>
  <testcase classname="pivotalApplication.PivoFin1" name="CreatedBy2" time="3.326"/>
  <system-out/>
  <testcase classname="pivotalApplication.PivoFin1" name="DocumentOn2" time="2.232"/>
  <system-out/>
  <testcase classname="pivotalApplication.PivoFin1" name="popUpOk" time="2.267"/>
  <system-out/>
  <testcase classname="pivotalApplication.PivoFin1" name="Camera" time="13.551"/>
  <system-out/>
  <testcase classname="pivotalApplication.PivoFin1" name="UploadCam" time="2.277"/>
  <system-out/>
  <testcase classname="pivotalApplication.PivoFin1" name="UploadCamOk" time="3.038"/>
  <system-out/>
  <testcase classname="pivotalApplication.PivoFin1" name="Transscript1" time="2.592"/>
  <system-out/>
  <testcase classname="pivotalApplication.PivoFin1" name="CreatedBy1" time="2.899"/>
  <system-out/>
  <testcase classname="pivotalApplication.PivoFin1" name="DocumentOn1" time="2.222"/>
  <system-out/>
  <testcase classname="pivotalApplication.PivoFin1" name="popUpOk1" time="2.230"/>
  <system-out/>
  <testcase classname="pivotalApplication.PivoFin1" name="Gallery" time="2.282"/>
  <system-out/>
  <testcase classname="pivotalApplication.PivoFin1" name="photo" time="10.298"/>
  <system-out/>
  <testcase classname="pivotalApplication.PivoFin1" name="Upload1" time="2.303"/>
  <system-out/>
  <testcase classname="pivotalApplication.PivoFin1" name="UploadOk1" time="7.988"/>
  <system-out/>
  <testcase classname="pivotalApplication.PivoFin1" name="ImmunizationClick1" time="2.479"/>
  <system-out/>
  <testcase classname="pivotalApplication.PivoFin1" name="Records" time="5.452"/>
  <system-out/>
  <testcase classname="pivotalApplication.PivoFin1" name="Certificates" time="5.513"/>
  <system-out/>
  <testcase classname="pivotalApplication.PivoFin1" name="SelectVaciines" time="5.230"/>
  <system-out/>
  <testcase classname="pivotalApplication.PivoFin1" name="Proceed" time="5.552"/>
  <system-out/>
  <testcase classname="pivotalApplication.PivoFin1" name="SpecialityDropdown" time="5.310"/>
  <system-out/>
  <testcase classname="pivotalApplication.PivoFin1" name="DefaultV3" time="5.176"/>
  <system-out/>
  <testcase classname="pivotalApplication.PivoFin1" name="Preview" time="5.319"/>
  <system-out/>
  <testcase classname="pivotalApplication.PivoFin1" name="Print" time="26.265"/>
  <system-out/>
</testsuite> <!-- pivotalApplication.PivoFin1 -->
