<?xml version="1.0" encoding="UTF-8"?>
<!-- Generated by org.testng.reporters.JUnitReportReporter -->
<testsuite hostname="CopiousCare" failures="0" tests="7" name="webAuto.InvestigationReportUpload" time="52.899" errors="0" timestamp="2024-04-02T12:47:56 IST" skipped="0">
  <testcase classname="webAuto.InvestigationReportUpload" name="numberField" time="0.124"/>
  <system-out/>
  <testcase classname="webAuto.InvestigationReportUpload" name="sendOTP" time="7.577"/>
  <system-out/>
  <testcase classname="webAuto.InvestigationReportUpload" name="verifyButton" time="10.070"/>
  <system-out/>
  <testcase classname="webAuto.InvestigationReportUpload" name="searchBar" time="0.374"/>
  <system-out/>
  <testcase classname="webAuto.InvestigationReportUpload" name="searchOpt" time="3.076"/>
  <system-out/>
  <testcase classname="webAuto.InvestigationReportUpload" name="clickPatient" time="10.128"/>
  <system-out/>
  <testcase classname="webAuto.InvestigationReportUpload" name="Investigation" time="21.550"/>
  <system-out/>
</testsuite> <!-- webAuto.InvestigationReportUpload -->
