<?xml version="1.0" encoding="UTF-8"?>
<!-- Generated by org.testng.reporters.JUnitReportReporter -->
<testsuite hostname="DESKTOP-VQLLA2K" failures="0" tests="28" name="webAuto.AddVitalWeb" time="247.942" errors="0" timestamp="2023-12-21T11:04:42 IST" skipped="0">
  <testcase classname="webAuto.AddVitalWeb" name="numberField" time="0.328"/>
  <testcase classname="webAuto.AddVitalWeb" name="sendOTP" time="12.248"/>
  <testcase classname="webAuto.AddVitalWeb" name="verifyButton" time="10.128"/>
  <testcase classname="webAuto.AddVitalWeb" name="createPatient" time="36.489"/>
  <testcase classname="webAuto.AddVitalWeb" name="Number1" time="0.726"/>
  <testcase classname="webAuto.AddVitalWeb" name="confirm" time="5.843"/>
  <testcase classname="webAuto.AddVitalWeb" name="number2" time="0.667"/>
  <testcase classname="webAuto.AddVitalWeb" name="firstName" time="0.375"/>
  <testcase classname="webAuto.AddVitalWeb" name="middleName" time="0.217"/>
  <testcase classname="webAuto.AddVitalWeb" name="lastName" time="0.223"/>
  <testcase classname="webAuto.AddVitalWeb" name="birthDate" time="0.446"/>
  <testcase classname="webAuto.AddVitalWeb" name="genFemale" time="0.213"/>
  <testcase classname="webAuto.AddVitalWeb" name="address" time="0.321"/>
  <testcase classname="webAuto.AddVitalWeb" name="locality" time="0.267"/>
  <testcase classname="webAuto.AddVitalWeb" name="city" time="0.219"/>
  <testcase classname="webAuto.AddVitalWeb" name="pinCode" time="0.234"/>
  <testcase classname="webAuto.AddVitalWeb" name="proceedWithSameRMN" time="0.224"/>
  <testcase classname="webAuto.AddVitalWeb" name="nextButton" time="15.230"/>
  <testcase classname="webAuto.AddVitalWeb" name="clickClose" time="1.879"/>
  <testcase classname="webAuto.AddVitalWeb" name="fillVitalForm" time="33.308"/>
  <testcase classname="webAuto.AddVitalWeb" name="fillHealthProfile" time="12.147"/>
  <testcase classname="webAuto.AddVitalWeb" name="fillFamilyProfile" time="18.363"/>
  <testcase classname="webAuto.AddVitalWeb" name="GoHome" time="0.601"/>
  <testcase classname="webAuto.AddVitalWeb" name="searchBar2" time="19.973"/>
  <testcase classname="webAuto.AddVitalWeb" name="AdVitals" time="26.084"/>
  <testcase classname="webAuto.AddVitalWeb" name="AdBpandHeartOption" time="16.616"/>
  <testcase classname="webAuto.AddVitalWeb" name="AdBloodAndAnalysis" time="17.174"/>
  <testcase classname="webAuto.AddVitalWeb" name="AdLipidProfile" time="17.399"/>
</testsuite> <!-- webAuto.AddVitalWeb -->
