<?xml version="1.0" encoding="UTF-8"?>
<!-- Generated by org.testng.reporters.JUnitReportReporter -->
<testsuite hostname="CopiousCare" failures="0" tests="94" name="pivotalApplication.PivoFin2" time="1097.595" errors="0" timestamp="2024-07-16T13:14:28 IST" skipped="0">
  <testcase classname="pivotalApplication.PivoFin2" name="InvestigationClick" time="3.324"/>
  <system-out/>
  <testcase classname="pivotalApplication.PivoFin2" name="NewRequisition" time="2.407"/>
  <system-out/>
  <testcase classname="pivotalApplication.PivoFin2" name="Covid19" time="7.274"/>
  <system-out/>
  <testcase classname="pivotalApplication.PivoFin2" name="packages" time="2.809"/>
  <system-out/>
  <testcase classname="pivotalApplication.PivoFin2" name="Feverpanel" time="2.530"/>
  <system-out/>
  <testcase classname="pivotalApplication.PivoFin2" name="SelectTests" time="2.581"/>
  <system-out/>
  <testcase classname="pivotalApplication.PivoFin2" name="CreateRquisition" time="2.376"/>
  <system-out/>
  <testcase classname="pivotalApplication.PivoFin2" name="RquisitionDownloadclose" time="3.024"/>
  <system-out/>
  <testcase classname="pivotalApplication.PivoFin2" name="ReportClick" time="2.378"/>
  <system-out/>
  <testcase classname="pivotalApplication.PivoFin2" name="UploadReport" time="2.338"/>
  <system-out/>
  <testcase classname="pivotalApplication.PivoFin2" name="CreatedBy2" time="2.895"/>
  <system-out/>
  <testcase classname="pivotalApplication.PivoFin2" name="DocumentOn2" time="2.359"/>
  <system-out/>
  <testcase classname="pivotalApplication.PivoFin2" name="popUpOk2" time="10.380"/>
  <system-out/>
  <testcase classname="pivotalApplication.PivoFin2" name="Camera2" time="20.137"/>
  <system-out/>
  <testcase classname="pivotalApplication.PivoFin2" name="UploadCam2" time="2.351"/>
  <system-out/>
  <testcase classname="pivotalApplication.PivoFin2" name="UploadCamOk2" time="10.811"/>
  <system-out/>
  <testcase classname="pivotalApplication.PivoFin2" name="Transscript1" time="5.384"/>
  <system-out/>
  <testcase classname="pivotalApplication.PivoFin2" name="CreatedBy3" time="2.826"/>
  <system-out/>
  <testcase classname="pivotalApplication.PivoFin2" name="DocumentOn3" time="2.331"/>
  <system-out/>
  <testcase classname="pivotalApplication.PivoFin2" name="popUpOk3" time="2.347"/>
  <system-out/>
  <testcase classname="pivotalApplication.PivoFin2" name="Gallery3" time="2.395"/>
  <system-out/>
  <testcase classname="pivotalApplication.PivoFin2" name="photo3" time="10.343"/>
  <system-out/>
  <testcase classname="pivotalApplication.PivoFin2" name="Upload3" time="2.346"/>
  <system-out/>
  <testcase classname="pivotalApplication.PivoFin2" name="UploadOk3" time="18.083"/>
  <system-out/>
  <testcase classname="pivotalApplication.PivoFin2" name="RffralCreation" time="2.637"/>
  <system-out/>
  <testcase classname="pivotalApplication.PivoFin2" name="DrName" time="2.810"/>
  <system-out/>
  <testcase classname="pivotalApplication.PivoFin2" name="DrEmail" time="2.837"/>
  <system-out/>
  <testcase classname="pivotalApplication.PivoFin2" name="DrMobNumber" time="2.783"/>
  <system-out/>
  <testcase classname="pivotalApplication.PivoFin2" name="HealthCondition" time="2.853"/>
  <system-out/>
  <testcase classname="pivotalApplication.PivoFin2" name="Duration" time="2.760"/>
  <system-out/>
  <testcase classname="pivotalApplication.PivoFin2" name="Speciality" time="7.716"/>
  <system-out/>
  <testcase classname="pivotalApplication.PivoFin2" name="preview" time="2.370"/>
  <system-out/>
  <testcase classname="pivotalApplication.PivoFin2" name="Save" time="15.277"/>
  <system-out/>
  <testcase classname="pivotalApplication.PivoFin2" name="UploadDocuments" time="55.208"/>
  <system-out/>
  <testcase classname="pivotalApplication.PivoFin2" name="DocumentsDropDown" time="5.558"/>
  <system-out/>
  <testcase classname="pivotalApplication.PivoFin2" name="DischargeSummary" time="2.335"/>
  <system-out/>
  <testcase classname="pivotalApplication.PivoFin2" name="CreatedBy" time="2.841"/>
  <system-out/>
  <testcase classname="pivotalApplication.PivoFin2" name="DocumentOn" time="2.297"/>
  <system-out/>
  <testcase classname="pivotalApplication.PivoFin2" name="popUpOk" time="10.306"/>
  <system-out/>
  <testcase classname="pivotalApplication.PivoFin2" name="Camera" time="18.902"/>
  <system-out/>
  <testcase classname="pivotalApplication.PivoFin2" name="UploadCam" time="2.347"/>
  <system-out/>
  <testcase classname="pivotalApplication.PivoFin2" name="UploadCamOk" time="10.797"/>
  <system-out/>
  <testcase classname="pivotalApplication.PivoFin2" name="UploadDocuments1" time="5.455"/>
  <system-out/>
  <testcase classname="pivotalApplication.PivoFin2" name="DocumentsDropDown1" time="5.315"/>
  <system-out/>
  <testcase classname="pivotalApplication.PivoFin2" name="DischargeSummary1" time="2.266"/>
  <system-out/>
  <testcase classname="pivotalApplication.PivoFin2" name="CreatedBy1" time="2.827"/>
  <system-out/>
  <testcase classname="pivotalApplication.PivoFin2" name="DocumentOn1" time="2.324"/>
  <system-out/>
  <testcase classname="pivotalApplication.PivoFin2" name="popUpOk1" time="2.311"/>
  <system-out/>
  <testcase classname="pivotalApplication.PivoFin2" name="Gallery" time="2.306"/>
  <system-out/>
  <testcase classname="pivotalApplication.PivoFin2" name="photo" time="10.304"/>
  <system-out/>
  <testcase classname="pivotalApplication.PivoFin2" name="Upload" time="2.286"/>
  <system-out/>
  <testcase classname="pivotalApplication.PivoFin2" name="UploadOk" time="10.791"/>
  <system-out/>
  <testcase classname="pivotalApplication.PivoFin2" name="SpecialVaccine" time="17.760"/>
  <system-out/>
  <testcase classname="pivotalApplication.PivoFin2" name="AdministeredDate" time="5.218"/>
  <system-out/>
  <testcase classname="pivotalApplication.PivoFin2" name="PopUpOk" time="2.333"/>
  <system-out/>
  <testcase classname="pivotalApplication.PivoFin2" name="VaccineDropdown" time="2.276"/>
  <system-out/>
  <testcase classname="pivotalApplication.PivoFin2" name="CholeraVaccine" time="2.271"/>
  <system-out/>
  <testcase classname="pivotalApplication.PivoFin2" name="Submit" time="2.297"/>
  <system-out/>
  <testcase classname="pivotalApplication.PivoFin2" name="VaccinationOk" time="2.812"/>
  <system-out/>
  <testcase classname="pivotalApplication.PivoFin2" name="Reciept" time="17.702"/>
  <system-out/>
  <testcase classname="pivotalApplication.PivoFin2" name="AddNewReceipt" time="10.359"/>
  <system-out/>
  <testcase classname="pivotalApplication.PivoFin2" name="ReceiptNo" time="7.954"/>
  <system-out/>
  <testcase classname="pivotalApplication.PivoFin2" name="Consultation" time="4.889"/>
  <system-out/>
  <testcase classname="pivotalApplication.PivoFin2" name="Vaccination" time="4.861"/>
  <system-out/>
  <testcase classname="pivotalApplication.PivoFin2" name="OtherReasons" time="4.956"/>
  <system-out/>
  <testcase classname="pivotalApplication.PivoFin2" name="Addmore" time="4.413"/>
  <system-out/>
  <testcase classname="pivotalApplication.PivoFin2" name="Preview" time="35.421"/>
  <system-out/>
  <testcase classname="pivotalApplication.PivoFin2" name="PayerName" time="2.729"/>
  <system-out/>
  <testcase classname="pivotalApplication.PivoFin2" name="CreateReceipt" time="27.199"/>
  <system-out/>
  <testcase classname="pivotalApplication.PivoFin2" name="Certificate" time="41.368"/>
  <system-out/>
  <testcase classname="pivotalApplication.PivoFin2" name="CertificateDropdown" time="22.272"/>
  <system-out/>
  <testcase classname="pivotalApplication.PivoFin2" name="CertificateType" time="22.283"/>
  <system-out/>
  <testcase classname="pivotalApplication.PivoFin2" name="Speciality1" time="32.405"/>
  <system-out/>
  <testcase classname="pivotalApplication.PivoFin2" name="SpecialitySelect" time="37.288"/>
  <system-out/>
  <testcase classname="pivotalApplication.PivoFin2" name="Preview1" time="12.340"/>
  <system-out/>
  <testcase classname="pivotalApplication.PivoFin2" name="Printclose" time="17.677"/>
  <system-out/>
  <testcase classname="pivotalApplication.PivoFin2" name="ClickHistory" time="6.675"/>
  <system-out/>
  <testcase classname="pivotalApplication.PivoFin2" name="ViewDocument" time="2.435"/>
  <system-out/>
  <testcase classname="pivotalApplication.PivoFin2" name="close1" time="10.261"/>
  <system-out/>
  <testcase classname="pivotalApplication.PivoFin2" name="ViewReceipts" time="17.546"/>
  <system-out/>
  <testcase classname="pivotalApplication.PivoFin2" name="close2" time="12.210"/>
  <system-out/>
  <testcase classname="pivotalApplication.PivoFin2" name="ViewReferal" time="10.670"/>
  <system-out/>
  <testcase classname="pivotalApplication.PivoFin2" name="close4" time="55.691"/>
  <system-out/>
  <testcase classname="pivotalApplication.PivoFin2" name="PatientList" time="35.786"/>
  <system-out/>
  <testcase classname="pivotalApplication.PivoFin2" name="Appointments" time="10.690"/>
  <system-out/>
  <testcase classname="pivotalApplication.PivoFin2" name="Prescription" time="44.043"/>
  <system-out/>
  <testcase classname="pivotalApplication.PivoFin2" name="Reports" time="48.985"/>
  <system-out/>
  <testcase classname="pivotalApplication.PivoFin2" name="Referrals" time="46.430"/>
  <system-out/>
  <testcase classname="pivotalApplication.PivoFin2" name="VaccineInStore" time="22.807"/>
  <system-out/>
  <testcase classname="pivotalApplication.PivoFin2" name="ViewReports" time="50.555"/>
  <system-out/>
  <testcase classname="pivotalApplication.PivoFin2" name="MyNotes" time="26.962"/>
  <system-out/>
  <testcase classname="pivotalApplication.PivoFin2" name="ShareHealth" time="12.555"/>
  <system-out/>
  <testcase classname="pivotalApplication.PivoFin2" name="WhatsNew" time="10.563"/>
  <system-out/>
  <testcase classname="pivotalApplication.PivoFin2" name="DashboardData" time="6.800"/>
  <system-out/>
</testsuite> <!-- pivotalApplication.PivoFin2 -->
