<?xml version="1.0" encoding="UTF-8"?>
<!-- Generated by org.testng.reporters.JUnitReportReporter -->
<testsuite hostname="CopiousCare" failures="0" tests="37" name="webAuto.OpdEndToEndWorkFlow1" time="343.659" errors="0" timestamp="2024-05-21T10:43:35 IST" skipped="0">
  <testcase classname="webAuto.OpdEndToEndWorkFlow1" name="numberField" time="0.119"/>
  <system-out/>
  <testcase classname="webAuto.OpdEndToEndWorkFlow1" name="sendOTP" time="11.580"/>
  <system-out/>
  <testcase classname="webAuto.OpdEndToEndWorkFlow1" name="verifyButton" time="10.098"/>
  <system-out/>
  <testcase classname="webAuto.OpdEndToEndWorkFlow1" name="createPatient" time="0.393"/>
  <system-out/>
  <testcase classname="webAuto.OpdEndToEndWorkFlow1" name="Number1" time="0.206"/>
  <system-out/>
  <testcase classname="webAuto.OpdEndToEndWorkFlow1" name="confirm" time="2.829"/>
  <system-out/>
  <testcase classname="webAuto.OpdEndToEndWorkFlow1" name="number2" time="0.230"/>
  <system-out/>
  <testcase classname="webAuto.OpdEndToEndWorkFlow1" name="firstName" time="0.135"/>
  <system-out/>
  <testcase classname="webAuto.OpdEndToEndWorkFlow1" name="middleName" time="0.107"/>
  <system-out/>
  <testcase classname="webAuto.OpdEndToEndWorkFlow1" name="lastName" time="0.117"/>
  <system-out/>
  <testcase classname="webAuto.OpdEndToEndWorkFlow1" name="birthDate" time="0.162"/>
  <system-out/>
  <testcase classname="webAuto.OpdEndToEndWorkFlow1" name="genFemale" time="0.060"/>
  <system-out/>
  <testcase classname="webAuto.OpdEndToEndWorkFlow1" name="address" time="0.127"/>
  <system-out/>
  <testcase classname="webAuto.OpdEndToEndWorkFlow1" name="locality" time="0.147"/>
  <system-out/>
  <testcase classname="webAuto.OpdEndToEndWorkFlow1" name="city" time="0.115"/>
  <system-out/>
  <testcase classname="webAuto.OpdEndToEndWorkFlow1" name="pinCode" time="0.118"/>
  <system-out/>
  <testcase classname="webAuto.OpdEndToEndWorkFlow1" name="proceedWithSameRMN" time="0.131"/>
  <system-out/>
  <testcase classname="webAuto.OpdEndToEndWorkFlow1" name="nextButton" time="15.098"/>
  <system-out/>
  <testcase classname="webAuto.OpdEndToEndWorkFlow1" name="clickClose" time="0.805"/>
  <system-out/>
  <testcase classname="webAuto.OpdEndToEndWorkFlow1" name="fillVitalForm" time="15.841"/>
  <system-out/>
  <testcase classname="webAuto.OpdEndToEndWorkFlow1" name="fillHealthProfile" time="10.991"/>
  <system-out/>
  <testcase classname="webAuto.OpdEndToEndWorkFlow1" name="fillFamilyProfile" time="16.234"/>
  <system-out/>
  <testcase classname="webAuto.OpdEndToEndWorkFlow1" name="GoHome" time="0.135"/>
  <system-out/>
  <testcase classname="webAuto.OpdEndToEndWorkFlow1" name="AddNewAppointment" time="25.316"/>
  <system-out/>
  <testcase classname="webAuto.OpdEndToEndWorkFlow1" name="AddPrescription" time="15.228"/>
  <system-out/>
  <testcase classname="webAuto.OpdEndToEndWorkFlow1" name="Complaints" time="3.235"/>
  <system-out/>
  <testcase classname="webAuto.OpdEndToEndWorkFlow1" name="VitalsOption" time="3.871"/>
  <system-out/>
  <testcase classname="webAuto.OpdEndToEndWorkFlow1" name="BpandHeartOption" time="15.716"/>
  <system-out/>
  <testcase classname="webAuto.OpdEndToEndWorkFlow1" name="BloodAndAnalysis" time="15.691"/>
  <system-out/>
  <testcase classname="webAuto.OpdEndToEndWorkFlow1" name="LipidProfile" time="15.581"/>
  <system-out/>
  <testcase classname="webAuto.OpdEndToEndWorkFlow1" name="OnExamination" time="15.343"/>
  <system-out/>
  <testcase classname="webAuto.OpdEndToEndWorkFlow1" name="Diagnosis" time="15.234"/>
  <system-out/>
  <testcase classname="webAuto.OpdEndToEndWorkFlow1" name="Medicine1" time="46.601"/>
  <system-out/>
  <testcase classname="webAuto.OpdEndToEndWorkFlow1" name="DietaryAdvice" time="15.211"/>
  <system-out/>
  <testcase classname="webAuto.OpdEndToEndWorkFlow1" name="GeneralInstruction" time="15.176"/>
  <system-out/>
  <testcase classname="webAuto.OpdEndToEndWorkFlow1" name="SaveandProceed" time="0.078"/>
  <system-out/>
  <testcase classname="webAuto.OpdEndToEndWorkFlow1" name="ConfirmPrescription" time="55.600"/>
  <system-out/>
</testsuite> <!-- webAuto.OpdEndToEndWorkFlow1 -->
