<?xml version="1.0" encoding="UTF-8"?>
<!-- Generated by org.testng.reporters.JUnitReportReporter -->
<testsuite hostname="CopiousCare" failures="0" tests="15" name="pivotalApplication.SpecialSituationVaccine" time="76.000" errors="0" timestamp="2024-07-30T15:16:19 IST" skipped="0">
  <testcase classname="pivotalApplication.SpecialSituationVaccine" name="BfSuite" time="0.577"/>
  <system-out/>
  <testcase classname="pivotalApplication.SpecialSituationVaccine" name="NumberField" time="1.065"/>
  <system-out/>
  <testcase classname="pivotalApplication.SpecialSituationVaccine" name="IAgree" time="2.095"/>
  <system-out/>
  <testcase classname="pivotalApplication.SpecialSituationVaccine" name="proceedButton" time="2.368"/>
  <system-out/>
  <testcase classname="pivotalApplication.SpecialSituationVaccine" name="OTP" time="11.902"/>
  <system-out/>
  <testcase classname="pivotalApplication.SpecialSituationVaccine" name="submit" time="7.713"/>
  <system-out/>
  <testcase classname="pivotalApplication.SpecialSituationVaccine" name="Search" time="8.080"/>
  <system-out/>
  <testcase classname="pivotalApplication.SpecialSituationVaccine" name="ClickPatient" time="3.146"/>
  <system-out/>
  <testcase classname="pivotalApplication.SpecialSituationVaccine" name="SpecialVaccine" time="21.674"/>
  <system-out/>
  <testcase classname="pivotalApplication.SpecialSituationVaccine" name="AdministeredDate" time="5.252"/>
  <system-out/>
  <testcase classname="pivotalApplication.SpecialSituationVaccine" name="PopUpOk" time="2.379"/>
  <system-out/>
  <testcase classname="pivotalApplication.SpecialSituationVaccine" name="VaccineDropdown" time="2.302"/>
  <system-out/>
  <testcase classname="pivotalApplication.SpecialSituationVaccine" name="CholeraVaccine" time="2.279"/>
  <system-out/>
  <testcase classname="pivotalApplication.SpecialSituationVaccine" name="Submit" time="2.295"/>
  <system-out/>
  <testcase classname="pivotalApplication.SpecialSituationVaccine" name="VaccinationOk" time="2.873"/>
  <system-out/>
</testsuite> <!-- pivotalApplication.SpecialSituationVaccine -->
