<?xml version="1.0" encoding="UTF-8"?>
<!-- Generated by org.testng.reporters.JUnitReportReporter -->
<testsuite hostname="CopiousCare" failures="0" tests="16" name="webAutoQueueNegative.QLogIn" time="19.481" errors="0" timestamp="2024-05-02T15:43:25 IST" skipped="0">
  <testcase classname="webAutoQueueNegative.QLogIn" name="numberField1" time="0.237"/>
  <system-out/>
  <testcase classname="webAutoQueueNegative.QLogIn" name="numberField2" time="0.247"/>
  <system-out/>
  <testcase classname="webAutoQueueNegative.QLogIn" name="numberField3" time="0.205"/>
  <system-out/>
  <testcase classname="webAutoQueueNegative.QLogIn" name="numberField4" time="0.251"/>
  <system-out/>
  <testcase classname="webAutoQueueNegative.QLogIn" name="numberField5" time="0.208"/>
  <system-out/>
  <testcase classname="webAutoQueueNegative.QLogIn" name="numberField6" time="0.160"/>
  <system-out/>
  <testcase classname="webAutoQueueNegative.QLogIn" name="sendOTP5" time="4.514"/>
  <system-out/>
  <testcase classname="webAutoQueueNegative.QLogIn" name="sendOTP1" time="0.803"/>
  <system-out/>
  <testcase classname="webAutoQueueNegative.QLogIn" name="searchBar1" time="0.510"/>
  <system-out/>
  <testcase classname="webAutoQueueNegative.QLogIn" name="createPatient" time="0.151"/>
  <system-out/>
  <testcase classname="webAutoQueueNegative.QLogIn" name="Number1" time="5.173"/>
  <system-out/>
  <testcase classname="webAutoQueueNegative.QLogIn" name="confirm" time="2.032"/>
  <system-out/>
  <testcase classname="webAutoQueueNegative.QLogIn" name="number2" time="0.188"/>
  <system-out/>
  <testcase classname="webAutoQueueNegative.QLogIn" name="firstName" time="0.136"/>
  <system-out/>
  <testcase classname="webAutoQueueNegative.QLogIn" name="lastName" time="0.118"/>
  <system-out/>
  <testcase classname="webAutoQueueNegative.QLogIn" name="nextButton" time="4.548"/>
  <system-out/>
</testsuite> <!-- webAutoQueueNegative.QLogIn -->
