<?xml version="1.0" encoding="UTF-8"?>
<!-- Generated by org.testng.reporters.JUnitReportReporter -->
<testsuite hostname="CopiousCare" failures="0" tests="7" name="webAuto.CreateRequisitions" time="66.134" errors="0" timestamp="2024-03-29T16:33:06 IST" skipped="0">
  <testcase classname="webAuto.CreateRequisitions" name="numberField" time="0.110"/>
  <system-out/>
  <testcase classname="webAuto.CreateRequisitions" name="sendOTP" time="7.754"/>
  <system-out/>
  <testcase classname="webAuto.CreateRequisitions" name="verifyButton" time="10.076"/>
  <system-out/>
  <testcase classname="webAuto.CreateRequisitions" name="searchBar" time="0.527"/>
  <system-out/>
  <testcase classname="webAuto.CreateRequisitions" name="searchOpt" time="3.090"/>
  <system-out/>
  <testcase classname="webAuto.CreateRequisitions" name="clickPatient" time="10.175"/>
  <system-out/>
  <testcase classname="webAuto.CreateRequisitions" name="Investigation" time="34.402"/>
  <system-out/>
</testsuite> <!-- webAuto.CreateRequisitions -->
