<?xml version="1.0" encoding="UTF-8"?>
<!-- Generated by org.testng.reporters.JUnitReportReporter -->
<testsuite hostname="CopiousCare" failures="0" tests="16" name="webAutoNegative.LogIn1" time="21.717" errors="0" timestamp="2024-06-21T14:30:31 IST" skipped="0">
  <testcase classname="webAutoNegative.LogIn1" name="numberField1" time="0.510"/>
  <system-out/>
  <testcase classname="webAutoNegative.LogIn1" name="numberField2" time="0.379"/>
  <system-out/>
  <testcase classname="webAutoNegative.LogIn1" name="numberField3" time="0.310"/>
  <system-out/>
  <testcase classname="webAutoNegative.LogIn1" name="numberField4" time="0.458"/>
  <system-out/>
  <testcase classname="webAutoNegative.LogIn1" name="numberField5" time="0.471"/>
  <system-out/>
  <testcase classname="webAutoNegative.LogIn1" name="numberField6" time="0.405"/>
  <system-out/>
  <testcase classname="webAutoNegative.LogIn1" name="sendOTP5" time="4.941"/>
  <system-out/>
  <testcase classname="webAutoNegative.LogIn1" name="sendOTP1" time="1.362"/>
  <system-out/>
  <testcase classname="webAutoNegative.LogIn1" name="searchBar1" time="0.561"/>
  <system-out/>
  <testcase classname="webAutoNegative.LogIn1" name="createPatient" time="0.168"/>
  <system-out/>
  <testcase classname="webAutoNegative.LogIn1" name="Number1" time="5.249"/>
  <system-out/>
  <testcase classname="webAutoNegative.LogIn1" name="confirm" time="1.793"/>
  <system-out/>
  <testcase classname="webAutoNegative.LogIn1" name="number2" time="0.196"/>
  <system-out/>
  <testcase classname="webAutoNegative.LogIn1" name="firstName" time="0.132"/>
  <system-out/>
  <testcase classname="webAutoNegative.LogIn1" name="lastName" time="0.117"/>
  <system-out/>
  <testcase classname="webAutoNegative.LogIn1" name="nextButton" time="4.665"/>
  <system-out/>
</testsuite> <!-- webAutoNegative.LogIn1 -->
