<?xml version="1.0" encoding="UTF-8"?>
<!-- Generated by org.testng.reporters.JUnitReportReporter -->
<testsuite hostname="CopiousCare" failures="0" tests="31" name="webAuto.NewAdultOverview" time="163.506" errors="0" timestamp="2024-04-02T16:49:02 IST" skipped="0">
  <testcase classname="webAuto.NewAdultOverview" name="numberField" time="0.121"/>
  <system-out/>
  <testcase classname="webAuto.NewAdultOverview" name="sendOTP" time="6.584"/>
  <system-out/>
  <testcase classname="webAuto.NewAdultOverview" name="verifyButton" time="10.055"/>
  <system-out/>
  <testcase classname="webAuto.NewAdultOverview" name="createPatient" time="0.567"/>
  <system-out/>
  <testcase classname="webAuto.NewAdultOverview" name="Number1" time="0.277"/>
  <system-out/>
  <testcase classname="webAuto.NewAdultOverview" name="confirm" time="1.912"/>
  <system-out/>
  <testcase classname="webAuto.NewAdultOverview" name="number2" time="0.245"/>
  <system-out/>
  <testcase classname="webAuto.NewAdultOverview" name="firstName" time="0.116"/>
  <system-out/>
  <testcase classname="webAuto.NewAdultOverview" name="middleName" time="0.120"/>
  <system-out/>
  <testcase classname="webAuto.NewAdultOverview" name="lastName" time="0.106"/>
  <system-out/>
  <testcase classname="webAuto.NewAdultOverview" name="birthDate" time="0.421"/>
  <system-out/>
  <testcase classname="webAuto.NewAdultOverview" name="genFemale" time="0.045"/>
  <system-out/>
  <testcase classname="webAuto.NewAdultOverview" name="address" time="0.125"/>
  <system-out/>
  <testcase classname="webAuto.NewAdultOverview" name="locality" time="0.130"/>
  <system-out/>
  <testcase classname="webAuto.NewAdultOverview" name="city" time="0.128"/>
  <system-out/>
  <testcase classname="webAuto.NewAdultOverview" name="pinCode" time="0.121"/>
  <system-out/>
  <testcase classname="webAuto.NewAdultOverview" name="prefferedLanguage" time="0.128"/>
  <system-out/>
  <testcase classname="webAuto.NewAdultOverview" name="nextButton" time="15.135"/>
  <system-out/>
  <testcase classname="webAuto.NewAdultOverview" name="clickClose" time="0.832"/>
  <system-out/>
  <testcase classname="webAuto.NewAdultOverview" name="BloodGroups" time="0.190"/>
  <system-out/>
  <testcase classname="webAuto.NewAdultOverview" name="Habits" time="0.086"/>
  <system-out/>
  <testcase classname="webAuto.NewAdultOverview" name="HealthNext" time="15.099"/>
  <system-out/>
  <testcase classname="webAuto.NewAdultOverview" name="HealthProfile" time="17.311"/>
  <system-out/>
  <testcase classname="webAuto.NewAdultOverview" name="FamilyProfile" time="19.056"/>
  <system-out/>
  <testcase classname="webAuto.NewAdultOverview" name="EditPatientProfile" time="5.831"/>
  <system-out/>
  <testcase classname="webAuto.NewAdultOverview" name="PatientProfile" time="5.198"/>
  <system-out/>
  <testcase classname="webAuto.NewAdultOverview" name="AdditionalInformation" time="5.166"/>
  <system-out/>
  <testcase classname="webAuto.NewAdultOverview" name="Notes" time="15.321"/>
  <system-out/>
  <testcase classname="webAuto.NewAdultOverview" name="LinkPatient" time="15.408"/>
  <system-out/>
  <testcase classname="webAuto.NewAdultOverview" name="History" time="15.389"/>
  <system-out/>
  <testcase classname="webAuto.NewAdultOverview" name="DeletePatient" time="12.283"/>
  <system-out/>
</testsuite> <!-- webAuto.NewAdultOverview -->
