<?xml version="1.0" encoding="UTF-8"?>
<!-- Generated by org.testng.reporters.JUnitReportReporter -->
<testsuite hostname="CopiousCare" failures="0" tests="36" name="webAutoQueueNegative.QMarathiCreatePatient" time="376.864" errors="0" timestamp="2024-05-02T16:05:11 IST" skipped="0">
  <testcase classname="webAutoQueueNegative.QMarathiCreatePatient" name="numberField" time="0.145"/>
  <system-out/>
  <testcase classname="webAutoQueueNegative.QMarathiCreatePatient" name="sendOTP" time="5.653"/>
  <system-out/>
  <testcase classname="webAutoQueueNegative.QMarathiCreatePatient" name="verifyButton" time="10.074"/>
  <system-out/>
  <testcase classname="webAutoQueueNegative.QMarathiCreatePatient" name="createPatient" time="0.399"/>
  <system-out/>
  <testcase classname="webAutoQueueNegative.QMarathiCreatePatient" name="Number1" time="0.245"/>
  <system-out/>
  <testcase classname="webAutoQueueNegative.QMarathiCreatePatient" name="confirm" time="2.324"/>
  <system-out/>
  <testcase classname="webAutoQueueNegative.QMarathiCreatePatient" name="number2" time="0.184"/>
  <system-out/>
  <testcase classname="webAutoQueueNegative.QMarathiCreatePatient" name="firstName" time="0.141"/>
  <system-out/>
  <testcase classname="webAutoQueueNegative.QMarathiCreatePatient" name="middleName" time="0.157"/>
  <system-out/>
  <testcase classname="webAutoQueueNegative.QMarathiCreatePatient" name="lastName" time="0.145"/>
  <system-out/>
  <testcase classname="webAutoQueueNegative.QMarathiCreatePatient" name="birthDate" time="0.207"/>
  <system-out/>
  <testcase classname="webAutoQueueNegative.QMarathiCreatePatient" name="genFemale" time="0.069"/>
  <system-out/>
  <testcase classname="webAutoQueueNegative.QMarathiCreatePatient" name="address" time="0.151"/>
  <system-out/>
  <testcase classname="webAutoQueueNegative.QMarathiCreatePatient" name="locality" time="0.174"/>
  <system-out/>
  <testcase classname="webAutoQueueNegative.QMarathiCreatePatient" name="city" time="0.164"/>
  <system-out/>
  <testcase classname="webAutoQueueNegative.QMarathiCreatePatient" name="pinCode" time="0.292"/>
  <system-out/>
  <testcase classname="webAutoQueueNegative.QMarathiCreatePatient" name="nextButton" time="15.091"/>
  <system-out/>
  <testcase classname="webAutoQueueNegative.QMarathiCreatePatient" name="clickClose" time="0.867"/>
  <system-out/>
  <testcase classname="webAutoQueueNegative.QMarathiCreatePatient" name="fillVitalForm" time="15.903"/>
  <system-out/>
  <testcase classname="webAutoQueueNegative.QMarathiCreatePatient" name="fillHealthProfile" time="11.110"/>
  <system-out/>
  <testcase classname="webAutoQueueNegative.QMarathiCreatePatient" name="fillFamilyProfile" time="16.486"/>
  <system-out/>
  <testcase classname="webAutoQueueNegative.QMarathiCreatePatient" name="GoHome" time="0.148"/>
  <system-out/>
  <testcase classname="webAutoQueueNegative.QMarathiCreatePatient" name="AddNewAppointment" time="19.372"/>
  <system-out/>
  <testcase classname="webAutoQueueNegative.QMarathiCreatePatient" name="AddPrescription" time="15.240"/>
  <system-out/>
  <testcase classname="webAutoQueueNegative.QMarathiCreatePatient" name="Complaints" time="3.286"/>
  <system-out/>
  <testcase classname="webAutoQueueNegative.QMarathiCreatePatient" name="VitalsOption" time="3.989"/>
  <system-out/>
  <testcase classname="webAutoQueueNegative.QMarathiCreatePatient" name="BpandHeartOption" time="15.622"/>
  <system-out/>
  <testcase classname="webAutoQueueNegative.QMarathiCreatePatient" name="BloodAndAnalysis" time="15.848"/>
  <system-out/>
  <testcase classname="webAutoQueueNegative.QMarathiCreatePatient" name="LipidProfile" time="16.163"/>
  <system-out/>
  <testcase classname="webAutoQueueNegative.QMarathiCreatePatient" name="OnExamination" time="15.345"/>
  <system-out/>
  <testcase classname="webAutoQueueNegative.QMarathiCreatePatient" name="Diagnosis" time="15.301"/>
  <system-out/>
  <testcase classname="webAutoQueueNegative.QMarathiCreatePatient" name="Medicine1" time="90.556"/>
  <system-out/>
  <testcase classname="webAutoQueueNegative.QMarathiCreatePatient" name="DietaryAdvice" time="15.123"/>
  <system-out/>
  <testcase classname="webAutoQueueNegative.QMarathiCreatePatient" name="GeneralInstruction" time="15.165"/>
  <system-out/>
  <testcase classname="webAutoQueueNegative.QMarathiCreatePatient" name="SaveandProceed" time="0.095"/>
  <system-out/>
  <testcase classname="webAutoQueueNegative.QMarathiCreatePatient" name="ConfirmPrescription" time="55.630"/>
  <system-out/>
</testsuite> <!-- webAutoQueueNegative.QMarathiCreatePatient -->
