<?xml version="1.0" encoding="UTF-8"?>
<!-- Generated by org.testng.reporters.JUnitReportReporter -->
<testsuite hostname="CopiousCare" failures="0" tests="38" name="webAuto.PatientAppointmentPrescription" time="346.256" errors="0" timestamp="2024-04-02T15:13:49 IST" skipped="0">
  <testcase classname="webAuto.PatientAppointmentPrescription" name="numberField" time="0.171"/>
  <system-out/>
  <testcase classname="webAuto.PatientAppointmentPrescription" name="sendOTP" time="10.622"/>
  <system-out/>
  <testcase classname="webAuto.PatientAppointmentPrescription" name="verifyButton" time="10.047"/>
  <system-out/>
  <testcase classname="webAuto.PatientAppointmentPrescription" name="createPatient" time="0.464"/>
  <system-out/>
  <testcase classname="webAuto.PatientAppointmentPrescription" name="Number1" time="0.195"/>
  <system-out/>
  <testcase classname="webAuto.PatientAppointmentPrescription" name="confirm" time="2.015"/>
  <system-out/>
  <testcase classname="webAuto.PatientAppointmentPrescription" name="number2" time="0.217"/>
  <system-out/>
  <testcase classname="webAuto.PatientAppointmentPrescription" name="firstName" time="0.127"/>
  <system-out/>
  <testcase classname="webAuto.PatientAppointmentPrescription" name="middleName" time="0.115"/>
  <system-out/>
  <testcase classname="webAuto.PatientAppointmentPrescription" name="lastName" time="0.117"/>
  <system-out/>
  <testcase classname="webAuto.PatientAppointmentPrescription" name="birthDate" time="0.172"/>
  <system-out/>
  <testcase classname="webAuto.PatientAppointmentPrescription" name="genFemale" time="0.058"/>
  <system-out/>
  <testcase classname="webAuto.PatientAppointmentPrescription" name="address" time="0.122"/>
  <system-out/>
  <testcase classname="webAuto.PatientAppointmentPrescription" name="locality" time="0.141"/>
  <system-out/>
  <testcase classname="webAuto.PatientAppointmentPrescription" name="city" time="0.101"/>
  <system-out/>
  <testcase classname="webAuto.PatientAppointmentPrescription" name="pinCode" time="0.105"/>
  <system-out/>
  <testcase classname="webAuto.PatientAppointmentPrescription" name="nextButton" time="15.101"/>
  <system-out/>
  <testcase classname="webAuto.PatientAppointmentPrescription" name="proceedWithSameRMN" time="0.154"/>
  <system-out/>
  <testcase classname="webAuto.PatientAppointmentPrescription" name="clickClose" time="0.541"/>
  <system-out/>
  <testcase classname="webAuto.PatientAppointmentPrescription" name="fillVitalForm" time="16.003"/>
  <system-out/>
  <testcase classname="webAuto.PatientAppointmentPrescription" name="fillHealthProfile" time="10.823"/>
  <system-out/>
  <testcase classname="webAuto.PatientAppointmentPrescription" name="fillFamilyProfile" time="15.930"/>
  <system-out/>
  <testcase classname="webAuto.PatientAppointmentPrescription" name="GoHome" time="0.137"/>
  <system-out/>
  <testcase classname="webAuto.PatientAppointmentPrescription" name="AddNewAppointment" time="25.286"/>
  <system-out/>
  <testcase classname="webAuto.PatientAppointmentPrescription" name="AddPrescription" time="15.200"/>
  <system-out/>
  <testcase classname="webAuto.PatientAppointmentPrescription" name="Complaints" time="3.219"/>
  <system-out/>
  <testcase classname="webAuto.PatientAppointmentPrescription" name="VitalsOption" time="3.796"/>
  <system-out/>
  <testcase classname="webAuto.PatientAppointmentPrescription" name="BpandHeartOption" time="15.743"/>
  <system-out/>
  <testcase classname="webAuto.PatientAppointmentPrescription" name="BloodAndAnalysis" time="15.763"/>
  <system-out/>
  <testcase classname="webAuto.PatientAppointmentPrescription" name="LipidProfile" time="15.555"/>
  <system-out/>
  <testcase classname="webAuto.PatientAppointmentPrescription" name="OnExamination" time="15.260"/>
  <system-out/>
  <testcase classname="webAuto.PatientAppointmentPrescription" name="Diagnosis" time="20.241"/>
  <system-out/>
  <testcase classname="webAuto.PatientAppointmentPrescription" name="Medicine" time="0.061"/>
  <system-out/>
  <testcase classname="webAuto.PatientAppointmentPrescription" name="Medicine1" time="46.544"/>
  <system-out/>
  <testcase classname="webAuto.PatientAppointmentPrescription" name="DietaryAdvice" time="15.193"/>
  <system-out/>
  <testcase classname="webAuto.PatientAppointmentPrescription" name="GeneralInstruction" time="15.165"/>
  <system-out/>
  <testcase classname="webAuto.PatientAppointmentPrescription" name="SaveandProceed" time="0.092"/>
  <system-out/>
  <testcase classname="webAuto.PatientAppointmentPrescription" name="ConfirmPrescription" time="55.660"/>
  <system-out/>
</testsuite> <!-- webAuto.PatientAppointmentPrescription -->
