<?xml version="1.0" encoding="UTF-8"?>
<!-- Generated by org.testng.reporters.JUnitReportReporter -->
<testsuite hostname="CopiousCare" failures="0" tests="8" name="webAuto.ViewReceiptInAllDoc" time="58.812" errors="0" timestamp="2024-04-02T15:48:08 IST" skipped="0">
  <testcase classname="webAuto.ViewReceiptInAllDoc" name="numberField" time="0.159"/>
  <system-out/>
  <testcase classname="webAuto.ViewReceiptInAllDoc" name="sendOTP" time="8.776"/>
  <system-out/>
  <testcase classname="webAuto.ViewReceiptInAllDoc" name="verifyButton" time="10.071"/>
  <system-out/>
  <testcase classname="webAuto.ViewReceiptInAllDoc" name="searchBar" time="0.537"/>
  <system-out/>
  <testcase classname="webAuto.ViewReceiptInAllDoc" name="searchOpt" time="3.092"/>
  <system-out/>
  <testcase classname="webAuto.ViewReceiptInAllDoc" name="clickPatient" time="10.149"/>
  <system-out/>
  <testcase classname="webAuto.ViewReceiptInAllDoc" name="Document" time="0.086"/>
  <system-out/>
  <testcase classname="webAuto.ViewReceiptInAllDoc" name="AllDocuments" time="25.942"/>
  <system-out/>
</testsuite> <!-- webAuto.ViewReceiptInAllDoc -->
