<?xml version="1.0" encoding="UTF-8"?>
<!-- Generated by org.testng.reporters.JUnitReportReporter -->
<testsuite hostname="CopiousCare" failures="0" tests="8" name="pivotalApplicationNegative.NLogin" time="133.069" errors="0" timestamp="2024-08-02T15:09:54 IST" skipped="0">
  <testcase classname="pivotalApplicationNegative.NLogin" name="BfSuite" time="0.627"/>
  <system-out/>
  <testcase classname="pivotalApplicationNegative.NLogin" name="Case2RandomNUmber" time="11.571"/>
  <system-out/>
  <testcase classname="pivotalApplicationNegative.NLogin" name="Case3NumberLessThanTen" time="15.733"/>
  <system-out/>
  <testcase classname="pivotalApplicationNegative.NLogin" name="NumberField" time="7.097"/>
  <system-out/>
  <testcase classname="pivotalApplicationNegative.NLogin" name="proceedButton" time="2.946"/>
  <system-out/>
  <testcase classname="pivotalApplicationNegative.NLogin" name="OTP" time="11.353"/>
  <system-out/>
  <testcase classname="pivotalApplicationNegative.NLogin" name="submit" time="71.523"/>
  <system-out/>
  <testcase classname="pivotalApplicationNegative.NLogin" name="ResendOTP" time="12.219"/>
  <system-out/>
</testsuite> <!-- pivotalApplicationNegative.NLogin -->
