<?xml version="1.0" encoding="UTF-8"?>
<!-- Generated by org.testng.reporters.JUnitReportReporter -->
<testsuite hostname="DESKTOP-VQLLA2K" failures="0" tests="43" name="pivotalApplication.LMPAddPivo" time="255.343" errors="0" timestamp="2023-12-22T10:44:05 IST" skipped="0">
  <testcase classname="pivotalApplication.LMPAddPivo" name="NumberField" time="0.694"/>
  <testcase classname="pivotalApplication.LMPAddPivo" name="IAgree" time="2.135"/>
  <testcase classname="pivotalApplication.LMPAddPivo" name="proceedButton" time="2.381"/>
  <testcase classname="pivotalApplication.LMPAddPivo" name="OTP" time="11.336"/>
  <testcase classname="pivotalApplication.LMPAddPivo" name="submit" time="6.169"/>
  <testcase classname="pivotalApplication.LMPAddPivo" name="Createptient" time="4.604"/>
  <testcase classname="pivotalApplication.LMPAddPivo" name="Neweptient" time="12.298"/>
  <testcase classname="pivotalApplication.LMPAddPivo" name="Close" time="4.983"/>
  <testcase classname="pivotalApplication.LMPAddPivo" name="MobileNumber1" time="3.030"/>
  <testcase classname="pivotalApplication.LMPAddPivo" name="confirm" time="4.495"/>
  <testcase classname="pivotalApplication.LMPAddPivo" name="confirmPopup" time="5.318"/>
  <testcase classname="pivotalApplication.LMPAddPivo" name="AdditionalNumber1" time="3.088"/>
  <testcase classname="pivotalApplication.LMPAddPivo" name="FirstName" time="4.452"/>
  <testcase classname="pivotalApplication.LMPAddPivo" name="MiddleName" time="4.948"/>
  <testcase classname="pivotalApplication.LMPAddPivo" name="LastName" time="4.979"/>
  <testcase classname="pivotalApplication.LMPAddPivo" name="Age" time="0.908"/>
  <testcase classname="pivotalApplication.LMPAddPivo" name="GenFemale" time="4.409"/>
  <testcase classname="pivotalApplication.LMPAddPivo" name="Address" time="2.875"/>
  <testcase classname="pivotalApplication.LMPAddPivo" name="Area" time="2.384"/>
  <testcase classname="pivotalApplication.LMPAddPivo" name="City" time="2.885"/>
  <testcase classname="pivotalApplication.LMPAddPivo" name="PinCode" time="2.902"/>
  <testcase classname="pivotalApplication.LMPAddPivo" name="Next" time="15.389"/>
  <testcase classname="pivotalApplication.LMPAddPivo" name="AddVital" time="5.378"/>
  <testcase classname="pivotalApplication.LMPAddPivo" name="Continue" time="5.245"/>
  <testcase classname="pivotalApplication.LMPAddPivo" name="weight" time="0.319"/>
  <testcase classname="pivotalApplication.LMPAddPivo" name="Height" time="6.097"/>
  <testcase classname="pivotalApplication.LMPAddPivo" name="Temperature" time="5.897"/>
  <testcase classname="pivotalApplication.LMPAddPivo" name="SPO2" time="5.902"/>
  <testcase classname="pivotalApplication.LMPAddPivo" name="LMPDate" time="17.059"/>
  <testcase classname="pivotalApplication.LMPAddPivo" name="UpArrow" time="10.796"/>
  <testcase classname="pivotalApplication.LMPAddPivo" name="BPSYS" time="5.844"/>
  <testcase classname="pivotalApplication.LMPAddPivo" name="BPDIA" time="5.794"/>
  <testcase classname="pivotalApplication.LMPAddPivo" name="HeartRate" time="6.376"/>
  <testcase classname="pivotalApplication.LMPAddPivo" name="Pulse" time="16.651"/>
  <testcase classname="pivotalApplication.LMPAddPivo" name="BloodSugar" time="5.331"/>
  <testcase classname="pivotalApplication.LMPAddPivo" name="BloodSugarf" time="5.806"/>
  <testcase classname="pivotalApplication.LMPAddPivo" name="BloodSugarPP" time="5.354"/>
  <testcase classname="pivotalApplication.LMPAddPivo" name="BloodSugarHB" time="11.593"/>
  <testcase classname="pivotalApplication.LMPAddPivo" name="CholesterolHDL" time="6.868"/>
  <testcase classname="pivotalApplication.LMPAddPivo" name="CholesterolLDL" time="5.816"/>
  <testcase classname="pivotalApplication.LMPAddPivo" name="TotalCholesterol" time="5.308"/>
  <testcase classname="pivotalApplication.LMPAddPivo" name="Triglycerides" time="5.804"/>
  <testcase classname="pivotalApplication.LMPAddPivo" name="Save" time="5.443"/>
</testsuite> <!-- pivotalApplication.LMPAddPivo -->
