<?xml version="1.0" encoding="UTF-8"?>
<!-- Generated by org.testng.reporters.JUnitReportReporter -->
<testsuite hostname="CopiousCare" failures="0" tests="6" name="webAutoQueue.MoreInfoQ" time="35.856" errors="0" timestamp="2024-04-29T14:43:46 IST" skipped="0">
  <testcase classname="webAutoQueue.MoreInfoQ" name="numberField" time="0.118"/>
  <system-out/>
  <testcase classname="webAutoQueue.MoreInfoQ" name="sendOTP" time="8.465"/>
  <system-out/>
  <testcase classname="webAutoQueue.MoreInfoQ" name="verifyButton" time="10.068"/>
  <system-out/>
  <testcase classname="webAutoQueue.MoreInfoQ" name="searchBar" time="0.465"/>
  <system-out/>
  <testcase classname="webAutoQueue.MoreInfoQ" name="searchOpt" time="3.068"/>
  <system-out/>
  <testcase classname="webAutoQueue.MoreInfoQ" name="clickPatient" time="13.672"/>
  <system-out/>
</testsuite> <!-- webAutoQueue.MoreInfoQ -->
