<?xml version="1.0" encoding="UTF-8"?>
<!-- Generated by org.testng.reporters.JUnitReportReporter -->
<testsuite hostname="CopiousCare" failures="0" tests="27" name="healthApp.HealthUploadDoc" time="149.905" errors="0" timestamp="2024-08-08T17:04:40 IST" skipped="0">
  <testcase classname="healthApp.HealthUploadDoc" name="BfSuite" time="0.616"/>
  <system-out/>
  <testcase classname="healthApp.HealthUploadDoc" name="NumberField" time="12.414"/>
  <system-out/>
  <testcase classname="healthApp.HealthUploadDoc" name="IAgree" time="2.028"/>
  <system-out/>
  <testcase classname="healthApp.HealthUploadDoc" name="proceedButton" time="5.259"/>
  <system-out/>
  <testcase classname="healthApp.HealthUploadDoc" name="OTP" time="16.439"/>
  <system-out/>
  <testcase classname="healthApp.HealthUploadDoc" name="Verify" time="5.481"/>
  <system-out/>
  <testcase classname="healthApp.HealthUploadDoc" name="SelectFamilyMember" time="11.130"/>
  <system-out/>
  <testcase classname="healthApp.HealthUploadDoc" name="AddButton" time="5.590"/>
  <system-out/>
  <testcase classname="healthApp.HealthUploadDoc" name="UploadDoc" time="5.646"/>
  <system-out/>
  <testcase classname="healthApp.HealthUploadDoc" name="DocumentsDropDown" time="5.236"/>
  <system-out/>
  <testcase classname="healthApp.HealthUploadDoc" name="DischargeSummary" time="2.271"/>
  <system-out/>
  <testcase classname="healthApp.HealthUploadDoc" name="CreatedBy" time="2.761"/>
  <system-out/>
  <testcase classname="healthApp.HealthUploadDoc" name="DocumentOn" time="2.236"/>
  <system-out/>
  <testcase classname="healthApp.HealthUploadDoc" name="popUpOk" time="2.322"/>
  <system-out/>
  <testcase classname="healthApp.HealthUploadDoc" name="Camera" time="16.678"/>
  <system-out/>
  <testcase classname="healthApp.HealthUploadDoc" name="UploadCam" time="7.298"/>
  <system-out/>
  <testcase classname="healthApp.HealthUploadDoc" name="UploadCamOk" time="10.840"/>
  <system-out/>
  <testcase classname="healthApp.HealthUploadDoc" name="UploadDocuments1" time="3.138"/>
  <system-out/>
  <testcase classname="healthApp.HealthUploadDoc" name="DocumentsDropDown1" time="5.238"/>
  <system-out/>
  <testcase classname="healthApp.HealthUploadDoc" name="DischargeSummary1" time="2.249"/>
  <system-out/>
  <testcase classname="healthApp.HealthUploadDoc" name="CreatedBy1" time="2.763"/>
  <system-out/>
  <testcase classname="healthApp.HealthUploadDoc" name="DocumentOn1" time="2.238"/>
  <system-out/>
  <testcase classname="healthApp.HealthUploadDoc" name="popUpOk1" time="2.301"/>
  <system-out/>
  <testcase classname="healthApp.HealthUploadDoc" name="Gallery" time="2.304"/>
  <system-out/>
  <testcase classname="healthApp.HealthUploadDoc" name="photo" time="10.353"/>
  <system-out/>
  <testcase classname="healthApp.HealthUploadDoc" name="Upload" time="2.319"/>
  <system-out/>
  <testcase classname="healthApp.HealthUploadDoc" name="UploadOk" time="2.757"/>
  <system-out/>
</testsuite> <!-- healthApp.HealthUploadDoc -->
