<?xml version="1.0" encoding="UTF-8"?>
<!-- Generated by org.testng.reporters.JUnitReportReporter -->
<testsuite hostname="CopiousCare" failures="0" tests="10" name="webAuto.CreateReceipt" time="94.236" errors="0" timestamp="2024-03-29T16:19:12 IST" skipped="0">
  <testcase classname="webAuto.CreateReceipt" name="numberField" time="0.144"/>
  <system-out/>
  <testcase classname="webAuto.CreateReceipt" name="sendOTP" time="7.749"/>
  <system-out/>
  <testcase classname="webAuto.CreateReceipt" name="verifyButton" time="10.083"/>
  <system-out/>
  <testcase classname="webAuto.CreateReceipt" name="searchBar" time="0.521"/>
  <system-out/>
  <testcase classname="webAuto.CreateReceipt" name="searchOpt" time="3.109"/>
  <system-out/>
  <testcase classname="webAuto.CreateReceipt" name="clickPatient" time="10.166"/>
  <system-out/>
  <testcase classname="webAuto.CreateReceipt" name="Document" time="5.085"/>
  <system-out/>
  <testcase classname="webAuto.CreateReceipt" name="ReceiptOption" time="21.358"/>
  <system-out/>
  <testcase classname="webAuto.CreateReceipt" name="OtheCharges" time="0.112"/>
  <system-out/>
  <testcase classname="webAuto.CreateReceipt" name="previewReceipt" time="35.909"/>
  <system-out/>
</testsuite> <!-- webAuto.CreateReceipt -->
