<?xml version="1.0" encoding="UTF-8"?>
<!-- Generated by org.testng.reporters.JUnitReportReporter -->
<testsuite hostname="DESKTOP-VQLLA2K" failures="0" tests="37" name="webAuto.OpdEndToEndWorkFlow1" time="370.683" errors="0" timestamp="2024-01-08T09:52:48 IST" skipped="0">
  <testcase classname="webAuto.OpdEndToEndWorkFlow1" name="numberField" time="0.322"/>
  <testcase classname="webAuto.OpdEndToEndWorkFlow1" name="sendOTP" time="12.235"/>
  <testcase classname="webAuto.OpdEndToEndWorkFlow1" name="verifyButton" time="10.162"/>
  <testcase classname="webAuto.OpdEndToEndWorkFlow1" name="createPatient" time="3.953"/>
  <testcase classname="webAuto.OpdEndToEndWorkFlow1" name="Number1" time="0.881"/>
  <testcase classname="webAuto.OpdEndToEndWorkFlow1" name="confirm" time="2.361"/>
  <testcase classname="webAuto.OpdEndToEndWorkFlow1" name="number2" time="0.734"/>
  <testcase classname="webAuto.OpdEndToEndWorkFlow1" name="firstName" time="0.424"/>
  <testcase classname="webAuto.OpdEndToEndWorkFlow1" name="middleName" time="0.370"/>
  <testcase classname="webAuto.OpdEndToEndWorkFlow1" name="lastName" time="0.397"/>
  <testcase classname="webAuto.OpdEndToEndWorkFlow1" name="birthDate" time="0.644"/>
  <testcase classname="webAuto.OpdEndToEndWorkFlow1" name="genFemale" time="0.250"/>
  <testcase classname="webAuto.OpdEndToEndWorkFlow1" name="address" time="0.473"/>
  <testcase classname="webAuto.OpdEndToEndWorkFlow1" name="locality" time="0.394"/>
  <testcase classname="webAuto.OpdEndToEndWorkFlow1" name="city" time="0.387"/>
  <testcase classname="webAuto.OpdEndToEndWorkFlow1" name="pinCode" time="0.440"/>
  <testcase classname="webAuto.OpdEndToEndWorkFlow1" name="proceedWithSameRMN" time="0.419"/>
  <testcase classname="webAuto.OpdEndToEndWorkFlow1" name="nextButton" time="15.179"/>
  <testcase classname="webAuto.OpdEndToEndWorkFlow1" name="clickClose" time="1.291"/>
  <testcase classname="webAuto.OpdEndToEndWorkFlow1" name="fillVitalForm" time="17.796"/>
  <testcase classname="webAuto.OpdEndToEndWorkFlow1" name="fillHealthProfile" time="13.206"/>
  <testcase classname="webAuto.OpdEndToEndWorkFlow1" name="fillFamilyProfile" time="18.138"/>
  <testcase classname="webAuto.OpdEndToEndWorkFlow1" name="GoHome" time="0.633"/>
  <testcase classname="webAuto.OpdEndToEndWorkFlow1" name="AddNewAppointment" time="25.918"/>
  <testcase classname="webAuto.OpdEndToEndWorkFlow1" name="AddPrescription" time="15.871"/>
  <testcase classname="webAuto.OpdEndToEndWorkFlow1" name="Complaints" time="4.422"/>
  <testcase classname="webAuto.OpdEndToEndWorkFlow1" name="VitalsOption" time="5.435"/>
  <testcase classname="webAuto.OpdEndToEndWorkFlow1" name="BpandHeartOption" time="16.599"/>
  <testcase classname="webAuto.OpdEndToEndWorkFlow1" name="BloodAndAnalysis" time="16.957"/>
  <testcase classname="webAuto.OpdEndToEndWorkFlow1" name="LipidProfile" time="16.680"/>
  <testcase classname="webAuto.OpdEndToEndWorkFlow1" name="OnExamination" time="15.539"/>
  <testcase classname="webAuto.OpdEndToEndWorkFlow1" name="Diagnosis" time="15.433"/>
  <testcase classname="webAuto.OpdEndToEndWorkFlow1" name="Medicine1" time="48.621"/>
  <testcase classname="webAuto.OpdEndToEndWorkFlow1" name="DietaryAdvice" time="15.390"/>
  <testcase classname="webAuto.OpdEndToEndWorkFlow1" name="GeneralInstruction" time="15.403"/>
  <testcase classname="webAuto.OpdEndToEndWorkFlow1" name="SaveandProceed" time="0.290"/>
  <testcase classname="webAuto.OpdEndToEndWorkFlow1" name="ConfirmPrescription" time="57.036"/>
</testsuite> <!-- webAuto.OpdEndToEndWorkFlow1 -->
