<?xml version="1.0" encoding="UTF-8"?>
<!-- Generated by org.testng.reporters.JUnitReportReporter -->
<testsuite hostname="CopiousCare" failures="0" tests="3" name="webAutoNegative.FavouritesMedicine" time="21.819" errors="0" timestamp="2024-04-03T12:12:37 IST" skipped="0">
  <testcase classname="webAutoNegative.FavouritesMedicine" name="numberField" time="0.232"/>
  <system-out/>
  <testcase classname="webAutoNegative.FavouritesMedicine" name="sendOTP" time="10.735"/>
  <system-out/>
  <testcase classname="webAutoNegative.FavouritesMedicine" name="verifyButton" time="10.852"/>
  <system-out/>
</testsuite> <!-- webAutoNegative.FavouritesMedicine -->
