<?xml version="1.0" encoding="UTF-8"?>
<!-- Generated by org.testng.reporters.JUnitReportReporter -->
<testsuite hostname="CopiousCare" failures="0" tests="11" name="webAuto.EditPatientProfile" time="80.350" errors="0" timestamp="2024-04-01T12:58:08 IST" skipped="0">
  <testcase classname="webAuto.EditPatientProfile" name="numberField" time="0.113"/>
  <system-out/>
  <testcase classname="webAuto.EditPatientProfile" name="sendOTP" time="7.561"/>
  <system-out/>
  <testcase classname="webAuto.EditPatientProfile" name="verifyButton" time="10.064"/>
  <system-out/>
  <testcase classname="webAuto.EditPatientProfile" name="searchBar" time="0.425"/>
  <system-out/>
  <testcase classname="webAuto.EditPatientProfile" name="searchOpt" time="3.071"/>
  <system-out/>
  <testcase classname="webAuto.EditPatientProfile" name="clickPatient" time="10.289"/>
  <system-out/>
  <testcase classname="webAuto.EditPatientProfile" name="firstName" time="0.286"/>
  <system-out/>
  <testcase classname="webAuto.EditPatientProfile" name="lastName" time="0.180"/>
  <system-out/>
  <testcase classname="webAuto.EditPatientProfile" name="middleName" time="0.140"/>
  <system-out/>
  <testcase classname="webAuto.EditPatientProfile" name="nextButton" time="15.070"/>
  <system-out/>
  <testcase classname="webAuto.EditPatientProfile" name="fillVitalForm" time="33.151"/>
  <system-out/>
</testsuite> <!-- webAuto.EditPatientProfile -->
