<?xml version="1.0" encoding="UTF-8"?>
<!-- Generated by org.testng.reporters.JUnitReportReporter -->
<testsuite hostname="CopiousCare" failures="0" tests="22" name="pivotalApplicationNegative.MultiplePatientCreation$CreatePediatricPatient" time="143.837" errors="0" timestamp="2024-09-04T12:39:50 IST" skipped="0">
  <testcase classname="pivotalApplicationNegative.MultiplePatientCreation$CreatePediatricPatient" name="BfSuite" time="0.685"/>
  <system-out/>
  <testcase classname="pivotalApplicationNegative.MultiplePatientCreation$CreatePediatricPatient" name="NumberField" time="0.983"/>
  <system-out/>
  <testcase classname="pivotalApplicationNegative.MultiplePatientCreation$CreatePediatricPatient" name="IAgree" time="2.064"/>
  <system-out/>
  <testcase classname="pivotalApplicationNegative.MultiplePatientCreation$CreatePediatricPatient" name="proceedButton" time="2.382"/>
  <system-out/>
  <testcase classname="pivotalApplicationNegative.MultiplePatientCreation$CreatePediatricPatient" name="OTP" time="12.019"/>
  <system-out/>
  <testcase classname="pivotalApplicationNegative.MultiplePatientCreation$CreatePediatricPatient" name="submit" time="7.830"/>
  <system-out/>
  <testcase classname="pivotalApplicationNegative.MultiplePatientCreation$CreatePediatricPatient" name="Createptient" time="4.625"/>
  <system-out/>
  <testcase classname="pivotalApplicationNegative.MultiplePatientCreation$CreatePediatricPatient" name="MobileNumber1" time="3.025"/>
  <system-out/>
  <testcase classname="pivotalApplicationNegative.MultiplePatientCreation$CreatePediatricPatient" name="confirm" time="7.551"/>
  <system-out/>
  <testcase classname="pivotalApplicationNegative.MultiplePatientCreation$CreatePediatricPatient" name="confirmPopup" time="20.601"/>
  <system-out/>
  <testcase classname="pivotalApplicationNegative.MultiplePatientCreation$CreatePediatricPatient" name="AdditionalNumber1" time="3.029"/>
  <system-out/>
  <testcase classname="pivotalApplicationNegative.MultiplePatientCreation$CreatePediatricPatient" name="FirstName" time="5.016"/>
  <system-out/>
  <testcase classname="pivotalApplicationNegative.MultiplePatientCreation$CreatePediatricPatient" name="MiddleName" time="5.103"/>
  <system-out/>
  <testcase classname="pivotalApplicationNegative.MultiplePatientCreation$CreatePediatricPatient" name="LastName" time="5.028"/>
  <system-out/>
  <testcase classname="pivotalApplicationNegative.MultiplePatientCreation$CreatePediatricPatient" name="BirthCalender" time="5.234"/>
  <system-out/>
  <testcase classname="pivotalApplicationNegative.MultiplePatientCreation$CreatePediatricPatient" name="Birthok" time="4.401"/>
  <system-out/>
  <testcase classname="pivotalApplicationNegative.MultiplePatientCreation$CreatePediatricPatient" name="GenFemale" time="4.444"/>
  <system-out/>
  <testcase classname="pivotalApplicationNegative.MultiplePatientCreation$CreatePediatricPatient" name="Address" time="3.114"/>
  <system-out/>
  <testcase classname="pivotalApplicationNegative.MultiplePatientCreation$CreatePediatricPatient" name="Area" time="2.993"/>
  <system-out/>
  <testcase classname="pivotalApplicationNegative.MultiplePatientCreation$CreatePediatricPatient" name="City" time="2.967"/>
  <system-out/>
  <testcase classname="pivotalApplicationNegative.MultiplePatientCreation$CreatePediatricPatient" name="PinCode" time="2.969"/>
  <system-out/>
  <testcase classname="pivotalApplicationNegative.MultiplePatientCreation$CreatePediatricPatient" name="Next" time="37.774"/>
  <system-out/>
</testsuite> <!-- pivotalApplicationNegative.MultiplePatientCreation$CreatePediatricPatient -->
