<?xml version="1.0" encoding="UTF-8"?>
<!-- Generated by org.testng.reporters.JUnitReportReporter -->
<testsuite hostname="CopiousCare" failures="0" tests="15" name="healthApp.BookLabTest" time="116.553" errors="0" timestamp="2024-08-08T11:56:14 IST" skipped="0">
  <testcase classname="healthApp.BookLabTest" name="NumberField" time="17.344"/>
  <system-out/>
  <testcase classname="healthApp.BookLabTest" name="BfSuite" time="0.646"/>
  <system-out/>
  <testcase classname="healthApp.BookLabTest" name="IAgree" time="2.040"/>
  <system-out/>
  <testcase classname="healthApp.BookLabTest" name="proceedButton" time="5.263"/>
  <system-out/>
  <testcase classname="healthApp.BookLabTest" name="OTP" time="15.952"/>
  <system-out/>
  <testcase classname="healthApp.BookLabTest" name="Verify" time="5.919"/>
  <system-out/>
  <testcase classname="healthApp.BookLabTest" name="SelectFamilyMember" time="11.184"/>
  <system-out/>
  <testcase classname="healthApp.BookLabTest" name="AddButton" time="5.602"/>
  <system-out/>
  <testcase classname="healthApp.BookLabTest" name="BookLabTest11" time="5.773"/>
  <system-out/>
  <testcase classname="healthApp.BookLabTest" name="SelectLab" time="5.336"/>
  <system-out/>
  <testcase classname="healthApp.BookLabTest" name="ClickLab" time="5.421"/>
  <system-out/>
  <testcase classname="healthApp.BookLabTest" name="Comments" time="5.827"/>
  <system-out/>
  <testcase classname="healthApp.BookLabTest" name="VaccineLabel" time="19.550"/>
  <system-out/>
  <testcase classname="healthApp.BookLabTest" name="BookLabTest1" time="5.413"/>
  <system-out/>
  <testcase classname="healthApp.BookLabTest" name="Done" time="5.283"/>
  <system-out/>
</testsuite> <!-- healthApp.BookLabTest -->
