<?xml version="1.0" encoding="UTF-8"?>
<!-- Generated by org.testng.reporters.JUnitReportReporter -->
<testsuite hostname="DESKTOP-VQLLA2K" failures="0" tests="37" name="pivotalApplicationNegative.EditBackPatientProfile" time="263.660" errors="0" timestamp="2023-12-27T16:37:06 IST" skipped="1">
  <testcase classname="pivotalApplicationNegative.EditBackPatientProfile" name="NumberField" time="1.195"/>
  <testcase classname="pivotalApplicationNegative.EditBackPatientProfile" name="BfSuite" time="3.974"/>
  <testcase classname="pivotalApplicationNegative.EditBackPatientProfile" name="IAgree" time="2.119"/>
  <testcase classname="pivotalApplicationNegative.EditBackPatientProfile" name="proceedButton" time="5.427"/>
  <testcase classname="pivotalApplicationNegative.EditBackPatientProfile" name="OTP" time="10.863"/>
  <testcase classname="pivotalApplicationNegative.EditBackPatientProfile" name="submit" time="11.524"/>
  <testcase classname="pivotalApplicationNegative.EditBackPatientProfile" name="Search" time="10.087"/>
  <testcase classname="pivotalApplicationNegative.EditBackPatientProfile" name="ClickPatient" time="13.965"/>
  <testcase classname="pivotalApplicationNegative.EditBackPatientProfile" name="FirstName" time="5.701"/>
  <testcase classname="pivotalApplicationNegative.EditBackPatientProfile" name="MiddleName" time="5.706"/>
  <testcase classname="pivotalApplicationNegative.EditBackPatientProfile" name="LastName" time="19.584"/>
  <testcase classname="pivotalApplicationNegative.EditBackPatientProfile" name="Address" time="3.615"/>
  <testcase classname="pivotalApplicationNegative.EditBackPatientProfile" name="Area" time="3.600"/>
  <testcase classname="pivotalApplicationNegative.EditBackPatientProfile" name="City" time="3.618"/>
  <testcase classname="pivotalApplicationNegative.EditBackPatientProfile" name="PinCode" time="3.579"/>
  <testcase classname="pivotalApplicationNegative.EditBackPatientProfile" name="Next" time="15.475"/>
  <testcase classname="pivotalApplicationNegative.EditBackPatientProfile" name="weightl" time="3.571"/>
  <testcase classname="pivotalApplicationNegative.EditBackPatientProfile" name="Heightl" time="3.347"/>
  <testcase classname="pivotalApplicationNegative.EditBackPatientProfile" name="HC" time="3.423"/>
  <testcase classname="pivotalApplicationNegative.EditBackPatientProfile" name="CC" time="3.335"/>
  <testcase classname="pivotalApplicationNegative.EditBackPatientProfile" name="BPSYS" time="3.366"/>
  <testcase classname="pivotalApplicationNegative.EditBackPatientProfile" name="BPDia" time="3.308"/>
  <testcase classname="pivotalApplicationNegative.EditBackPatientProfile" name="BirthHistoryNext" time="7.557"/>
  <testcase classname="pivotalApplicationNegative.EditBackPatientProfile" name="Allergies" time="3.481"/>
  <testcase classname="pivotalApplicationNegative.EditBackPatientProfile" name="Reactions" time="3.497"/>
  <testcase classname="pivotalApplicationNegative.EditBackPatientProfile" name="RecurringComplaints" time="3.521"/>
  <testcase classname="pivotalApplicationNegative.EditBackPatientProfile" name="HospitalizationHistory" time="3.579"/>
  <testcase classname="pivotalApplicationNegative.EditBackPatientProfile" name="HealthHistory" time="3.509"/>
  <testcase classname="pivotalApplicationNegative.EditBackPatientProfile" name="OtherEmailId" time="3.493"/>
  <testcase classname="pivotalApplicationNegative.EditBackPatientProfile" name="helathNext" time="2.386"/>
  <testcase classname="pivotalApplicationNegative.EditBackPatientProfile" name="FathersName" time="3.607"/>
  <testcase classname="pivotalApplicationNegative.EditBackPatientProfile" name="MothersName" time="3.546"/>
  <testcase classname="pivotalApplicationNegative.EditBackPatientProfile" name="Fatherheight" time="7.028"/>
  <testcase classname="pivotalApplicationNegative.EditBackPatientProfile" name="Mothersheight" time="7.190"/>
  <testcase classname="pivotalApplicationNegative.EditBackPatientProfile" name="FamailyBackward" time="18.065"/>
  <testcase classname="pivotalApplicationNegative.EditBackPatientProfile" name="GetData" time="52.819"/>
  <testcase classname="pivotalApplicationNegative.EditBackPatientProfile" name="Close">
    <skipped/>
  </testcase> <!-- Close -->
</testsuite> <!-- pivotalApplicationNegative.EditBackPatientProfile -->
