<?xml version="1.0" encoding="UTF-8"?>
<!-- Generated by org.testng.reporters.JUnitReportReporter -->
<testsuite hostname="CopiousCare" failures="0" tests="10" name="webAutoQueue.Reciept" time="93.588" errors="0" timestamp="2024-04-29T15:10:21 IST" skipped="0">
  <testcase classname="webAutoQueue.Reciept" name="numberField" time="0.122"/>
  <system-out/>
  <testcase classname="webAutoQueue.Reciept" name="sendOTP" time="7.534"/>
  <system-out/>
  <testcase classname="webAutoQueue.Reciept" name="verifyButton" time="10.073"/>
  <system-out/>
  <testcase classname="webAutoQueue.Reciept" name="searchBar" time="0.370"/>
  <system-out/>
  <testcase classname="webAutoQueue.Reciept" name="searchOpt" time="3.074"/>
  <system-out/>
  <testcase classname="webAutoQueue.Reciept" name="clickPatient" time="10.147"/>
  <system-out/>
  <testcase classname="webAutoQueue.Reciept" name="Document" time="5.099"/>
  <system-out/>
  <testcase classname="webAutoQueue.Reciept" name="ReceiptOption" time="21.302"/>
  <system-out/>
  <testcase classname="webAutoQueue.Reciept" name="OtheCharges" time="0.080"/>
  <system-out/>
  <testcase classname="webAutoQueue.Reciept" name="previewReceipt" time="35.787"/>
  <system-out/>
</testsuite> <!-- webAutoQueue.Reciept -->
