<?xml version="1.0" encoding="UTF-8"?>
<!-- Generated by org.testng.reporters.JUnitReportReporter -->
<testsuite hostname="CopiousCare" failures="0" tests="17" name="pivotalApplication.ReferralCreation" time="84.494" errors="0" timestamp="2024-04-17T11:40:14 IST" skipped="0">
  <testcase classname="pivotalApplication.ReferralCreation" name="BfSuite" time="0.809"/>
  <system-out/>
  <testcase classname="pivotalApplication.ReferralCreation" name="NumberField" time="1.217"/>
  <system-out/>
  <testcase classname="pivotalApplication.ReferralCreation" name="IAgree" time="2.157"/>
  <system-out/>
  <testcase classname="pivotalApplication.ReferralCreation" name="proceedButton" time="5.402"/>
  <system-out/>
  <testcase classname="pivotalApplication.ReferralCreation" name="OTP" time="10.728"/>
  <system-out/>
  <testcase classname="pivotalApplication.ReferralCreation" name="submit" time="12.726"/>
  <system-out/>
  <testcase classname="pivotalApplication.ReferralCreation" name="Search" time="8.045"/>
  <system-out/>
  <testcase classname="pivotalApplication.ReferralCreation" name="ClickPatient" time="3.096"/>
  <system-out/>
  <testcase classname="pivotalApplication.ReferralCreation" name="RffralCreation" time="10.771"/>
  <system-out/>
  <testcase classname="pivotalApplication.ReferralCreation" name="DrName" time="2.990"/>
  <system-out/>
  <testcase classname="pivotalApplication.ReferralCreation" name="DrEmail" time="2.297"/>
  <system-out/>
  <testcase classname="pivotalApplication.ReferralCreation" name="DrMobNumber" time="2.825"/>
  <system-out/>
  <testcase classname="pivotalApplication.ReferralCreation" name="HealthCondition" time="2.829"/>
  <system-out/>
  <testcase classname="pivotalApplication.ReferralCreation" name="Duration" time="2.824"/>
  <system-out/>
  <testcase classname="pivotalApplication.ReferralCreation" name="Speciality" time="8.072"/>
  <system-out/>
  <testcase classname="pivotalApplication.ReferralCreation" name="preview" time="2.422"/>
  <system-out/>
  <testcase classname="pivotalApplication.ReferralCreation" name="Save" time="5.284"/>
  <system-out/>
</testsuite> <!-- pivotalApplication.ReferralCreation -->
