<?xml version="1.0" encoding="UTF-8"?>
<!-- Generated by org.testng.reporters.JUnitReportReporter -->
<testsuite hostname="CopiousCare" failures="0" tests="94" name="pivotalApplication.PivoFin2" time="1041.126" errors="0" timestamp="2024-06-21T12:05:06 IST" skipped="0">
  <testcase classname="pivotalApplication.PivoFin2" name="InvestigationClick" time="3.205"/>
  <system-out/>
  <testcase classname="pivotalApplication.PivoFin2" name="NewRequisition" time="2.369"/>
  <system-out/>
  <testcase classname="pivotalApplication.PivoFin2" name="Covid19" time="6.638"/>
  <system-out/>
  <testcase classname="pivotalApplication.PivoFin2" name="packages" time="2.735"/>
  <system-out/>
  <testcase classname="pivotalApplication.PivoFin2" name="Feverpanel" time="2.440"/>
  <system-out/>
  <testcase classname="pivotalApplication.PivoFin2" name="SelectTests" time="2.507"/>
  <system-out/>
  <testcase classname="pivotalApplication.PivoFin2" name="CreateRquisition" time="2.387"/>
  <system-out/>
  <testcase classname="pivotalApplication.PivoFin2" name="RquisitionDownloadclose" time="2.572"/>
  <system-out/>
  <testcase classname="pivotalApplication.PivoFin2" name="ReportClick" time="2.321"/>
  <system-out/>
  <testcase classname="pivotalApplication.PivoFin2" name="UploadReport" time="2.285"/>
  <system-out/>
  <testcase classname="pivotalApplication.PivoFin2" name="CreatedBy2" time="2.801"/>
  <system-out/>
  <testcase classname="pivotalApplication.PivoFin2" name="DocumentOn2" time="2.320"/>
  <system-out/>
  <testcase classname="pivotalApplication.PivoFin2" name="popUpOk2" time="2.306"/>
  <system-out/>
  <testcase classname="pivotalApplication.PivoFin2" name="Camera2" time="19.955"/>
  <system-out/>
  <testcase classname="pivotalApplication.PivoFin2" name="UploadCam2" time="2.372"/>
  <system-out/>
  <testcase classname="pivotalApplication.PivoFin2" name="UploadCamOk2" time="10.742"/>
  <system-out/>
  <testcase classname="pivotalApplication.PivoFin2" name="Transscript1" time="5.279"/>
  <system-out/>
  <testcase classname="pivotalApplication.PivoFin2" name="CreatedBy3" time="2.811"/>
  <system-out/>
  <testcase classname="pivotalApplication.PivoFin2" name="DocumentOn3" time="2.274"/>
  <system-out/>
  <testcase classname="pivotalApplication.PivoFin2" name="popUpOk3" time="2.348"/>
  <system-out/>
  <testcase classname="pivotalApplication.PivoFin2" name="Gallery3" time="2.302"/>
  <system-out/>
  <testcase classname="pivotalApplication.PivoFin2" name="photo3" time="10.355"/>
  <system-out/>
  <testcase classname="pivotalApplication.PivoFin2" name="Upload3" time="2.324"/>
  <system-out/>
  <testcase classname="pivotalApplication.PivoFin2" name="UploadOk3" time="9.645"/>
  <system-out/>
  <testcase classname="pivotalApplication.PivoFin2" name="RffralCreation" time="2.650"/>
  <system-out/>
  <testcase classname="pivotalApplication.PivoFin2" name="DrName" time="2.882"/>
  <system-out/>
  <testcase classname="pivotalApplication.PivoFin2" name="DrEmail" time="2.741"/>
  <system-out/>
  <testcase classname="pivotalApplication.PivoFin2" name="DrMobNumber" time="2.759"/>
  <system-out/>
  <testcase classname="pivotalApplication.PivoFin2" name="HealthCondition" time="2.299"/>
  <system-out/>
  <testcase classname="pivotalApplication.PivoFin2" name="Duration" time="2.243"/>
  <system-out/>
  <testcase classname="pivotalApplication.PivoFin2" name="Speciality" time="7.553"/>
  <system-out/>
  <testcase classname="pivotalApplication.PivoFin2" name="preview" time="2.344"/>
  <system-out/>
  <testcase classname="pivotalApplication.PivoFin2" name="Save" time="15.237"/>
  <system-out/>
  <testcase classname="pivotalApplication.PivoFin2" name="UploadDocuments" time="54.216"/>
  <system-out/>
  <testcase classname="pivotalApplication.PivoFin2" name="DocumentsDropDown" time="5.286"/>
  <system-out/>
  <testcase classname="pivotalApplication.PivoFin2" name="DischargeSummary" time="2.259"/>
  <system-out/>
  <testcase classname="pivotalApplication.PivoFin2" name="CreatedBy" time="2.783"/>
  <system-out/>
  <testcase classname="pivotalApplication.PivoFin2" name="DocumentOn" time="2.297"/>
  <system-out/>
  <testcase classname="pivotalApplication.PivoFin2" name="popUpOk" time="2.313"/>
  <system-out/>
  <testcase classname="pivotalApplication.PivoFin2" name="Camera" time="13.725"/>
  <system-out/>
  <testcase classname="pivotalApplication.PivoFin2" name="UploadCam" time="2.303"/>
  <system-out/>
  <testcase classname="pivotalApplication.PivoFin2" name="UploadCamOk" time="10.755"/>
  <system-out/>
  <testcase classname="pivotalApplication.PivoFin2" name="UploadDocuments1" time="5.397"/>
  <system-out/>
  <testcase classname="pivotalApplication.PivoFin2" name="DocumentsDropDown1" time="5.231"/>
  <system-out/>
  <testcase classname="pivotalApplication.PivoFin2" name="DischargeSummary1" time="2.367"/>
  <system-out/>
  <testcase classname="pivotalApplication.PivoFin2" name="CreatedBy1" time="2.780"/>
  <system-out/>
  <testcase classname="pivotalApplication.PivoFin2" name="DocumentOn1" time="2.243"/>
  <system-out/>
  <testcase classname="pivotalApplication.PivoFin2" name="popUpOk1" time="2.284"/>
  <system-out/>
  <testcase classname="pivotalApplication.PivoFin2" name="Gallery" time="2.268"/>
  <system-out/>
  <testcase classname="pivotalApplication.PivoFin2" name="photo" time="10.289"/>
  <system-out/>
  <testcase classname="pivotalApplication.PivoFin2" name="Upload" time="2.278"/>
  <system-out/>
  <testcase classname="pivotalApplication.PivoFin2" name="UploadOk" time="2.716"/>
  <system-out/>
  <testcase classname="pivotalApplication.PivoFin2" name="SpecialVaccine" time="17.608"/>
  <system-out/>
  <testcase classname="pivotalApplication.PivoFin2" name="AdministeredDate" time="5.212"/>
  <system-out/>
  <testcase classname="pivotalApplication.PivoFin2" name="PopUpOk" time="2.424"/>
  <system-out/>
  <testcase classname="pivotalApplication.PivoFin2" name="VaccineDropdown" time="2.270"/>
  <system-out/>
  <testcase classname="pivotalApplication.PivoFin2" name="CholeraVaccine" time="2.243"/>
  <system-out/>
  <testcase classname="pivotalApplication.PivoFin2" name="Submit" time="2.373"/>
  <system-out/>
  <testcase classname="pivotalApplication.PivoFin2" name="VaccinationOk" time="2.788"/>
  <system-out/>
  <testcase classname="pivotalApplication.PivoFin2" name="Reciept" time="17.607"/>
  <system-out/>
  <testcase classname="pivotalApplication.PivoFin2" name="AddNewReceipt" time="10.274"/>
  <system-out/>
  <testcase classname="pivotalApplication.PivoFin2" name="ReceiptNo" time="7.869"/>
  <system-out/>
  <testcase classname="pivotalApplication.PivoFin2" name="Consultation" time="4.752"/>
  <system-out/>
  <testcase classname="pivotalApplication.PivoFin2" name="Vaccination" time="4.999"/>
  <system-out/>
  <testcase classname="pivotalApplication.PivoFin2" name="OtherReasons" time="4.761"/>
  <system-out/>
  <testcase classname="pivotalApplication.PivoFin2" name="Addmore" time="4.369"/>
  <system-out/>
  <testcase classname="pivotalApplication.PivoFin2" name="Preview" time="35.349"/>
  <system-out/>
  <testcase classname="pivotalApplication.PivoFin2" name="PayerName" time="2.650"/>
  <system-out/>
  <testcase classname="pivotalApplication.PivoFin2" name="CreateReceipt" time="27.037"/>
  <system-out/>
  <testcase classname="pivotalApplication.PivoFin2" name="Certificate" time="41.318"/>
  <system-out/>
  <testcase classname="pivotalApplication.PivoFin2" name="CertificateDropdown" time="22.242"/>
  <system-out/>
  <testcase classname="pivotalApplication.PivoFin2" name="CertificateType" time="22.240"/>
  <system-out/>
  <testcase classname="pivotalApplication.PivoFin2" name="Speciality1" time="32.303"/>
  <system-out/>
  <testcase classname="pivotalApplication.PivoFin2" name="SpecialitySelect" time="37.412"/>
  <system-out/>
  <testcase classname="pivotalApplication.PivoFin2" name="Preview1" time="12.265"/>
  <system-out/>
  <testcase classname="pivotalApplication.PivoFin2" name="Printclose" time="17.380"/>
  <system-out/>
  <testcase classname="pivotalApplication.PivoFin2" name="ClickHistory" time="6.531"/>
  <system-out/>
  <testcase classname="pivotalApplication.PivoFin2" name="ViewDocument" time="2.382"/>
  <system-out/>
  <testcase classname="pivotalApplication.PivoFin2" name="close1" time="10.164"/>
  <system-out/>
  <testcase classname="pivotalApplication.PivoFin2" name="ViewReceipts" time="12.519"/>
  <system-out/>
  <testcase classname="pivotalApplication.PivoFin2" name="close2" time="12.189"/>
  <system-out/>
  <testcase classname="pivotalApplication.PivoFin2" name="ViewReferal" time="10.526"/>
  <system-out/>
  <testcase classname="pivotalApplication.PivoFin2" name="close4" time="55.398"/>
  <system-out/>
  <testcase classname="pivotalApplication.PivoFin2" name="PatientList" time="35.449"/>
  <system-out/>
  <testcase classname="pivotalApplication.PivoFin2" name="Appointments" time="10.587"/>
  <system-out/>
  <testcase classname="pivotalApplication.PivoFin2" name="Prescription" time="42.645"/>
  <system-out/>
  <testcase classname="pivotalApplication.PivoFin2" name="Reports" time="47.791"/>
  <system-out/>
  <testcase classname="pivotalApplication.PivoFin2" name="Referrals" time="45.795"/>
  <system-out/>
  <testcase classname="pivotalApplication.PivoFin2" name="VaccineInStore" time="22.727"/>
  <system-out/>
  <testcase classname="pivotalApplication.PivoFin2" name="ViewReports" time="49.280"/>
  <system-out/>
  <testcase classname="pivotalApplication.PivoFin2" name="MyNotes" time="26.351"/>
  <system-out/>
  <testcase classname="pivotalApplication.PivoFin2" name="ShareHealth" time="12.059"/>
  <system-out/>
  <testcase classname="pivotalApplication.PivoFin2" name="WhatsNew" time="10.518"/>
  <system-out/>
  <testcase classname="pivotalApplication.PivoFin2" name="DashboardData" time="6.679"/>
  <system-out/>
</testsuite> <!-- pivotalApplication.PivoFin2 -->
