<?xml version="1.0" encoding="UTF-8"?>
<!-- Generated by org.testng.reporters.JUnitReportReporter -->
<testsuite hostname="CopiousCare" failures="0" tests="24" name="webAuto.AdultPatientCreation" time="97.507" errors="0" timestamp="2024-11-13T11:59:40 IST" skipped="0">
  <testcase classname="webAuto.AdultPatientCreation" name="numberField" time="0.163"/>
  <system-out/>
  <testcase classname="webAuto.AdultPatientCreation" name="sendOTP" time="6.860"/>
  <system-out/>
  <testcase classname="webAuto.AdultPatientCreation" name="verifyButton" time="10.061"/>
  <system-out/>
  <testcase classname="webAuto.AdultPatientCreation" name="createPatient" time="0.511"/>
  <system-out/>
  <testcase classname="webAuto.AdultPatientCreation" name="Number1" time="0.264"/>
  <system-out/>
  <testcase classname="webAuto.AdultPatientCreation" name="confirm" time="2.568"/>
  <system-out/>
  <testcase classname="webAuto.AdultPatientCreation" name="number2" time="0.320"/>
  <system-out/>
  <testcase classname="webAuto.AdultPatientCreation" name="firstName" time="0.255"/>
  <system-out/>
  <testcase classname="webAuto.AdultPatientCreation" name="middleName" time="0.267"/>
  <system-out/>
  <testcase classname="webAuto.AdultPatientCreation" name="lastName" time="0.202"/>
  <system-out/>
  <testcase classname="webAuto.AdultPatientCreation" name="genFemale" time="0.077"/>
  <system-out/>
  <testcase classname="webAuto.AdultPatientCreation" name="birthDate" time="2.588"/>
  <system-out/>
  <testcase classname="webAuto.AdultPatientCreation" name="address" time="0.207"/>
  <system-out/>
  <testcase classname="webAuto.AdultPatientCreation" name="locality" time="0.238"/>
  <system-out/>
  <testcase classname="webAuto.AdultPatientCreation" name="city" time="0.232"/>
  <system-out/>
  <testcase classname="webAuto.AdultPatientCreation" name="pinCode" time="0.283"/>
  <system-out/>
  <testcase classname="webAuto.AdultPatientCreation" name="prefferedLanguage" time="0.188"/>
  <system-out/>
  <testcase classname="webAuto.AdultPatientCreation" name="nextButton" time="15.144"/>
  <system-out/>
  <testcase classname="webAuto.AdultPatientCreation" name="clickClose" time="0.883"/>
  <system-out/>
  <testcase classname="webAuto.AdultPatientCreation" name="BloodGroups" time="0.166"/>
  <system-out/>
  <testcase classname="webAuto.AdultPatientCreation" name="Habits" time="0.079"/>
  <system-out/>
  <testcase classname="webAuto.AdultPatientCreation" name="HealthNext" time="15.114"/>
  <system-out/>
  <testcase classname="webAuto.AdultPatientCreation" name="HealthProfile" time="21.609"/>
  <system-out/>
  <testcase classname="webAuto.AdultPatientCreation" name="FamilyProfile" time="19.228"/>
  <system-out/>
</testsuite> <!-- webAuto.AdultPatientCreation -->
