<?xml version="1.0" encoding="UTF-8"?>
<!-- Generated by org.testng.reporters.JUnitReportReporter -->
<testsuite hostname="CopiousCare" failures="0" tests="3" name="webAuto.LogIn" time="18.008" errors="0" timestamp="2024-08-13T12:06:53 IST" skipped="0">
  <testcase classname="webAuto.LogIn" name="numberField" time="0.152"/>
  <system-out/>
  <testcase classname="webAuto.LogIn" name="sendOTP" time="7.803"/>
  <system-out/>
  <testcase classname="webAuto.LogIn" name="verifyButton" time="10.053"/>
  <system-out/>
</testsuite> <!-- webAuto.LogIn -->
