<?xml version="1.0" encoding="UTF-8"?>
<!-- Generated by org.testng.reporters.JUnitReportReporter -->
<testsuite hostname="DESKTOP-VQLLA2K" failures="0" tests="19" name="webAuto.OPDEndToEndWorkFlow2" time="366.130" errors="0" timestamp="2024-01-03T09:24:09 IST" skipped="0">
  <testcase classname="webAuto.OPDEndToEndWorkFlow2" name="numberField" time="0.435"/>
  <testcase classname="webAuto.OPDEndToEndWorkFlow2" name="sendOTP" time="12.549"/>
  <testcase classname="webAuto.OPDEndToEndWorkFlow2" name="verifyButton" time="11.236"/>
  <testcase classname="webAuto.OPDEndToEndWorkFlow2" name="searchBar1" time="10.907"/>
  <testcase classname="webAuto.OPDEndToEndWorkFlow2" name="searchOpt" time="3.250"/>
  <testcase classname="webAuto.OPDEndToEndWorkFlow2" name="searchBar2" time="15.494"/>
  <testcase classname="webAuto.OPDEndToEndWorkFlow2" name="Investigation" time="28.612"/>
  <testcase classname="webAuto.OPDEndToEndWorkFlow2" name="Investigation1" time="37.230"/>
  <testcase classname="webAuto.OPDEndToEndWorkFlow2" name="HealthProfile" time="34.463"/>
  <testcase classname="webAuto.OPDEndToEndWorkFlow2" name="Document1" time="0.272"/>
  <testcase classname="webAuto.OPDEndToEndWorkFlow2" name="ReceiptOption" time="16.857"/>
  <testcase classname="webAuto.OPDEndToEndWorkFlow2" name="previewReceipt" time="31.874"/>
  <testcase classname="webAuto.OPDEndToEndWorkFlow2" name="cirtificateOption1" time="20.525"/>
  <testcase classname="webAuto.OPDEndToEndWorkFlow2" name="AllDocuments" time="17.293"/>
  <testcase classname="webAuto.OPDEndToEndWorkFlow2" name="Document2" time="0.242"/>
  <testcase classname="webAuto.OPDEndToEndWorkFlow2" name="cirtificateOption" time="34.032"/>
  <testcase classname="webAuto.OPDEndToEndWorkFlow2" name="cirtificateOption3" time="20.754"/>
  <testcase classname="webAuto.OPDEndToEndWorkFlow2" name="AllDocuments1" time="12.479"/>
  <testcase classname="webAuto.OPDEndToEndWorkFlow2" name="ReferralOption3" time="57.626"/>
</testsuite> <!-- webAuto.OPDEndToEndWorkFlow2 -->
