<?xml version="1.0" encoding="UTF-8"?>
<!-- Generated by org.testng.reporters.JUnitReportReporter -->
<testsuite hostname="CopiousCare" failures="0" tests="6" name="webAuto.ApoointmentCall" time="54.222" errors="0" timestamp="2024-11-13T14:08:50 IST" skipped="0">
  <testcase classname="webAuto.ApoointmentCall" name="numberField" time="0.148"/>
  <system-out/>
  <testcase classname="webAuto.ApoointmentCall" name="sendOTP" time="7.953"/>
  <system-out/>
  <testcase classname="webAuto.ApoointmentCall" name="verifyButton" time="10.123"/>
  <system-out/>
  <testcase classname="webAuto.ApoointmentCall" name="searchBar" time="0.491"/>
  <system-out/>
  <testcase classname="webAuto.ApoointmentCall" name="searchOpt" time="3.133"/>
  <system-out/>
  <testcase classname="webAuto.ApoointmentCall" name="AddNewAppointment" time="32.374"/>
  <system-out/>
</testsuite> <!-- webAuto.ApoointmentCall -->
