<?xml version="1.0" encoding="UTF-8"?>
<!-- Generated by org.testng.reporters.JUnitReportReporter -->
<testsuite hostname="DESKTOP-VQLLA2K" failures="0" tests="82" name="healthApp.HealthEndToEndScript" time="660.833" errors="0" timestamp="2023-12-22T11:03:18 IST" skipped="0">
  <testcase classname="healthApp.HealthEndToEndScript" name="NumberField" time="16.764"/>
  <testcase classname="healthApp.HealthEndToEndScript" name="IAgree" time="2.158"/>
  <testcase classname="healthApp.HealthEndToEndScript" name="proceedButton" time="5.352"/>
  <testcase classname="healthApp.HealthEndToEndScript" name="OTP" time="15.549"/>
  <testcase classname="healthApp.HealthEndToEndScript" name="Verify" time="15.497"/>
  <testcase classname="healthApp.HealthEndToEndScript" name="Family" time="5.809"/>
  <testcase classname="healthApp.HealthEndToEndScript" name="AddFamilyMember" time="6.741"/>
  <testcase classname="healthApp.HealthEndToEndScript" name="FirstName" time="5.939"/>
  <testcase classname="healthApp.HealthEndToEndScript" name="MiddleName" time="5.900"/>
  <testcase classname="healthApp.HealthEndToEndScript" name="Birthdate" time="10.713"/>
  <testcase classname="healthApp.HealthEndToEndScript" name="Male" time="5.433"/>
  <testcase classname="healthApp.HealthEndToEndScript" name="SaveAndNext" time="11.304"/>
  <testcase classname="healthApp.HealthEndToEndScript" name="SelectClick" time="6.080"/>
  <testcase classname="healthApp.HealthEndToEndScript" name="SelectOther" time="5.331"/>
  <testcase classname="healthApp.HealthEndToEndScript" name="Next" time="6.049"/>
  <testcase classname="healthApp.HealthEndToEndScript" name="LinkDr" time="2.702"/>
  <testcase classname="healthApp.HealthEndToEndScript" name="AddtionalInformation" time="1.848"/>
  <testcase classname="healthApp.HealthEndToEndScript" name="MedicalConditionAdd" time="4.207"/>
  <testcase classname="healthApp.HealthEndToEndScript" name="MedicalConditionSelect" time="3.559"/>
  <testcase classname="healthApp.HealthEndToEndScript" name="AddMedicalCondition" time="2.438"/>
  <testcase classname="healthApp.HealthEndToEndScript" name="Allergies" time="2.342"/>
  <testcase classname="healthApp.HealthEndToEndScript" name="Reactions" time="2.366"/>
  <testcase classname="healthApp.HealthEndToEndScript" name="RecurringComplaints" time="2.860"/>
  <testcase classname="healthApp.HealthEndToEndScript" name="HospitalizationHistory" time="2.349"/>
  <testcase classname="healthApp.HealthEndToEndScript" name="HealthHistory" time="2.851"/>
  <testcase classname="healthApp.HealthEndToEndScript" name="GeneticdisoredrAdd" time="4.028"/>
  <testcase classname="healthApp.HealthEndToEndScript" name="GeneticdisoredrSelect" time="12.967"/>
  <testcase classname="healthApp.HealthEndToEndScript" name="AddGeneticdisoredr" time="2.556"/>
  <testcase classname="healthApp.HealthEndToEndScript" name="helathNext" time="2.340"/>
  <testcase classname="healthApp.HealthEndToEndScript" name="FamailyNedicalHistory" time="8.327"/>
  <testcase classname="healthApp.HealthEndToEndScript" name="EnterDisorders" time="10.178"/>
  <testcase classname="healthApp.HealthEndToEndScript" name="FathersName" time="3.194"/>
  <testcase classname="healthApp.HealthEndToEndScript" name="MothersName" time="19.619"/>
  <testcase classname="healthApp.HealthEndToEndScript" name="BookAppointment" time="6.881"/>
  <testcase classname="healthApp.HealthEndToEndScript" name="SelectFamilyMember" time="2.327"/>
  <testcase classname="healthApp.HealthEndToEndScript" name="SelectDoctor" time="5.329"/>
  <testcase classname="healthApp.HealthEndToEndScript" name="Doctor" time="5.254"/>
  <testcase classname="healthApp.HealthEndToEndScript" name="DateClick" time="5.369"/>
  <testcase classname="healthApp.HealthEndToEndScript" name="Time" time="5.514"/>
  <testcase classname="healthApp.HealthEndToEndScript" name="PurposeVisit" time="32.763"/>
  <testcase classname="healthApp.HealthEndToEndScript" name="CreateAppointment" time="5.346"/>
  <testcase classname="healthApp.HealthEndToEndScript" name="Done" time="5.281"/>
  <testcase classname="healthApp.HealthEndToEndScript" name="SelectFamilyMember2" time="10.855"/>
  <testcase classname="healthApp.HealthEndToEndScript" name="AddButton1" time="5.421"/>
  <testcase classname="healthApp.HealthEndToEndScript" name="GrowthRecord1" time="5.598"/>
  <testcase classname="healthApp.HealthEndToEndScript" name="Vital" time="13.380"/>
  <testcase classname="healthApp.HealthEndToEndScript" name="UploadDoc" time="15.988"/>
  <testcase classname="healthApp.HealthEndToEndScript" name="DocumentsDropDown" time="5.224"/>
  <testcase classname="healthApp.HealthEndToEndScript" name="DischargeSummary" time="2.265"/>
  <testcase classname="healthApp.HealthEndToEndScript" name="CreatedBy" time="2.772"/>
  <testcase classname="healthApp.HealthEndToEndScript" name="DocumentOn" time="2.243"/>
  <testcase classname="healthApp.HealthEndToEndScript" name="popUpOk" time="4.319"/>
  <testcase classname="healthApp.HealthEndToEndScript" name="Camera" time="17.167"/>
  <testcase classname="healthApp.HealthEndToEndScript" name="UploadCam" time="7.300"/>
  <testcase classname="healthApp.HealthEndToEndScript" name="UploadCamOk" time="10.231"/>
  <testcase classname="healthApp.HealthEndToEndScript" name="UploadDocuments1" time="3.037"/>
  <testcase classname="healthApp.HealthEndToEndScript" name="DocumentsDropDown1" time="5.237"/>
  <testcase classname="healthApp.HealthEndToEndScript" name="DischargeSummary1" time="2.260"/>
  <testcase classname="healthApp.HealthEndToEndScript" name="CreatedBy1" time="2.786"/>
  <testcase classname="healthApp.HealthEndToEndScript" name="DocumentOn1" time="2.216"/>
  <testcase classname="healthApp.HealthEndToEndScript" name="popUpOk1" time="2.300"/>
  <testcase classname="healthApp.HealthEndToEndScript" name="Gallery" time="2.312"/>
  <testcase classname="healthApp.HealthEndToEndScript" name="photo" time="10.329"/>
  <testcase classname="healthApp.HealthEndToEndScript" name="Upload" time="2.315"/>
  <testcase classname="healthApp.HealthEndToEndScript" name="UploadOk" time="12.362"/>
  <testcase classname="healthApp.HealthEndToEndScript" name="AddButton4" time="10.452"/>
  <testcase classname="healthApp.HealthEndToEndScript" name="BookLabTest11" time="5.561"/>
  <testcase classname="healthApp.HealthEndToEndScript" name="SelectLab" time="5.333"/>
  <testcase classname="healthApp.HealthEndToEndScript" name="ClickLab" time="5.346"/>
  <testcase classname="healthApp.HealthEndToEndScript" name="Comments" time="5.290"/>
  <testcase classname="healthApp.HealthEndToEndScript" name="VaccineLabel" time="16.979"/>
  <testcase classname="healthApp.HealthEndToEndScript" name="BookLabTest1" time="5.308"/>
  <testcase classname="healthApp.HealthEndToEndScript" name="Done2" time="5.239"/>
  <testcase classname="healthApp.HealthEndToEndScript" name="SelectFamilyMember3" time="10.763"/>
  <testcase classname="healthApp.HealthEndToEndScript" name="Immunization" time="5.509"/>
  <testcase classname="healthApp.HealthEndToEndScript" name="Birth" time="30.670"/>
  <testcase classname="healthApp.HealthEndToEndScript" name="PopUpOk" time="17.008"/>
  <testcase classname="healthApp.HealthEndToEndScript" name="AddButton2" time="21.612"/>
  <testcase classname="healthApp.HealthEndToEndScript" name="AllVisits" time="6.216"/>
  <testcase classname="healthApp.HealthEndToEndScript" name="AddVitalsClick" time="5.496"/>
  <testcase classname="healthApp.HealthEndToEndScript" name="AddVitals" time="38.921"/>
  <testcase classname="healthApp.HealthEndToEndScript" name="LipidProfile" time="27.799"/>
</testsuite> <!-- healthApp.HealthEndToEndScript -->
