<?xml version="1.0" encoding="UTF-8"?>
<!-- Generated by org.testng.reporters.JUnitReportReporter -->
<testsuite hostname="CopiousCare" failures="0" tests="50" name="webAuto.WebOpdEndToEndWorkflow" time="642.987" errors="0" timestamp="2024-05-31T13:16:11 IST" skipped="0">
  <testcase classname="webAuto.WebOpdEndToEndWorkflow" name="numberField" time="0.153"/>
  <system-out/>
  <testcase classname="webAuto.WebOpdEndToEndWorkflow" name="sendOTP" time="11.750"/>
  <system-out/>
  <testcase classname="webAuto.WebOpdEndToEndWorkflow" name="verifyButton" time="10.072"/>
  <system-out/>
  <testcase classname="webAuto.WebOpdEndToEndWorkflow" name="createPatient" time="0.688"/>
  <system-out/>
  <testcase classname="webAuto.WebOpdEndToEndWorkflow" name="Number1" time="0.245"/>
  <system-out/>
  <testcase classname="webAuto.WebOpdEndToEndWorkflow" name="confirm" time="1.954"/>
  <system-out/>
  <testcase classname="webAuto.WebOpdEndToEndWorkflow" name="number2" time="0.291"/>
  <system-out/>
  <testcase classname="webAuto.WebOpdEndToEndWorkflow" name="firstName" time="0.174"/>
  <system-out/>
  <testcase classname="webAuto.WebOpdEndToEndWorkflow" name="middleName" time="0.133"/>
  <system-out/>
  <testcase classname="webAuto.WebOpdEndToEndWorkflow" name="lastName" time="0.142"/>
  <system-out/>
  <testcase classname="webAuto.WebOpdEndToEndWorkflow" name="birthDate" time="0.208"/>
  <system-out/>
  <testcase classname="webAuto.WebOpdEndToEndWorkflow" name="genFemale" time="0.063"/>
  <system-out/>
  <testcase classname="webAuto.WebOpdEndToEndWorkflow" name="address" time="0.147"/>
  <system-out/>
  <testcase classname="webAuto.WebOpdEndToEndWorkflow" name="locality" time="0.138"/>
  <system-out/>
  <testcase classname="webAuto.WebOpdEndToEndWorkflow" name="city" time="0.119"/>
  <system-out/>
  <testcase classname="webAuto.WebOpdEndToEndWorkflow" name="pinCode" time="0.130"/>
  <system-out/>
  <testcase classname="webAuto.WebOpdEndToEndWorkflow" name="proceedWithSameRMN" time="0.133"/>
  <system-out/>
  <testcase classname="webAuto.WebOpdEndToEndWorkflow" name="nextButton" time="15.079"/>
  <system-out/>
  <testcase classname="webAuto.WebOpdEndToEndWorkflow" name="clickClose" time="0.926"/>
  <system-out/>
  <testcase classname="webAuto.WebOpdEndToEndWorkflow" name="fillVitalForm" time="15.865"/>
  <system-out/>
  <testcase classname="webAuto.WebOpdEndToEndWorkflow" name="fillHealthProfile" time="11.073"/>
  <system-out/>
  <testcase classname="webAuto.WebOpdEndToEndWorkflow" name="fillFamilyProfile" time="16.640"/>
  <system-out/>
  <testcase classname="webAuto.WebOpdEndToEndWorkflow" name="GoHome" time="0.211"/>
  <system-out/>
  <testcase classname="webAuto.WebOpdEndToEndWorkflow" name="AddNewAppointment" time="25.459"/>
  <system-out/>
  <testcase classname="webAuto.WebOpdEndToEndWorkflow" name="AddPrescription" time="15.554"/>
  <system-out/>
  <testcase classname="webAuto.WebOpdEndToEndWorkflow" name="Complaints" time="3.428"/>
  <system-out/>
  <testcase classname="webAuto.WebOpdEndToEndWorkflow" name="VitalsOption" time="3.915"/>
  <system-out/>
  <testcase classname="webAuto.WebOpdEndToEndWorkflow" name="BpandHeartOption" time="15.616"/>
  <system-out/>
  <testcase classname="webAuto.WebOpdEndToEndWorkflow" name="BloodAndAnalysis" time="15.750"/>
  <system-out/>
  <testcase classname="webAuto.WebOpdEndToEndWorkflow" name="LipidProfile" time="15.708"/>
  <system-out/>
  <testcase classname="webAuto.WebOpdEndToEndWorkflow" name="OnExamination" time="15.770"/>
  <system-out/>
  <testcase classname="webAuto.WebOpdEndToEndWorkflow" name="Diagnosis" time="15.255"/>
  <system-out/>
  <testcase classname="webAuto.WebOpdEndToEndWorkflow" name="Medicine1" time="46.904"/>
  <system-out/>
  <testcase classname="webAuto.WebOpdEndToEndWorkflow" name="DietaryAdvice" time="15.487"/>
  <system-out/>
  <testcase classname="webAuto.WebOpdEndToEndWorkflow" name="GeneralInstruction" time="15.329"/>
  <system-out/>
  <testcase classname="webAuto.WebOpdEndToEndWorkflow" name="SaveandProceed" time="0.185"/>
  <system-out/>
  <testcase classname="webAuto.WebOpdEndToEndWorkflow" name="ConfirmPrescription" time="55.840"/>
  <system-out/>
  <testcase classname="webAuto.WebOpdEndToEndWorkflow" name="Investigation" time="36.933"/>
  <system-out/>
  <testcase classname="webAuto.WebOpdEndToEndWorkflow" name="Investigation1" time="34.188"/>
  <system-out/>
  <testcase classname="webAuto.WebOpdEndToEndWorkflow" name="HealthProfile" time="34.870"/>
  <system-out/>
  <testcase classname="webAuto.WebOpdEndToEndWorkflow" name="Document1" time="0.073"/>
  <system-out/>
  <testcase classname="webAuto.WebOpdEndToEndWorkflow" name="ReceiptOption" time="14.590"/>
  <system-out/>
  <testcase classname="webAuto.WebOpdEndToEndWorkflow" name="previewReceipt" time="30.707"/>
  <system-out/>
  <testcase classname="webAuto.WebOpdEndToEndWorkflow" name="cirtificateOption1" time="20.271"/>
  <system-out/>
  <testcase classname="webAuto.WebOpdEndToEndWorkflow" name="AllDocuments" time="16.319"/>
  <system-out/>
  <testcase classname="webAuto.WebOpdEndToEndWorkflow" name="Document2" time="0.090"/>
  <system-out/>
  <testcase classname="webAuto.WebOpdEndToEndWorkflow" name="cirtificateOption" time="32.444"/>
  <system-out/>
  <testcase classname="webAuto.WebOpdEndToEndWorkflow" name="cirtificateOption3" time="20.306"/>
  <system-out/>
  <testcase classname="webAuto.WebOpdEndToEndWorkflow" name="AllDocuments1" time="11.284"/>
  <system-out/>
  <testcase classname="webAuto.WebOpdEndToEndWorkflow" name="ReferralOption3" time="44.378"/>
  <system-out/>
</testsuite> <!-- webAuto.WebOpdEndToEndWorkflow -->
