<?xml version="1.0" encoding="UTF-8"?>
<!-- Generated by org.testng.reporters.JUnitReportReporter -->
<testsuite hostname="CopiousCare" failures="0" tests="7" name="pivotalApplication.PivotalLogout" time="46.532" errors="0" timestamp="2024-04-04T16:02:51 IST" skipped="0">
  <testcase classname="pivotalApplication.PivotalLogout" name="BfSuite" time="0.550"/>
  <system-out/>
  <testcase classname="pivotalApplication.PivotalLogout" name="NumberField" time="1.155"/>
  <system-out/>
  <testcase classname="pivotalApplication.PivotalLogout" name="IAgree" time="2.129"/>
  <system-out/>
  <testcase classname="pivotalApplication.PivotalLogout" name="proceedButton" time="2.373"/>
  <system-out/>
  <testcase classname="pivotalApplication.PivotalLogout" name="OTP" time="10.903"/>
  <system-out/>
  <testcase classname="pivotalApplication.PivotalLogout" name="submit" time="16.137"/>
  <system-out/>
  <testcase classname="pivotalApplication.PivotalLogout" name="menu" time="13.285"/>
  <system-out/>
</testsuite> <!-- pivotalApplication.PivotalLogout -->
