<?xml version="1.0" encoding="UTF-8"?>
<!-- Generated by org.testng.reporters.JUnitReportReporter -->
<testsuite hostname="CopiousCare" failures="0" tests="21" name="webAutoQueueNegative.PatientEditVaccineQ" time="111.017" errors="0" timestamp="2024-05-02T15:36:29 IST" skipped="0">
  <testcase classname="webAutoQueueNegative.PatientEditVaccineQ" name="numberField" time="0.103"/>
  <system-out/>
  <testcase classname="webAutoQueueNegative.PatientEditVaccineQ" name="sendOTP" time="8.500"/>
  <system-out/>
  <testcase classname="webAutoQueueNegative.PatientEditVaccineQ" name="verifyButton" time="10.071"/>
  <system-out/>
  <testcase classname="webAutoQueueNegative.PatientEditVaccineQ" name="createPatient" time="0.338"/>
  <system-out/>
  <testcase classname="webAutoQueueNegative.PatientEditVaccineQ" name="Number1" time="0.225"/>
  <system-out/>
  <testcase classname="webAutoQueueNegative.PatientEditVaccineQ" name="confirm" time="2.138"/>
  <system-out/>
  <testcase classname="webAutoQueueNegative.PatientEditVaccineQ" name="number2" time="0.149"/>
  <system-out/>
  <testcase classname="webAutoQueueNegative.PatientEditVaccineQ" name="firstName" time="0.111"/>
  <system-out/>
  <testcase classname="webAutoQueueNegative.PatientEditVaccineQ" name="middleName" time="0.104"/>
  <system-out/>
  <testcase classname="webAutoQueueNegative.PatientEditVaccineQ" name="lastName" time="0.087"/>
  <system-out/>
  <testcase classname="webAutoQueueNegative.PatientEditVaccineQ" name="birthDate" time="0.143"/>
  <system-out/>
  <testcase classname="webAutoQueueNegative.PatientEditVaccineQ" name="genFemale" time="0.052"/>
  <system-out/>
  <testcase classname="webAutoQueueNegative.PatientEditVaccineQ" name="address" time="0.113"/>
  <system-out/>
  <testcase classname="webAutoQueueNegative.PatientEditVaccineQ" name="locality" time="0.102"/>
  <system-out/>
  <testcase classname="webAutoQueueNegative.PatientEditVaccineQ" name="city" time="0.094"/>
  <system-out/>
  <testcase classname="webAutoQueueNegative.PatientEditVaccineQ" name="pinCode" time="0.192"/>
  <system-out/>
  <testcase classname="webAutoQueueNegative.PatientEditVaccineQ" name="nextButton" time="15.104"/>
  <system-out/>
  <testcase classname="webAutoQueueNegative.PatientEditVaccineQ" name="clickClose" time="0.779"/>
  <system-out/>
  <testcase classname="webAutoQueueNegative.PatientEditVaccineQ" name="fillVitalForm" time="15.723"/>
  <system-out/>
  <testcase classname="webAutoQueueNegative.PatientEditVaccineQ" name="fillHealthProfile" time="10.905"/>
  <system-out/>
  <testcase classname="webAutoQueueNegative.PatientEditVaccineQ" name="fillFamilyProfile" time="45.984"/>
  <system-out/>
</testsuite> <!-- webAutoQueueNegative.PatientEditVaccineQ -->
