<?xml version="1.0" encoding="UTF-8"?>
<!-- Generated by org.testng.reporters.JUnitReportReporter -->
<testsuite hostname="DESKTOP-VQLLA2K" failures="0" tests="106" name="pivotalApplication.PivoFin2" time="1088.939" errors="0" timestamp="2024-01-08T11:31:13 IST" skipped="8">
  <testcase classname="pivotalApplication.PivoFin2" name="InvestigationClick" time="3.178"/>
  <testcase classname="pivotalApplication.PivoFin2" name="NewRequisition" time="2.347"/>
  <testcase classname="pivotalApplication.PivoFin2" name="Covid19" time="5.908"/>
  <testcase classname="pivotalApplication.PivoFin2" name="packages" time="2.608"/>
  <testcase classname="pivotalApplication.PivoFin2" name="Feverpanel" time="2.403"/>
  <testcase classname="pivotalApplication.PivoFin2" name="SelectTests" time="2.485"/>
  <testcase classname="pivotalApplication.PivoFin2" name="CreateRquisition" time="2.388"/>
  <testcase classname="pivotalApplication.PivoFin2" name="RquisitionDownloadclose" time="2.355"/>
  <testcase classname="pivotalApplication.PivoFin2" name="ReportClick" time="2.319"/>
  <testcase classname="pivotalApplication.PivoFin2" name="UploadReport" time="2.285"/>
  <testcase classname="pivotalApplication.PivoFin2" name="CreatedBy2" time="2.298"/>
  <testcase classname="pivotalApplication.PivoFin2" name="DocumentOn2" time="2.243"/>
  <testcase classname="pivotalApplication.PivoFin2" name="popUpOk2" time="2.316"/>
  <testcase classname="pivotalApplication.PivoFin2" name="Camera2" time="19.980"/>
  <testcase classname="pivotalApplication.PivoFin2" name="UploadCam2" time="2.349"/>
  <testcase classname="pivotalApplication.PivoFin2" name="UploadCamOk2" time="2.814"/>
  <testcase classname="pivotalApplication.PivoFin2" name="Transscript1" time="5.323"/>
  <testcase classname="pivotalApplication.PivoFin2" name="CreatedBy3" time="2.298"/>
  <testcase classname="pivotalApplication.PivoFin2" name="DocumentOn3" time="2.301"/>
  <testcase classname="pivotalApplication.PivoFin2" name="popUpOk3" time="2.329"/>
  <testcase classname="pivotalApplication.PivoFin2" name="Gallery3" time="2.318"/>
  <testcase classname="pivotalApplication.PivoFin2" name="photo3" time="10.559"/>
  <testcase classname="pivotalApplication.PivoFin2" name="Upload3" time="2.392"/>
  <testcase classname="pivotalApplication.PivoFin2" name="UploadOk3" time="9.604"/>
  <testcase classname="pivotalApplication.PivoFin2" name="RffralCreation" time="2.595"/>
  <testcase classname="pivotalApplication.PivoFin2" name="DrName" time="2.846"/>
  <testcase classname="pivotalApplication.PivoFin2" name="DrEmail" time="2.764"/>
  <testcase classname="pivotalApplication.PivoFin2" name="DrMobNumber" time="2.764"/>
  <testcase classname="pivotalApplication.PivoFin2" name="HealthCondition" time="2.796"/>
  <testcase classname="pivotalApplication.PivoFin2" name="Duration" time="2.790"/>
  <testcase classname="pivotalApplication.PivoFin2" name="Speciality" time="7.586"/>
  <testcase classname="pivotalApplication.PivoFin2" name="preview" time="2.344"/>
  <testcase classname="pivotalApplication.PivoFin2" name="Save" time="15.252"/>
  <testcase classname="pivotalApplication.PivoFin2" name="UploadDocuments" time="54.877"/>
  <testcase classname="pivotalApplication.PivoFin2" name="DocumentsDropDown" time="5.224"/>
  <testcase classname="pivotalApplication.PivoFin2" name="DischargeSummary" time="2.259"/>
  <testcase classname="pivotalApplication.PivoFin2" name="CreatedBy" time="2.790"/>
  <testcase classname="pivotalApplication.PivoFin2" name="DocumentOn" time="2.308"/>
  <testcase classname="pivotalApplication.PivoFin2" name="popUpOk" time="2.285"/>
  <testcase classname="pivotalApplication.PivoFin2" name="Camera" time="13.229"/>
  <testcase classname="pivotalApplication.PivoFin2" name="UploadCam" time="2.368"/>
  <testcase classname="pivotalApplication.PivoFin2" name="UploadCamOk" time="10.200"/>
  <testcase classname="pivotalApplication.PivoFin2" name="UploadDocuments1" time="5.429"/>
  <testcase classname="pivotalApplication.PivoFin2" name="DocumentsDropDown1" time="5.265"/>
  <testcase classname="pivotalApplication.PivoFin2" name="DischargeSummary1" time="2.254"/>
  <testcase classname="pivotalApplication.PivoFin2" name="CreatedBy1" time="2.776"/>
  <testcase classname="pivotalApplication.PivoFin2" name="DocumentOn1" time="2.271"/>
  <testcase classname="pivotalApplication.PivoFin2" name="popUpOk1" time="2.311"/>
  <testcase classname="pivotalApplication.PivoFin2" name="Gallery" time="2.333"/>
  <testcase classname="pivotalApplication.PivoFin2" name="photo" time="10.299"/>
  <testcase classname="pivotalApplication.PivoFin2" name="Upload" time="2.346"/>
  <testcase classname="pivotalApplication.PivoFin2" name="UploadOk" time="2.762"/>
  <testcase classname="pivotalApplication.PivoFin2" name="SpecialVaccine" time="17.668"/>
  <testcase classname="pivotalApplication.PivoFin2" name="AdministeredDate" time="5.233"/>
  <testcase classname="pivotalApplication.PivoFin2" name="PopUpOk" time="2.701"/>
  <testcase classname="pivotalApplication.PivoFin2" name="VaccineDropdown" time="2.262"/>
  <testcase classname="pivotalApplication.PivoFin2" name="CholeraVaccine" time="2.239"/>
  <testcase classname="pivotalApplication.PivoFin2" name="Submit" time="2.230"/>
  <testcase classname="pivotalApplication.PivoFin2" name="VaccinationOk" time="2.728"/>
  <testcase classname="pivotalApplication.PivoFin2" name="LinkPatient" time="17.692"/>
  <testcase classname="pivotalApplication.PivoFin2" name="DrMobileNumber" time="10.681"/>
  <testcase classname="pivotalApplication.PivoFin2" name="SearchDr" time="17.192"/>
  <testcase classname="pivotalApplication.PivoFin2" name="Link" time="15.224"/>
  <testcase classname="pivotalApplication.PivoFin2" name="Reciept" time="17.654"/>
  <testcase classname="pivotalApplication.PivoFin2" name="AddNewReceipt" time="10.270"/>
  <testcase classname="pivotalApplication.PivoFin2" name="ReceiptNo" time="7.946"/>
  <testcase classname="pivotalApplication.PivoFin2" name="Consultation" time="4.355"/>
  <testcase classname="pivotalApplication.PivoFin2" name="Vaccination" time="4.368"/>
  <testcase classname="pivotalApplication.PivoFin2" name="OtherReasons" time="4.850"/>
  <testcase classname="pivotalApplication.PivoFin2" name="Addmore" time="4.403"/>
  <testcase classname="pivotalApplication.PivoFin2" name="Preview" time="35.401"/>
  <testcase classname="pivotalApplication.PivoFin2" name="PayerName" time="2.707"/>
  <testcase classname="pivotalApplication.PivoFin2" name="CreateReceipt" time="27.092"/>
  <testcase classname="pivotalApplication.PivoFin2" name="Certificate" time="41.259"/>
  <testcase classname="pivotalApplication.PivoFin2" name="CertificateDropdown" time="22.228"/>
  <testcase classname="pivotalApplication.PivoFin2" name="CertificateType" time="22.297"/>
  <testcase classname="pivotalApplication.PivoFin2" name="Speciality1" time="32.335"/>
  <testcase classname="pivotalApplication.PivoFin2" name="SpecialitySelect" time="37.207"/>
  <testcase classname="pivotalApplication.PivoFin2" name="Preview1" time="12.294"/>
  <testcase classname="pivotalApplication.PivoFin2" name="Printclose" time="18.073"/>
  <testcase classname="pivotalApplication.PivoFin2" name="ClickHistory" time="6.800"/>
  <testcase classname="pivotalApplication.PivoFin2" name="ViewDocument" time="2.452"/>
  <testcase classname="pivotalApplication.PivoFin2" name="close1" time="10.211"/>
  <testcase classname="pivotalApplication.PivoFin2" name="ViewReceipts" time="12.637"/>
  <testcase classname="pivotalApplication.PivoFin2" name="close2" time="12.205"/>
  <testcase classname="pivotalApplication.PivoFin2" name="ViewReferal" time="11.049"/>
  <testcase classname="pivotalApplication.PivoFin2" name="close4" time="55.448"/>
  <testcase classname="pivotalApplication.PivoFin2" name="PatientList" time="34.679"/>
  <testcase classname="pivotalApplication.PivoFin2" name="Appointments" time="10.503"/>
  <testcase classname="pivotalApplication.PivoFin2" name="Prescription" time="42.199"/>
  <testcase classname="pivotalApplication.PivoFin2" name="Reports" time="47.459"/>
  <testcase classname="pivotalApplication.PivoFin2" name="Referrals" time="45.811"/>
  <testcase classname="pivotalApplication.PivoFin2" name="VaccineInStore" time="21.949"/>
  <testcase classname="pivotalApplication.PivoFin2" name="ViewReports" time="47.586"/>
  <testcase classname="pivotalApplication.PivoFin2" name="MyNotes" time="25.757"/>
  <testcase classname="pivotalApplication.PivoFin2" name="ShareHealth" time="11.572"/>
  <testcase classname="pivotalApplication.PivoFin2" name="WhatsNew" time="10.488"/>
  <testcase classname="pivotalApplication.PivoFin2" name="DashboardData" time="6.822"/>
  <testcase classname="pivotalApplication.PivoFin2" name="ClickPatient1">
    <skipped/>
  </testcase> <!-- ClickPatient1 -->
  <testcase classname="pivotalApplication.PivoFin2" name="NumberField">
    <skipped/>
  </testcase> <!-- NumberField -->
  <testcase classname="pivotalApplication.PivoFin2" name="Search">
    <skipped/>
  </testcase> <!-- Search -->
  <testcase classname="pivotalApplication.PivoFin2" name="IAgree">
    <skipped/>
  </testcase> <!-- IAgree -->
  <testcase classname="pivotalApplication.PivoFin2" name="submit">
    <skipped/>
  </testcase> <!-- submit -->
  <testcase classname="pivotalApplication.PivoFin2" name="HealthApp">
    <skipped/>
  </testcase> <!-- HealthApp -->
  <testcase classname="pivotalApplication.PivoFin2" name="OTP">
    <skipped/>
  </testcase> <!-- OTP -->
  <testcase classname="pivotalApplication.PivoFin2" name="proceedButton">
    <skipped/>
  </testcase> <!-- proceedButton -->
</testsuite> <!-- pivotalApplication.PivoFin2 -->
