<?xml version="1.0" encoding="UTF-8"?>
<!-- Generated by org.testng.reporters.JUnitReportReporter -->
<testsuite hostname="CopiousCare" failures="0" tests="17" name="pivotalApplicationNegative.Nreferal" time="75.428" errors="0" timestamp="2024-09-05T12:13:06 IST" skipped="0">
  <testcase classname="pivotalApplicationNegative.Nreferal" name="BfSuite" time="0.757"/>
  <system-out/>
  <testcase classname="pivotalApplicationNegative.Nreferal" name="NumberField" time="1.786"/>
  <system-out/>
  <testcase classname="pivotalApplicationNegative.Nreferal" name="IAgree" time="1.938"/>
  <system-out/>
  <testcase classname="pivotalApplicationNegative.Nreferal" name="proceedButton" time="2.332"/>
  <system-out/>
  <testcase classname="pivotalApplicationNegative.Nreferal" name="OTP" time="12.024"/>
  <system-out/>
  <testcase classname="pivotalApplicationNegative.Nreferal" name="submit" time="7.782"/>
  <system-out/>
  <testcase classname="pivotalApplicationNegative.Nreferal" name="Search" time="7.997"/>
  <system-out/>
  <testcase classname="pivotalApplicationNegative.Nreferal" name="ClickPatient" time="3.084"/>
  <system-out/>
  <testcase classname="pivotalApplicationNegative.Nreferal" name="RffralCreation" time="3.048"/>
  <system-out/>
  <testcase classname="pivotalApplicationNegative.Nreferal" name="DrName" time="2.961"/>
  <system-out/>
  <testcase classname="pivotalApplicationNegative.Nreferal" name="DrEmail" time="2.825"/>
  <system-out/>
  <testcase classname="pivotalApplicationNegative.Nreferal" name="DrMobNumber" time="2.786"/>
  <system-out/>
  <testcase classname="pivotalApplicationNegative.Nreferal" name="HealthCondition" time="2.806"/>
  <system-out/>
  <testcase classname="pivotalApplicationNegative.Nreferal" name="Duration" time="8.078"/>
  <system-out/>
  <testcase classname="pivotalApplicationNegative.Nreferal" name="Speciality" time="7.620"/>
  <system-out/>
  <testcase classname="pivotalApplicationNegative.Nreferal" name="preview" time="2.360"/>
  <system-out/>
  <testcase classname="pivotalApplicationNegative.Nreferal" name="Save" time="5.244"/>
  <system-out/>
</testsuite> <!-- pivotalApplicationNegative.Nreferal -->
