<?xml version="1.0" encoding="UTF-8"?>
<!-- Generated by org.testng.reporters.JUnitReportReporter -->
<testsuite hostname="CopiousCare" failures="0" tests="29" name="webAuto.LMPFlow" time="183.917" errors="0" timestamp="2024-04-02T13:22:25 IST" skipped="0">
  <testcase classname="webAuto.LMPFlow" name="numberField" time="0.117"/>
  <system-out/>
  <testcase classname="webAuto.LMPFlow" name="sendOTP" time="11.597"/>
  <system-out/>
  <testcase classname="webAuto.LMPFlow" name="verifyButton" time="10.081"/>
  <system-out/>
  <testcase classname="webAuto.LMPFlow" name="createPatient" time="0.476"/>
  <system-out/>
  <testcase classname="webAuto.LMPFlow" name="Number1" time="0.213"/>
  <system-out/>
  <testcase classname="webAuto.LMPFlow" name="confirm" time="2.089"/>
  <system-out/>
  <testcase classname="webAuto.LMPFlow" name="number2" time="0.195"/>
  <system-out/>
  <testcase classname="webAuto.LMPFlow" name="firstName" time="0.125"/>
  <system-out/>
  <testcase classname="webAuto.LMPFlow" name="middleName" time="0.120"/>
  <system-out/>
  <testcase classname="webAuto.LMPFlow" name="lastName" time="0.117"/>
  <system-out/>
  <testcase classname="webAuto.LMPFlow" name="birthDate" time="0.410"/>
  <system-out/>
  <testcase classname="webAuto.LMPFlow" name="genFemale" time="0.066"/>
  <system-out/>
  <testcase classname="webAuto.LMPFlow" name="address" time="0.148"/>
  <system-out/>
  <testcase classname="webAuto.LMPFlow" name="locality" time="0.133"/>
  <system-out/>
  <testcase classname="webAuto.LMPFlow" name="city" time="0.151"/>
  <system-out/>
  <testcase classname="webAuto.LMPFlow" name="pinCode" time="0.140"/>
  <system-out/>
  <testcase classname="webAuto.LMPFlow" name="proceedWithSameRMN" time="0.145"/>
  <system-out/>
  <testcase classname="webAuto.LMPFlow" name="nextButton" time="15.076"/>
  <system-out/>
  <testcase classname="webAuto.LMPFlow" name="clickClose" time="0.786"/>
  <system-out/>
  <testcase classname="webAuto.LMPFlow" name="fillVitalForm" time="15.858"/>
  <system-out/>
  <testcase classname="webAuto.LMPFlow" name="fillHealthProfile" time="11.058"/>
  <system-out/>
  <testcase classname="webAuto.LMPFlow" name="fillFamilyProfile" time="16.229"/>
  <system-out/>
  <testcase classname="webAuto.LMPFlow" name="GoHome" time="0.158"/>
  <system-out/>
  <testcase classname="webAuto.LMPFlow" name="searchBar2" time="27.974"/>
  <system-out/>
  <testcase classname="webAuto.LMPFlow" name="AdVitals" time="3.659"/>
  <system-out/>
  <testcase classname="webAuto.LMPFlow" name="AdBpandHeartOption" time="15.583"/>
  <system-out/>
  <testcase classname="webAuto.LMPFlow" name="AdBloodAndAnalysis" time="15.714"/>
  <system-out/>
  <testcase classname="webAuto.LMPFlow" name="AdLipidProfile" time="15.749"/>
  <system-out/>
  <testcase classname="webAuto.LMPFlow" name="EditVital" time="19.750"/>
  <system-out/>
</testsuite> <!-- webAuto.LMPFlow -->
