<?xml version="1.0" encoding="UTF-8"?>
<!-- Generated by org.testng.reporters.JUnitReportReporter -->
<testsuite hostname="CopiousCare" failures="0" tests="14" name="pivotalApplication.Chats" time="90.355" errors="0" timestamp="2024-04-11T16:52:27 IST" skipped="0">
  <testcase classname="pivotalApplication.Chats" name="BfSuite" time="0.583"/>
  <system-out/>
  <testcase classname="pivotalApplication.Chats" name="NumberField" time="1.153"/>
  <system-out/>
  <testcase classname="pivotalApplication.Chats" name="IAgree" time="2.314"/>
  <system-out/>
  <testcase classname="pivotalApplication.Chats" name="proceedButton" time="2.380"/>
  <system-out/>
  <testcase classname="pivotalApplication.Chats" name="OTP" time="11.644"/>
  <system-out/>
  <testcase classname="pivotalApplication.Chats" name="submit" time="12.677"/>
  <system-out/>
  <testcase classname="pivotalApplication.Chats" name="chatsclick" time="7.487"/>
  <system-out/>
  <testcase classname="pivotalApplication.Chats" name="Patientclick" time="7.379"/>
  <system-out/>
  <testcase classname="pivotalApplication.Chats" name="clickCamera" time="7.292"/>
  <system-out/>
  <testcase classname="pivotalApplication.Chats" name="CameraAllow" time="7.280"/>
  <system-out/>
  <testcase classname="pivotalApplication.Chats" name="CameraClick" time="7.439"/>
  <system-out/>
  <testcase classname="pivotalApplication.Chats" name="OkClick" time="7.344"/>
  <system-out/>
  <testcase classname="pivotalApplication.Chats" name="TypeMessage" time="8.003"/>
  <system-out/>
  <testcase classname="pivotalApplication.Chats" name="SendButton" time="7.380"/>
  <system-out/>
</testsuite> <!-- pivotalApplication.Chats -->
