<?xml version="1.0" encoding="UTF-8"?>
<!-- Generated by org.testng.reporters.JUnitReportReporter -->
<testsuite hostname="CopiousCare" failures="0" tests="19" name="webAuto.FinalprescriptionShort" time="270.405" errors="0" timestamp="2024-11-14T12:05:04 IST" skipped="0">
  <testcase classname="webAuto.FinalprescriptionShort" name="numberField" time="0.392"/>
  <system-out/>
  <testcase classname="webAuto.FinalprescriptionShort" name="sendOTP" time="8.352"/>
  <system-out/>
  <testcase classname="webAuto.FinalprescriptionShort" name="verifyButton" time="10.206"/>
  <system-out/>
  <testcase classname="webAuto.FinalprescriptionShort" name="searchBar" time="0.647"/>
  <system-out/>
  <testcase classname="webAuto.FinalprescriptionShort" name="searchOpt" time="3.156"/>
  <system-out/>
  <testcase classname="webAuto.FinalprescriptionShort" name="clickPatient" time="10.227"/>
  <system-out/>
  <testcase classname="webAuto.FinalprescriptionShort" name="QuickRx" time="11.570"/>
  <system-out/>
  <testcase classname="webAuto.FinalprescriptionShort" name="Complaints" time="3.557"/>
  <system-out/>
  <testcase classname="webAuto.FinalprescriptionShort" name="VitalsOption" time="5.853"/>
  <system-out/>
  <testcase classname="webAuto.FinalprescriptionShort" name="BpandHeartOption" time="16.618"/>
  <system-out/>
  <testcase classname="webAuto.FinalprescriptionShort" name="BloodAndAnalysis" time="16.688"/>
  <system-out/>
  <testcase classname="webAuto.FinalprescriptionShort" name="LipidProfile" time="15.708"/>
  <system-out/>
  <testcase classname="webAuto.FinalprescriptionShort" name="OnExamination" time="15.551"/>
  <system-out/>
  <testcase classname="webAuto.FinalprescriptionShort" name="Diagnosis" time="15.433"/>
  <system-out/>
  <testcase classname="webAuto.FinalprescriptionShort" name="Medicine1" time="49.542"/>
  <system-out/>
  <testcase classname="webAuto.FinalprescriptionShort" name="DietaryAdvice" time="15.297"/>
  <system-out/>
  <testcase classname="webAuto.FinalprescriptionShort" name="GeneralInstruction" time="15.347"/>
  <system-out/>
  <testcase classname="webAuto.FinalprescriptionShort" name="SaveandProceed" time="0.131"/>
  <system-out/>
  <testcase classname="webAuto.FinalprescriptionShort" name="ConfirmPrescription" time="56.130"/>
  <system-out/>
</testsuite> <!-- webAuto.FinalprescriptionShort -->
