<?xml version="1.0" encoding="UTF-8"?>
<!-- Generated by org.testng.reporters.JUnitReportReporter -->
<testsuite hostname="CopiousCare" failures="0" tests="11" name="pivotalApplication.ViewReferralHistory" time="79.848" errors="0" timestamp="2024-04-10T17:02:12 IST" skipped="0">
  <testcase classname="pivotalApplication.ViewReferralHistory" name="NumberField" time="1.193"/>
  <system-out/>
  <testcase classname="pivotalApplication.ViewReferralHistory" name="BfSuite" time="0.923"/>
  <system-out/>
  <testcase classname="pivotalApplication.ViewReferralHistory" name="IAgree" time="2.157"/>
  <system-out/>
  <testcase classname="pivotalApplication.ViewReferralHistory" name="proceedButton" time="2.371"/>
  <system-out/>
  <testcase classname="pivotalApplication.ViewReferralHistory" name="OTP" time="10.870"/>
  <system-out/>
  <testcase classname="pivotalApplication.ViewReferralHistory" name="submit" time="12.640"/>
  <system-out/>
  <testcase classname="pivotalApplication.ViewReferralHistory" name="Search" time="11.063"/>
  <system-out/>
  <testcase classname="pivotalApplication.ViewReferralHistory" name="ClickPatient" time="3.080"/>
  <system-out/>
  <testcase classname="pivotalApplication.ViewReferralHistory" name="ClickHistory" time="12.728"/>
  <system-out/>
  <testcase classname="pivotalApplication.ViewReferralHistory" name="ViewReferal" time="12.573"/>
  <system-out/>
  <testcase classname="pivotalApplication.ViewReferralHistory" name="close" time="10.250"/>
  <system-out/>
</testsuite> <!-- pivotalApplication.ViewReferralHistory -->
