<?xml version="1.0" encoding="UTF-8"?>
<!-- Generated by org.testng.reporters.JUnitReportReporter -->
<testsuite hostname="CopiousCare" failures="0" tests="8" name="webAutoQueue.QueuePatient" time="30.690" errors="0" timestamp="2024-04-30T14:51:03 IST" skipped="0">
  <testcase classname="webAutoQueue.QueuePatient" name="numberField" time="0.120"/>
  <system-out/>
  <testcase classname="webAutoQueue.QueuePatient" name="sendOTP" time="7.697"/>
  <system-out/>
  <testcase classname="webAutoQueue.QueuePatient" name="verifyButton" time="10.072"/>
  <system-out/>
  <testcase classname="webAutoQueue.QueuePatient" name="searchBar" time="0.449"/>
  <system-out/>
  <testcase classname="webAutoQueue.QueuePatient" name="searchOpt" time="3.093"/>
  <system-out/>
  <testcase classname="webAutoQueue.QueuePatient" name="Queue" time="3.092"/>
  <system-out/>
  <testcase classname="webAutoQueue.QueuePatient" name="Join" time="3.077"/>
  <system-out/>
  <testcase classname="webAutoQueue.QueuePatient" name="JoinOk" time="3.090"/>
  <system-out/>
</testsuite> <!-- webAutoQueue.QueuePatient -->
