<?xml version="1.0" encoding="UTF-8"?>
<!-- Generated by org.testng.reporters.JUnitReportReporter -->
<testsuite hostname="CopiousCare" failures="0" tests="8" name="webAuto.ViewInvestigationReportInAllDoc" time="58.584" errors="0" timestamp="2024-11-15T10:53:41 IST" skipped="0">
  <testcase classname="webAuto.ViewInvestigationReportInAllDoc" name="numberField" time="0.124"/>
  <system-out/>
  <testcase classname="webAuto.ViewInvestigationReportInAllDoc" name="sendOTP" time="7.953"/>
  <system-out/>
  <testcase classname="webAuto.ViewInvestigationReportInAllDoc" name="verifyButton" time="10.070"/>
  <system-out/>
  <testcase classname="webAuto.ViewInvestigationReportInAllDoc" name="searchBar" time="0.459"/>
  <system-out/>
  <testcase classname="webAuto.ViewInvestigationReportInAllDoc" name="searchOpt" time="3.139"/>
  <system-out/>
  <testcase classname="webAuto.ViewInvestigationReportInAllDoc" name="clickPatient" time="10.389"/>
  <system-out/>
  <testcase classname="webAuto.ViewInvestigationReportInAllDoc" name="Document" time="0.284"/>
  <system-out/>
  <testcase classname="webAuto.ViewInvestigationReportInAllDoc" name="AllDocuments" time="26.166"/>
  <system-out/>
</testsuite> <!-- webAuto.ViewInvestigationReportInAllDoc -->
