<?xml version="1.0" encoding="UTF-8"?>
<!-- Generated by org.testng.reporters.JUnitReportReporter -->
<testsuite hostname="DESKTOP-VQLLA2K" failures="0" tests="16" name="pivotalApplication.ImmunizationCerificate" time="112.231" errors="0" timestamp="2023-12-20T13:26:18 IST" skipped="0">
  <testcase classname="pivotalApplication.ImmunizationCerificate" name="NumberField" time="1.274"/>
  <testcase classname="pivotalApplication.ImmunizationCerificate" name="IAgree" time="2.176"/>
  <testcase classname="pivotalApplication.ImmunizationCerificate" name="proceedButton" time="2.644"/>
  <testcase classname="pivotalApplication.ImmunizationCerificate" name="OTP" time="11.398"/>
  <testcase classname="pivotalApplication.ImmunizationCerificate" name="submit" time="13.251"/>
  <testcase classname="pivotalApplication.ImmunizationCerificate" name="Search" time="10.455"/>
  <testcase classname="pivotalApplication.ImmunizationCerificate" name="ClickPatient" time="3.132"/>
  <testcase classname="pivotalApplication.ImmunizationCerificate" name="ImmunizationClick" time="2.961"/>
  <testcase classname="pivotalApplication.ImmunizationCerificate" name="Records" time="5.694"/>
  <testcase classname="pivotalApplication.ImmunizationCerificate" name="Certificates" time="5.623"/>
  <testcase classname="pivotalApplication.ImmunizationCerificate" name="SelectVaciines" time="5.317"/>
  <testcase classname="pivotalApplication.ImmunizationCerificate" name="Proceed" time="5.663"/>
  <testcase classname="pivotalApplication.ImmunizationCerificate" name="SpecialityDropdown" time="5.350"/>
  <testcase classname="pivotalApplication.ImmunizationCerificate" name="DefaultV3" time="5.258"/>
  <testcase classname="pivotalApplication.ImmunizationCerificate" name="Preview" time="5.362"/>
  <testcase classname="pivotalApplication.ImmunizationCerificate" name="Print" time="26.673"/>
</testsuite> <!-- pivotalApplication.ImmunizationCerificate -->
