<?xml version="1.0" encoding="UTF-8"?>
<!-- Generated by org.testng.reporters.JUnitReportReporter -->
<testsuite hostname="CopiousCare" failures="0" tests="83" name="healthApp.HealthEndToEndScript" time="669.755" errors="0" timestamp="2024-05-31T10:56:39 IST" skipped="0">
  <testcase classname="healthApp.HealthEndToEndScript" name="NumberField" time="16.721"/>
  <system-out/>
  <testcase classname="healthApp.HealthEndToEndScript" name="BfSuite" time="0.887"/>
  <system-out/>
  <testcase classname="healthApp.HealthEndToEndScript" name="IAgree" time="2.124"/>
  <system-out/>
  <testcase classname="healthApp.HealthEndToEndScript" name="proceedButton" time="5.299"/>
  <system-out/>
  <testcase classname="healthApp.HealthEndToEndScript" name="OTP" time="16.516"/>
  <system-out/>
  <testcase classname="healthApp.HealthEndToEndScript" name="Verify" time="15.481"/>
  <system-out/>
  <testcase classname="healthApp.HealthEndToEndScript" name="Family" time="5.922"/>
  <system-out/>
  <testcase classname="healthApp.HealthEndToEndScript" name="AddFamilyMember" time="6.292"/>
  <system-out/>
  <testcase classname="healthApp.HealthEndToEndScript" name="FirstName" time="5.849"/>
  <system-out/>
  <testcase classname="healthApp.HealthEndToEndScript" name="MiddleName" time="5.837"/>
  <system-out/>
  <testcase classname="healthApp.HealthEndToEndScript" name="Birthdate" time="10.613"/>
  <system-out/>
  <testcase classname="healthApp.HealthEndToEndScript" name="Male" time="5.371"/>
  <system-out/>
  <testcase classname="healthApp.HealthEndToEndScript" name="SaveAndNext" time="10.588"/>
  <system-out/>
  <testcase classname="healthApp.HealthEndToEndScript" name="SelectClick" time="5.923"/>
  <system-out/>
  <testcase classname="healthApp.HealthEndToEndScript" name="SelectOther" time="5.327"/>
  <system-out/>
  <testcase classname="healthApp.HealthEndToEndScript" name="Next" time="5.960"/>
  <system-out/>
  <testcase classname="healthApp.HealthEndToEndScript" name="LinkDr" time="2.563"/>
  <system-out/>
  <testcase classname="healthApp.HealthEndToEndScript" name="AddtionalInformation" time="1.866"/>
  <system-out/>
  <testcase classname="healthApp.HealthEndToEndScript" name="MedicalConditionAdd" time="3.709"/>
  <system-out/>
  <testcase classname="healthApp.HealthEndToEndScript" name="MedicalConditionSelect" time="3.879"/>
  <system-out/>
  <testcase classname="healthApp.HealthEndToEndScript" name="AddMedicalCondition" time="2.449"/>
  <system-out/>
  <testcase classname="healthApp.HealthEndToEndScript" name="Allergies" time="2.327"/>
  <system-out/>
  <testcase classname="healthApp.HealthEndToEndScript" name="Reactions" time="2.633"/>
  <system-out/>
  <testcase classname="healthApp.HealthEndToEndScript" name="RecurringComplaints" time="2.301"/>
  <system-out/>
  <testcase classname="healthApp.HealthEndToEndScript" name="HospitalizationHistory" time="2.826"/>
  <system-out/>
  <testcase classname="healthApp.HealthEndToEndScript" name="HealthHistory" time="2.297"/>
  <system-out/>
  <testcase classname="healthApp.HealthEndToEndScript" name="GeneticdisoredrAdd" time="4.071"/>
  <system-out/>
  <testcase classname="healthApp.HealthEndToEndScript" name="GeneticdisoredrSelect" time="13.015"/>
  <system-out/>
  <testcase classname="healthApp.HealthEndToEndScript" name="AddGeneticdisoredr" time="2.970"/>
  <system-out/>
  <testcase classname="healthApp.HealthEndToEndScript" name="helathNext" time="2.349"/>
  <system-out/>
  <testcase classname="healthApp.HealthEndToEndScript" name="FamailyNedicalHistory" time="8.176"/>
  <system-out/>
  <testcase classname="healthApp.HealthEndToEndScript" name="EnterDisorders" time="10.137"/>
  <system-out/>
  <testcase classname="healthApp.HealthEndToEndScript" name="FathersName" time="3.145"/>
  <system-out/>
  <testcase classname="healthApp.HealthEndToEndScript" name="MothersName" time="19.555"/>
  <system-out/>
  <testcase classname="healthApp.HealthEndToEndScript" name="BookAppointment" time="5.644"/>
  <system-out/>
  <testcase classname="healthApp.HealthEndToEndScript" name="SelectFamilyMember" time="7.293"/>
  <system-out/>
  <testcase classname="healthApp.HealthEndToEndScript" name="SelectDoctor" time="5.326"/>
  <system-out/>
  <testcase classname="healthApp.HealthEndToEndScript" name="Doctor" time="5.291"/>
  <system-out/>
  <testcase classname="healthApp.HealthEndToEndScript" name="DateClick" time="5.333"/>
  <system-out/>
  <testcase classname="healthApp.HealthEndToEndScript" name="Time" time="5.622"/>
  <system-out/>
  <testcase classname="healthApp.HealthEndToEndScript" name="PurposeVisit" time="33.648"/>
  <system-out/>
  <testcase classname="healthApp.HealthEndToEndScript" name="CreateAppointment" time="5.300"/>
  <system-out/>
  <testcase classname="healthApp.HealthEndToEndScript" name="Done" time="5.244"/>
  <system-out/>
  <testcase classname="healthApp.HealthEndToEndScript" name="SelectFamilyMember2" time="11.045"/>
  <system-out/>
  <testcase classname="healthApp.HealthEndToEndScript" name="AddButton1" time="5.488"/>
  <system-out/>
  <testcase classname="healthApp.HealthEndToEndScript" name="GrowthRecord1" time="5.579"/>
  <system-out/>
  <testcase classname="healthApp.HealthEndToEndScript" name="Vital" time="13.487"/>
  <system-out/>
  <testcase classname="healthApp.HealthEndToEndScript" name="UploadDoc" time="16.055"/>
  <system-out/>
  <testcase classname="healthApp.HealthEndToEndScript" name="DocumentsDropDown" time="5.226"/>
  <system-out/>
  <testcase classname="healthApp.HealthEndToEndScript" name="DischargeSummary" time="2.244"/>
  <system-out/>
  <testcase classname="healthApp.HealthEndToEndScript" name="CreatedBy" time="2.245"/>
  <system-out/>
  <testcase classname="healthApp.HealthEndToEndScript" name="DocumentOn" time="2.279"/>
  <system-out/>
  <testcase classname="healthApp.HealthEndToEndScript" name="popUpOk" time="4.295"/>
  <system-out/>
  <testcase classname="healthApp.HealthEndToEndScript" name="Camera" time="17.090"/>
  <system-out/>
  <testcase classname="healthApp.HealthEndToEndScript" name="UploadCam" time="7.272"/>
  <system-out/>
  <testcase classname="healthApp.HealthEndToEndScript" name="UploadCamOk" time="10.933"/>
  <system-out/>
  <testcase classname="healthApp.HealthEndToEndScript" name="UploadDocuments1" time="3.021"/>
  <system-out/>
  <testcase classname="healthApp.HealthEndToEndScript" name="DocumentsDropDown1" time="5.286"/>
  <system-out/>
  <testcase classname="healthApp.HealthEndToEndScript" name="DischargeSummary1" time="2.279"/>
  <system-out/>
  <testcase classname="healthApp.HealthEndToEndScript" name="CreatedBy1" time="2.766"/>
  <system-out/>
  <testcase classname="healthApp.HealthEndToEndScript" name="DocumentOn1" time="2.269"/>
  <system-out/>
  <testcase classname="healthApp.HealthEndToEndScript" name="popUpOk1" time="2.273"/>
  <system-out/>
  <testcase classname="healthApp.HealthEndToEndScript" name="Gallery" time="2.276"/>
  <system-out/>
  <testcase classname="healthApp.HealthEndToEndScript" name="photo" time="10.404"/>
  <system-out/>
  <testcase classname="healthApp.HealthEndToEndScript" name="Upload" time="2.316"/>
  <system-out/>
  <testcase classname="healthApp.HealthEndToEndScript" name="UploadOk" time="12.301"/>
  <system-out/>
  <testcase classname="healthApp.HealthEndToEndScript" name="AddButton4" time="10.487"/>
  <system-out/>
  <testcase classname="healthApp.HealthEndToEndScript" name="BookLabTest11" time="5.584"/>
  <system-out/>
  <testcase classname="healthApp.HealthEndToEndScript" name="SelectLab" time="5.291"/>
  <system-out/>
  <testcase classname="healthApp.HealthEndToEndScript" name="ClickLab" time="5.344"/>
  <system-out/>
  <testcase classname="healthApp.HealthEndToEndScript" name="Comments" time="5.796"/>
  <system-out/>
  <testcase classname="healthApp.HealthEndToEndScript" name="VaccineLabel" time="17.930"/>
  <system-out/>
  <testcase classname="healthApp.HealthEndToEndScript" name="BookLabTest1" time="5.264"/>
  <system-out/>
  <testcase classname="healthApp.HealthEndToEndScript" name="Done2" time="5.281"/>
  <system-out/>
  <testcase classname="healthApp.HealthEndToEndScript" name="SelectFamilyMember3" time="15.720"/>
  <system-out/>
  <testcase classname="healthApp.HealthEndToEndScript" name="Immunization" time="5.484"/>
  <system-out/>
  <testcase classname="healthApp.HealthEndToEndScript" name="Birth" time="29.949"/>
  <system-out/>
  <testcase classname="healthApp.HealthEndToEndScript" name="PopUpOk" time="17.039"/>
  <system-out/>
  <testcase classname="healthApp.HealthEndToEndScript" name="AddButton2" time="21.561"/>
  <system-out/>
  <testcase classname="healthApp.HealthEndToEndScript" name="AllVisits" time="5.601"/>
  <system-out/>
  <testcase classname="healthApp.HealthEndToEndScript" name="AddVitalsClick" time="5.359"/>
  <system-out/>
  <testcase classname="healthApp.HealthEndToEndScript" name="AddVitals" time="38.789"/>
  <system-out/>
  <testcase classname="healthApp.HealthEndToEndScript" name="LipidProfile" time="27.168"/>
  <system-out/>
</testsuite> <!-- healthApp.HealthEndToEndScript -->
