<?xml version="1.0" encoding="UTF-8"?>
<!-- Generated by org.testng.reporters.JUnitReportReporter -->
<testsuite hostname="CopiousCare" failures="0" tests="14" name="pivotalApplication.AppointmentVideo" time="145.420" errors="0" timestamp="2024-08-30T13:10:20 IST" skipped="0">
  <testcase classname="pivotalApplication.AppointmentVideo" name="BfSuite" time="0.674"/>
  <system-out/>
  <testcase classname="pivotalApplication.AppointmentVideo" name="NumberField" time="1.270"/>
  <system-out/>
  <testcase classname="pivotalApplication.AppointmentVideo" name="IAgree" time="2.637"/>
  <system-out/>
  <testcase classname="pivotalApplication.AppointmentVideo" name="proceedButton" time="2.337"/>
  <system-out/>
  <testcase classname="pivotalApplication.AppointmentVideo" name="OTP" time="11.833"/>
  <system-out/>
  <testcase classname="pivotalApplication.AppointmentVideo" name="submit" time="7.820"/>
  <system-out/>
  <testcase classname="pivotalApplication.AppointmentVideo" name="Search" time="8.070"/>
  <system-out/>
  <testcase classname="pivotalApplication.AppointmentVideo" name="Appointment" time="13.376"/>
  <system-out/>
  <testcase classname="pivotalApplication.AppointmentVideo" name="SlotTime" time="10.413"/>
  <system-out/>
  <testcase classname="pivotalApplication.AppointmentVideo" name="EveningTime" time="20.317"/>
  <system-out/>
  <testcase classname="pivotalApplication.AppointmentVideo" name="SlotBook" time="10.633"/>
  <system-out/>
  <testcase classname="pivotalApplication.AppointmentVideo" name="VideoCheckBox" time="10.355"/>
  <system-out/>
  <testcase classname="pivotalApplication.AppointmentVideo" name="Book" time="10.426"/>
  <system-out/>
  <testcase classname="pivotalApplication.AppointmentVideo" name="AppointmentBookedPopup" time="35.259"/>
  <system-out/>
</testsuite> <!-- pivotalApplication.AppointmentVideo -->
