<?xml version="1.0" encoding="UTF-8"?>
<!-- Generated by org.testng.reporters.JUnitReportReporter -->
<testsuite hostname="DESKTOP-VQLLA2K" failures="0" tests="174" name="pivotalApplication.PivoFin1" time="979.243" errors="1" timestamp="2024-01-05T15:29:01 IST" skipped="0">
  <testcase classname="pivotalApplication.PivoFin1" name="NumberField" time="1.293"/>
  <testcase classname="pivotalApplication.PivoFin1" name="BfSuite" time="3.501"/>
  <testcase classname="pivotalApplication.PivoFin1" name="IAgree" time="2.173"/>
  <testcase classname="pivotalApplication.PivoFin1" name="proceedButton" time="2.430"/>
  <testcase classname="pivotalApplication.PivoFin1" name="OTP" time="11.168"/>
  <testcase classname="pivotalApplication.PivoFin1" name="submit" time="8.139"/>
  <testcase classname="pivotalApplication.PivoFin1" name="Createptient" time="4.513"/>
  <testcase classname="pivotalApplication.PivoFin1" name="Neweptient" time="12.296"/>
  <testcase classname="pivotalApplication.PivoFin1" name="Close" time="5.053"/>
  <testcase classname="pivotalApplication.PivoFin1" name="MobileNumber1" time="3.021"/>
  <testcase classname="pivotalApplication.PivoFin1" name="confirm" time="4.552"/>
  <testcase classname="pivotalApplication.PivoFin1" name="confirmPopup" time="4.706"/>
  <testcase classname="pivotalApplication.PivoFin1" name="AdditionalNumber1" time="2.522"/>
  <testcase classname="pivotalApplication.PivoFin1" name="FirstName" time="4.997"/>
  <testcase classname="pivotalApplication.PivoFin1" name="MiddleName" time="4.971"/>
  <testcase classname="pivotalApplication.PivoFin1" name="LastName" time="4.425"/>
  <testcase classname="pivotalApplication.PivoFin1" name="BirthCalender" time="5.039"/>
  <testcase classname="pivotalApplication.PivoFin1" name="Birthok" time="4.372"/>
  <testcase classname="pivotalApplication.PivoFin1" name="GenFemale" time="4.434"/>
  <testcase classname="pivotalApplication.PivoFin1" name="Address" time="2.385"/>
  <testcase classname="pivotalApplication.PivoFin1" name="Area" time="2.401"/>
  <testcase classname="pivotalApplication.PivoFin1" name="City" time="2.893"/>
  <testcase classname="pivotalApplication.PivoFin1" name="PinCode" time="3.442"/>
  <testcase classname="pivotalApplication.PivoFin1" name="Next" time="15.423"/>
  <testcase classname="pivotalApplication.PivoFin1" name="ContinueProfile" time="10.368"/>
  <testcase classname="pivotalApplication.PivoFin1" name="TypeOfDelivery" time="3.906"/>
  <testcase classname="pivotalApplication.PivoFin1" name="TypeOfDeliveryNormal" time="2.278"/>
  <testcase classname="pivotalApplication.PivoFin1" name="weightl" time="2.319"/>
  <testcase classname="pivotalApplication.PivoFin1" name="Heightl" time="2.317"/>
  <testcase classname="pivotalApplication.PivoFin1" name="HC" time="2.327"/>
  <testcase classname="pivotalApplication.PivoFin1" name="CC" time="2.312"/>
  <testcase classname="pivotalApplication.PivoFin1" name="BPSYS" time="2.316"/>
  <testcase classname="pivotalApplication.PivoFin1" name="BPDia" time="2.326"/>
  <testcase classname="pivotalApplication.PivoFin1" name="BloodGroup" time="2.367"/>
  <testcase classname="pivotalApplication.PivoFin1" name="BloodGroupA" time="2.241"/>
  <testcase classname="pivotalApplication.PivoFin1" name="BirthHistoryNext" time="7.445"/>
  <testcase classname="pivotalApplication.PivoFin1" name="MedicalConditionAdd" time="3.746"/>
  <testcase classname="pivotalApplication.PivoFin1" name="MedicalConditionSelect" time="3.478"/>
  <testcase classname="pivotalApplication.PivoFin1" name="AddMedicalCondition" time="2.406"/>
  <testcase classname="pivotalApplication.PivoFin1" name="Allergies" time="2.326"/>
  <testcase classname="pivotalApplication.PivoFin1" name="Reactions" time="2.806"/>
  <testcase classname="pivotalApplication.PivoFin1" name="RecurringComplaints" time="2.284"/>
  <testcase classname="pivotalApplication.PivoFin1" name="HospitalizationHistory" time="2.796"/>
  <testcase classname="pivotalApplication.PivoFin1" name="HealthHistory" time="2.825"/>
  <testcase classname="pivotalApplication.PivoFin1" name="GeneticdisoredrAdd" time="4.025"/>
  <testcase classname="pivotalApplication.PivoFin1" name="GeneticdisoredrSelect" time="12.910"/>
  <testcase classname="pivotalApplication.PivoFin1" name="AddGeneticdisoredr" time="2.481"/>
  <testcase classname="pivotalApplication.PivoFin1" name="OtherEmailId" time="2.796"/>
  <testcase classname="pivotalApplication.PivoFin1" name="helathNext" time="2.362"/>
  <testcase classname="pivotalApplication.PivoFin1" name="FathersName" time="2.847"/>
  <testcase classname="pivotalApplication.PivoFin1" name="MothersName" time="2.289"/>
  <testcase classname="pivotalApplication.PivoFin1" name="Fatherheight" time="7.013"/>
  <testcase classname="pivotalApplication.PivoFin1" name="Mothersheight" time="5.062"/>
  <testcase classname="pivotalApplication.PivoFin1" name="FamailyMedicalHistory" time="8.202"/>
  <testcase classname="pivotalApplication.PivoFin1" name="EnterDisorders" time="15.599"/>
  <testcase classname="pivotalApplication.PivoFin1" name="AddVital" time="5.340"/>
  <testcase classname="pivotalApplication.PivoFin1" name="weight" time="0.277"/>
  <testcase classname="pivotalApplication.PivoFin1" name="Height" time="5.957"/>
  <testcase classname="pivotalApplication.PivoFin1" name="HC1" time="5.293"/>
  <testcase classname="pivotalApplication.PivoFin1" name="CC1" time="5.276"/>
  <testcase classname="pivotalApplication.PivoFin1" name="Temperature" time="5.829"/>
  <testcase classname="pivotalApplication.PivoFin1" name="SPO2" time="11.111"/>
  <testcase classname="pivotalApplication.PivoFin1" name="UpArrow" time="10.703"/>
  <testcase classname="pivotalApplication.PivoFin1" name="BPSYS1" time="5.244"/>
  <testcase classname="pivotalApplication.PivoFin1" name="BPDIA" time="5.788"/>
  <testcase classname="pivotalApplication.PivoFin1" name="HeartRate" time="6.130"/>
  <testcase classname="pivotalApplication.PivoFin1" name="Pulse" time="11.340"/>
  <testcase classname="pivotalApplication.PivoFin1" name="BloodSugar" time="10.758"/>
  <testcase classname="pivotalApplication.PivoFin1" name="BloodSugarf" time="5.744"/>
  <testcase classname="pivotalApplication.PivoFin1" name="BloodSugarPP" time="5.782"/>
  <testcase classname="pivotalApplication.PivoFin1" name="BloodSugarHB" time="16.518"/>
  <testcase classname="pivotalApplication.PivoFin1" name="CholesterolHDL" time="5.772"/>
  <testcase classname="pivotalApplication.PivoFin1" name="CholesterolLDL" time="5.731"/>
  <testcase classname="pivotalApplication.PivoFin1" name="TotalCholesterol" time="5.276"/>
  <testcase classname="pivotalApplication.PivoFin1" name="Triglycerides" time="5.758"/>
  <testcase classname="pivotalApplication.PivoFin1" name="Save" time="5.402"/>
  <testcase classname="pivotalApplication.PivoFin1" name="Appointment" time="21.218"/>
  <testcase classname="pivotalApplication.PivoFin1" name="SlotTime" time="42.293"/>
  <testcase classname="pivotalApplication.PivoFin1" name="VideoCheckBox" time="2.301"/>
  <testcase classname="pivotalApplication.PivoFin1" name="Book" time="7.459"/>
  <testcase classname="pivotalApplication.PivoFin1" name="AppointmentBookedPopup" time="14.935"/>
  <testcase classname="pivotalApplication.PivoFin1" name="ClickPatient" time="3.053"/>
  <testcase classname="pivotalApplication.PivoFin1" name="prescription" time="2.818"/>
  <testcase classname="pivotalApplication.PivoFin1" name="ComplaintAndDiagnosis" time="2.543"/>
  <testcase classname="pivotalApplication.PivoFin1" name="AddChiefComplaints" time="2.389"/>
  <testcase classname="pivotalApplication.PivoFin1" name="Fever" time="4.322"/>
  <testcase classname="pivotalApplication.PivoFin1" name="Details" time="2.462"/>
  <testcase classname="pivotalApplication.PivoFin1" name="mild" time="2.366"/>
  <testcase classname="pivotalApplication.PivoFin1" name="moreSymptoms" time="2.325"/>
  <testcase classname="pivotalApplication.PivoFin1" name="Since2Days" time="2.305"/>
  <testcase classname="pivotalApplication.PivoFin1" name="AddComplaint" time="2.278"/>
  <testcase classname="pivotalApplication.PivoFin1" name="AddWorkingDiagnosis" time="2.395"/>
  <testcase classname="pivotalApplication.PivoFin1" name="AcuteUrti" time="5.212"/>
  <testcase classname="pivotalApplication.PivoFin1" name="AddDiagnosis" time="2.364"/>
  <testcase classname="pivotalApplication.PivoFin1" name="Medicine" time="2.432"/>
  <testcase classname="pivotalApplication.PivoFin1" name="TapToAddMedicine" time="2.427"/>
  <testcase classname="pivotalApplication.PivoFin1" name="SearchMedDolo" time="6.163"/>
  <testcase classname="pivotalApplication.PivoFin1" name="AddToPrescription" time="2.357"/>
  <testcase classname="pivotalApplication.PivoFin1" name="ClickFavourite" time="2.428"/>
  <testcase classname="pivotalApplication.PivoFin1" name="ClickFavoutiteDropdown" time="2.176"/>
  <testcase classname="pivotalApplication.PivoFin1" name="ClickFavoutiteMedDrp" time="2.188"/>
  <testcase classname="pivotalApplication.PivoFin1" name="ClickFavoutiteMedicine" time="2.275"/>
  <testcase classname="pivotalApplication.PivoFin1" name="CopyMedicine" time="2.296"/>
  <testcase classname="pivotalApplication.PivoFin1" name="popularClick" time="2.417"/>
  <testcase classname="pivotalApplication.PivoFin1" name="popularMedicineClick" time="3.839"/>
  <testcase classname="pivotalApplication.PivoFin1" name="popularCopyMedicine" time="2.675"/>
  <testcase classname="pivotalApplication.PivoFin1" name="DietAndNutrition" time="2.396"/>
  <testcase classname="pivotalApplication.PivoFin1" name="DietAndNutritionAdd" time="2.350"/>
  <testcase classname="pivotalApplication.PivoFin1" name="DietAdvice" time="2.363"/>
  <testcase classname="pivotalApplication.PivoFin1" name="AddDietAdvice" time="2.323"/>
  <testcase classname="pivotalApplication.PivoFin1" name="GeneralInstructions" time="2.408"/>
  <testcase classname="pivotalApplication.PivoFin1" name="GeneralInstructionsAdd" time="2.309"/>
  <testcase classname="pivotalApplication.PivoFin1" name="InstructionsAdd" time="2.419"/>
  <testcase classname="pivotalApplication.PivoFin1" name="Instructions" time="2.388"/>
  <testcase classname="pivotalApplication.PivoFin1" name="NextFollowup" time="4.400"/>
  <testcase classname="pivotalApplication.PivoFin1" name="NextFollowupCln7der" time="2.363"/>
  <testcase classname="pivotalApplication.PivoFin1" name="NextOk" time="2.778"/>
  <testcase classname="pivotalApplication.PivoFin1" name="NextVistTab" time="2.403"/>
  <testcase classname="pivotalApplication.PivoFin1" name="PreviewPrescription" time="2.411"/>
  <testcase classname="pivotalApplication.PivoFin1" name="SaveAndShare" time="10.221"/>
  <testcase classname="pivotalApplication.PivoFin1" name="DownloadBack" time="20.881"/>
  <testcase classname="pivotalApplication.PivoFin1" name="ImmunizationClick" time="2.525"/>
  <testcase classname="pivotalApplication.PivoFin1" name="AtBirth" time="2.567"/>
  <testcase classname="pivotalApplication.PivoFin1" name="AddVaccine" time="2.578"/>
  <testcase classname="pivotalApplication.PivoFin1" name="SelectBrand" time="2.659"/>
  <testcase classname="pivotalApplication.PivoFin1" name="SelectDate" time="7.630"/>
  <testcase classname="pivotalApplication.PivoFin1" name="VaccineLabel" time="28.123"/>
  <testcase classname="pivotalApplication.PivoFin1" name="BulkUpdate" time="7.687"/>
  <testcase classname="pivotalApplication.PivoFin1" name="PCV" time="4.446"/>
  <testcase classname="pivotalApplication.PivoFin1" name="IPV" time="4.460"/>
  <testcase classname="pivotalApplication.PivoFin1" name="Rotavirus" time="4.442"/>
  <testcase classname="pivotalApplication.PivoFin1" name="AddToSchedule" time="4.570"/>
  <testcase classname="pivotalApplication.PivoFin1" name="BulkUpdate1" time="10.464"/>
  <testcase classname="pivotalApplication.PivoFin1" name="TransScript" time="5.451"/>
  <testcase classname="pivotalApplication.PivoFin1" name="CreatedBy" time="15.290"/>
  <testcase classname="pivotalApplication.PivoFin1" name="DocumentOn" time="7.211"/>
  <testcase classname="pivotalApplication.PivoFin1" name="popoupOk" time="4.293"/>
  <testcase classname="pivotalApplication.PivoFin1" name="Gallaries" time="2.249"/>
  <testcase classname="pivotalApplication.PivoFin1" name="GallariesPhoto" time="10.327"/>
  <testcase classname="pivotalApplication.PivoFin1" name="Upload" time="7.300"/>
  <testcase classname="pivotalApplication.PivoFin1" name="UploadOk" time="7.201"/>
  <testcase classname="pivotalApplication.PivoFin1" name="TransScript1" time="60.625"/>
  <testcase classname="pivotalApplication.PivoFin1" name="ImmunizationGovClick" time="2.594"/>
  <testcase classname="pivotalApplication.PivoFin1" name="BulkCancel" time="5.764">
    <error message="An element could not be located on the page using the given search parameters.
For documentation on this error, please visit: https://www.selenium.dev/documentation/webdriver/troubleshooting/errors#no-such-element-exception
Build info: version: &#039;4.13.0&#039;, revision: &#039;ba948ece5b*&#039;
System info: os.name: &#039;Windows 10&#039;, os.arch: &#039;amd64&#039;, os.version: &#039;10.0&#039;, java.version: &#039;17.0.5&#039;
Driver info: io.appium.java_client.AppiumDriver
Command: [db455010-486e-4fa1-a860-046b29212d20, findElement {using=xpath, value=//*[@text=&#039;Cancel&#039;]}]
Capabilities {appium:app: D:\pivoapp-prod-16-nov.apk, appium:appActivity: com.calculator_apps.MainAct..., appium:appPackage: com.calculator_apps, appium:automationName: UiAutomator2, appium:databaseEnabled: false, appium:desired: {app: D:\pivoapp-prod-16-nov.apk, appActivity: com.calculator_apps.MainAct..., appPackage: com.calculator_apps, automationName: UiAutomator2, deviceName: samsung, newCommandTimeout: 120000, noReset: false, platformName: ANDROID, platformVersion: 11, –session-override: true}, appium:deviceApiLevel: 30, appium:deviceManufacturer: samsung, appium:deviceModel: SM-A305F, appium:deviceName: RZ8M5181Y3M, appium:deviceScreenDensity: 420, appium:deviceScreenSize: 1080x2340, appium:deviceUDID: RZ8M5181Y3M, appium:javascriptEnabled: true, appium:locationContextEnabled: false, appium:networkConnectionEnabled: true, appium:newCommandTimeout: 120000, appium:noReset: false, appium:pixelRatio: 2.625, appium:platformVersion: 11, appium:statBarHeight: 83, appium:takesScreenshot: true, appium:viewportRect: {height: 2048, left: 0, top: 83, width: 1080}, appium:warnings: {}, appium:webStorageEnabled: false, appium:–session-override: true, platformName: ANDROID}
Session ID: db455010-486e-4fa1-a860-046b29212d20" type="org.openqa.selenium.NoSuchElementException">
      <![CDATA[org.openqa.selenium.NoSuchElementException: An element could not be located on the page using the given search parameters.
For documentation on this error, please visit: https://www.selenium.dev/documentation/webdriver/troubleshooting/errors#no-such-element-exception
Build info: version: '4.13.0', revision: 'ba948ece5b*'
System info: os.name: 'Windows 10', os.arch: 'amd64', os.version: '10.0', java.version: '17.0.5'
Driver info: io.appium.java_client.AppiumDriver
Command: [db455010-486e-4fa1-a860-046b29212d20, findElement {using=xpath, value=//*[@text='Cancel']}]
Capabilities {appium:app: D:\pivoapp-prod-16-nov.apk, appium:appActivity: com.calculator_apps.MainAct..., appium:appPackage: com.calculator_apps, appium:automationName: UiAutomator2, appium:databaseEnabled: false, appium:desired: {app: D:\pivoapp-prod-16-nov.apk, appActivity: com.calculator_apps.MainAct..., appPackage: com.calculator_apps, automationName: UiAutomator2, deviceName: samsung, newCommandTimeout: 120000, noReset: false, platformName: ANDROID, platformVersion: 11, –session-override: true}, appium:deviceApiLevel: 30, appium:deviceManufacturer: samsung, appium:deviceModel: SM-A305F, appium:deviceName: RZ8M5181Y3M, appium:deviceScreenDensity: 420, appium:deviceScreenSize: 1080x2340, appium:deviceUDID: RZ8M5181Y3M, appium:javascriptEnabled: true, appium:locationContextEnabled: false, appium:networkConnectionEnabled: true, appium:newCommandTimeout: 120000, appium:noReset: false, appium:pixelRatio: 2.625, appium:platformVersion: 11, appium:statBarHeight: 83, appium:takesScreenshot: true, appium:viewportRect: {height: 2048, left: 0, top: 83, width: 1080}, appium:warnings: {}, appium:webStorageEnabled: false, appium:–session-override: true, platformName: ANDROID}
Session ID: db455010-486e-4fa1-a860-046b29212d20
at java.base/jdk.internal.reflect.NativeConstructorAccessorImpl.newInstance0(Native Method)
at java.base/jdk.internal.reflect.NativeConstructorAccessorImpl.newInstance(NativeConstructorAccessorImpl.java:77)
at java.base/jdk.internal.reflect.DelegatingConstructorAccessorImpl.newInstance(DelegatingConstructorAccessorImpl.java:45)
at java.base/java.lang.reflect.Constructor.newInstanceWithCaller(Constructor.java:499)
at java.base/java.lang.reflect.Constructor.newInstance(Constructor.java:480)
at org.openqa.selenium.remote.codec.w3c.W3CHttpResponseCodec.createException(W3CHttpResponseCodec.java:200)
at org.openqa.selenium.remote.codec.w3c.W3CHttpResponseCodec.decode(W3CHttpResponseCodec.java:133)
at org.openqa.selenium.remote.codec.w3c.W3CHttpResponseCodec.decode(W3CHttpResponseCodec.java:52)
at org.openqa.selenium.remote.HttpCommandExecutor.execute(HttpCommandExecutor.java:191)
at io.appium.java_client.remote.AppiumCommandExecutor.execute(AppiumCommandExecutor.java:250)
at org.openqa.selenium.remote.RemoteWebDriver.execute(RemoteWebDriver.java:602)
at org.openqa.selenium.remote.ElementLocation$ElementFinder$2.findElement(ElementLocation.java:165)
at org.openqa.selenium.remote.ElementLocation.findElement(ElementLocation.java:59)
at org.openqa.selenium.remote.RemoteWebDriver.findElement(RemoteWebDriver.java:359)
at org.openqa.selenium.remote.RemoteWebDriver.findElement(RemoteWebDriver.java:353)
at pivotalApplication.PivoFin1.BulkCancel(PivoFin1.java:1671)
at java.base/jdk.internal.reflect.NativeMethodAccessorImpl.invoke0(Native Method)
at java.base/jdk.internal.reflect.NativeMethodAccessorImpl.invoke(NativeMethodAccessorImpl.java:77)
at java.base/jdk.internal.reflect.DelegatingMethodAccessorImpl.invoke(DelegatingMethodAccessorImpl.java:43)
at java.base/java.lang.reflect.Method.invoke(Method.java:568)
at org.testng.internal.invokers.MethodInvocationHelper.invokeMethod(MethodInvocationHelper.java:139)
at org.testng.internal.invokers.TestInvoker.invokeMethod(TestInvoker.java:664)
at org.testng.internal.invokers.TestInvoker.invokeTestMethod(TestInvoker.java:228)
at org.testng.internal.invokers.MethodRunner.runInSequence(MethodRunner.java:63)
at org.testng.internal.invokers.TestInvoker$MethodInvocationAgent.invoke(TestInvoker.java:961)
at org.testng.internal.invokers.TestInvoker.invokeTestMethods(TestInvoker.java:201)
at org.testng.internal.invokers.TestMethodWorker.invokeTestMethods(TestMethodWorker.java:148)
at org.testng.internal.invokers.TestMethodWorker.run(TestMethodWorker.java:128)
at java.base/java.util.ArrayList.forEach(ArrayList.java:1511)
at org.testng.TestRunner.privateRun(TestRunner.java:819)
at org.testng.TestRunner.run(TestRunner.java:619)
at org.testng.SuiteRunner.runTest(SuiteRunner.java:443)
at org.testng.SuiteRunner.runSequentially(SuiteRunner.java:437)
at org.testng.SuiteRunner.privateRun(SuiteRunner.java:397)
at org.testng.SuiteRunner.run(SuiteRunner.java:336)
at org.testng.SuiteRunnerWorker.runSuite(SuiteRunnerWorker.java:52)
at org.testng.SuiteRunnerWorker.run(SuiteRunnerWorker.java:95)
at org.testng.TestNG.runSuitesSequentially(TestNG.java:1301)
at org.testng.TestNG.runSuitesLocally(TestNG.java:1228)
at org.testng.TestNG.runSuites(TestNG.java:1134)
at org.testng.TestNG.run(TestNG.java:1101)
at org.testng.remote.AbstractRemoteTestNG.run(AbstractRemoteTestNG.java:115)
at org.testng.remote.RemoteTestNG.initAndRun(RemoteTestNG.java:251)
at org.testng.remote.RemoteTestNG.main(RemoteTestNG.java:77)
]]>
    </error>
  </testcase> <!-- BulkCancel -->
  <testcase classname="pivotalApplication.PivoFin1" name="opvO" time="2.783"/>
  <testcase classname="pivotalApplication.PivoFin1" name="SaveVaccine" time="2.269"/>
  <testcase classname="pivotalApplication.PivoFin1" name="IPV1" time="3.550"/>
  <testcase classname="pivotalApplication.PivoFin1" name="SaveVaccine1" time="4.623"/>
  <testcase classname="pivotalApplication.PivoFin1" name="HepB" time="2.818"/>
  <testcase classname="pivotalApplication.PivoFin1" name="SaveVaccine2" time="4.871"/>
  <testcase classname="pivotalApplication.PivoFin1" name="Transscript" time="2.749"/>
  <testcase classname="pivotalApplication.PivoFin1" name="CreatedBy2" time="2.860"/>
  <testcase classname="pivotalApplication.PivoFin1" name="DocumentOn2" time="2.190"/>
  <testcase classname="pivotalApplication.PivoFin1" name="popUpOk" time="2.309"/>
  <testcase classname="pivotalApplication.PivoFin1" name="Camera" time="13.614"/>
  <testcase classname="pivotalApplication.PivoFin1" name="UploadCam" time="2.312"/>
  <testcase classname="pivotalApplication.PivoFin1" name="UploadCamOk" time="3.080"/>
  <testcase classname="pivotalApplication.PivoFin1" name="Transscript1" time="2.807"/>
  <testcase classname="pivotalApplication.PivoFin1" name="CreatedBy1" time="2.378"/>
  <testcase classname="pivotalApplication.PivoFin1" name="DocumentOn1" time="2.271"/>
  <testcase classname="pivotalApplication.PivoFin1" name="popUpOk1" time="2.294"/>
  <testcase classname="pivotalApplication.PivoFin1" name="Gallery" time="2.260"/>
  <testcase classname="pivotalApplication.PivoFin1" name="photo" time="10.265"/>
  <testcase classname="pivotalApplication.PivoFin1" name="Upload1" time="2.322"/>
  <testcase classname="pivotalApplication.PivoFin1" name="UploadOk1" time="8.783"/>
  <testcase classname="pivotalApplication.PivoFin1" name="ImmunizationClick1" time="2.531"/>
  <testcase classname="pivotalApplication.PivoFin1" name="Records" time="5.478"/>
  <testcase classname="pivotalApplication.PivoFin1" name="Certificates" time="5.431"/>
  <testcase classname="pivotalApplication.PivoFin1" name="SelectVaciines" time="5.267"/>
  <testcase classname="pivotalApplication.PivoFin1" name="Proceed" time="5.526"/>
  <testcase classname="pivotalApplication.PivoFin1" name="SpecialityDropdown" time="5.291"/>
  <testcase classname="pivotalApplication.PivoFin1" name="DefaultV3" time="5.207"/>
  <testcase classname="pivotalApplication.PivoFin1" name="Preview" time="5.294"/>
  <testcase classname="pivotalApplication.PivoFin1" name="Print" time="26.277"/>
</testsuite> <!-- pivotalApplication.PivoFin1 -->
