<?xml version="1.0" encoding="UTF-8"?>
<!-- Generated by org.testng.reporters.JUnitReportReporter -->
<testsuite hostname="DESKTOP-VQLLA2K" failures="0" tests="43" name="pivotalApplication.LMPAddPivo" time="266.978" errors="0" timestamp="2024-01-08T11:59:49 IST" skipped="0">
  <testcase classname="pivotalApplication.LMPAddPivo" name="NumberField" time="1.260"/>
  <testcase classname="pivotalApplication.LMPAddPivo" name="IAgree" time="2.144"/>
  <testcase classname="pivotalApplication.LMPAddPivo" name="proceedButton" time="2.398"/>
  <testcase classname="pivotalApplication.LMPAddPivo" name="OTP" time="11.149"/>
  <testcase classname="pivotalApplication.LMPAddPivo" name="submit" time="11.328"/>
  <testcase classname="pivotalApplication.LMPAddPivo" name="Createptient" time="4.507"/>
  <testcase classname="pivotalApplication.LMPAddPivo" name="Neweptient" time="12.315"/>
  <testcase classname="pivotalApplication.LMPAddPivo" name="Close" time="4.963"/>
  <testcase classname="pivotalApplication.LMPAddPivo" name="MobileNumber1" time="2.504"/>
  <testcase classname="pivotalApplication.LMPAddPivo" name="confirm" time="4.535"/>
  <testcase classname="pivotalApplication.LMPAddPivo" name="confirmPopup" time="6.640"/>
  <testcase classname="pivotalApplication.LMPAddPivo" name="AdditionalNumber1" time="3.043"/>
  <testcase classname="pivotalApplication.LMPAddPivo" name="FirstName" time="5.012"/>
  <testcase classname="pivotalApplication.LMPAddPivo" name="MiddleName" time="4.985"/>
  <testcase classname="pivotalApplication.LMPAddPivo" name="LastName" time="4.979"/>
  <testcase classname="pivotalApplication.LMPAddPivo" name="Age" time="0.418"/>
  <testcase classname="pivotalApplication.LMPAddPivo" name="GenFemale" time="4.432"/>
  <testcase classname="pivotalApplication.LMPAddPivo" name="Address" time="2.957"/>
  <testcase classname="pivotalApplication.LMPAddPivo" name="Area" time="2.394"/>
  <testcase classname="pivotalApplication.LMPAddPivo" name="City" time="2.925"/>
  <testcase classname="pivotalApplication.LMPAddPivo" name="PinCode" time="2.938"/>
  <testcase classname="pivotalApplication.LMPAddPivo" name="Next" time="15.441"/>
  <testcase classname="pivotalApplication.LMPAddPivo" name="AddVital" time="5.373"/>
  <testcase classname="pivotalApplication.LMPAddPivo" name="Continue" time="5.239"/>
  <testcase classname="pivotalApplication.LMPAddPivo" name="weight" time="0.304"/>
  <testcase classname="pivotalApplication.LMPAddPivo" name="Height" time="6.032"/>
  <testcase classname="pivotalApplication.LMPAddPivo" name="Temperature" time="5.355"/>
  <testcase classname="pivotalApplication.LMPAddPivo" name="SPO2" time="5.870"/>
  <testcase classname="pivotalApplication.LMPAddPivo" name="LMPDate" time="16.709"/>
  <testcase classname="pivotalApplication.LMPAddPivo" name="UpArrow" time="11.816"/>
  <testcase classname="pivotalApplication.LMPAddPivo" name="BPSYS" time="5.808"/>
  <testcase classname="pivotalApplication.LMPAddPivo" name="BPDIA" time="5.792"/>
  <testcase classname="pivotalApplication.LMPAddPivo" name="HeartRate" time="6.863"/>
  <testcase classname="pivotalApplication.LMPAddPivo" name="Pulse" time="16.524"/>
  <testcase classname="pivotalApplication.LMPAddPivo" name="BloodSugar" time="5.853"/>
  <testcase classname="pivotalApplication.LMPAddPivo" name="BloodSugarf" time="5.815"/>
  <testcase classname="pivotalApplication.LMPAddPivo" name="BloodSugarPP" time="5.891"/>
  <testcase classname="pivotalApplication.LMPAddPivo" name="BloodSugarHB" time="16.563"/>
  <testcase classname="pivotalApplication.LMPAddPivo" name="CholesterolHDL" time="5.296"/>
  <testcase classname="pivotalApplication.LMPAddPivo" name="CholesterolLDL" time="5.828"/>
  <testcase classname="pivotalApplication.LMPAddPivo" name="TotalCholesterol" time="6.038"/>
  <testcase classname="pivotalApplication.LMPAddPivo" name="Triglycerides" time="5.307"/>
  <testcase classname="pivotalApplication.LMPAddPivo" name="Save" time="5.435"/>
</testsuite> <!-- pivotalApplication.LMPAddPivo -->
