<?xml version="1.0" encoding="UTF-8"?>
<!-- Generated by org.testng.reporters.JUnitReportReporter -->
<testsuite hostname="CopiousCare" failures="0" tests="11" name="webAuto.EditPatientProfile" time="107.453" errors="0" timestamp="2024-11-19T16:23:43 IST" skipped="0">
  <testcase classname="webAuto.EditPatientProfile" name="numberField" time="0.140"/>
  <system-out/>
  <testcase classname="webAuto.EditPatientProfile" name="sendOTP" time="7.848"/>
  <system-out/>
  <testcase classname="webAuto.EditPatientProfile" name="verifyButton" time="10.091"/>
  <system-out/>
  <testcase classname="webAuto.EditPatientProfile" name="searchBar" time="0.512"/>
  <system-out/>
  <testcase classname="webAuto.EditPatientProfile" name="searchOpt" time="3.124"/>
  <system-out/>
  <testcase classname="webAuto.EditPatientProfile" name="clickPatient" time="15.560"/>
  <system-out/>
  <testcase classname="webAuto.EditPatientProfile" name="firstName" time="5.324"/>
  <system-out/>
  <testcase classname="webAuto.EditPatientProfile" name="lastName" time="0.328"/>
  <system-out/>
  <testcase classname="webAuto.EditPatientProfile" name="middleName" time="0.336"/>
  <system-out/>
  <testcase classname="webAuto.EditPatientProfile" name="nextButton" time="25.120"/>
  <system-out/>
  <testcase classname="webAuto.EditPatientProfile" name="fillVitalForm" time="39.070"/>
  <system-out/>
</testsuite> <!-- webAuto.EditPatientProfile -->
