<?xml version="1.0" encoding="UTF-8"?>
<!-- Generated by org.testng.reporters.JUnitReportReporter -->
<testsuite hostname="CopiousCare" failures="0" tests="19" name="webAuto.OPDEndToEndWorkFlow2" time="309.010" errors="0" timestamp="2024-05-31T11:50:16 IST" skipped="0">
  <testcase classname="webAuto.OPDEndToEndWorkFlow2" name="numberField" time="0.117"/>
  <system-out/>
  <testcase classname="webAuto.OPDEndToEndWorkFlow2" name="sendOTP" time="11.480"/>
  <system-out/>
  <testcase classname="webAuto.OPDEndToEndWorkFlow2" name="verifyButton" time="10.067"/>
  <system-out/>
  <testcase classname="webAuto.OPDEndToEndWorkFlow2" name="searchBar1" time="2.959"/>
  <system-out/>
  <testcase classname="webAuto.OPDEndToEndWorkFlow2" name="searchOpt" time="3.049"/>
  <system-out/>
  <testcase classname="webAuto.OPDEndToEndWorkFlow2" name="searchBar2" time="15.248"/>
  <system-out/>
  <testcase classname="webAuto.OPDEndToEndWorkFlow2" name="Investigation" time="26.947"/>
  <system-out/>
  <testcase classname="webAuto.OPDEndToEndWorkFlow2" name="Investigation1" time="34.463"/>
  <system-out/>
  <testcase classname="webAuto.OPDEndToEndWorkFlow2" name="HealthProfile" time="14.825"/>
  <system-out/>
  <testcase classname="webAuto.OPDEndToEndWorkFlow2" name="Document1" time="0.125"/>
  <system-out/>
  <testcase classname="webAuto.OPDEndToEndWorkFlow2" name="ReceiptOption" time="15.283"/>
  <system-out/>
  <testcase classname="webAuto.OPDEndToEndWorkFlow2" name="previewReceipt" time="30.851"/>
  <system-out/>
  <testcase classname="webAuto.OPDEndToEndWorkFlow2" name="cirtificateOption1" time="20.152"/>
  <system-out/>
  <testcase classname="webAuto.OPDEndToEndWorkFlow2" name="AllDocuments" time="16.045"/>
  <system-out/>
  <testcase classname="webAuto.OPDEndToEndWorkFlow2" name="Document2" time="0.077"/>
  <system-out/>
  <testcase classname="webAuto.OPDEndToEndWorkFlow2" name="cirtificateOption" time="32.376"/>
  <system-out/>
  <testcase classname="webAuto.OPDEndToEndWorkFlow2" name="cirtificateOption3" time="20.220"/>
  <system-out/>
  <testcase classname="webAuto.OPDEndToEndWorkFlow2" name="AllDocuments1" time="11.031"/>
  <system-out/>
  <testcase classname="webAuto.OPDEndToEndWorkFlow2" name="ReferralOption3" time="43.695"/>
  <system-out/>
</testsuite> <!-- webAuto.OPDEndToEndWorkFlow2 -->
