<?xml version="1.0" encoding="UTF-8"?>
<!-- Generated by org.testng.reporters.JUnitReportReporter -->
<testsuite hostname="DESKTOP-VQLLA2K" failures="0" tests="174" name="pivotalApplication.PivoFin1" time="983.238" errors="1" timestamp="2023-12-22T13:30:26 IST" skipped="0">
  <testcase classname="pivotalApplication.PivoFin1" name="NumberField" time="0.771"/>
  <testcase classname="pivotalApplication.PivoFin1" name="BfSuite" time="3.645"/>
  <testcase classname="pivotalApplication.PivoFin1" name="IAgree" time="2.150"/>
  <testcase classname="pivotalApplication.PivoFin1" name="proceedButton" time="2.434"/>
  <testcase classname="pivotalApplication.PivoFin1" name="OTP" time="11.207"/>
  <testcase classname="pivotalApplication.PivoFin1" name="submit" time="8.275"/>
  <testcase classname="pivotalApplication.PivoFin1" name="Createptient" time="4.586"/>
  <testcase classname="pivotalApplication.PivoFin1" name="Neweptient" time="12.462"/>
  <testcase classname="pivotalApplication.PivoFin1" name="Close" time="5.134"/>
  <testcase classname="pivotalApplication.PivoFin1" name="MobileNumber1" time="3.076"/>
  <testcase classname="pivotalApplication.PivoFin1" name="confirm" time="4.696"/>
  <testcase classname="pivotalApplication.PivoFin1" name="confirmPopup" time="4.578"/>
  <testcase classname="pivotalApplication.PivoFin1" name="AdditionalNumber1" time="3.192"/>
  <testcase classname="pivotalApplication.PivoFin1" name="FirstName" time="5.020"/>
  <testcase classname="pivotalApplication.PivoFin1" name="MiddleName" time="5.007"/>
  <testcase classname="pivotalApplication.PivoFin1" name="LastName" time="4.927"/>
  <testcase classname="pivotalApplication.PivoFin1" name="BirthCalender" time="5.018"/>
  <testcase classname="pivotalApplication.PivoFin1" name="Birthok" time="4.300"/>
  <testcase classname="pivotalApplication.PivoFin1" name="GenFemale" time="4.554"/>
  <testcase classname="pivotalApplication.PivoFin1" name="Address" time="2.928"/>
  <testcase classname="pivotalApplication.PivoFin1" name="Area" time="2.918"/>
  <testcase classname="pivotalApplication.PivoFin1" name="City" time="2.450"/>
  <testcase classname="pivotalApplication.PivoFin1" name="PinCode" time="2.894"/>
  <testcase classname="pivotalApplication.PivoFin1" name="Next" time="15.422"/>
  <testcase classname="pivotalApplication.PivoFin1" name="ContinueProfile" time="10.333"/>
  <testcase classname="pivotalApplication.PivoFin1" name="TypeOfDelivery" time="2.404"/>
  <testcase classname="pivotalApplication.PivoFin1" name="TypeOfDeliveryNormal" time="2.224"/>
  <testcase classname="pivotalApplication.PivoFin1" name="weightl" time="2.310"/>
  <testcase classname="pivotalApplication.PivoFin1" name="Heightl" time="2.287"/>
  <testcase classname="pivotalApplication.PivoFin1" name="HC" time="2.294"/>
  <testcase classname="pivotalApplication.PivoFin1" name="CC" time="2.304"/>
  <testcase classname="pivotalApplication.PivoFin1" name="BPSYS" time="2.323"/>
  <testcase classname="pivotalApplication.PivoFin1" name="BPDia" time="2.252"/>
  <testcase classname="pivotalApplication.PivoFin1" name="BloodGroup" time="2.371"/>
  <testcase classname="pivotalApplication.PivoFin1" name="BloodGroupA" time="2.284"/>
  <testcase classname="pivotalApplication.PivoFin1" name="BirthHistoryNext" time="7.402"/>
  <testcase classname="pivotalApplication.PivoFin1" name="MedicalConditionAdd" time="3.729"/>
  <testcase classname="pivotalApplication.PivoFin1" name="MedicalConditionSelect" time="4.259"/>
  <testcase classname="pivotalApplication.PivoFin1" name="AddMedicalCondition" time="2.575"/>
  <testcase classname="pivotalApplication.PivoFin1" name="Allergies" time="2.824"/>
  <testcase classname="pivotalApplication.PivoFin1" name="Reactions" time="2.820"/>
  <testcase classname="pivotalApplication.PivoFin1" name="RecurringComplaints" time="2.311"/>
  <testcase classname="pivotalApplication.PivoFin1" name="HospitalizationHistory" time="2.307"/>
  <testcase classname="pivotalApplication.PivoFin1" name="HealthHistory" time="3.233"/>
  <testcase classname="pivotalApplication.PivoFin1" name="GeneticdisoredrAdd" time="4.170"/>
  <testcase classname="pivotalApplication.PivoFin1" name="GeneticdisoredrSelect" time="12.873"/>
  <testcase classname="pivotalApplication.PivoFin1" name="AddGeneticdisoredr" time="2.478"/>
  <testcase classname="pivotalApplication.PivoFin1" name="OtherEmailId" time="2.360"/>
  <testcase classname="pivotalApplication.PivoFin1" name="helathNext" time="2.330"/>
  <testcase classname="pivotalApplication.PivoFin1" name="FathersName" time="2.320"/>
  <testcase classname="pivotalApplication.PivoFin1" name="MothersName" time="2.780"/>
  <testcase classname="pivotalApplication.PivoFin1" name="Fatherheight" time="7.588"/>
  <testcase classname="pivotalApplication.PivoFin1" name="Mothersheight" time="5.514"/>
  <testcase classname="pivotalApplication.PivoFin1" name="FamailyMedicalHistory" time="8.212"/>
  <testcase classname="pivotalApplication.PivoFin1" name="EnterDisorders" time="15.471"/>
  <testcase classname="pivotalApplication.PivoFin1" name="AddVital" time="5.337"/>
  <testcase classname="pivotalApplication.PivoFin1" name="weight" time="0.279"/>
  <testcase classname="pivotalApplication.PivoFin1" name="Height" time="5.955"/>
  <testcase classname="pivotalApplication.PivoFin1" name="HC1" time="5.312"/>
  <testcase classname="pivotalApplication.PivoFin1" name="CC1" time="5.290"/>
  <testcase classname="pivotalApplication.PivoFin1" name="Temperature" time="5.312"/>
  <testcase classname="pivotalApplication.PivoFin1" name="SPO2" time="11.653"/>
  <testcase classname="pivotalApplication.PivoFin1" name="UpArrow" time="10.673"/>
  <testcase classname="pivotalApplication.PivoFin1" name="BPSYS1" time="5.739"/>
  <testcase classname="pivotalApplication.PivoFin1" name="BPDIA" time="5.774"/>
  <testcase classname="pivotalApplication.PivoFin1" name="HeartRate" time="6.720"/>
  <testcase classname="pivotalApplication.PivoFin1" name="Pulse" time="11.442"/>
  <testcase classname="pivotalApplication.PivoFin1" name="BloodSugar" time="10.787"/>
  <testcase classname="pivotalApplication.PivoFin1" name="BloodSugarf" time="5.285"/>
  <testcase classname="pivotalApplication.PivoFin1" name="BloodSugarPP" time="5.756"/>
  <testcase classname="pivotalApplication.PivoFin1" name="BloodSugarHB" time="16.932"/>
  <testcase classname="pivotalApplication.PivoFin1" name="CholesterolHDL" time="5.763"/>
  <testcase classname="pivotalApplication.PivoFin1" name="CholesterolLDL" time="5.765"/>
  <testcase classname="pivotalApplication.PivoFin1" name="TotalCholesterol" time="5.756"/>
  <testcase classname="pivotalApplication.PivoFin1" name="Triglycerides" time="5.264"/>
  <testcase classname="pivotalApplication.PivoFin1" name="Save" time="5.389"/>
  <testcase classname="pivotalApplication.PivoFin1" name="Appointment" time="21.204"/>
  <testcase classname="pivotalApplication.PivoFin1" name="SlotTime" time="41.722"/>
  <testcase classname="pivotalApplication.PivoFin1" name="VideoCheckBox" time="2.264"/>
  <testcase classname="pivotalApplication.PivoFin1" name="Book" time="7.680"/>
  <testcase classname="pivotalApplication.PivoFin1" name="AppointmentBookedPopup" time="14.843"/>
  <testcase classname="pivotalApplication.PivoFin1" name="ClickPatient" time="3.052"/>
  <testcase classname="pivotalApplication.PivoFin1" name="prescription" time="2.971"/>
  <testcase classname="pivotalApplication.PivoFin1" name="ComplaintAndDiagnosis" time="2.567"/>
  <testcase classname="pivotalApplication.PivoFin1" name="AddChiefComplaints" time="2.349"/>
  <testcase classname="pivotalApplication.PivoFin1" name="Fever" time="5.006"/>
  <testcase classname="pivotalApplication.PivoFin1" name="Details" time="2.411"/>
  <testcase classname="pivotalApplication.PivoFin1" name="mild" time="2.414"/>
  <testcase classname="pivotalApplication.PivoFin1" name="moreSymptoms" time="2.276"/>
  <testcase classname="pivotalApplication.PivoFin1" name="Since2Days" time="2.291"/>
  <testcase classname="pivotalApplication.PivoFin1" name="AddComplaint" time="2.272"/>
  <testcase classname="pivotalApplication.PivoFin1" name="AddWorkingDiagnosis" time="2.329"/>
  <testcase classname="pivotalApplication.PivoFin1" name="AcuteUrti" time="5.665"/>
  <testcase classname="pivotalApplication.PivoFin1" name="AddDiagnosis" time="2.298"/>
  <testcase classname="pivotalApplication.PivoFin1" name="Medicine" time="2.386"/>
  <testcase classname="pivotalApplication.PivoFin1" name="TapToAddMedicine" time="2.375"/>
  <testcase classname="pivotalApplication.PivoFin1" name="SearchMedDolo" time="6.920"/>
  <testcase classname="pivotalApplication.PivoFin1" name="AddToPrescription" time="2.332"/>
  <testcase classname="pivotalApplication.PivoFin1" name="ClickFavourite" time="2.403"/>
  <testcase classname="pivotalApplication.PivoFin1" name="ClickFavoutiteDropdown" time="2.166"/>
  <testcase classname="pivotalApplication.PivoFin1" name="ClickFavoutiteMedDrp" time="2.707"/>
  <testcase classname="pivotalApplication.PivoFin1" name="ClickFavoutiteMedicine" time="2.215"/>
  <testcase classname="pivotalApplication.PivoFin1" name="CopyMedicine" time="2.218"/>
  <testcase classname="pivotalApplication.PivoFin1" name="popularClick" time="2.344"/>
  <testcase classname="pivotalApplication.PivoFin1" name="popularMedicineClick" time="4.283"/>
  <testcase classname="pivotalApplication.PivoFin1" name="popularCopyMedicine" time="2.735"/>
  <testcase classname="pivotalApplication.PivoFin1" name="DietAndNutrition" time="2.335"/>
  <testcase classname="pivotalApplication.PivoFin1" name="DietAndNutritionAdd" time="2.263"/>
  <testcase classname="pivotalApplication.PivoFin1" name="DietAdvice" time="2.352"/>
  <testcase classname="pivotalApplication.PivoFin1" name="AddDietAdvice" time="2.293"/>
  <testcase classname="pivotalApplication.PivoFin1" name="GeneralInstructions" time="2.393"/>
  <testcase classname="pivotalApplication.PivoFin1" name="GeneralInstructionsAdd" time="2.291"/>
  <testcase classname="pivotalApplication.PivoFin1" name="InstructionsAdd" time="2.401"/>
  <testcase classname="pivotalApplication.PivoFin1" name="Instructions" time="2.371"/>
  <testcase classname="pivotalApplication.PivoFin1" name="NextFollowup" time="5.410"/>
  <testcase classname="pivotalApplication.PivoFin1" name="NextFollowupCln7der" time="2.301"/>
  <testcase classname="pivotalApplication.PivoFin1" name="NextOk" time="2.261"/>
  <testcase classname="pivotalApplication.PivoFin1" name="NextVistTab" time="2.371"/>
  <testcase classname="pivotalApplication.PivoFin1" name="PreviewPrescription" time="2.319"/>
  <testcase classname="pivotalApplication.PivoFin1" name="SaveAndShare" time="10.180"/>
  <testcase classname="pivotalApplication.PivoFin1" name="DownloadBack" time="20.739"/>
  <testcase classname="pivotalApplication.PivoFin1" name="ImmunizationClick" time="2.484"/>
  <testcase classname="pivotalApplication.PivoFin1" name="AtBirth" time="2.548"/>
  <testcase classname="pivotalApplication.PivoFin1" name="AddVaccine" time="2.515"/>
  <testcase classname="pivotalApplication.PivoFin1" name="SelectBrand" time="2.648"/>
  <testcase classname="pivotalApplication.PivoFin1" name="SelectDate" time="7.682"/>
  <testcase classname="pivotalApplication.PivoFin1" name="VaccineLabel" time="27.436"/>
  <testcase classname="pivotalApplication.PivoFin1" name="BulkUpdate" time="7.697"/>
  <testcase classname="pivotalApplication.PivoFin1" name="PCV" time="4.504"/>
  <testcase classname="pivotalApplication.PivoFin1" name="IPV" time="4.498"/>
  <testcase classname="pivotalApplication.PivoFin1" name="Rotavirus" time="4.436"/>
  <testcase classname="pivotalApplication.PivoFin1" name="AddToSchedule" time="4.473"/>
  <testcase classname="pivotalApplication.PivoFin1" name="BulkUpdate1" time="10.410"/>
  <testcase classname="pivotalApplication.PivoFin1" name="TransScript" time="5.462"/>
  <testcase classname="pivotalApplication.PivoFin1" name="CreatedBy" time="15.230"/>
  <testcase classname="pivotalApplication.PivoFin1" name="DocumentOn" time="7.173"/>
  <testcase classname="pivotalApplication.PivoFin1" name="popoupOk" time="4.246"/>
  <testcase classname="pivotalApplication.PivoFin1" name="Gallaries" time="2.246"/>
  <testcase classname="pivotalApplication.PivoFin1" name="GallariesPhoto" time="10.295"/>
  <testcase classname="pivotalApplication.PivoFin1" name="Upload" time="7.272"/>
  <testcase classname="pivotalApplication.PivoFin1" name="UploadOk" time="7.796"/>
  <testcase classname="pivotalApplication.PivoFin1" name="TransScript1" time="60.497"/>
  <testcase classname="pivotalApplication.PivoFin1" name="ImmunizationGovClick" time="2.542"/>
  <testcase classname="pivotalApplication.PivoFin1" name="BulkCancel" time="5.527">
    <error message="An element could not be located on the page using the given search parameters.
For documentation on this error, please visit: https://www.selenium.dev/documentation/webdriver/troubleshooting/errors#no-such-element-exception
Build info: version: &#039;4.13.0&#039;, revision: &#039;ba948ece5b*&#039;
System info: os.name: &#039;Windows 10&#039;, os.arch: &#039;amd64&#039;, os.version: &#039;10.0&#039;, java.version: &#039;17.0.5&#039;
Driver info: io.appium.java_client.AppiumDriver
Command: [fb0e9372-cf8d-4c62-a829-21a254a96932, findElement {using=xpath, value=//*[@text=&#039;Cancel&#039;]}]
Capabilities {appium:app: D:\pivoapp-prod-16-nov.apk, appium:appActivity: com.calculator_apps.MainAct..., appium:appPackage: com.calculator_apps, appium:automationName: UiAutomator2, appium:databaseEnabled: false, appium:desired: {app: D:\pivoapp-prod-16-nov.apk, appActivity: com.calculator_apps.MainAct..., appPackage: com.calculator_apps, automationName: UiAutomator2, deviceName: samsung, newCommandTimeout: 120000, noReset: false, platformName: ANDROID, platformVersion: 11, –session-override: true}, appium:deviceApiLevel: 30, appium:deviceManufacturer: samsung, appium:deviceModel: SM-A305F, appium:deviceName: RZ8M5181Y3M, appium:deviceScreenDensity: 420, appium:deviceScreenSize: 1080x2340, appium:deviceUDID: RZ8M5181Y3M, appium:javascriptEnabled: true, appium:locationContextEnabled: false, appium:networkConnectionEnabled: true, appium:newCommandTimeout: 120000, appium:noReset: false, appium:pixelRatio: 2.625, appium:platformVersion: 11, appium:statBarHeight: 83, appium:takesScreenshot: true, appium:viewportRect: {height: 2048, left: 0, top: 83, width: 1080}, appium:warnings: {}, appium:webStorageEnabled: false, appium:–session-override: true, platformName: ANDROID}
Session ID: fb0e9372-cf8d-4c62-a829-21a254a96932" type="org.openqa.selenium.NoSuchElementException">
      <![CDATA[org.openqa.selenium.NoSuchElementException: An element could not be located on the page using the given search parameters.
For documentation on this error, please visit: https://www.selenium.dev/documentation/webdriver/troubleshooting/errors#no-such-element-exception
Build info: version: '4.13.0', revision: 'ba948ece5b*'
System info: os.name: 'Windows 10', os.arch: 'amd64', os.version: '10.0', java.version: '17.0.5'
Driver info: io.appium.java_client.AppiumDriver
Command: [fb0e9372-cf8d-4c62-a829-21a254a96932, findElement {using=xpath, value=//*[@text='Cancel']}]
Capabilities {appium:app: D:\pivoapp-prod-16-nov.apk, appium:appActivity: com.calculator_apps.MainAct..., appium:appPackage: com.calculator_apps, appium:automationName: UiAutomator2, appium:databaseEnabled: false, appium:desired: {app: D:\pivoapp-prod-16-nov.apk, appActivity: com.calculator_apps.MainAct..., appPackage: com.calculator_apps, automationName: UiAutomator2, deviceName: samsung, newCommandTimeout: 120000, noReset: false, platformName: ANDROID, platformVersion: 11, –session-override: true}, appium:deviceApiLevel: 30, appium:deviceManufacturer: samsung, appium:deviceModel: SM-A305F, appium:deviceName: RZ8M5181Y3M, appium:deviceScreenDensity: 420, appium:deviceScreenSize: 1080x2340, appium:deviceUDID: RZ8M5181Y3M, appium:javascriptEnabled: true, appium:locationContextEnabled: false, appium:networkConnectionEnabled: true, appium:newCommandTimeout: 120000, appium:noReset: false, appium:pixelRatio: 2.625, appium:platformVersion: 11, appium:statBarHeight: 83, appium:takesScreenshot: true, appium:viewportRect: {height: 2048, left: 0, top: 83, width: 1080}, appium:warnings: {}, appium:webStorageEnabled: false, appium:–session-override: true, platformName: ANDROID}
Session ID: fb0e9372-cf8d-4c62-a829-21a254a96932
at java.base/jdk.internal.reflect.NativeConstructorAccessorImpl.newInstance0(Native Method)
at java.base/jdk.internal.reflect.NativeConstructorAccessorImpl.newInstance(NativeConstructorAccessorImpl.java:77)
at java.base/jdk.internal.reflect.DelegatingConstructorAccessorImpl.newInstance(DelegatingConstructorAccessorImpl.java:45)
at java.base/java.lang.reflect.Constructor.newInstanceWithCaller(Constructor.java:499)
at java.base/java.lang.reflect.Constructor.newInstance(Constructor.java:480)
at org.openqa.selenium.remote.codec.w3c.W3CHttpResponseCodec.createException(W3CHttpResponseCodec.java:200)
at org.openqa.selenium.remote.codec.w3c.W3CHttpResponseCodec.decode(W3CHttpResponseCodec.java:133)
at org.openqa.selenium.remote.codec.w3c.W3CHttpResponseCodec.decode(W3CHttpResponseCodec.java:52)
at org.openqa.selenium.remote.HttpCommandExecutor.execute(HttpCommandExecutor.java:191)
at io.appium.java_client.remote.AppiumCommandExecutor.execute(AppiumCommandExecutor.java:250)
at org.openqa.selenium.remote.RemoteWebDriver.execute(RemoteWebDriver.java:602)
at org.openqa.selenium.remote.ElementLocation$ElementFinder$2.findElement(ElementLocation.java:165)
at org.openqa.selenium.remote.ElementLocation.findElement(ElementLocation.java:59)
at org.openqa.selenium.remote.RemoteWebDriver.findElement(RemoteWebDriver.java:359)
at org.openqa.selenium.remote.RemoteWebDriver.findElement(RemoteWebDriver.java:353)
at pivotalApplication.PivoFin1.BulkCancel(PivoFin1.java:1670)
at java.base/jdk.internal.reflect.NativeMethodAccessorImpl.invoke0(Native Method)
at java.base/jdk.internal.reflect.NativeMethodAccessorImpl.invoke(NativeMethodAccessorImpl.java:77)
at java.base/jdk.internal.reflect.DelegatingMethodAccessorImpl.invoke(DelegatingMethodAccessorImpl.java:43)
at java.base/java.lang.reflect.Method.invoke(Method.java:568)
at org.testng.internal.invokers.MethodInvocationHelper.invokeMethod(MethodInvocationHelper.java:139)
at org.testng.internal.invokers.TestInvoker.invokeMethod(TestInvoker.java:664)
at org.testng.internal.invokers.TestInvoker.invokeTestMethod(TestInvoker.java:227)
at org.testng.internal.invokers.MethodRunner.runInSequence(MethodRunner.java:50)
at org.testng.internal.invokers.TestInvoker$MethodInvocationAgent.invoke(TestInvoker.java:957)
at org.testng.internal.invokers.TestInvoker.invokeTestMethods(TestInvoker.java:200)
at org.testng.internal.invokers.TestMethodWorker.invokeTestMethods(TestMethodWorker.java:148)
at org.testng.internal.invokers.TestMethodWorker.run(TestMethodWorker.java:128)
at java.base/java.util.ArrayList.forEach(ArrayList.java:1511)
at org.testng.TestRunner.privateRun(TestRunner.java:848)
at org.testng.TestRunner.run(TestRunner.java:621)
at org.testng.SuiteRunner.runTest(SuiteRunner.java:443)
at org.testng.SuiteRunner.runSequentially(SuiteRunner.java:437)
at org.testng.SuiteRunner.privateRun(SuiteRunner.java:397)
at org.testng.SuiteRunner.run(SuiteRunner.java:336)
at org.testng.SuiteRunnerWorker.runSuite(SuiteRunnerWorker.java:52)
at org.testng.SuiteRunnerWorker.run(SuiteRunnerWorker.java:95)
at org.testng.TestNG.runSuitesSequentially(TestNG.java:1280)
at org.testng.TestNG.runSuitesLocally(TestNG.java:1200)
at org.testng.TestNG.runSuites(TestNG.java:1114)
at org.testng.TestNG.run(TestNG.java:1082)
at org.testng.remote.AbstractRemoteTestNG.run(AbstractRemoteTestNG.java:115)
at org.testng.remote.RemoteTestNG.initAndRun(RemoteTestNG.java:251)
at org.testng.remote.RemoteTestNG.main(RemoteTestNG.java:77)
]]>
    </error>
  </testcase> <!-- BulkCancel -->
  <testcase classname="pivotalApplication.PivoFin1" name="opvO" time="2.559"/>
  <testcase classname="pivotalApplication.PivoFin1" name="SaveVaccine" time="4.790"/>
  <testcase classname="pivotalApplication.PivoFin1" name="IPV1" time="2.577"/>
  <testcase classname="pivotalApplication.PivoFin1" name="SaveVaccine1" time="4.902"/>
  <testcase classname="pivotalApplication.PivoFin1" name="HepB" time="2.576"/>
  <testcase classname="pivotalApplication.PivoFin1" name="SaveVaccine2" time="4.789"/>
  <testcase classname="pivotalApplication.PivoFin1" name="Transscript" time="2.901"/>
  <testcase classname="pivotalApplication.PivoFin1" name="CreatedBy2" time="2.900"/>
  <testcase classname="pivotalApplication.PivoFin1" name="DocumentOn2" time="2.238"/>
  <testcase classname="pivotalApplication.PivoFin1" name="popUpOk" time="2.255"/>
  <testcase classname="pivotalApplication.PivoFin1" name="Camera" time="13.570"/>
  <testcase classname="pivotalApplication.PivoFin1" name="UploadCam" time="2.240"/>
  <testcase classname="pivotalApplication.PivoFin1" name="UploadCamOk" time="2.294"/>
  <testcase classname="pivotalApplication.PivoFin1" name="Transscript1" time="2.492"/>
  <testcase classname="pivotalApplication.PivoFin1" name="CreatedBy1" time="2.865"/>
  <testcase classname="pivotalApplication.PivoFin1" name="DocumentOn1" time="2.244"/>
  <testcase classname="pivotalApplication.PivoFin1" name="popUpOk1" time="2.239"/>
  <testcase classname="pivotalApplication.PivoFin1" name="Gallery" time="2.219"/>
  <testcase classname="pivotalApplication.PivoFin1" name="photo" time="10.250"/>
  <testcase classname="pivotalApplication.PivoFin1" name="Upload1" time="2.296"/>
  <testcase classname="pivotalApplication.PivoFin1" name="UploadOk1" time="8.557"/>
  <testcase classname="pivotalApplication.PivoFin1" name="ImmunizationClick1" time="2.530"/>
  <testcase classname="pivotalApplication.PivoFin1" name="Records" time="5.428"/>
  <testcase classname="pivotalApplication.PivoFin1" name="Certificates" time="5.506"/>
  <testcase classname="pivotalApplication.PivoFin1" name="SelectVaciines" time="5.247"/>
  <testcase classname="pivotalApplication.PivoFin1" name="Proceed" time="5.468"/>
  <testcase classname="pivotalApplication.PivoFin1" name="SpecialityDropdown" time="5.279"/>
  <testcase classname="pivotalApplication.PivoFin1" name="DefaultV3" time="5.155"/>
  <testcase classname="pivotalApplication.PivoFin1" name="Preview" time="5.279"/>
  <testcase classname="pivotalApplication.PivoFin1" name="Print" time="26.229"/>
</testsuite> <!-- pivotalApplication.PivoFin1 -->
