<?xml version="1.0" encoding="UTF-8"?>
<!-- Generated by org.testng.reporters.JUnitReportReporter -->
<testsuite hostname="DESKTOP-VQLLA2K" failures="0" tests="19" name="webAuto.OPDEndToEndWorkFlow2" time="322.785" errors="0" timestamp="2023-12-28T09:29:49 IST" skipped="0">
  <testcase classname="webAuto.OPDEndToEndWorkFlow2" name="numberField" time="0.471"/>
  <testcase classname="webAuto.OPDEndToEndWorkFlow2" name="sendOTP" time="12.340"/>
  <testcase classname="webAuto.OPDEndToEndWorkFlow2" name="verifyButton" time="10.255"/>
  <testcase classname="webAuto.OPDEndToEndWorkFlow2" name="searchBar1" time="5.638"/>
  <testcase classname="webAuto.OPDEndToEndWorkFlow2" name="searchOpt" time="3.134"/>
  <testcase classname="webAuto.OPDEndToEndWorkFlow2" name="searchBar2" time="15.293"/>
  <testcase classname="webAuto.OPDEndToEndWorkFlow2" name="Investigation" time="27.415"/>
  <testcase classname="webAuto.OPDEndToEndWorkFlow2" name="Investigation1" time="36.528"/>
  <testcase classname="webAuto.OPDEndToEndWorkFlow2" name="HealthProfile" time="15.736"/>
  <testcase classname="webAuto.OPDEndToEndWorkFlow2" name="Document1" time="0.259"/>
  <testcase classname="webAuto.OPDEndToEndWorkFlow2" name="ReceiptOption" time="15.876"/>
  <testcase classname="webAuto.OPDEndToEndWorkFlow2" name="previewReceipt" time="31.398"/>
  <testcase classname="webAuto.OPDEndToEndWorkFlow2" name="cirtificateOption1" time="20.469"/>
  <testcase classname="webAuto.OPDEndToEndWorkFlow2" name="AllDocuments" time="16.719"/>
  <testcase classname="webAuto.OPDEndToEndWorkFlow2" name="Document2" time="0.209"/>
  <testcase classname="webAuto.OPDEndToEndWorkFlow2" name="cirtificateOption" time="33.233"/>
  <testcase classname="webAuto.OPDEndToEndWorkFlow2" name="cirtificateOption3" time="20.375"/>
  <testcase classname="webAuto.OPDEndToEndWorkFlow2" name="AllDocuments1" time="11.639"/>
  <testcase classname="webAuto.OPDEndToEndWorkFlow2" name="ReferralOption3" time="45.798"/>
</testsuite> <!-- webAuto.OPDEndToEndWorkFlow2 -->
