<?xml version="1.0" encoding="UTF-8"?>
<!-- Generated by org.testng.reporters.JUnitReportReporter -->
<testsuite hostname="DESKTOP-VQLLA2K" failures="0" tests="16" name="pivotalApplication.CreateRequisition" time="71.568" errors="0" timestamp="2023-12-27T15:54:50 IST" skipped="0">
  <testcase classname="pivotalApplication.CreateRequisition" name="NumberField" time="1.227"/>
  <testcase classname="pivotalApplication.CreateRequisition" name="BfSuite" time="3.343"/>
  <testcase classname="pivotalApplication.CreateRequisition" name="IAgree" time="2.143"/>
  <testcase classname="pivotalApplication.CreateRequisition" name="proceedButton" time="2.371"/>
  <testcase classname="pivotalApplication.CreateRequisition" name="OTP" time="11.063"/>
  <testcase classname="pivotalApplication.CreateRequisition" name="submit" time="10.969"/>
  <testcase classname="pivotalApplication.CreateRequisition" name="Search" time="9.371"/>
  <testcase classname="pivotalApplication.CreateRequisition" name="ClickPatient" time="3.123"/>
  <testcase classname="pivotalApplication.CreateRequisition" name="InvestigationClick" time="3.560"/>
  <testcase classname="pivotalApplication.CreateRequisition" name="NewRequisition" time="2.477"/>
  <testcase classname="pivotalApplication.CreateRequisition" name="Covid19" time="8.609"/>
  <testcase classname="pivotalApplication.CreateRequisition" name="packages" time="2.595"/>
  <testcase classname="pivotalApplication.CreateRequisition" name="Feverpanel" time="2.388"/>
  <testcase classname="pivotalApplication.CreateRequisition" name="SelectTests" time="2.418"/>
  <testcase classname="pivotalApplication.CreateRequisition" name="CreateRquisition" time="2.364"/>
  <testcase classname="pivotalApplication.CreateRequisition" name="RquisitionDownload" time="3.547"/>
</testsuite> <!-- pivotalApplication.CreateRequisition -->
