<?xml version="1.0" encoding="UTF-8"?>
<!-- Generated by org.testng.reporters.JUnitReportReporter -->
<testsuite hostname="CopiousCare" failures="0" tests="26" name="pivotalApplication.Chats" time="191.601" errors="0" timestamp="2024-08-30T14:29:27 IST" skipped="0">
  <testcase classname="pivotalApplication.Chats" name="NumberField" time="1.185"/>
  <system-out/>
  <testcase classname="pivotalApplication.Chats" name="BfSuite" time="0.719"/>
  <system-out/>
  <testcase classname="pivotalApplication.Chats" name="IAgree" time="2.028"/>
  <system-out/>
  <testcase classname="pivotalApplication.Chats" name="proceedButton" time="2.397"/>
  <system-out/>
  <testcase classname="pivotalApplication.Chats" name="OTP" time="11.967"/>
  <system-out/>
  <testcase classname="pivotalApplication.Chats" name="submit" time="7.937"/>
  <system-out/>
  <testcase classname="pivotalApplication.Chats" name="chatsclick" time="7.610"/>
  <system-out/>
  <testcase classname="pivotalApplication.Chats" name="Patientclick" time="7.549"/>
  <system-out/>
  <testcase classname="pivotalApplication.Chats" name="clickCamera" time="7.367"/>
  <system-out/>
  <testcase classname="pivotalApplication.Chats" name="CameraAllow" time="7.320"/>
  <system-out/>
  <testcase classname="pivotalApplication.Chats" name="CameraClick" time="8.594"/>
  <system-out/>
  <testcase classname="pivotalApplication.Chats" name="OkClick" time="7.412"/>
  <system-out/>
  <testcase classname="pivotalApplication.Chats" name="TypeMessage" time="7.999"/>
  <system-out/>
  <testcase classname="pivotalApplication.Chats" name="SendButton" time="7.479"/>
  <system-out/>
  <testcase classname="pivotalApplication.Chats" name="GalleryClick" time="7.502"/>
  <system-out/>
  <testcase classname="pivotalApplication.Chats" name="Gallaryoption" time="23.385"/>
  <system-out/>
  <testcase classname="pivotalApplication.Chats" name="Rx" time="13.043"/>
  <system-out/>
  <testcase classname="pivotalApplication.Chats" name="AddChiefComplaints" time="2.529"/>
  <system-out/>
  <testcase classname="pivotalApplication.Chats" name="Fever" time="8.007"/>
  <system-out/>
  <testcase classname="pivotalApplication.Chats" name="Medicine" time="3.000"/>
  <system-out/>
  <testcase classname="pivotalApplication.Chats" name="TapToAddMedicine" time="2.553"/>
  <system-out/>
  <testcase classname="pivotalApplication.Chats" name="SearchMedDolo" time="7.684"/>
  <system-out/>
  <testcase classname="pivotalApplication.Chats" name="AddToPrescription" time="2.406"/>
  <system-out/>
  <testcase classname="pivotalApplication.Chats" name="PreviewPrescription" time="2.589"/>
  <system-out/>
  <testcase classname="pivotalApplication.Chats" name="SaveAndShare" time="10.268"/>
  <system-out/>
  <testcase classname="pivotalApplication.Chats" name="DownloadBack" time="21.072"/>
  <system-out/>
</testsuite> <!-- pivotalApplication.Chats -->
