<?xml version="1.0" encoding="UTF-8"?>
<!-- Generated by org.testng.reporters.JUnitReportReporter -->
<testsuite hostname="CopiousCare" failures="0" tests="50" name="pivotalApplication.AddFamilyMember" time="509.747" errors="0" timestamp="2024-04-11T16:30:07 IST" skipped="0">
  <testcase classname="pivotalApplication.AddFamilyMember" name="BfSuite" time="0.599"/>
  <system-out/>
  <testcase classname="pivotalApplication.AddFamilyMember" name="NumberField" time="1.221"/>
  <system-out/>
  <testcase classname="pivotalApplication.AddFamilyMember" name="IAgree" time="2.123"/>
  <system-out/>
  <testcase classname="pivotalApplication.AddFamilyMember" name="proceedButton" time="2.429"/>
  <system-out/>
  <testcase classname="pivotalApplication.AddFamilyMember" name="OTP" time="10.916"/>
  <system-out/>
  <testcase classname="pivotalApplication.AddFamilyMember" name="submit" time="13.145"/>
  <system-out/>
  <testcase classname="pivotalApplication.AddFamilyMember" name="Search" time="10.969"/>
  <system-out/>
  <testcase classname="pivotalApplication.AddFamilyMember" name="ClickPatient" time="22.010"/>
  <system-out/>
  <testcase classname="pivotalApplication.AddFamilyMember" name="AddfamilyMember" time="115.008"/>
  <system-out/>
  <testcase classname="pivotalApplication.AddFamilyMember" name="FirstName" time="14.490"/>
  <system-out/>
  <testcase classname="pivotalApplication.AddFamilyMember" name="MiddleName" time="4.974"/>
  <system-out/>
  <testcase classname="pivotalApplication.AddFamilyMember" name="BirthCalender" time="10.466"/>
  <system-out/>
  <testcase classname="pivotalApplication.AddFamilyMember" name="Birthok" time="32.363"/>
  <system-out/>
  <testcase classname="pivotalApplication.AddFamilyMember" name="GenFemale" time="17.934"/>
  <system-out/>
  <testcase classname="pivotalApplication.AddFamilyMember" name="Address" time="2.868"/>
  <system-out/>
  <testcase classname="pivotalApplication.AddFamilyMember" name="Area" time="3.379"/>
  <system-out/>
  <testcase classname="pivotalApplication.AddFamilyMember" name="City" time="2.352"/>
  <system-out/>
  <testcase classname="pivotalApplication.AddFamilyMember" name="PinCode" time="2.877"/>
  <system-out/>
  <testcase classname="pivotalApplication.AddFamilyMember" name="Next" time="50.387"/>
  <system-out/>
  <testcase classname="pivotalApplication.AddFamilyMember" name="ContinueProfile" time="30.340"/>
  <system-out/>
  <testcase classname="pivotalApplication.AddFamilyMember" name="TypeOfDelivery" time="0.381"/>
  <system-out/>
  <testcase classname="pivotalApplication.AddFamilyMember" name="TypeOfDeliveryNormal" time="2.249"/>
  <system-out/>
  <testcase classname="pivotalApplication.AddFamilyMember" name="weightl" time="5.282"/>
  <system-out/>
  <testcase classname="pivotalApplication.AddFamilyMember" name="Heightl" time="2.304"/>
  <system-out/>
  <testcase classname="pivotalApplication.AddFamilyMember" name="HC" time="2.313"/>
  <system-out/>
  <testcase classname="pivotalApplication.AddFamilyMember" name="CC" time="2.303"/>
  <system-out/>
  <testcase classname="pivotalApplication.AddFamilyMember" name="BPSYS" time="2.300"/>
  <system-out/>
  <testcase classname="pivotalApplication.AddFamilyMember" name="BPDia" time="2.268"/>
  <system-out/>
  <testcase classname="pivotalApplication.AddFamilyMember" name="BloodGroup" time="7.399"/>
  <system-out/>
  <testcase classname="pivotalApplication.AddFamilyMember" name="BloodGroupA" time="2.245"/>
  <system-out/>
  <testcase classname="pivotalApplication.AddFamilyMember" name="BirthHistoryNext" time="35.445"/>
  <system-out/>
  <testcase classname="pivotalApplication.AddFamilyMember" name="MedicalConditionAdd" time="3.727"/>
  <system-out/>
  <testcase classname="pivotalApplication.AddFamilyMember" name="MedicalConditionSelect" time="3.789"/>
  <system-out/>
  <testcase classname="pivotalApplication.AddFamilyMember" name="AddMedicalCondition" time="2.440"/>
  <system-out/>
  <testcase classname="pivotalApplication.AddFamilyMember" name="Allergies" time="2.770"/>
  <system-out/>
  <testcase classname="pivotalApplication.AddFamilyMember" name="Reactions" time="2.260"/>
  <system-out/>
  <testcase classname="pivotalApplication.AddFamilyMember" name="RecurringComplaints" time="2.771"/>
  <system-out/>
  <testcase classname="pivotalApplication.AddFamilyMember" name="HospitalizationHistory" time="2.757"/>
  <system-out/>
  <testcase classname="pivotalApplication.AddFamilyMember" name="HealthHistory" time="2.776"/>
  <system-out/>
  <testcase classname="pivotalApplication.AddFamilyMember" name="GeneticdisoredrAdd" time="3.852"/>
  <system-out/>
  <testcase classname="pivotalApplication.AddFamilyMember" name="GeneticdisoredrSelect" time="12.911"/>
  <system-out/>
  <testcase classname="pivotalApplication.AddFamilyMember" name="AddGeneticdisoredr" time="2.497"/>
  <system-out/>
  <testcase classname="pivotalApplication.AddFamilyMember" name="OtherEmailId" time="2.261"/>
  <system-out/>
  <testcase classname="pivotalApplication.AddFamilyMember" name="helathNext" time="2.292"/>
  <system-out/>
  <testcase classname="pivotalApplication.AddFamilyMember" name="FathersName" time="2.883"/>
  <system-out/>
  <testcase classname="pivotalApplication.AddFamilyMember" name="MothersName" time="2.236"/>
  <system-out/>
  <testcase classname="pivotalApplication.AddFamilyMember" name="Fatherheight" time="7.440"/>
  <system-out/>
  <testcase classname="pivotalApplication.AddFamilyMember" name="Mothersheight" time="5.466"/>
  <system-out/>
  <testcase classname="pivotalApplication.AddFamilyMember" name="FamailyNedicalHistory" time="8.357"/>
  <system-out/>
  <testcase classname="pivotalApplication.AddFamilyMember" name="EnterDisorders" time="20.923"/>
  <system-out/>
</testsuite> <!-- pivotalApplication.AddFamilyMember -->
