<?xml version="1.0" encoding="UTF-8"?>
<!-- Generated by org.testng.reporters.JUnitReportReporter -->
<testsuite hostname="DESKTOP-VQLLA2K" failures="0" tests="83" name="healthApp.HealthEndToEndScript" time="657.320" errors="0" timestamp="2023-12-26T14:07:37 IST" skipped="0">
  <testcase classname="healthApp.HealthEndToEndScript" name="NumberField" time="16.461"/>
  <testcase classname="healthApp.HealthEndToEndScript" name="BfSuite" time="4.091"/>
  <testcase classname="healthApp.HealthEndToEndScript" name="IAgree" time="2.141"/>
  <testcase classname="healthApp.HealthEndToEndScript" name="proceedButton" time="5.343"/>
  <testcase classname="healthApp.HealthEndToEndScript" name="OTP" time="15.647"/>
  <testcase classname="healthApp.HealthEndToEndScript" name="Verify" time="15.473"/>
  <testcase classname="healthApp.HealthEndToEndScript" name="Family" time="5.838"/>
  <testcase classname="healthApp.HealthEndToEndScript" name="AddFamilyMember" time="6.387"/>
  <testcase classname="healthApp.HealthEndToEndScript" name="FirstName" time="5.353"/>
  <testcase classname="healthApp.HealthEndToEndScript" name="MiddleName" time="5.310"/>
  <testcase classname="healthApp.HealthEndToEndScript" name="Birthdate" time="10.695"/>
  <testcase classname="healthApp.HealthEndToEndScript" name="Male" time="5.357"/>
  <testcase classname="healthApp.HealthEndToEndScript" name="SaveAndNext" time="10.600"/>
  <testcase classname="healthApp.HealthEndToEndScript" name="SelectClick" time="6.441"/>
  <testcase classname="healthApp.HealthEndToEndScript" name="SelectOther" time="5.301"/>
  <testcase classname="healthApp.HealthEndToEndScript" name="Next" time="6.364"/>
  <testcase classname="healthApp.HealthEndToEndScript" name="LinkDr" time="2.583"/>
  <testcase classname="healthApp.HealthEndToEndScript" name="AddtionalInformation" time="2.004"/>
  <testcase classname="healthApp.HealthEndToEndScript" name="MedicalConditionAdd" time="3.666"/>
  <testcase classname="healthApp.HealthEndToEndScript" name="MedicalConditionSelect" time="3.553"/>
  <testcase classname="healthApp.HealthEndToEndScript" name="AddMedicalCondition" time="2.367"/>
  <testcase classname="healthApp.HealthEndToEndScript" name="Allergies" time="2.274"/>
  <testcase classname="healthApp.HealthEndToEndScript" name="Reactions" time="2.305"/>
  <testcase classname="healthApp.HealthEndToEndScript" name="RecurringComplaints" time="2.304"/>
  <testcase classname="healthApp.HealthEndToEndScript" name="HospitalizationHistory" time="2.778"/>
  <testcase classname="healthApp.HealthEndToEndScript" name="HealthHistory" time="2.780"/>
  <testcase classname="healthApp.HealthEndToEndScript" name="GeneticdisoredrAdd" time="3.936"/>
  <testcase classname="healthApp.HealthEndToEndScript" name="GeneticdisoredrSelect" time="13.080"/>
  <testcase classname="healthApp.HealthEndToEndScript" name="AddGeneticdisoredr" time="2.486"/>
  <testcase classname="healthApp.HealthEndToEndScript" name="helathNext" time="2.268"/>
  <testcase classname="healthApp.HealthEndToEndScript" name="FamailyNedicalHistory" time="8.287"/>
  <testcase classname="healthApp.HealthEndToEndScript" name="EnterDisorders" time="10.092"/>
  <testcase classname="healthApp.HealthEndToEndScript" name="FathersName" time="3.197"/>
  <testcase classname="healthApp.HealthEndToEndScript" name="MothersName" time="19.943"/>
  <testcase classname="healthApp.HealthEndToEndScript" name="BookAppointment" time="6.047"/>
  <testcase classname="healthApp.HealthEndToEndScript" name="SelectFamilyMember" time="2.287"/>
  <testcase classname="healthApp.HealthEndToEndScript" name="SelectDoctor" time="5.317"/>
  <testcase classname="healthApp.HealthEndToEndScript" name="Doctor" time="5.242"/>
  <testcase classname="healthApp.HealthEndToEndScript" name="DateClick" time="5.325"/>
  <testcase classname="healthApp.HealthEndToEndScript" name="Time" time="5.531"/>
  <testcase classname="healthApp.HealthEndToEndScript" name="PurposeVisit" time="32.069"/>
  <testcase classname="healthApp.HealthEndToEndScript" name="CreateAppointment" time="5.306"/>
  <testcase classname="healthApp.HealthEndToEndScript" name="Done" time="5.408"/>
  <testcase classname="healthApp.HealthEndToEndScript" name="SelectFamilyMember2" time="10.599"/>
  <testcase classname="healthApp.HealthEndToEndScript" name="AddButton1" time="5.432"/>
  <testcase classname="healthApp.HealthEndToEndScript" name="GrowthRecord1" time="5.602"/>
  <testcase classname="healthApp.HealthEndToEndScript" name="Vital" time="13.423"/>
  <testcase classname="healthApp.HealthEndToEndScript" name="UploadDoc" time="15.957"/>
  <testcase classname="healthApp.HealthEndToEndScript" name="DocumentsDropDown" time="5.231"/>
  <testcase classname="healthApp.HealthEndToEndScript" name="DischargeSummary" time="2.245"/>
  <testcase classname="healthApp.HealthEndToEndScript" name="CreatedBy" time="2.273"/>
  <testcase classname="healthApp.HealthEndToEndScript" name="DocumentOn" time="2.221"/>
  <testcase classname="healthApp.HealthEndToEndScript" name="popUpOk" time="4.307"/>
  <testcase classname="healthApp.HealthEndToEndScript" name="Camera" time="17.038"/>
  <testcase classname="healthApp.HealthEndToEndScript" name="UploadCam" time="7.306"/>
  <testcase classname="healthApp.HealthEndToEndScript" name="UploadCamOk" time="10.212"/>
  <testcase classname="healthApp.HealthEndToEndScript" name="UploadDocuments1" time="2.949"/>
  <testcase classname="healthApp.HealthEndToEndScript" name="DocumentsDropDown1" time="5.227"/>
  <testcase classname="healthApp.HealthEndToEndScript" name="DischargeSummary1" time="2.224"/>
  <testcase classname="healthApp.HealthEndToEndScript" name="CreatedBy1" time="2.255"/>
  <testcase classname="healthApp.HealthEndToEndScript" name="DocumentOn1" time="2.247"/>
  <testcase classname="healthApp.HealthEndToEndScript" name="popUpOk1" time="2.262"/>
  <testcase classname="healthApp.HealthEndToEndScript" name="Gallery" time="2.276"/>
  <testcase classname="healthApp.HealthEndToEndScript" name="photo" time="10.327"/>
  <testcase classname="healthApp.HealthEndToEndScript" name="Upload" time="2.336"/>
  <testcase classname="healthApp.HealthEndToEndScript" name="UploadOk" time="12.854"/>
  <testcase classname="healthApp.HealthEndToEndScript" name="AddButton4" time="10.464"/>
  <testcase classname="healthApp.HealthEndToEndScript" name="BookLabTest11" time="5.566"/>
  <testcase classname="healthApp.HealthEndToEndScript" name="SelectLab" time="5.256"/>
  <testcase classname="healthApp.HealthEndToEndScript" name="ClickLab" time="5.337"/>
  <testcase classname="healthApp.HealthEndToEndScript" name="Comments" time="5.735"/>
  <testcase classname="healthApp.HealthEndToEndScript" name="VaccineLabel" time="16.818"/>
  <testcase classname="healthApp.HealthEndToEndScript" name="BookLabTest1" time="5.284"/>
  <testcase classname="healthApp.HealthEndToEndScript" name="Done2" time="5.213"/>
  <testcase classname="healthApp.HealthEndToEndScript" name="SelectFamilyMember3" time="11.108"/>
  <testcase classname="healthApp.HealthEndToEndScript" name="Immunization" time="5.468"/>
  <testcase classname="healthApp.HealthEndToEndScript" name="Birth" time="30.301"/>
  <testcase classname="healthApp.HealthEndToEndScript" name="PopUpOk" time="15.206"/>
  <testcase classname="healthApp.HealthEndToEndScript" name="AddButton2" time="21.687"/>
  <testcase classname="healthApp.HealthEndToEndScript" name="AllVisits" time="5.639"/>
  <testcase classname="healthApp.HealthEndToEndScript" name="AddVitalsClick" time="5.447"/>
  <testcase classname="healthApp.HealthEndToEndScript" name="AddVitals" time="38.188"/>
  <testcase classname="healthApp.HealthEndToEndScript" name="LipidProfile" time="28.563"/>
</testsuite> <!-- healthApp.HealthEndToEndScript -->
