<?xml version="1.0" encoding="UTF-8"?>
<!-- Generated by org.testng.reporters.JUnitReportReporter -->
<testsuite hostname="CopiousCare" failures="0" tests="11" name="HealthNegative.NegativeHealthLogin" time="147.059" errors="0" timestamp="2024-04-26T14:24:49 IST" skipped="0">
  <testcase classname="HealthNegative.NegativeHealthLogin" name="NumberFieldCase1" time="34.873"/>
  <system-out/>
  <testcase classname="HealthNegative.NegativeHealthLogin" name="BfSuite" time="0.702"/>
  <system-out/>
  <testcase classname="HealthNegative.NegativeHealthLogin" name="NumberField" time="11.278"/>
  <system-out/>
  <testcase classname="HealthNegative.NegativeHealthLogin" name="IAgree" time="2.138"/>
  <system-out/>
  <testcase classname="HealthNegative.NegativeHealthLogin" name="proceedButton" time="13.936"/>
  <system-out/>
  <testcase classname="HealthNegative.NegativeHealthLogin" name="OTPCase1" time="15.178"/>
  <system-out/>
  <testcase classname="HealthNegative.NegativeHealthLogin" name="Verify1" time="5.298"/>
  <system-out/>
  <testcase classname="HealthNegative.NegativeHealthLogin" name="OTPCase2" time="6.333"/>
  <system-out/>
  <testcase classname="HealthNegative.NegativeHealthLogin" name="Verify2" time="48.216"/>
  <system-out/>
  <testcase classname="HealthNegative.NegativeHealthLogin" name="OTP" time="6.693"/>
  <system-out/>
  <testcase classname="HealthNegative.NegativeHealthLogin" name="Verify" time="2.414"/>
  <system-out/>
</testsuite> <!-- HealthNegative.NegativeHealthLogin -->
