<?xml version="1.0" encoding="UTF-8"?>
<!-- Generated by org.testng.reporters.JUnitReportReporter -->
<testsuite hostname="CopiousCare" failures="0" tests="43" name="pivotalApplication.EditLMPVital" time="290.752" errors="0" timestamp="2024-08-30T15:02:29 IST" skipped="0">
  <testcase classname="pivotalApplication.EditLMPVital" name="NumberField" time="1.346"/>
  <system-out/>
  <testcase classname="pivotalApplication.EditLMPVital" name="BfSuite" time="0.686"/>
  <system-out/>
  <testcase classname="pivotalApplication.EditLMPVital" name="IAgree" time="2.004"/>
  <system-out/>
  <testcase classname="pivotalApplication.EditLMPVital" name="proceedButton" time="2.402"/>
  <system-out/>
  <testcase classname="pivotalApplication.EditLMPVital" name="OTP" time="12.064"/>
  <system-out/>
  <testcase classname="pivotalApplication.EditLMPVital" name="submit" time="7.831"/>
  <system-out/>
  <testcase classname="pivotalApplication.EditLMPVital" name="Createptient" time="4.525"/>
  <system-out/>
  <testcase classname="pivotalApplication.EditLMPVital" name="MobileNumber1" time="2.440"/>
  <system-out/>
  <testcase classname="pivotalApplication.EditLMPVital" name="confirm" time="22.629"/>
  <system-out/>
  <testcase classname="pivotalApplication.EditLMPVital" name="confirmPopup" time="19.792"/>
  <system-out/>
  <testcase classname="pivotalApplication.EditLMPVital" name="AdditionalNumber1" time="3.037"/>
  <system-out/>
  <testcase classname="pivotalApplication.EditLMPVital" name="FirstName" time="5.005"/>
  <system-out/>
  <testcase classname="pivotalApplication.EditLMPVital" name="MiddleName" time="4.461"/>
  <system-out/>
  <testcase classname="pivotalApplication.EditLMPVital" name="LastName" time="5.021"/>
  <system-out/>
  <testcase classname="pivotalApplication.EditLMPVital" name="Age" time="0.995"/>
  <system-out/>
  <testcase classname="pivotalApplication.EditLMPVital" name="GenFemale" time="4.573"/>
  <system-out/>
  <testcase classname="pivotalApplication.EditLMPVital" name="Address" time="2.479"/>
  <system-out/>
  <testcase classname="pivotalApplication.EditLMPVital" name="Area" time="2.974"/>
  <system-out/>
  <testcase classname="pivotalApplication.EditLMPVital" name="City" time="2.467"/>
  <system-out/>
  <testcase classname="pivotalApplication.EditLMPVital" name="PinCode" time="3.023"/>
  <system-out/>
  <testcase classname="pivotalApplication.EditLMPVital" name="Next" time="15.469"/>
  <system-out/>
  <testcase classname="pivotalApplication.EditLMPVital" name="AddVital" time="5.348"/>
  <system-out/>
  <testcase classname="pivotalApplication.EditLMPVital" name="Continue" time="11.158"/>
  <system-out/>
  <testcase classname="pivotalApplication.EditLMPVital" name="weight" time="0.420"/>
  <system-out/>
  <testcase classname="pivotalApplication.EditLMPVital" name="Height" time="6.077"/>
  <system-out/>
  <testcase classname="pivotalApplication.EditLMPVital" name="Temperature" time="5.964"/>
  <system-out/>
  <testcase classname="pivotalApplication.EditLMPVital" name="SPO2" time="5.929"/>
  <system-out/>
  <testcase classname="pivotalApplication.EditLMPVital" name="LMPDate" time="21.468"/>
  <system-out/>
  <testcase classname="pivotalApplication.EditLMPVital" name="UpArrow" time="11.013"/>
  <system-out/>
  <testcase classname="pivotalApplication.EditLMPVital" name="BPSYS" time="5.965"/>
  <system-out/>
  <testcase classname="pivotalApplication.EditLMPVital" name="BPDIA" time="5.876"/>
  <system-out/>
  <testcase classname="pivotalApplication.EditLMPVital" name="HeartRate" time="7.039"/>
  <system-out/>
  <testcase classname="pivotalApplication.EditLMPVital" name="Pulse" time="11.819"/>
  <system-out/>
  <testcase classname="pivotalApplication.EditLMPVital" name="Haemoglobin" time="6.973"/>
  <system-out/>
  <testcase classname="pivotalApplication.EditLMPVital" name="BloodSugar" time="6.052"/>
  <system-out/>
  <testcase classname="pivotalApplication.EditLMPVital" name="BloodSugarf" time="5.874"/>
  <system-out/>
  <testcase classname="pivotalApplication.EditLMPVital" name="BloodSugarPP" time="5.974"/>
  <system-out/>
  <testcase classname="pivotalApplication.EditLMPVital" name="BloodSugarHB" time="12.390"/>
  <system-out/>
  <testcase classname="pivotalApplication.EditLMPVital" name="CholesterolHDL" time="6.894"/>
  <system-out/>
  <testcase classname="pivotalApplication.EditLMPVital" name="CholesterolLDL" time="5.893"/>
  <system-out/>
  <testcase classname="pivotalApplication.EditLMPVital" name="TotalCholesterol" time="5.981"/>
  <system-out/>
  <testcase classname="pivotalApplication.EditLMPVital" name="Triglycerides" time="5.936"/>
  <system-out/>
  <testcase classname="pivotalApplication.EditLMPVital" name="Save" time="5.486"/>
  <system-out/>
</testsuite> <!-- pivotalApplication.EditLMPVital -->
