<?xml version="1.0" encoding="UTF-8"?>
<!-- Generated by org.testng.reporters.JUnitReportReporter -->
<testsuite hostname="CopiousCare" failures="0" tests="19" name="HealthNegative.CancelAppointment" time="146.005" errors="0" timestamp="2024-04-26T14:19:39 IST" skipped="0">
  <testcase classname="HealthNegative.CancelAppointment" name="BfSuite" time="0.693"/>
  <system-out/>
  <testcase classname="HealthNegative.CancelAppointment" name="NumberField" time="12.009"/>
  <system-out/>
  <testcase classname="HealthNegative.CancelAppointment" name="IAgree" time="2.113"/>
  <system-out/>
  <testcase classname="HealthNegative.CancelAppointment" name="proceedButton" time="5.282"/>
  <system-out/>
  <testcase classname="HealthNegative.CancelAppointment" name="OTP" time="15.684"/>
  <system-out/>
  <testcase classname="HealthNegative.CancelAppointment" name="Verify" time="2.438"/>
  <system-out/>
  <testcase classname="HealthNegative.CancelAppointment" name="BookAppointment" time="8.742"/>
  <system-out/>
  <testcase classname="HealthNegative.CancelAppointment" name="SelectFamilyMember" time="2.317"/>
  <system-out/>
  <testcase classname="HealthNegative.CancelAppointment" name="SelectDoctor" time="5.420"/>
  <system-out/>
  <testcase classname="HealthNegative.CancelAppointment" name="Doctor" time="5.349"/>
  <system-out/>
  <testcase classname="HealthNegative.CancelAppointment" name="DateClick" time="5.394"/>
  <system-out/>
  <testcase classname="HealthNegative.CancelAppointment" name="Time" time="5.621"/>
  <system-out/>
  <testcase classname="HealthNegative.CancelAppointment" name="PurposeVisit" time="30.530"/>
  <system-out/>
  <testcase classname="HealthNegative.CancelAppointment" name="CreateAppointment" time="5.404"/>
  <system-out/>
  <testcase classname="HealthNegative.CancelAppointment" name="Done" time="5.322"/>
  <system-out/>
  <testcase classname="HealthNegative.CancelAppointment" name="Change" time="5.891"/>
  <system-out/>
  <testcase classname="HealthNegative.CancelAppointment" name="CancelAppointments" time="10.286"/>
  <system-out/>
  <testcase classname="HealthNegative.CancelAppointment" name="CancelYes" time="11.694"/>
  <system-out/>
  <testcase classname="HealthNegative.CancelAppointment" name="CancelOk" time="5.816"/>
  <system-out/>
</testsuite> <!-- HealthNegative.CancelAppointment -->
