<?xml version="1.0" encoding="UTF-8"?>
<!-- Generated by org.testng.reporters.JUnitReportReporter -->
<testsuite hostname="CopiousCare" failures="0" tests="29" name="pivotalApplication.EditVitals" time="190.784" errors="1" timestamp="2024-08-30T15:17:45 IST" skipped="0">
  <testcase classname="pivotalApplication.EditVitals" name="BfSuite" time="0.756"/>
  <system-out/>
  <testcase classname="pivotalApplication.EditVitals" name="NumberField" time="1.325"/>
  <system-out/>
  <testcase classname="pivotalApplication.EditVitals" name="IAgree" time="2.006"/>
  <system-out/>
  <testcase classname="pivotalApplication.EditVitals" name="proceedButton" time="2.376"/>
  <system-out/>
  <testcase classname="pivotalApplication.EditVitals" name="OTP" time="11.873"/>
  <system-out/>
  <testcase classname="pivotalApplication.EditVitals" name="submit" time="8.118"/>
  <system-out/>
  <testcase classname="pivotalApplication.EditVitals" name="Search" time="8.070"/>
  <system-out/>
  <testcase classname="pivotalApplication.EditVitals" name="ClickPatient" time="3.291"/>
  <system-out/>
  <testcase classname="pivotalApplication.EditVitals" name="EditVital" time="8.043"/>
  <system-out/>
  <testcase classname="pivotalApplication.EditVitals" name="weight" time="1.056"/>
  <system-out/>
  <testcase classname="pivotalApplication.EditVitals" name="Height" time="6.878"/>
  <system-out/>
  <testcase classname="pivotalApplication.EditVitals" name="HC" time="6.104"/>
  <system-out/>
  <testcase classname="pivotalApplication.EditVitals" name="CC" time="0.688">
    <error message="Cannot set the element to &#039;100&#039;. Did you interact with the correct element?
Build info: version: &#039;4.13.0&#039;, revision: &#039;ba948ece5b*&#039;
System info: os.name: &#039;Windows 11&#039;, os.arch: &#039;amd64&#039;, os.version: &#039;10.0&#039;, java.version: &#039;17.0.10&#039;
Driver info: io.appium.java_client.AppiumDriver
Command: [7f0fa79f-38c9-469d-aeb4-c28d0d34432a, sendKeysToElement {id=00000000-0000-1052-ffff-ffff00000266, value=[Ljava.lang.CharSequence;@4beeb0e}]
Capabilities {appium:app: C:\pivotalapp-stage-vishakh..., appium:appActivity: com.calculator_apps.MainAct..., appium:appPackage: com.calculator_apps, appium:automationName: UiAutomator2, appium:databaseEnabled: false, appium:desired: {app: C:\pivotalapp-stage-vishakh..., appActivity: com.calculator_apps.MainAct..., appPackage: com.calculator_apps, automationName: UiAutomator2, deviceName: samsung, newCommandTimeout: 120000, noReset: false, platformName: ANDROID, platformVersion: 11, –session-override: true}, appium:deviceApiLevel: 30, appium:deviceManufacturer: samsung, appium:deviceModel: SM-A305F, appium:deviceName: RZ8M5181Y3M, appium:deviceScreenDensity: 420, appium:deviceScreenSize: 1080x2340, appium:deviceUDID: RZ8M5181Y3M, appium:javascriptEnabled: true, appium:locationContextEnabled: false, appium:networkConnectionEnabled: true, appium:newCommandTimeout: 120000, appium:noReset: false, appium:pixelRatio: 2.625, appium:platformVersion: 11, appium:statBarHeight: 83, appium:takesScreenshot: true, appium:viewportRect: {height: 2257, left: 0, top: 83, width: 1080}, appium:warnings: {}, appium:webStorageEnabled: false, appium:–session-override: true, platformName: ANDROID}
Element: [[AppiumDriver:  on ANDROID (7f0fa79f-38c9-469d-aeb4-c28d0d34432a)] -&gt; class name: android.widget.EditText]
Session ID: 7f0fa79f-38c9-469d-aeb4-c28d0d34432a" type="org.openqa.selenium.InvalidElementStateException">
      <![CDATA[org.openqa.selenium.InvalidElementStateException: Cannot set the element to '100'. Did you interact with the correct element?
Build info: version: '4.13.0', revision: 'ba948ece5b*'
System info: os.name: 'Windows 11', os.arch: 'amd64', os.version: '10.0', java.version: '17.0.10'
Driver info: io.appium.java_client.AppiumDriver
Command: [7f0fa79f-38c9-469d-aeb4-c28d0d34432a, sendKeysToElement {id=00000000-0000-1052-ffff-ffff00000266, value=[Ljava.lang.CharSequence;@4beeb0e}]
Capabilities {appium:app: C:\pivotalapp-stage-vishakh..., appium:appActivity: com.calculator_apps.MainAct..., appium:appPackage: com.calculator_apps, appium:automationName: UiAutomator2, appium:databaseEnabled: false, appium:desired: {app: C:\pivotalapp-stage-vishakh..., appActivity: com.calculator_apps.MainAct..., appPackage: com.calculator_apps, automationName: UiAutomator2, deviceName: samsung, newCommandTimeout: 120000, noReset: false, platformName: ANDROID, platformVersion: 11, –session-override: true}, appium:deviceApiLevel: 30, appium:deviceManufacturer: samsung, appium:deviceModel: SM-A305F, appium:deviceName: RZ8M5181Y3M, appium:deviceScreenDensity: 420, appium:deviceScreenSize: 1080x2340, appium:deviceUDID: RZ8M5181Y3M, appium:javascriptEnabled: true, appium:locationContextEnabled: false, appium:networkConnectionEnabled: true, appium:newCommandTimeout: 120000, appium:noReset: false, appium:pixelRatio: 2.625, appium:platformVersion: 11, appium:statBarHeight: 83, appium:takesScreenshot: true, appium:viewportRect: {height: 2257, left: 0, top: 83, width: 1080}, appium:warnings: {}, appium:webStorageEnabled: false, appium:–session-override: true, platformName: ANDROID}
Element: [[AppiumDriver:  on ANDROID (7f0fa79f-38c9-469d-aeb4-c28d0d34432a)] -> class name: android.widget.EditText]
Session ID: 7f0fa79f-38c9-469d-aeb4-c28d0d34432a
at java.base/jdk.internal.reflect.NativeConstructorAccessorImpl.newInstance0(Native Method)
at java.base/jdk.internal.reflect.NativeConstructorAccessorImpl.newInstance(NativeConstructorAccessorImpl.java:77)
at java.base/jdk.internal.reflect.DelegatingConstructorAccessorImpl.newInstance(DelegatingConstructorAccessorImpl.java:45)
at java.base/java.lang.reflect.Constructor.newInstanceWithCaller(Constructor.java:499)
at java.base/java.lang.reflect.Constructor.newInstance(Constructor.java:480)
at org.openqa.selenium.remote.codec.w3c.W3CHttpResponseCodec.createException(W3CHttpResponseCodec.java:200)
at org.openqa.selenium.remote.codec.w3c.W3CHttpResponseCodec.decode(W3CHttpResponseCodec.java:133)
at org.openqa.selenium.remote.codec.w3c.W3CHttpResponseCodec.decode(W3CHttpResponseCodec.java:52)
at org.openqa.selenium.remote.HttpCommandExecutor.execute(HttpCommandExecutor.java:191)
at io.appium.java_client.remote.AppiumCommandExecutor.execute(AppiumCommandExecutor.java:250)
at org.openqa.selenium.remote.RemoteWebDriver.execute(RemoteWebDriver.java:602)
at org.openqa.selenium.remote.RemoteWebElement.execute(RemoteWebElement.java:224)
at org.openqa.selenium.remote.RemoteWebElement.sendKeys(RemoteWebElement.java:111)
at pivotalApplication.EditVitals.CC(EditVitals.java:202)
at java.base/jdk.internal.reflect.NativeMethodAccessorImpl.invoke0(Native Method)
at java.base/jdk.internal.reflect.NativeMethodAccessorImpl.invoke(NativeMethodAccessorImpl.java:77)
at java.base/jdk.internal.reflect.DelegatingMethodAccessorImpl.invoke(DelegatingMethodAccessorImpl.java:43)
at java.base/java.lang.reflect.Method.invoke(Method.java:568)
at org.testng.internal.MethodInvocationHelper.invokeMethod(MethodInvocationHelper.java:133)
at org.testng.internal.TestInvoker.invokeMethod(TestInvoker.java:598)
at org.testng.internal.TestInvoker.invokeTestMethod(TestInvoker.java:173)
at org.testng.internal.MethodRunner.runInSequence(MethodRunner.java:46)
at org.testng.internal.TestInvoker$MethodInvocationAgent.invoke(TestInvoker.java:824)
at org.testng.internal.TestInvoker.invokeTestMethods(TestInvoker.java:146)
at org.testng.internal.TestMethodWorker.invokeTestMethods(TestMethodWorker.java:146)
at org.testng.internal.TestMethodWorker.run(TestMethodWorker.java:128)
at java.base/java.util.ArrayList.forEach(ArrayList.java:1511)
at org.testng.TestRunner.privateRun(TestRunner.java:794)
at org.testng.TestRunner.run(TestRunner.java:596)
at org.testng.SuiteRunner.runTest(SuiteRunner.java:377)
at org.testng.SuiteRunner.runSequentially(SuiteRunner.java:371)
at org.testng.SuiteRunner.privateRun(SuiteRunner.java:332)
at org.testng.SuiteRunner.run(SuiteRunner.java:276)
at org.testng.SuiteRunnerWorker.runSuite(SuiteRunnerWorker.java:53)
at org.testng.SuiteRunnerWorker.run(SuiteRunnerWorker.java:96)
at org.testng.TestNG.runSuitesSequentially(TestNG.java:1212)
at org.testng.TestNG.runSuitesLocally(TestNG.java:1134)
at org.testng.TestNG.runSuites(TestNG.java:1063)
at org.testng.TestNG.run(TestNG.java:1031)
at org.testng.remote.AbstractRemoteTestNG.run(AbstractRemoteTestNG.java:115)
at org.testng.remote.RemoteTestNG.initAndRun(RemoteTestNG.java:251)
at org.testng.remote.RemoteTestNG.main(RemoteTestNG.java:77)
]]>
    </error>
  </testcase> <!-- CC -->
  <system-out/>
  <testcase classname="pivotalApplication.EditVitals" name="Temperature" time="6.788"/>
  <system-out/>
  <testcase classname="pivotalApplication.EditVitals" name="SPO2" time="12.512"/>
  <system-out/>
  <testcase classname="pivotalApplication.EditVitals" name="UpArrow" time="11.228"/>
  <system-out/>
  <testcase classname="pivotalApplication.EditVitals" name="BPSYS" time="7.936"/>
  <system-out/>
  <testcase classname="pivotalApplication.EditVitals" name="BPDIA" time="6.429"/>
  <system-out/>
  <testcase classname="pivotalApplication.EditVitals" name="HeartRate" time="7.548"/>
  <system-out/>
  <testcase classname="pivotalApplication.EditVitals" name="Pulse" time="12.614"/>
  <system-out/>
  <testcase classname="pivotalApplication.EditVitals" name="BloodSugar" time="7.335"/>
  <system-out/>
  <testcase classname="pivotalApplication.EditVitals" name="BloodSugarf" time="6.438"/>
  <system-out/>
  <testcase classname="pivotalApplication.EditVitals" name="BloodSugarPP" time="6.474"/>
  <system-out/>
  <testcase classname="pivotalApplication.EditVitals" name="BloodSugarHB" time="12.456"/>
  <system-out/>
  <testcase classname="pivotalApplication.EditVitals" name="CholesterolHDL" time="7.440"/>
  <system-out/>
  <testcase classname="pivotalApplication.EditVitals" name="CholesterolLDL" time="6.472"/>
  <system-out/>
  <testcase classname="pivotalApplication.EditVitals" name="TotalCholesterol" time="6.400"/>
  <system-out/>
  <testcase classname="pivotalApplication.EditVitals" name="Triglycerides" time="6.536"/>
  <system-out/>
  <testcase classname="pivotalApplication.EditVitals" name="Save" time="5.594"/>
  <system-out/>
</testsuite> <!-- pivotalApplication.EditVitals -->
