<?xml version="1.0" encoding="UTF-8"?>
<!-- Generated by org.testng.reporters.JUnitReportReporter -->
<testsuite hostname="DESKTOP-VQLLA2K" failures="0" tests="43" name="pivotalApplication.LMPAddPivo" time="269.560" errors="0" timestamp="2024-01-03T09:38:13 IST" skipped="0">
  <testcase classname="pivotalApplication.LMPAddPivo" name="NumberField" time="0.807"/>
  <testcase classname="pivotalApplication.LMPAddPivo" name="IAgree" time="2.253"/>
  <testcase classname="pivotalApplication.LMPAddPivo" name="proceedButton" time="3.275"/>
  <testcase classname="pivotalApplication.LMPAddPivo" name="OTP" time="11.750"/>
  <testcase classname="pivotalApplication.LMPAddPivo" name="submit" time="13.562"/>
  <testcase classname="pivotalApplication.LMPAddPivo" name="Createptient" time="4.643"/>
  <testcase classname="pivotalApplication.LMPAddPivo" name="Neweptient" time="12.531"/>
  <testcase classname="pivotalApplication.LMPAddPivo" name="Close" time="5.367"/>
  <testcase classname="pivotalApplication.LMPAddPivo" name="MobileNumber1" time="3.707"/>
  <testcase classname="pivotalApplication.LMPAddPivo" name="confirm" time="4.817"/>
  <testcase classname="pivotalApplication.LMPAddPivo" name="confirmPopup" time="6.878"/>
  <testcase classname="pivotalApplication.LMPAddPivo" name="AdditionalNumber1" time="3.482"/>
  <testcase classname="pivotalApplication.LMPAddPivo" name="FirstName" time="5.087"/>
  <testcase classname="pivotalApplication.LMPAddPivo" name="MiddleName" time="5.118"/>
  <testcase classname="pivotalApplication.LMPAddPivo" name="LastName" time="5.101"/>
  <testcase classname="pivotalApplication.LMPAddPivo" name="Age" time="1.180"/>
  <testcase classname="pivotalApplication.LMPAddPivo" name="GenFemale" time="4.588"/>
  <testcase classname="pivotalApplication.LMPAddPivo" name="Address" time="3.065"/>
  <testcase classname="pivotalApplication.LMPAddPivo" name="Area" time="2.511"/>
  <testcase classname="pivotalApplication.LMPAddPivo" name="City" time="2.493"/>
  <testcase classname="pivotalApplication.LMPAddPivo" name="PinCode" time="3.039"/>
  <testcase classname="pivotalApplication.LMPAddPivo" name="Next" time="15.505"/>
  <testcase classname="pivotalApplication.LMPAddPivo" name="AddVital" time="5.363"/>
  <testcase classname="pivotalApplication.LMPAddPivo" name="Continue" time="5.306"/>
  <testcase classname="pivotalApplication.LMPAddPivo" name="weight" time="0.337"/>
  <testcase classname="pivotalApplication.LMPAddPivo" name="Height" time="6.041"/>
  <testcase classname="pivotalApplication.LMPAddPivo" name="Temperature" time="5.910"/>
  <testcase classname="pivotalApplication.LMPAddPivo" name="SPO2" time="5.914"/>
  <testcase classname="pivotalApplication.LMPAddPivo" name="LMPDate" time="16.822"/>
  <testcase classname="pivotalApplication.LMPAddPivo" name="UpArrow" time="10.734"/>
  <testcase classname="pivotalApplication.LMPAddPivo" name="BPSYS" time="5.830"/>
  <testcase classname="pivotalApplication.LMPAddPivo" name="BPDIA" time="5.801"/>
  <testcase classname="pivotalApplication.LMPAddPivo" name="HeartRate" time="6.240"/>
  <testcase classname="pivotalApplication.LMPAddPivo" name="Pulse" time="16.581"/>
  <testcase classname="pivotalApplication.LMPAddPivo" name="BloodSugar" time="5.883"/>
  <testcase classname="pivotalApplication.LMPAddPivo" name="BloodSugarf" time="5.797"/>
  <testcase classname="pivotalApplication.LMPAddPivo" name="BloodSugarPP" time="5.880"/>
  <testcase classname="pivotalApplication.LMPAddPivo" name="BloodSugarHB" time="11.561"/>
  <testcase classname="pivotalApplication.LMPAddPivo" name="CholesterolHDL" time="6.268"/>
  <testcase classname="pivotalApplication.LMPAddPivo" name="CholesterolLDL" time="5.834"/>
  <testcase classname="pivotalApplication.LMPAddPivo" name="TotalCholesterol" time="5.896"/>
  <testcase classname="pivotalApplication.LMPAddPivo" name="Triglycerides" time="5.359"/>
  <testcase classname="pivotalApplication.LMPAddPivo" name="Save" time="5.444"/>
</testsuite> <!-- pivotalApplication.LMPAddPivo -->
