<?xml version="1.0" encoding="UTF-8"?>
<!-- Generated by org.testng.reporters.JUnitReportReporter -->
<testsuite hostname="CopiousCare" failures="0" tests="6" name="healthApp.HealthLogin" time="38.954" errors="0" timestamp="2024-08-08T16:56:37 IST" skipped="0">
  <testcase classname="healthApp.HealthLogin" name="NumberField" time="11.724"/>
  <system-out/>
  <testcase classname="healthApp.HealthLogin" name="BfSuite" time="1.207"/>
  <system-out/>
  <testcase classname="healthApp.HealthLogin" name="IAgree" time="2.120"/>
  <system-out/>
  <testcase classname="healthApp.HealthLogin" name="proceedButton" time="5.284"/>
  <system-out/>
  <testcase classname="healthApp.HealthLogin" name="OTP" time="15.962"/>
  <system-out/>
  <testcase classname="healthApp.HealthLogin" name="Verify" time="2.657"/>
  <system-out/>
</testsuite> <!-- healthApp.HealthLogin -->
