<?xml version="1.0" encoding="UTF-8"?>
<!-- Generated by org.testng.reporters.JUnitReportReporter -->
<testsuite hostname="CopiousCare" failures="0" tests="6" name="webAuto.AppointmentCreation" time="48.443" errors="0" timestamp="2024-11-13T14:06:12 IST" skipped="0">
  <testcase classname="webAuto.AppointmentCreation" name="numberField" time="0.144"/>
  <system-out/>
  <testcase classname="webAuto.AppointmentCreation" name="sendOTP" time="7.999"/>
  <system-out/>
  <testcase classname="webAuto.AppointmentCreation" name="verifyButton" time="10.141"/>
  <system-out/>
  <testcase classname="webAuto.AppointmentCreation" name="searchBar" time="0.479"/>
  <system-out/>
  <testcase classname="webAuto.AppointmentCreation" name="searchOpt" time="3.133"/>
  <system-out/>
  <testcase classname="webAuto.AppointmentCreation" name="AddNewAppointment" time="26.547"/>
  <system-out/>
</testsuite> <!-- webAuto.AppointmentCreation -->
