<?xml version="1.0" encoding="UTF-8"?>
<!-- Generated by org.testng.reporters.JUnitReportReporter -->
<testsuite hostname="CopiousCare" failures="0" tests="7" name="webAuto.CreateImmunizationCertificate" time="54.897" errors="0" timestamp="2024-03-29T15:28:27 IST" skipped="0">
  <testcase classname="webAuto.CreateImmunizationCertificate" name="numberField" time="0.156"/>
  <system-out/>
  <testcase classname="webAuto.CreateImmunizationCertificate" name="sendOTP" time="8.642"/>
  <system-out/>
  <testcase classname="webAuto.CreateImmunizationCertificate" name="verifyButton" time="10.104"/>
  <system-out/>
  <testcase classname="webAuto.CreateImmunizationCertificate" name="searchBar" time="0.640"/>
  <system-out/>
  <testcase classname="webAuto.CreateImmunizationCertificate" name="searchOpt" time="3.095"/>
  <system-out/>
  <testcase classname="webAuto.CreateImmunizationCertificate" name="clickPatient" time="10.179"/>
  <system-out/>
  <testcase classname="webAuto.CreateImmunizationCertificate" name="HealthProfile" time="22.081"/>
  <system-out/>
</testsuite> <!-- webAuto.CreateImmunizationCertificate -->
