<?xml version="1.0" encoding="UTF-8"?>
<!-- Generated by org.testng.reporters.JUnitReportReporter -->
<testsuite hostname="CopiousCare" failures="0" tests="27" name="pivotalApplication.InvestigationReport" time="137.507" errors="0" timestamp="2024-04-17T11:36:36 IST" skipped="0">
  <testcase classname="pivotalApplication.InvestigationReport" name="NumberField" time="1.280"/>
  <system-out/>
  <testcase classname="pivotalApplication.InvestigationReport" name="BfSuite" time="0.822"/>
  <system-out/>
  <testcase classname="pivotalApplication.InvestigationReport" name="IAgree" time="2.207"/>
  <system-out/>
  <testcase classname="pivotalApplication.InvestigationReport" name="proceedButton" time="2.343"/>
  <system-out/>
  <testcase classname="pivotalApplication.InvestigationReport" name="OTP" time="11.176"/>
  <system-out/>
  <testcase classname="pivotalApplication.InvestigationReport" name="submit" time="13.174"/>
  <system-out/>
  <testcase classname="pivotalApplication.InvestigationReport" name="Search" time="8.081"/>
  <system-out/>
  <testcase classname="pivotalApplication.InvestigationReport" name="ClickPatient" time="3.681"/>
  <system-out/>
  <testcase classname="pivotalApplication.InvestigationReport" name="InvestigationClick" time="10.757"/>
  <system-out/>
  <testcase classname="pivotalApplication.InvestigationReport" name="ReportClick" time="15.334"/>
  <system-out/>
  <testcase classname="pivotalApplication.InvestigationReport" name="UploadReport" time="2.359"/>
  <system-out/>
  <testcase classname="pivotalApplication.InvestigationReport" name="CreatedBy" time="2.910"/>
  <system-out/>
  <testcase classname="pivotalApplication.InvestigationReport" name="DocumentOn" time="2.321"/>
  <system-out/>
  <testcase classname="pivotalApplication.InvestigationReport" name="popUpOk" time="2.354"/>
  <system-out/>
  <testcase classname="pivotalApplication.InvestigationReport" name="Camera" time="18.282"/>
  <system-out/>
  <testcase classname="pivotalApplication.InvestigationReport" name="UploadCam" time="2.359"/>
  <system-out/>
  <testcase classname="pivotalApplication.InvestigationReport" name="UploadCamOk" time="3.261"/>
  <system-out/>
  <testcase classname="pivotalApplication.InvestigationReport" name="Transscript1" time="2.342"/>
  <system-out/>
  <testcase classname="pivotalApplication.InvestigationReport" name="DocumentsDropDown" time="5.298"/>
  <system-out/>
  <testcase classname="pivotalApplication.InvestigationReport" name="LabReport" time="2.256"/>
  <system-out/>
  <testcase classname="pivotalApplication.InvestigationReport" name="CreatedBy1" time="2.816"/>
  <system-out/>
  <testcase classname="pivotalApplication.InvestigationReport" name="DocumentOn1" time="2.304"/>
  <system-out/>
  <testcase classname="pivotalApplication.InvestigationReport" name="popUpOk1" time="2.340"/>
  <system-out/>
  <testcase classname="pivotalApplication.InvestigationReport" name="Gallery" time="2.357"/>
  <system-out/>
  <testcase classname="pivotalApplication.InvestigationReport" name="photo" time="10.355"/>
  <system-out/>
  <testcase classname="pivotalApplication.InvestigationReport" name="Upload" time="2.358"/>
  <system-out/>
  <testcase classname="pivotalApplication.InvestigationReport" name="UploadOk" time="2.380"/>
  <system-out/>
</testsuite> <!-- pivotalApplication.InvestigationReport -->
