<?xml version="1.0" encoding="UTF-8"?>
<!-- Generated by org.testng.reporters.JUnitReportReporter -->
<testsuite hostname="CopiousCare" failures="0" tests="11" name="pivotalApplication.ViewPrescriptionHistory" time="74.451" errors="0" timestamp="2024-04-10T16:14:14 IST" skipped="0">
  <testcase classname="pivotalApplication.ViewPrescriptionHistory" name="NumberField" time="1.148"/>
  <system-out/>
  <testcase classname="pivotalApplication.ViewPrescriptionHistory" name="BfSuite" time="0.579"/>
  <system-out/>
  <testcase classname="pivotalApplication.ViewPrescriptionHistory" name="IAgree" time="2.188"/>
  <system-out/>
  <testcase classname="pivotalApplication.ViewPrescriptionHistory" name="proceedButton" time="2.399"/>
  <system-out/>
  <testcase classname="pivotalApplication.ViewPrescriptionHistory" name="OTP" time="10.911"/>
  <system-out/>
  <testcase classname="pivotalApplication.ViewPrescriptionHistory" name="submit" time="13.141"/>
  <system-out/>
  <testcase classname="pivotalApplication.ViewPrescriptionHistory" name="Search" time="11.138"/>
  <system-out/>
  <testcase classname="pivotalApplication.ViewPrescriptionHistory" name="ClickPatient" time="3.196"/>
  <system-out/>
  <testcase classname="pivotalApplication.ViewPrescriptionHistory" name="ClickHistory" time="14.733"/>
  <system-out/>
  <testcase classname="pivotalApplication.ViewPrescriptionHistory" name="ViewPrescription" time="12.691"/>
  <system-out/>
  <testcase classname="pivotalApplication.ViewPrescriptionHistory" name="close" time="2.327"/>
  <system-out/>
</testsuite> <!-- pivotalApplication.ViewPrescriptionHistory -->
