<?xml version="1.0" encoding="UTF-8"?>
<!-- Generated by org.testng.reporters.JUnitReportReporter -->
<testsuite hostname="CopiousCare" failures="0" tests="37" name="webAuto.OpdEndToEndWorkFlow1" time="343.317" errors="0" timestamp="2024-04-22T10:14:38 IST" skipped="0">
  <testcase classname="webAuto.OpdEndToEndWorkFlow1" name="numberField" time="0.110"/>
  <system-out/>
  <testcase classname="webAuto.OpdEndToEndWorkFlow1" name="sendOTP" time="11.547"/>
  <system-out/>
  <testcase classname="webAuto.OpdEndToEndWorkFlow1" name="verifyButton" time="10.060"/>
  <system-out/>
  <testcase classname="webAuto.OpdEndToEndWorkFlow1" name="createPatient" time="0.393"/>
  <system-out/>
  <testcase classname="webAuto.OpdEndToEndWorkFlow1" name="Number1" time="0.223"/>
  <system-out/>
  <testcase classname="webAuto.OpdEndToEndWorkFlow1" name="confirm" time="1.995"/>
  <system-out/>
  <testcase classname="webAuto.OpdEndToEndWorkFlow1" name="number2" time="0.166"/>
  <system-out/>
  <testcase classname="webAuto.OpdEndToEndWorkFlow1" name="firstName" time="0.139"/>
  <system-out/>
  <testcase classname="webAuto.OpdEndToEndWorkFlow1" name="middleName" time="0.121"/>
  <system-out/>
  <testcase classname="webAuto.OpdEndToEndWorkFlow1" name="lastName" time="0.127"/>
  <system-out/>
  <testcase classname="webAuto.OpdEndToEndWorkFlow1" name="birthDate" time="0.194"/>
  <system-out/>
  <testcase classname="webAuto.OpdEndToEndWorkFlow1" name="genFemale" time="0.074"/>
  <system-out/>
  <testcase classname="webAuto.OpdEndToEndWorkFlow1" name="address" time="0.125"/>
  <system-out/>
  <testcase classname="webAuto.OpdEndToEndWorkFlow1" name="locality" time="0.135"/>
  <system-out/>
  <testcase classname="webAuto.OpdEndToEndWorkFlow1" name="city" time="0.122"/>
  <system-out/>
  <testcase classname="webAuto.OpdEndToEndWorkFlow1" name="pinCode" time="0.137"/>
  <system-out/>
  <testcase classname="webAuto.OpdEndToEndWorkFlow1" name="proceedWithSameRMN" time="0.166"/>
  <system-out/>
  <testcase classname="webAuto.OpdEndToEndWorkFlow1" name="nextButton" time="15.092"/>
  <system-out/>
  <testcase classname="webAuto.OpdEndToEndWorkFlow1" name="clickClose" time="0.846"/>
  <system-out/>
  <testcase classname="webAuto.OpdEndToEndWorkFlow1" name="fillVitalForm" time="15.856"/>
  <system-out/>
  <testcase classname="webAuto.OpdEndToEndWorkFlow1" name="fillHealthProfile" time="11.037"/>
  <system-out/>
  <testcase classname="webAuto.OpdEndToEndWorkFlow1" name="fillFamilyProfile" time="16.436"/>
  <system-out/>
  <testcase classname="webAuto.OpdEndToEndWorkFlow1" name="GoHome" time="0.164"/>
  <system-out/>
  <testcase classname="webAuto.OpdEndToEndWorkFlow1" name="AddNewAppointment" time="25.329"/>
  <system-out/>
  <testcase classname="webAuto.OpdEndToEndWorkFlow1" name="AddPrescription" time="15.217"/>
  <system-out/>
  <testcase classname="webAuto.OpdEndToEndWorkFlow1" name="Complaints" time="3.232"/>
  <system-out/>
  <testcase classname="webAuto.OpdEndToEndWorkFlow1" name="VitalsOption" time="3.948"/>
  <system-out/>
  <testcase classname="webAuto.OpdEndToEndWorkFlow1" name="BpandHeartOption" time="15.660"/>
  <system-out/>
  <testcase classname="webAuto.OpdEndToEndWorkFlow1" name="BloodAndAnalysis" time="15.779"/>
  <system-out/>
  <testcase classname="webAuto.OpdEndToEndWorkFlow1" name="LipidProfile" time="15.640"/>
  <system-out/>
  <testcase classname="webAuto.OpdEndToEndWorkFlow1" name="OnExamination" time="15.286"/>
  <system-out/>
  <testcase classname="webAuto.OpdEndToEndWorkFlow1" name="Diagnosis" time="15.207"/>
  <system-out/>
  <testcase classname="webAuto.OpdEndToEndWorkFlow1" name="Medicine1" time="46.480"/>
  <system-out/>
  <testcase classname="webAuto.OpdEndToEndWorkFlow1" name="DietaryAdvice" time="15.298"/>
  <system-out/>
  <testcase classname="webAuto.OpdEndToEndWorkFlow1" name="GeneralInstruction" time="15.185"/>
  <system-out/>
  <testcase classname="webAuto.OpdEndToEndWorkFlow1" name="SaveandProceed" time="0.085"/>
  <system-out/>
  <testcase classname="webAuto.OpdEndToEndWorkFlow1" name="ConfirmPrescription" time="55.706"/>
  <system-out/>
</testsuite> <!-- webAuto.OpdEndToEndWorkFlow1 -->
