<?xml version="1.0" encoding="UTF-8"?>
<!-- Generated by org.testng.reporters.JUnitReportReporter -->
<testsuite hostname="CopiousCare" failures="0" tests="17" name="pivotalApplication.DashBoard" time="340.379" errors="0" timestamp="2024-08-30T14:54:34 IST" skipped="0">
  <testcase classname="pivotalApplication.DashBoard" name="BfSuite" time="0.687"/>
  <system-out/>
  <testcase classname="pivotalApplication.DashBoard" name="NumberField" time="1.244"/>
  <system-out/>
  <testcase classname="pivotalApplication.DashBoard" name="IAgree" time="2.008"/>
  <system-out/>
  <testcase classname="pivotalApplication.DashBoard" name="proceedButton" time="2.672"/>
  <system-out/>
  <testcase classname="pivotalApplication.DashBoard" name="OTP" time="11.959"/>
  <system-out/>
  <testcase classname="pivotalApplication.DashBoard" name="submit" time="7.779"/>
  <system-out/>
  <testcase classname="pivotalApplication.DashBoard" name="PatientList" time="33.810"/>
  <system-out/>
  <testcase classname="pivotalApplication.DashBoard" name="Appointments" time="10.815"/>
  <system-out/>
  <testcase classname="pivotalApplication.DashBoard" name="Prescription" time="43.502"/>
  <system-out/>
  <testcase classname="pivotalApplication.DashBoard" name="Reports" time="48.103"/>
  <system-out/>
  <testcase classname="pivotalApplication.DashBoard" name="Referrals" time="46.115"/>
  <system-out/>
  <testcase classname="pivotalApplication.DashBoard" name="VaccineInStore" time="23.110"/>
  <system-out/>
  <testcase classname="pivotalApplication.DashBoard" name="ViewReports" time="51.370"/>
  <system-out/>
  <testcase classname="pivotalApplication.DashBoard" name="MyNotes" time="27.932"/>
  <system-out/>
  <testcase classname="pivotalApplication.DashBoard" name="ShareHealth" time="11.710"/>
  <system-out/>
  <testcase classname="pivotalApplication.DashBoard" name="WhatsNew" time="10.570"/>
  <system-out/>
  <testcase classname="pivotalApplication.DashBoard" name="DashboardData" time="6.993"/>
  <system-out/>
</testsuite> <!-- pivotalApplication.DashBoard -->
