<?xml version="1.0" encoding="UTF-8"?>
<!-- Generated by org.testng.reporters.JUnitReportReporter -->
<testsuite hostname="DESKTOP-VQLLA2K" failures="0" tests="106" name="pivotalApplication.PivoFin2" time="1089.875" errors="0" timestamp="2023-12-28T10:26:13 IST" skipped="8">
  <testcase classname="pivotalApplication.PivoFin2" name="InvestigationClick" time="3.219"/>
  <testcase classname="pivotalApplication.PivoFin2" name="NewRequisition" time="2.342"/>
  <testcase classname="pivotalApplication.PivoFin2" name="Covid19" time="6.049"/>
  <testcase classname="pivotalApplication.PivoFin2" name="packages" time="2.581"/>
  <testcase classname="pivotalApplication.PivoFin2" name="Feverpanel" time="2.374"/>
  <testcase classname="pivotalApplication.PivoFin2" name="SelectTests" time="2.551"/>
  <testcase classname="pivotalApplication.PivoFin2" name="CreateRquisition" time="2.881"/>
  <testcase classname="pivotalApplication.PivoFin2" name="RquisitionDownloadclose" time="2.175"/>
  <testcase classname="pivotalApplication.PivoFin2" name="ReportClick" time="2.321"/>
  <testcase classname="pivotalApplication.PivoFin2" name="UploadReport" time="2.279"/>
  <testcase classname="pivotalApplication.PivoFin2" name="CreatedBy2" time="2.834"/>
  <testcase classname="pivotalApplication.PivoFin2" name="DocumentOn2" time="2.254"/>
  <testcase classname="pivotalApplication.PivoFin2" name="popUpOk2" time="2.312"/>
  <testcase classname="pivotalApplication.PivoFin2" name="Camera2" time="19.986"/>
  <testcase classname="pivotalApplication.PivoFin2" name="UploadCam2" time="2.301"/>
  <testcase classname="pivotalApplication.PivoFin2" name="UploadCamOk2" time="2.806"/>
  <testcase classname="pivotalApplication.PivoFin2" name="Transscript1" time="5.313"/>
  <testcase classname="pivotalApplication.PivoFin2" name="CreatedBy3" time="2.314"/>
  <testcase classname="pivotalApplication.PivoFin2" name="DocumentOn3" time="2.288"/>
  <testcase classname="pivotalApplication.PivoFin2" name="popUpOk3" time="2.329"/>
  <testcase classname="pivotalApplication.PivoFin2" name="Gallery3" time="2.292"/>
  <testcase classname="pivotalApplication.PivoFin2" name="photo3" time="10.310"/>
  <testcase classname="pivotalApplication.PivoFin2" name="Upload3" time="2.329"/>
  <testcase classname="pivotalApplication.PivoFin2" name="UploadOk3" time="9.480"/>
  <testcase classname="pivotalApplication.PivoFin2" name="RffralCreation" time="2.511"/>
  <testcase classname="pivotalApplication.PivoFin2" name="DrName" time="2.265"/>
  <testcase classname="pivotalApplication.PivoFin2" name="DrEmail" time="2.768"/>
  <testcase classname="pivotalApplication.PivoFin2" name="DrMobNumber" time="2.763"/>
  <testcase classname="pivotalApplication.PivoFin2" name="HealthCondition" time="2.800"/>
  <testcase classname="pivotalApplication.PivoFin2" name="Duration" time="2.771"/>
  <testcase classname="pivotalApplication.PivoFin2" name="Speciality" time="7.570"/>
  <testcase classname="pivotalApplication.PivoFin2" name="preview" time="2.337"/>
  <testcase classname="pivotalApplication.PivoFin2" name="Save" time="15.214"/>
  <testcase classname="pivotalApplication.PivoFin2" name="UploadDocuments" time="54.495"/>
  <testcase classname="pivotalApplication.PivoFin2" name="DocumentsDropDown" time="5.204"/>
  <testcase classname="pivotalApplication.PivoFin2" name="DischargeSummary" time="2.265"/>
  <testcase classname="pivotalApplication.PivoFin2" name="CreatedBy" time="2.293"/>
  <testcase classname="pivotalApplication.PivoFin2" name="DocumentOn" time="2.277"/>
  <testcase classname="pivotalApplication.PivoFin2" name="popUpOk" time="2.300"/>
  <testcase classname="pivotalApplication.PivoFin2" name="Camera" time="13.750"/>
  <testcase classname="pivotalApplication.PivoFin2" name="UploadCam" time="2.290"/>
  <testcase classname="pivotalApplication.PivoFin2" name="UploadCamOk" time="10.732"/>
  <testcase classname="pivotalApplication.PivoFin2" name="UploadDocuments1" time="5.403"/>
  <testcase classname="pivotalApplication.PivoFin2" name="DocumentsDropDown1" time="5.220"/>
  <testcase classname="pivotalApplication.PivoFin2" name="DischargeSummary1" time="2.232"/>
  <testcase classname="pivotalApplication.PivoFin2" name="CreatedBy1" time="2.761"/>
  <testcase classname="pivotalApplication.PivoFin2" name="DocumentOn1" time="2.242"/>
  <testcase classname="pivotalApplication.PivoFin2" name="popUpOk1" time="2.312"/>
  <testcase classname="pivotalApplication.PivoFin2" name="Gallery" time="2.248"/>
  <testcase classname="pivotalApplication.PivoFin2" name="photo" time="10.277"/>
  <testcase classname="pivotalApplication.PivoFin2" name="Upload" time="2.326"/>
  <testcase classname="pivotalApplication.PivoFin2" name="UploadOk" time="2.176"/>
  <testcase classname="pivotalApplication.PivoFin2" name="SpecialVaccine" time="17.628"/>
  <testcase classname="pivotalApplication.PivoFin2" name="AdministeredDate" time="5.194"/>
  <testcase classname="pivotalApplication.PivoFin2" name="PopUpOk" time="2.286"/>
  <testcase classname="pivotalApplication.PivoFin2" name="VaccineDropdown" time="2.370"/>
  <testcase classname="pivotalApplication.PivoFin2" name="CholeraVaccine" time="2.196"/>
  <testcase classname="pivotalApplication.PivoFin2" name="Submit" time="2.247"/>
  <testcase classname="pivotalApplication.PivoFin2" name="VaccinationOk" time="2.699"/>
  <testcase classname="pivotalApplication.PivoFin2" name="LinkPatient" time="17.589"/>
  <testcase classname="pivotalApplication.PivoFin2" name="DrMobileNumber" time="10.659"/>
  <testcase classname="pivotalApplication.PivoFin2" name="SearchDr" time="17.183"/>
  <testcase classname="pivotalApplication.PivoFin2" name="Link" time="15.172"/>
  <testcase classname="pivotalApplication.PivoFin2" name="Reciept" time="17.613"/>
  <testcase classname="pivotalApplication.PivoFin2" name="AddNewReceipt" time="10.296"/>
  <testcase classname="pivotalApplication.PivoFin2" name="ReceiptNo" time="7.918"/>
  <testcase classname="pivotalApplication.PivoFin2" name="Consultation" time="4.371"/>
  <testcase classname="pivotalApplication.PivoFin2" name="Vaccination" time="4.828"/>
  <testcase classname="pivotalApplication.PivoFin2" name="OtherReasons" time="4.354"/>
  <testcase classname="pivotalApplication.PivoFin2" name="Addmore" time="5.014"/>
  <testcase classname="pivotalApplication.PivoFin2" name="Preview" time="35.380"/>
  <testcase classname="pivotalApplication.PivoFin2" name="PayerName" time="2.682"/>
  <testcase classname="pivotalApplication.PivoFin2" name="CreateReceipt" time="27.142"/>
  <testcase classname="pivotalApplication.PivoFin2" name="Certificate" time="41.225"/>
  <testcase classname="pivotalApplication.PivoFin2" name="CertificateDropdown" time="22.189"/>
  <testcase classname="pivotalApplication.PivoFin2" name="CertificateType" time="22.228"/>
  <testcase classname="pivotalApplication.PivoFin2" name="Speciality1" time="32.287"/>
  <testcase classname="pivotalApplication.PivoFin2" name="SpecialitySelect" time="37.225"/>
  <testcase classname="pivotalApplication.PivoFin2" name="Preview1" time="12.316"/>
  <testcase classname="pivotalApplication.PivoFin2" name="Printclose" time="17.386"/>
  <testcase classname="pivotalApplication.PivoFin2" name="ClickHistory" time="6.884"/>
  <testcase classname="pivotalApplication.PivoFin2" name="ViewDocument" time="2.385"/>
  <testcase classname="pivotalApplication.PivoFin2" name="close1" time="10.168"/>
  <testcase classname="pivotalApplication.PivoFin2" name="ViewReceipts" time="12.490"/>
  <testcase classname="pivotalApplication.PivoFin2" name="close2" time="12.175"/>
  <testcase classname="pivotalApplication.PivoFin2" name="ViewReferal" time="10.527"/>
  <testcase classname="pivotalApplication.PivoFin2" name="close4" time="54.803"/>
  <testcase classname="pivotalApplication.PivoFin2" name="PatientList" time="34.699"/>
  <testcase classname="pivotalApplication.PivoFin2" name="Appointments" time="10.591"/>
  <testcase classname="pivotalApplication.PivoFin2" name="Prescription" time="42.706"/>
  <testcase classname="pivotalApplication.PivoFin2" name="Reports" time="47.833"/>
  <testcase classname="pivotalApplication.PivoFin2" name="Referrals" time="45.262"/>
  <testcase classname="pivotalApplication.PivoFin2" name="VaccineInStore" time="22.523"/>
  <testcase classname="pivotalApplication.PivoFin2" name="ViewReports" time="48.933"/>
  <testcase classname="pivotalApplication.PivoFin2" name="MyNotes" time="26.731"/>
  <testcase classname="pivotalApplication.PivoFin2" name="ShareHealth" time="12.077"/>
  <testcase classname="pivotalApplication.PivoFin2" name="WhatsNew" time="10.942"/>
  <testcase classname="pivotalApplication.PivoFin2" name="DashboardData" time="6.747"/>
  <testcase classname="pivotalApplication.PivoFin2" name="Search">
    <skipped/>
  </testcase> <!-- Search -->
  <testcase classname="pivotalApplication.PivoFin2" name="OTP">
    <skipped/>
  </testcase> <!-- OTP -->
  <testcase classname="pivotalApplication.PivoFin2" name="submit">
    <skipped/>
  </testcase> <!-- submit -->
  <testcase classname="pivotalApplication.PivoFin2" name="HealthApp">
    <skipped/>
  </testcase> <!-- HealthApp -->
  <testcase classname="pivotalApplication.PivoFin2" name="proceedButton">
    <skipped/>
  </testcase> <!-- proceedButton -->
  <testcase classname="pivotalApplication.PivoFin2" name="IAgree">
    <skipped/>
  </testcase> <!-- IAgree -->
  <testcase classname="pivotalApplication.PivoFin2" name="ClickPatient1">
    <skipped/>
  </testcase> <!-- ClickPatient1 -->
  <testcase classname="pivotalApplication.PivoFin2" name="NumberField">
    <skipped/>
  </testcase> <!-- NumberField -->
</testsuite> <!-- pivotalApplication.PivoFin2 -->
