<?xml version="1.0" encoding="UTF-8"?>
<!-- Generated by org.testng.reporters.JUnitReportReporter -->
<testsuite hostname="CopiousCare" failures="0" tests="27" name="healthApp.HealthUploadDoc" time="147.753" errors="0" timestamp="2024-04-25T13:11:57 IST" skipped="0">
  <testcase classname="healthApp.HealthUploadDoc" name="NumberField" time="11.741"/>
  <system-out/>
  <testcase classname="healthApp.HealthUploadDoc" name="BfSuite" time="0.650"/>
  <system-out/>
  <testcase classname="healthApp.HealthUploadDoc" name="IAgree" time="2.117"/>
  <system-out/>
  <testcase classname="healthApp.HealthUploadDoc" name="proceedButton" time="5.301"/>
  <system-out/>
  <testcase classname="healthApp.HealthUploadDoc" name="OTP" time="16.096"/>
  <system-out/>
  <testcase classname="healthApp.HealthUploadDoc" name="Verify" time="5.663"/>
  <system-out/>
  <testcase classname="healthApp.HealthUploadDoc" name="SelectFamilyMember" time="10.826"/>
  <system-out/>
  <testcase classname="healthApp.HealthUploadDoc" name="AddButton" time="5.583"/>
  <system-out/>
  <testcase classname="healthApp.HealthUploadDoc" name="UploadDoc" time="5.713"/>
  <system-out/>
  <testcase classname="healthApp.HealthUploadDoc" name="DocumentsDropDown" time="5.244"/>
  <system-out/>
  <testcase classname="healthApp.HealthUploadDoc" name="DischargeSummary" time="2.284"/>
  <system-out/>
  <testcase classname="healthApp.HealthUploadDoc" name="CreatedBy" time="2.765"/>
  <system-out/>
  <testcase classname="healthApp.HealthUploadDoc" name="DocumentOn" time="2.240"/>
  <system-out/>
  <testcase classname="healthApp.HealthUploadDoc" name="popUpOk" time="2.318"/>
  <system-out/>
  <testcase classname="healthApp.HealthUploadDoc" name="Camera" time="16.366"/>
  <system-out/>
  <testcase classname="healthApp.HealthUploadDoc" name="UploadCam" time="7.310"/>
  <system-out/>
  <testcase classname="healthApp.HealthUploadDoc" name="UploadCamOk" time="10.254"/>
  <system-out/>
  <testcase classname="healthApp.HealthUploadDoc" name="UploadDocuments1" time="3.126"/>
  <system-out/>
  <testcase classname="healthApp.HealthUploadDoc" name="DocumentsDropDown1" time="5.301"/>
  <system-out/>
  <testcase classname="healthApp.HealthUploadDoc" name="DischargeSummary1" time="2.286"/>
  <system-out/>
  <testcase classname="healthApp.HealthUploadDoc" name="CreatedBy1" time="2.774"/>
  <system-out/>
  <testcase classname="healthApp.HealthUploadDoc" name="DocumentOn1" time="2.252"/>
  <system-out/>
  <testcase classname="healthApp.HealthUploadDoc" name="popUpOk1" time="2.323"/>
  <system-out/>
  <testcase classname="healthApp.HealthUploadDoc" name="Gallery" time="2.305"/>
  <system-out/>
  <testcase classname="healthApp.HealthUploadDoc" name="photo" time="10.342"/>
  <system-out/>
  <testcase classname="healthApp.HealthUploadDoc" name="Upload" time="2.285"/>
  <system-out/>
  <testcase classname="healthApp.HealthUploadDoc" name="UploadOk" time="2.288"/>
  <system-out/>
</testsuite> <!-- healthApp.HealthUploadDoc -->
