<?xml version="1.0" encoding="UTF-8"?>
<!-- Generated by org.testng.reporters.JUnitReportReporter -->
<testsuite hostname="DESKTOP-VQLLA2K" failures="0" tests="174" name="pivotalApplication.PivoFin1" time="985.701" errors="0" timestamp="2024-01-15T10:41:21 IST" skipped="0">
  <testcase classname="pivotalApplication.PivoFin1" name="BfSuite" time="4.380"/>
  <testcase classname="pivotalApplication.PivoFin1" name="NumberField" time="1.392"/>
  <testcase classname="pivotalApplication.PivoFin1" name="IAgree" time="2.131"/>
  <testcase classname="pivotalApplication.PivoFin1" name="proceedButton" time="2.443"/>
  <testcase classname="pivotalApplication.PivoFin1" name="OTP" time="11.202"/>
  <testcase classname="pivotalApplication.PivoFin1" name="submit" time="8.298"/>
  <testcase classname="pivotalApplication.PivoFin1" name="Createptient" time="4.540"/>
  <testcase classname="pivotalApplication.PivoFin1" name="Neweptient" time="12.370"/>
  <testcase classname="pivotalApplication.PivoFin1" name="Close" time="5.088"/>
  <testcase classname="pivotalApplication.PivoFin1" name="MobileNumber1" time="3.048"/>
  <testcase classname="pivotalApplication.PivoFin1" name="confirm" time="4.547"/>
  <testcase classname="pivotalApplication.PivoFin1" name="confirmPopup" time="4.680"/>
  <testcase classname="pivotalApplication.PivoFin1" name="AdditionalNumber1" time="3.118"/>
  <testcase classname="pivotalApplication.PivoFin1" name="FirstName" time="5.062"/>
  <testcase classname="pivotalApplication.PivoFin1" name="MiddleName" time="5.003"/>
  <testcase classname="pivotalApplication.PivoFin1" name="LastName" time="4.470"/>
  <testcase classname="pivotalApplication.PivoFin1" name="BirthCalender" time="6.670"/>
  <testcase classname="pivotalApplication.PivoFin1" name="Birthok" time="4.314"/>
  <testcase classname="pivotalApplication.PivoFin1" name="GenFemale" time="4.465"/>
  <testcase classname="pivotalApplication.PivoFin1" name="Address" time="2.956"/>
  <testcase classname="pivotalApplication.PivoFin1" name="Area" time="2.982"/>
  <testcase classname="pivotalApplication.PivoFin1" name="City" time="2.975"/>
  <testcase classname="pivotalApplication.PivoFin1" name="PinCode" time="2.928"/>
  <testcase classname="pivotalApplication.PivoFin1" name="Next" time="15.441"/>
  <testcase classname="pivotalApplication.PivoFin1" name="ContinueProfile" time="10.382"/>
  <testcase classname="pivotalApplication.PivoFin1" name="TypeOfDelivery" time="2.453"/>
  <testcase classname="pivotalApplication.PivoFin1" name="TypeOfDeliveryNormal" time="2.259"/>
  <testcase classname="pivotalApplication.PivoFin1" name="weightl" time="2.394"/>
  <testcase classname="pivotalApplication.PivoFin1" name="Heightl" time="2.411"/>
  <testcase classname="pivotalApplication.PivoFin1" name="HC" time="2.960"/>
  <testcase classname="pivotalApplication.PivoFin1" name="CC" time="2.346"/>
  <testcase classname="pivotalApplication.PivoFin1" name="BPSYS" time="2.349"/>
  <testcase classname="pivotalApplication.PivoFin1" name="BPDia" time="2.347"/>
  <testcase classname="pivotalApplication.PivoFin1" name="BloodGroup" time="2.488"/>
  <testcase classname="pivotalApplication.PivoFin1" name="BloodGroupA" time="2.264"/>
  <testcase classname="pivotalApplication.PivoFin1" name="BirthHistoryNext" time="7.468"/>
  <testcase classname="pivotalApplication.PivoFin1" name="MedicalConditionAdd" time="3.768"/>
  <testcase classname="pivotalApplication.PivoFin1" name="MedicalConditionSelect" time="3.868"/>
  <testcase classname="pivotalApplication.PivoFin1" name="AddMedicalCondition" time="2.492"/>
  <testcase classname="pivotalApplication.PivoFin1" name="Allergies" time="2.382"/>
  <testcase classname="pivotalApplication.PivoFin1" name="Reactions" time="2.862"/>
  <testcase classname="pivotalApplication.PivoFin1" name="RecurringComplaints" time="2.862"/>
  <testcase classname="pivotalApplication.PivoFin1" name="HospitalizationHistory" time="2.857"/>
  <testcase classname="pivotalApplication.PivoFin1" name="HealthHistory" time="2.358"/>
  <testcase classname="pivotalApplication.PivoFin1" name="GeneticdisoredrAdd" time="4.148"/>
  <testcase classname="pivotalApplication.PivoFin1" name="GeneticdisoredrSelect" time="13.361"/>
  <testcase classname="pivotalApplication.PivoFin1" name="AddGeneticdisoredr" time="2.436"/>
  <testcase classname="pivotalApplication.PivoFin1" name="OtherEmailId" time="2.858"/>
  <testcase classname="pivotalApplication.PivoFin1" name="helathNext" time="2.407"/>
  <testcase classname="pivotalApplication.PivoFin1" name="FathersName" time="3.018"/>
  <testcase classname="pivotalApplication.PivoFin1" name="MothersName" time="2.922"/>
  <testcase classname="pivotalApplication.PivoFin1" name="Fatherheight" time="7.716"/>
  <testcase classname="pivotalApplication.PivoFin1" name="Mothersheight" time="5.171"/>
  <testcase classname="pivotalApplication.PivoFin1" name="FamailyMedicalHistory" time="8.350"/>
  <testcase classname="pivotalApplication.PivoFin1" name="EnterDisorders" time="15.521"/>
  <testcase classname="pivotalApplication.PivoFin1" name="AddVital" time="5.340"/>
  <testcase classname="pivotalApplication.PivoFin1" name="weight" time="0.323"/>
  <testcase classname="pivotalApplication.PivoFin1" name="Height" time="6.005"/>
  <testcase classname="pivotalApplication.PivoFin1" name="HC1" time="5.312"/>
  <testcase classname="pivotalApplication.PivoFin1" name="CC1" time="5.373"/>
  <testcase classname="pivotalApplication.PivoFin1" name="Temperature" time="5.402"/>
  <testcase classname="pivotalApplication.PivoFin1" name="SPO2" time="10.740"/>
  <testcase classname="pivotalApplication.PivoFin1" name="UpArrow" time="10.720"/>
  <testcase classname="pivotalApplication.PivoFin1" name="BPSYS1" time="5.741"/>
  <testcase classname="pivotalApplication.PivoFin1" name="BPDIA" time="5.358"/>
  <testcase classname="pivotalApplication.PivoFin1" name="HeartRate" time="6.746"/>
  <testcase classname="pivotalApplication.PivoFin1" name="Pulse" time="11.068"/>
  <testcase classname="pivotalApplication.PivoFin1" name="BloodSugar" time="10.871"/>
  <testcase classname="pivotalApplication.PivoFin1" name="BloodSugarf" time="5.822"/>
  <testcase classname="pivotalApplication.PivoFin1" name="BloodSugarPP" time="5.776"/>
  <testcase classname="pivotalApplication.PivoFin1" name="BloodSugarHB" time="16.489"/>
  <testcase classname="pivotalApplication.PivoFin1" name="CholesterolHDL" time="5.823"/>
  <testcase classname="pivotalApplication.PivoFin1" name="CholesterolLDL" time="5.825"/>
  <testcase classname="pivotalApplication.PivoFin1" name="TotalCholesterol" time="5.926"/>
  <testcase classname="pivotalApplication.PivoFin1" name="Triglycerides" time="5.284"/>
  <testcase classname="pivotalApplication.PivoFin1" name="Save" time="5.430"/>
  <testcase classname="pivotalApplication.PivoFin1" name="Appointment" time="21.220"/>
  <testcase classname="pivotalApplication.PivoFin1" name="SlotTime" time="41.987"/>
  <testcase classname="pivotalApplication.PivoFin1" name="VideoCheckBox" time="2.246"/>
  <testcase classname="pivotalApplication.PivoFin1" name="Book" time="7.753"/>
  <testcase classname="pivotalApplication.PivoFin1" name="AppointmentBookedPopup" time="14.912"/>
  <testcase classname="pivotalApplication.PivoFin1" name="ClickPatient" time="3.052"/>
  <testcase classname="pivotalApplication.PivoFin1" name="prescription" time="3.033"/>
  <testcase classname="pivotalApplication.PivoFin1" name="ComplaintAndDiagnosis" time="2.570"/>
  <testcase classname="pivotalApplication.PivoFin1" name="AddChiefComplaints" time="2.409"/>
  <testcase classname="pivotalApplication.PivoFin1" name="Fever" time="4.318"/>
  <testcase classname="pivotalApplication.PivoFin1" name="Details" time="2.464"/>
  <testcase classname="pivotalApplication.PivoFin1" name="mild" time="2.381"/>
  <testcase classname="pivotalApplication.PivoFin1" name="moreSymptoms" time="2.343"/>
  <testcase classname="pivotalApplication.PivoFin1" name="Since2Days" time="2.340"/>
  <testcase classname="pivotalApplication.PivoFin1" name="AddComplaint" time="2.323"/>
  <testcase classname="pivotalApplication.PivoFin1" name="AddWorkingDiagnosis" time="2.386"/>
  <testcase classname="pivotalApplication.PivoFin1" name="AcuteUrti" time="5.407"/>
  <testcase classname="pivotalApplication.PivoFin1" name="AddDiagnosis" time="2.395"/>
  <testcase classname="pivotalApplication.PivoFin1" name="Medicine" time="2.428"/>
  <testcase classname="pivotalApplication.PivoFin1" name="TapToAddMedicine" time="2.441"/>
  <testcase classname="pivotalApplication.PivoFin1" name="SearchMedDolo" time="6.212"/>
  <testcase classname="pivotalApplication.PivoFin1" name="AddToPrescription" time="2.326"/>
  <testcase classname="pivotalApplication.PivoFin1" name="ClickFavourite" time="2.436"/>
  <testcase classname="pivotalApplication.PivoFin1" name="ClickFavoutiteDropdown" time="2.189"/>
  <testcase classname="pivotalApplication.PivoFin1" name="ClickFavoutiteMedDrp" time="2.210"/>
  <testcase classname="pivotalApplication.PivoFin1" name="ClickFavoutiteMedicine" time="2.302"/>
  <testcase classname="pivotalApplication.PivoFin1" name="CopyMedicine" time="2.301"/>
  <testcase classname="pivotalApplication.PivoFin1" name="popularClick" time="2.438"/>
  <testcase classname="pivotalApplication.PivoFin1" name="popularMedicineClick" time="3.956"/>
  <testcase classname="pivotalApplication.PivoFin1" name="popularCopyMedicine" time="2.791"/>
  <testcase classname="pivotalApplication.PivoFin1" name="DietAndNutrition" time="2.455"/>
  <testcase classname="pivotalApplication.PivoFin1" name="DietAndNutritionAdd" time="2.363"/>
  <testcase classname="pivotalApplication.PivoFin1" name="DietAdvice" time="2.415"/>
  <testcase classname="pivotalApplication.PivoFin1" name="AddDietAdvice" time="2.390"/>
  <testcase classname="pivotalApplication.PivoFin1" name="GeneralInstructions" time="2.372"/>
  <testcase classname="pivotalApplication.PivoFin1" name="GeneralInstructionsAdd" time="2.362"/>
  <testcase classname="pivotalApplication.PivoFin1" name="InstructionsAdd" time="2.413"/>
  <testcase classname="pivotalApplication.PivoFin1" name="Instructions" time="2.341"/>
  <testcase classname="pivotalApplication.PivoFin1" name="NextFollowup" time="4.399"/>
  <testcase classname="pivotalApplication.PivoFin1" name="NextFollowupCln7der" time="2.427"/>
  <testcase classname="pivotalApplication.PivoFin1" name="NextOk" time="2.318"/>
  <testcase classname="pivotalApplication.PivoFin1" name="NextVistTab" time="2.376"/>
  <testcase classname="pivotalApplication.PivoFin1" name="PreviewPrescription" time="2.419"/>
  <testcase classname="pivotalApplication.PivoFin1" name="SaveAndShare" time="10.267"/>
  <testcase classname="pivotalApplication.PivoFin1" name="DownloadBack" time="20.808"/>
  <testcase classname="pivotalApplication.PivoFin1" name="ImmunizationClick" time="2.504"/>
  <testcase classname="pivotalApplication.PivoFin1" name="AtBirth" time="2.544"/>
  <testcase classname="pivotalApplication.PivoFin1" name="AddVaccine" time="2.530"/>
  <testcase classname="pivotalApplication.PivoFin1" name="SelectBrand" time="2.696"/>
  <testcase classname="pivotalApplication.PivoFin1" name="SelectDate" time="7.672"/>
  <testcase classname="pivotalApplication.PivoFin1" name="VaccineLabel" time="28.006"/>
  <testcase classname="pivotalApplication.PivoFin1" name="BulkUpdate" time="7.982"/>
  <testcase classname="pivotalApplication.PivoFin1" name="PCV" time="4.552"/>
  <testcase classname="pivotalApplication.PivoFin1" name="IPV" time="4.446"/>
  <testcase classname="pivotalApplication.PivoFin1" name="Rotavirus" time="4.491"/>
  <testcase classname="pivotalApplication.PivoFin1" name="AddToSchedule" time="4.501"/>
  <testcase classname="pivotalApplication.PivoFin1" name="BulkUpdate1" time="10.503"/>
  <testcase classname="pivotalApplication.PivoFin1" name="TransScript" time="5.515"/>
  <testcase classname="pivotalApplication.PivoFin1" name="CreatedBy" time="15.822"/>
  <testcase classname="pivotalApplication.PivoFin1" name="DocumentOn" time="7.299"/>
  <testcase classname="pivotalApplication.PivoFin1" name="popoupOk" time="4.335"/>
  <testcase classname="pivotalApplication.PivoFin1" name="Gallaries" time="2.318"/>
  <testcase classname="pivotalApplication.PivoFin1" name="GallariesPhoto" time="10.309"/>
  <testcase classname="pivotalApplication.PivoFin1" name="Upload" time="7.303"/>
  <testcase classname="pivotalApplication.PivoFin1" name="UploadOk" time="7.804"/>
  <testcase classname="pivotalApplication.PivoFin1" name="TransScript1" time="60.394"/>
  <testcase classname="pivotalApplication.PivoFin1" name="ImmunizationGovClick" time="2.600"/>
  <testcase classname="pivotalApplication.PivoFin1" name="BulkCancel" time="5.279"/>
  <testcase classname="pivotalApplication.PivoFin1" name="opvO" time="2.624"/>
  <testcase classname="pivotalApplication.PivoFin1" name="SaveVaccine" time="5.019"/>
  <testcase classname="pivotalApplication.PivoFin1" name="IPV1" time="2.614"/>
  <testcase classname="pivotalApplication.PivoFin1" name="SaveVaccine1" time="2.278"/>
  <testcase classname="pivotalApplication.PivoFin1" name="HepB" time="3.436"/>
  <testcase classname="pivotalApplication.PivoFin1" name="SaveVaccine2" time="2.271"/>
  <testcase classname="pivotalApplication.PivoFin1" name="Transscript" time="3.256"/>
  <testcase classname="pivotalApplication.PivoFin1" name="CreatedBy2" time="2.834"/>
  <testcase classname="pivotalApplication.PivoFin1" name="DocumentOn2" time="2.228"/>
  <testcase classname="pivotalApplication.PivoFin1" name="popUpOk" time="2.305"/>
  <testcase classname="pivotalApplication.PivoFin1" name="Camera" time="13.772"/>
  <testcase classname="pivotalApplication.PivoFin1" name="UploadCam" time="2.312"/>
  <testcase classname="pivotalApplication.PivoFin1" name="UploadCamOk" time="2.513"/>
  <testcase classname="pivotalApplication.PivoFin1" name="Transscript1" time="2.605"/>
  <testcase classname="pivotalApplication.PivoFin1" name="CreatedBy1" time="2.844"/>
  <testcase classname="pivotalApplication.PivoFin1" name="DocumentOn1" time="2.220"/>
  <testcase classname="pivotalApplication.PivoFin1" name="popUpOk1" time="2.332"/>
  <testcase classname="pivotalApplication.PivoFin1" name="Gallery" time="2.282"/>
  <testcase classname="pivotalApplication.PivoFin1" name="photo" time="10.355"/>
  <testcase classname="pivotalApplication.PivoFin1" name="Upload1" time="2.305"/>
  <testcase classname="pivotalApplication.PivoFin1" name="UploadOk1" time="8.592"/>
  <testcase classname="pivotalApplication.PivoFin1" name="ImmunizationClick1" time="2.481"/>
  <testcase classname="pivotalApplication.PivoFin1" name="Records" time="5.456"/>
  <testcase classname="pivotalApplication.PivoFin1" name="Certificates" time="5.493"/>
  <testcase classname="pivotalApplication.PivoFin1" name="SelectVaciines" time="5.204"/>
  <testcase classname="pivotalApplication.PivoFin1" name="Proceed" time="5.527"/>
  <testcase classname="pivotalApplication.PivoFin1" name="SpecialityDropdown" time="5.300"/>
  <testcase classname="pivotalApplication.PivoFin1" name="DefaultV3" time="5.186"/>
  <testcase classname="pivotalApplication.PivoFin1" name="Preview" time="5.314"/>
  <testcase classname="pivotalApplication.PivoFin1" name="Print" time="26.289"/>
</testsuite> <!-- pivotalApplication.PivoFin1 -->
