<?xml version="1.0" encoding="UTF-8"?>
<!-- Generated by org.testng.reporters.JUnitReportReporter -->
<testsuite hostname="CopiousCare" failures="0" tests="8" name="webAuto.ViewReceiptInAllDoc" time="59.684" errors="0" timestamp="2024-11-15T10:57:01 IST" skipped="0">
  <testcase classname="webAuto.ViewReceiptInAllDoc" name="numberField" time="0.140"/>
  <system-out/>
  <testcase classname="webAuto.ViewReceiptInAllDoc" name="sendOTP" time="9.026"/>
  <system-out/>
  <testcase classname="webAuto.ViewReceiptInAllDoc" name="verifyButton" time="10.116"/>
  <system-out/>
  <testcase classname="webAuto.ViewReceiptInAllDoc" name="searchBar" time="0.494"/>
  <system-out/>
  <testcase classname="webAuto.ViewReceiptInAllDoc" name="searchOpt" time="3.138"/>
  <system-out/>
  <testcase classname="webAuto.ViewReceiptInAllDoc" name="clickPatient" time="10.322"/>
  <system-out/>
  <testcase classname="webAuto.ViewReceiptInAllDoc" name="Document" time="0.341"/>
  <system-out/>
  <testcase classname="webAuto.ViewReceiptInAllDoc" name="AllDocuments" time="26.107"/>
  <system-out/>
</testsuite> <!-- webAuto.ViewReceiptInAllDoc -->
