<?xml version="1.0" encoding="UTF-8"?>
<!-- Generated by org.testng.reporters.JUnitReportReporter -->
<testsuite hostname="DESKTOP-VQLLA2K" failures="0" tests="37" name="webAuto.OpdEndToEndWorkFlow1" time="390.822" errors="0" timestamp="2023-12-26T11:10:50 IST" skipped="0">
  <testcase classname="webAuto.OpdEndToEndWorkFlow1" name="numberField" time="0.330"/>
  <testcase classname="webAuto.OpdEndToEndWorkFlow1" name="sendOTP" time="12.336"/>
  <testcase classname="webAuto.OpdEndToEndWorkFlow1" name="verifyButton" time="10.138"/>
  <testcase classname="webAuto.OpdEndToEndWorkFlow1" name="createPatient" time="13.608"/>
  <testcase classname="webAuto.OpdEndToEndWorkFlow1" name="Number1" time="1.180"/>
  <testcase classname="webAuto.OpdEndToEndWorkFlow1" name="confirm" time="4.225"/>
  <testcase classname="webAuto.OpdEndToEndWorkFlow1" name="number2" time="0.660"/>
  <testcase classname="webAuto.OpdEndToEndWorkFlow1" name="firstName" time="0.539"/>
  <testcase classname="webAuto.OpdEndToEndWorkFlow1" name="middleName" time="0.397"/>
  <testcase classname="webAuto.OpdEndToEndWorkFlow1" name="lastName" time="0.423"/>
  <testcase classname="webAuto.OpdEndToEndWorkFlow1" name="birthDate" time="0.788"/>
  <testcase classname="webAuto.OpdEndToEndWorkFlow1" name="genFemale" time="0.165"/>
  <testcase classname="webAuto.OpdEndToEndWorkFlow1" name="address" time="0.593"/>
  <testcase classname="webAuto.OpdEndToEndWorkFlow1" name="locality" time="0.544"/>
  <testcase classname="webAuto.OpdEndToEndWorkFlow1" name="city" time="0.480"/>
  <testcase classname="webAuto.OpdEndToEndWorkFlow1" name="pinCode" time="0.480"/>
  <testcase classname="webAuto.OpdEndToEndWorkFlow1" name="proceedWithSameRMN" time="0.490"/>
  <testcase classname="webAuto.OpdEndToEndWorkFlow1" name="nextButton" time="15.202"/>
  <testcase classname="webAuto.OpdEndToEndWorkFlow1" name="clickClose" time="3.840"/>
  <testcase classname="webAuto.OpdEndToEndWorkFlow1" name="fillVitalForm" time="18.057"/>
  <testcase classname="webAuto.OpdEndToEndWorkFlow1" name="fillHealthProfile" time="13.546"/>
  <testcase classname="webAuto.OpdEndToEndWorkFlow1" name="fillFamilyProfile" time="18.665"/>
  <testcase classname="webAuto.OpdEndToEndWorkFlow1" name="GoHome" time="0.725"/>
  <testcase classname="webAuto.OpdEndToEndWorkFlow1" name="AddNewAppointment" time="25.881"/>
  <testcase classname="webAuto.OpdEndToEndWorkFlow1" name="AddPrescription" time="15.963"/>
  <testcase classname="webAuto.OpdEndToEndWorkFlow1" name="Complaints" time="6.560"/>
  <testcase classname="webAuto.OpdEndToEndWorkFlow1" name="VitalsOption" time="5.778"/>
  <testcase classname="webAuto.OpdEndToEndWorkFlow1" name="BpandHeartOption" time="16.968"/>
  <testcase classname="webAuto.OpdEndToEndWorkFlow1" name="BloodAndAnalysis" time="17.185"/>
  <testcase classname="webAuto.OpdEndToEndWorkFlow1" name="LipidProfile" time="16.705"/>
  <testcase classname="webAuto.OpdEndToEndWorkFlow1" name="OnExamination" time="15.850"/>
  <testcase classname="webAuto.OpdEndToEndWorkFlow1" name="Diagnosis" time="15.467"/>
  <testcase classname="webAuto.OpdEndToEndWorkFlow1" name="Medicine1" time="48.848"/>
  <testcase classname="webAuto.OpdEndToEndWorkFlow1" name="DietaryAdvice" time="15.414"/>
  <testcase classname="webAuto.OpdEndToEndWorkFlow1" name="GeneralInstruction" time="15.557"/>
  <testcase classname="webAuto.OpdEndToEndWorkFlow1" name="SaveandProceed" time="0.361"/>
  <testcase classname="webAuto.OpdEndToEndWorkFlow1" name="ConfirmPrescription" time="56.874"/>
</testsuite> <!-- webAuto.OpdEndToEndWorkFlow1 -->
