<?xml version="1.0" encoding="UTF-8"?>
<!-- Generated by org.testng.reporters.JUnitReportReporter -->
<testsuite hostname="CopiousCare" failures="0" tests="16" name="pivotalApplication.CreateRequisition" time="82.621" errors="0" timestamp="2024-04-17T11:31:58 IST" skipped="0">
  <testcase classname="pivotalApplication.CreateRequisition" name="BfSuite" time="0.796"/>
  <system-out/>
  <testcase classname="pivotalApplication.CreateRequisition" name="NumberField" time="1.201"/>
  <system-out/>
  <testcase classname="pivotalApplication.CreateRequisition" name="IAgree" time="2.163"/>
  <system-out/>
  <testcase classname="pivotalApplication.CreateRequisition" name="proceedButton" time="2.407"/>
  <system-out/>
  <testcase classname="pivotalApplication.CreateRequisition" name="OTP" time="10.896"/>
  <system-out/>
  <testcase classname="pivotalApplication.CreateRequisition" name="submit" time="11.221"/>
  <system-out/>
  <testcase classname="pivotalApplication.CreateRequisition" name="Search" time="10.003"/>
  <system-out/>
  <testcase classname="pivotalApplication.CreateRequisition" name="ClickPatient" time="3.150"/>
  <system-out/>
  <testcase classname="pivotalApplication.CreateRequisition" name="InvestigationClick" time="10.750"/>
  <system-out/>
  <testcase classname="pivotalApplication.CreateRequisition" name="NewRequisition" time="10.343"/>
  <system-out/>
  <testcase classname="pivotalApplication.CreateRequisition" name="Covid19" time="6.526"/>
  <system-out/>
  <testcase classname="pivotalApplication.CreateRequisition" name="packages" time="2.692"/>
  <system-out/>
  <testcase classname="pivotalApplication.CreateRequisition" name="Feverpanel" time="2.463"/>
  <system-out/>
  <testcase classname="pivotalApplication.CreateRequisition" name="SelectTests" time="2.524"/>
  <system-out/>
  <testcase classname="pivotalApplication.CreateRequisition" name="CreateRquisition" time="2.418"/>
  <system-out/>
  <testcase classname="pivotalApplication.CreateRequisition" name="RquisitionDownload" time="3.068"/>
  <system-out/>
</testsuite> <!-- pivotalApplication.CreateRequisition -->
