<?xml version="1.0" encoding="UTF-8"?>
<!-- Generated by org.testng.reporters.JUnitReportReporter -->
<testsuite hostname="CopiousCare" failures="0" tests="41" name="webAuto.NewRxFlow" time="638.972" errors="0" timestamp="2024-05-21T10:55:37 IST" skipped="0">
  <testcase classname="webAuto.NewRxFlow" name="numberField" time="0.120"/>
  <system-out/>
  <testcase classname="webAuto.NewRxFlow" name="sendOTP" time="11.545"/>
  <system-out/>
  <testcase classname="webAuto.NewRxFlow" name="verifyButton" time="10.061"/>
  <system-out/>
  <testcase classname="webAuto.NewRxFlow" name="Profile" time="10.120"/>
  <system-out/>
  <testcase classname="webAuto.NewRxFlow" name="NewUISelect" time="10.200"/>
  <system-out/>
  <testcase classname="webAuto.NewRxFlow" name="clickHome" time="10.130"/>
  <system-out/>
  <testcase classname="webAuto.NewRxFlow" name="createPatient" time="0.203"/>
  <system-out/>
  <testcase classname="webAuto.NewRxFlow" name="Number1" time="0.206"/>
  <system-out/>
  <testcase classname="webAuto.NewRxFlow" name="confirm" time="2.118"/>
  <system-out/>
  <testcase classname="webAuto.NewRxFlow" name="number2" time="0.170"/>
  <system-out/>
  <testcase classname="webAuto.NewRxFlow" name="firstName" time="0.176"/>
  <system-out/>
  <testcase classname="webAuto.NewRxFlow" name="middleName" time="0.150"/>
  <system-out/>
  <testcase classname="webAuto.NewRxFlow" name="lastName" time="0.174"/>
  <system-out/>
  <testcase classname="webAuto.NewRxFlow" name="birthDate" time="0.470"/>
  <system-out/>
  <testcase classname="webAuto.NewRxFlow" name="genFemale" time="0.073"/>
  <system-out/>
  <testcase classname="webAuto.NewRxFlow" name="address" time="0.182"/>
  <system-out/>
  <testcase classname="webAuto.NewRxFlow" name="locality" time="0.150"/>
  <system-out/>
  <testcase classname="webAuto.NewRxFlow" name="city" time="0.151"/>
  <system-out/>
  <testcase classname="webAuto.NewRxFlow" name="pinCode" time="0.149"/>
  <system-out/>
  <testcase classname="webAuto.NewRxFlow" name="proceedWithSameRMN" time="0.182"/>
  <system-out/>
  <testcase classname="webAuto.NewRxFlow" name="nextButton" time="15.127"/>
  <system-out/>
  <testcase classname="webAuto.NewRxFlow" name="clickClose" time="0.589"/>
  <system-out/>
  <testcase classname="webAuto.NewRxFlow" name="fillVitalForm" time="16.033"/>
  <system-out/>
  <testcase classname="webAuto.NewRxFlow" name="fillHealthProfile" time="11.240"/>
  <system-out/>
  <testcase classname="webAuto.NewRxFlow" name="fillFamilyProfile" time="16.444"/>
  <system-out/>
  <testcase classname="webAuto.NewRxFlow" name="GoHome" time="0.141"/>
  <system-out/>
  <testcase classname="webAuto.NewRxFlow" name="AddNewAppointment" time="25.372"/>
  <system-out/>
  <testcase classname="webAuto.NewRxFlow" name="AddPrescription" time="15.228"/>
  <system-out/>
  <testcase classname="webAuto.NewRxFlow" name="HealthProfile" time="17.758"/>
  <system-out/>
  <testcase classname="webAuto.NewRxFlow" name="ConcernsAndIssues" time="30.817"/>
  <system-out/>
  <testcase classname="webAuto.NewRxFlow" name="AdVitals" time="6.167"/>
  <system-out/>
  <testcase classname="webAuto.NewRxFlow" name="Diagnosis" time="15.287"/>
  <system-out/>
  <testcase classname="webAuto.NewRxFlow" name="Medicine1" time="46.663"/>
  <system-out/>
  <testcase classname="webAuto.NewRxFlow" name="DietaryAdvice" time="15.295"/>
  <system-out/>
  <testcase classname="webAuto.NewRxFlow" name="GeneralInstruction" time="15.298"/>
  <system-out/>
  <testcase classname="webAuto.NewRxFlow" name="NextFoolowup" time="71.014"/>
  <system-out/>
  <testcase classname="webAuto.NewRxFlow" name="ReferralOption3" time="39.349"/>
  <system-out/>
  <testcase classname="webAuto.NewRxFlow" name="Investigation1" time="39.833"/>
  <system-out/>
  <testcase classname="webAuto.NewRxFlow" name="ReceiptOption" time="50.130"/>
  <system-out/>
  <testcase classname="webAuto.NewRxFlow" name="cirtificateOption" time="32.901"/>
  <system-out/>
  <testcase classname="webAuto.NewRxFlow" name="History" time="101.556"/>
  <system-out/>
</testsuite> <!-- webAuto.NewRxFlow -->
