<?xml version="1.0" encoding="UTF-8"?>
<!-- Generated by org.testng.reporters.JUnitReportReporter -->
<testsuite hostname="DESKTOP-VQLLA2K" failures="0" tests="83" name="healthApp.HealthEndToEndScript" time="658.076" errors="0" timestamp="2024-01-05T10:44:19 IST" skipped="0">
  <testcase classname="healthApp.HealthEndToEndScript" name="NumberField" time="16.852"/>
  <testcase classname="healthApp.HealthEndToEndScript" name="BfSuite" time="3.425"/>
  <testcase classname="healthApp.HealthEndToEndScript" name="IAgree" time="2.133"/>
  <testcase classname="healthApp.HealthEndToEndScript" name="proceedButton" time="5.329"/>
  <testcase classname="healthApp.HealthEndToEndScript" name="OTP" time="15.886"/>
  <testcase classname="healthApp.HealthEndToEndScript" name="Verify" time="15.487"/>
  <testcase classname="healthApp.HealthEndToEndScript" name="Family" time="5.929"/>
  <testcase classname="healthApp.HealthEndToEndScript" name="AddFamilyMember" time="6.489"/>
  <testcase classname="healthApp.HealthEndToEndScript" name="FirstName" time="5.877"/>
  <testcase classname="healthApp.HealthEndToEndScript" name="MiddleName" time="5.855"/>
  <testcase classname="healthApp.HealthEndToEndScript" name="Birthdate" time="10.784"/>
  <testcase classname="healthApp.HealthEndToEndScript" name="Male" time="5.350"/>
  <testcase classname="healthApp.HealthEndToEndScript" name="SaveAndNext" time="11.284"/>
  <testcase classname="healthApp.HealthEndToEndScript" name="SelectClick" time="6.139"/>
  <testcase classname="healthApp.HealthEndToEndScript" name="SelectOther" time="5.387"/>
  <testcase classname="healthApp.HealthEndToEndScript" name="Next" time="6.096"/>
  <testcase classname="healthApp.HealthEndToEndScript" name="LinkDr" time="2.654"/>
  <testcase classname="healthApp.HealthEndToEndScript" name="AddtionalInformation" time="1.866"/>
  <testcase classname="healthApp.HealthEndToEndScript" name="MedicalConditionAdd" time="3.717"/>
  <testcase classname="healthApp.HealthEndToEndScript" name="MedicalConditionSelect" time="3.820"/>
  <testcase classname="healthApp.HealthEndToEndScript" name="AddMedicalCondition" time="2.431"/>
  <testcase classname="healthApp.HealthEndToEndScript" name="Allergies" time="2.316"/>
  <testcase classname="healthApp.HealthEndToEndScript" name="Reactions" time="2.811"/>
  <testcase classname="healthApp.HealthEndToEndScript" name="RecurringComplaints" time="2.305"/>
  <testcase classname="healthApp.HealthEndToEndScript" name="HospitalizationHistory" time="2.304"/>
  <testcase classname="healthApp.HealthEndToEndScript" name="HealthHistory" time="2.803"/>
  <testcase classname="healthApp.HealthEndToEndScript" name="GeneticdisoredrAdd" time="3.964"/>
  <testcase classname="healthApp.HealthEndToEndScript" name="GeneticdisoredrSelect" time="13.040"/>
  <testcase classname="healthApp.HealthEndToEndScript" name="AddGeneticdisoredr" time="2.521"/>
  <testcase classname="healthApp.HealthEndToEndScript" name="helathNext" time="2.284"/>
  <testcase classname="healthApp.HealthEndToEndScript" name="FamailyNedicalHistory" time="8.208"/>
  <testcase classname="healthApp.HealthEndToEndScript" name="EnterDisorders" time="10.233"/>
  <testcase classname="healthApp.HealthEndToEndScript" name="FathersName" time="3.243"/>
  <testcase classname="healthApp.HealthEndToEndScript" name="MothersName" time="19.601"/>
  <testcase classname="healthApp.HealthEndToEndScript" name="BookAppointment" time="5.731"/>
  <testcase classname="healthApp.HealthEndToEndScript" name="SelectFamilyMember" time="2.338"/>
  <testcase classname="healthApp.HealthEndToEndScript" name="SelectDoctor" time="5.378"/>
  <testcase classname="healthApp.HealthEndToEndScript" name="Doctor" time="5.279"/>
  <testcase classname="healthApp.HealthEndToEndScript" name="DateClick" time="5.417"/>
  <testcase classname="healthApp.HealthEndToEndScript" name="Time" time="5.585"/>
  <testcase classname="healthApp.HealthEndToEndScript" name="PurposeVisit" time="32.627"/>
  <testcase classname="healthApp.HealthEndToEndScript" name="CreateAppointment" time="5.353"/>
  <testcase classname="healthApp.HealthEndToEndScript" name="Done" time="5.292"/>
  <testcase classname="healthApp.HealthEndToEndScript" name="SelectFamilyMember2" time="10.671"/>
  <testcase classname="healthApp.HealthEndToEndScript" name="AddButton1" time="5.525"/>
  <testcase classname="healthApp.HealthEndToEndScript" name="GrowthRecord1" time="5.644"/>
  <testcase classname="healthApp.HealthEndToEndScript" name="Vital" time="13.671"/>
  <testcase classname="healthApp.HealthEndToEndScript" name="UploadDoc" time="16.127"/>
  <testcase classname="healthApp.HealthEndToEndScript" name="DocumentsDropDown" time="5.274"/>
  <testcase classname="healthApp.HealthEndToEndScript" name="DischargeSummary" time="2.245"/>
  <testcase classname="healthApp.HealthEndToEndScript" name="CreatedBy" time="2.289"/>
  <testcase classname="healthApp.HealthEndToEndScript" name="DocumentOn" time="2.231"/>
  <testcase classname="healthApp.HealthEndToEndScript" name="popUpOk" time="4.329"/>
  <testcase classname="healthApp.HealthEndToEndScript" name="Camera" time="17.131"/>
  <testcase classname="healthApp.HealthEndToEndScript" name="UploadCam" time="7.340"/>
  <testcase classname="healthApp.HealthEndToEndScript" name="UploadCamOk" time="10.238"/>
  <testcase classname="healthApp.HealthEndToEndScript" name="UploadDocuments1" time="3.059"/>
  <testcase classname="healthApp.HealthEndToEndScript" name="DocumentsDropDown1" time="5.265"/>
  <testcase classname="healthApp.HealthEndToEndScript" name="DischargeSummary1" time="2.249"/>
  <testcase classname="healthApp.HealthEndToEndScript" name="CreatedBy1" time="2.285"/>
  <testcase classname="healthApp.HealthEndToEndScript" name="DocumentOn1" time="2.278"/>
  <testcase classname="healthApp.HealthEndToEndScript" name="popUpOk1" time="2.313"/>
  <testcase classname="healthApp.HealthEndToEndScript" name="Gallery" time="2.317"/>
  <testcase classname="healthApp.HealthEndToEndScript" name="photo" time="10.302"/>
  <testcase classname="healthApp.HealthEndToEndScript" name="Upload" time="2.333"/>
  <testcase classname="healthApp.HealthEndToEndScript" name="UploadOk" time="12.384"/>
  <testcase classname="healthApp.HealthEndToEndScript" name="AddButton4" time="10.446"/>
  <testcase classname="healthApp.HealthEndToEndScript" name="BookLabTest11" time="5.611"/>
  <testcase classname="healthApp.HealthEndToEndScript" name="SelectLab" time="5.293"/>
  <testcase classname="healthApp.HealthEndToEndScript" name="ClickLab" time="5.483"/>
  <testcase classname="healthApp.HealthEndToEndScript" name="Comments" time="5.657"/>
  <testcase classname="healthApp.HealthEndToEndScript" name="VaccineLabel" time="17.014"/>
  <testcase classname="healthApp.HealthEndToEndScript" name="BookLabTest1" time="5.531"/>
  <testcase classname="healthApp.HealthEndToEndScript" name="Done2" time="5.292"/>
  <testcase classname="healthApp.HealthEndToEndScript" name="SelectFamilyMember3" time="11.033"/>
  <testcase classname="healthApp.HealthEndToEndScript" name="Immunization" time="5.475"/>
  <testcase classname="healthApp.HealthEndToEndScript" name="Birth" time="30.482"/>
  <testcase classname="healthApp.HealthEndToEndScript" name="PopUpOk" time="15.235"/>
  <testcase classname="healthApp.HealthEndToEndScript" name="AddButton2" time="21.659"/>
  <testcase classname="healthApp.HealthEndToEndScript" name="AllVisits" time="5.610"/>
  <testcase classname="healthApp.HealthEndToEndScript" name="AddVitalsClick" time="5.484"/>
  <testcase classname="healthApp.HealthEndToEndScript" name="AddVitals" time="35.535"/>
  <testcase classname="healthApp.HealthEndToEndScript" name="LipidProfile" time="28.313"/>
</testsuite> <!-- healthApp.HealthEndToEndScript -->
