<?xml version="1.0" encoding="UTF-8"?>
<!-- Generated by org.testng.reporters.JUnitReportReporter -->
<testsuite hostname="CopiousCare" failures="0" tests="19" name="webAuto.OPDEndToEndWorkFlow2" time="303.629" errors="0" timestamp="2024-04-22T10:14:38 IST" skipped="0">
  <testcase classname="webAuto.OPDEndToEndWorkFlow2" name="numberField" time="0.099"/>
  <system-out/>
  <testcase classname="webAuto.OPDEndToEndWorkFlow2" name="sendOTP" time="11.522"/>
  <system-out/>
  <testcase classname="webAuto.OPDEndToEndWorkFlow2" name="verifyButton" time="10.066"/>
  <system-out/>
  <testcase classname="webAuto.OPDEndToEndWorkFlow2" name="searchBar1" time="0.465"/>
  <system-out/>
  <testcase classname="webAuto.OPDEndToEndWorkFlow2" name="searchOpt" time="3.063"/>
  <system-out/>
  <testcase classname="webAuto.OPDEndToEndWorkFlow2" name="searchBar2" time="15.134"/>
  <system-out/>
  <testcase classname="webAuto.OPDEndToEndWorkFlow2" name="Investigation" time="26.444"/>
  <system-out/>
  <testcase classname="webAuto.OPDEndToEndWorkFlow2" name="Investigation1" time="33.882"/>
  <system-out/>
  <testcase classname="webAuto.OPDEndToEndWorkFlow2" name="HealthProfile" time="14.272"/>
  <system-out/>
  <testcase classname="webAuto.OPDEndToEndWorkFlow2" name="Document1" time="0.068"/>
  <system-out/>
  <testcase classname="webAuto.OPDEndToEndWorkFlow2" name="ReceiptOption" time="14.475"/>
  <system-out/>
  <testcase classname="webAuto.OPDEndToEndWorkFlow2" name="previewReceipt" time="30.485"/>
  <system-out/>
  <testcase classname="webAuto.OPDEndToEndWorkFlow2" name="cirtificateOption1" time="20.171"/>
  <system-out/>
  <testcase classname="webAuto.OPDEndToEndWorkFlow2" name="AllDocuments" time="16.024"/>
  <system-out/>
  <testcase classname="webAuto.OPDEndToEndWorkFlow2" name="Document2" time="0.053"/>
  <system-out/>
  <testcase classname="webAuto.OPDEndToEndWorkFlow2" name="cirtificateOption" time="32.190"/>
  <system-out/>
  <testcase classname="webAuto.OPDEndToEndWorkFlow2" name="cirtificateOption3" time="20.171"/>
  <system-out/>
  <testcase classname="webAuto.OPDEndToEndWorkFlow2" name="AllDocuments1" time="11.119"/>
  <system-out/>
  <testcase classname="webAuto.OPDEndToEndWorkFlow2" name="ReferralOption3" time="43.926"/>
  <system-out/>
</testsuite> <!-- webAuto.OPDEndToEndWorkFlow2 -->
