<?xml version="1.0" encoding="UTF-8"?>
<!-- Generated by org.testng.reporters.JUnitReportReporter -->
<testsuite hostname="CopiousCare" failures="0" tests="8" name="webAuto.ViewCirtificate" time="59.133" errors="0" timestamp="2024-11-15T11:11:18 IST" skipped="0">
  <testcase classname="webAuto.ViewCirtificate" name="numberField" time="0.146"/>
  <system-out/>
  <testcase classname="webAuto.ViewCirtificate" name="sendOTP" time="8.213"/>
  <system-out/>
  <testcase classname="webAuto.ViewCirtificate" name="verifyButton" time="10.127"/>
  <system-out/>
  <testcase classname="webAuto.ViewCirtificate" name="searchBar" time="0.431"/>
  <system-out/>
  <testcase classname="webAuto.ViewCirtificate" name="searchOpt" time="3.158"/>
  <system-out/>
  <testcase classname="webAuto.ViewCirtificate" name="clickPatient" time="10.415"/>
  <system-out/>
  <testcase classname="webAuto.ViewCirtificate" name="Document" time="0.440"/>
  <system-out/>
  <testcase classname="webAuto.ViewCirtificate" name="cirtificateOption" time="26.203"/>
  <system-out/>
</testsuite> <!-- webAuto.ViewCirtificate -->
