<?xml version="1.0" encoding="UTF-8"?>
<!-- Generated by org.testng.reporters.JUnitReportReporter -->
<testsuite hostname="DESKTOP-VQLLA2K" failures="0" tests="19" name="webAuto.OPDEndToEndWorkFlow2" time="324.822" errors="0" timestamp="2024-01-08T09:52:48 IST" skipped="0">
  <testcase classname="webAuto.OPDEndToEndWorkFlow2" name="numberField" time="0.407"/>
  <testcase classname="webAuto.OPDEndToEndWorkFlow2" name="sendOTP" time="12.143"/>
  <testcase classname="webAuto.OPDEndToEndWorkFlow2" name="verifyButton" time="10.330"/>
  <testcase classname="webAuto.OPDEndToEndWorkFlow2" name="searchBar1" time="3.089"/>
  <testcase classname="webAuto.OPDEndToEndWorkFlow2" name="searchOpt" time="3.148"/>
  <testcase classname="webAuto.OPDEndToEndWorkFlow2" name="searchBar2" time="15.302"/>
  <testcase classname="webAuto.OPDEndToEndWorkFlow2" name="Investigation" time="27.497"/>
  <testcase classname="webAuto.OPDEndToEndWorkFlow2" name="Investigation1" time="35.891"/>
  <testcase classname="webAuto.OPDEndToEndWorkFlow2" name="HealthProfile" time="21.353"/>
  <testcase classname="webAuto.OPDEndToEndWorkFlow2" name="Document1" time="0.210"/>
  <testcase classname="webAuto.OPDEndToEndWorkFlow2" name="ReceiptOption" time="15.781"/>
  <testcase classname="webAuto.OPDEndToEndWorkFlow2" name="previewReceipt" time="31.290"/>
  <testcase classname="webAuto.OPDEndToEndWorkFlow2" name="cirtificateOption1" time="20.356"/>
  <testcase classname="webAuto.OPDEndToEndWorkFlow2" name="AllDocuments" time="16.615"/>
  <testcase classname="webAuto.OPDEndToEndWorkFlow2" name="Document2" time="0.270"/>
  <testcase classname="webAuto.OPDEndToEndWorkFlow2" name="cirtificateOption" time="33.164"/>
  <testcase classname="webAuto.OPDEndToEndWorkFlow2" name="cirtificateOption3" time="20.352"/>
  <testcase classname="webAuto.OPDEndToEndWorkFlow2" name="AllDocuments1" time="11.630"/>
  <testcase classname="webAuto.OPDEndToEndWorkFlow2" name="ReferralOption3" time="45.994"/>
</testsuite> <!-- webAuto.OPDEndToEndWorkFlow2 -->
