<?xml version="1.0" encoding="UTF-8"?>
<!-- Generated by org.testng.reporters.JUnitReportReporter -->
<testsuite hostname="CopiousCare" failures="0" tests="111" name="pivotalApplication.PivoFin2" time="1106.874" errors="0" timestamp="2024-09-18T11:22:09 IST" skipped="0">
  <testcase classname="pivotalApplication.PivoFin2" name="InvestigationClick" time="3.340"/>
  <system-out/>
  <testcase classname="pivotalApplication.PivoFin2" name="NewRequisition" time="2.346"/>
  <system-out/>
  <testcase classname="pivotalApplication.PivoFin2" name="Covid19" time="7.647"/>
  <system-out/>
  <testcase classname="pivotalApplication.PivoFin2" name="packages" time="2.664"/>
  <system-out/>
  <testcase classname="pivotalApplication.PivoFin2" name="Feverpanel" time="2.496"/>
  <system-out/>
  <testcase classname="pivotalApplication.PivoFin2" name="SelectTests" time="2.520"/>
  <system-out/>
  <testcase classname="pivotalApplication.PivoFin2" name="CreateRquisition" time="2.355"/>
  <system-out/>
  <testcase classname="pivotalApplication.PivoFin2" name="RquisitionDownloadclose" time="3.398"/>
  <system-out/>
  <testcase classname="pivotalApplication.PivoFin2" name="ReportClick" time="2.365"/>
  <system-out/>
  <testcase classname="pivotalApplication.PivoFin2" name="UploadReport" time="2.302"/>
  <system-out/>
  <testcase classname="pivotalApplication.PivoFin2" name="CreatedBy2" time="2.322"/>
  <system-out/>
  <testcase classname="pivotalApplication.PivoFin2" name="DocumentOn2" time="2.281"/>
  <system-out/>
  <testcase classname="pivotalApplication.PivoFin2" name="popUpOk2" time="10.300"/>
  <system-out/>
  <testcase classname="pivotalApplication.PivoFin2" name="Camera2" time="19.961"/>
  <system-out/>
  <testcase classname="pivotalApplication.PivoFin2" name="UploadCam2" time="2.309"/>
  <system-out/>
  <testcase classname="pivotalApplication.PivoFin2" name="UploadCamOk2" time="11.184"/>
  <system-out/>
  <testcase classname="pivotalApplication.PivoFin2" name="Transscript1" time="5.313"/>
  <system-out/>
  <testcase classname="pivotalApplication.PivoFin2" name="CreatedBy3" time="2.296"/>
  <system-out/>
  <testcase classname="pivotalApplication.PivoFin2" name="DocumentOn3" time="2.668"/>
  <system-out/>
  <testcase classname="pivotalApplication.PivoFin2" name="popUpOk3" time="2.305"/>
  <system-out/>
  <testcase classname="pivotalApplication.PivoFin2" name="Gallery3" time="2.311"/>
  <system-out/>
  <testcase classname="pivotalApplication.PivoFin2" name="photo3" time="10.404"/>
  <system-out/>
  <testcase classname="pivotalApplication.PivoFin2" name="Upload3" time="2.338"/>
  <system-out/>
  <testcase classname="pivotalApplication.PivoFin2" name="UploadOk3" time="12.233"/>
  <system-out/>
  <testcase classname="pivotalApplication.PivoFin2" name="Transscript2" time="2.272"/>
  <system-out/>
  <testcase classname="pivotalApplication.PivoFin2" name="CreatedBy4" time="2.752"/>
  <system-out/>
  <testcase classname="pivotalApplication.PivoFin2" name="DocumentOn4" time="2.235"/>
  <system-out/>
  <testcase classname="pivotalApplication.PivoFin2" name="popUpOk4" time="2.329"/>
  <system-out/>
  <testcase classname="pivotalApplication.PivoFin2" name="Files" time="2.314"/>
  <system-out/>
  <testcase classname="pivotalApplication.PivoFin2" name="DocPdf" time="10.374"/>
  <system-out/>
  <testcase classname="pivotalApplication.PivoFin2" name="Upload1" time="2.295"/>
  <system-out/>
  <testcase classname="pivotalApplication.PivoFin2" name="UploadOk1" time="2.300"/>
  <system-out/>
  <testcase classname="pivotalApplication.PivoFin2" name="RffralCreation" time="8.739"/>
  <system-out/>
  <testcase classname="pivotalApplication.PivoFin2" name="DrName" time="2.769"/>
  <system-out/>
  <testcase classname="pivotalApplication.PivoFin2" name="DrEmail" time="2.792"/>
  <system-out/>
  <testcase classname="pivotalApplication.PivoFin2" name="DrMobNumber" time="2.744"/>
  <system-out/>
  <testcase classname="pivotalApplication.PivoFin2" name="HealthCondition" time="2.761"/>
  <system-out/>
  <testcase classname="pivotalApplication.PivoFin2" name="Duration" time="2.726"/>
  <system-out/>
  <testcase classname="pivotalApplication.PivoFin2" name="Speciality" time="7.565"/>
  <system-out/>
  <testcase classname="pivotalApplication.PivoFin2" name="preview" time="2.339"/>
  <system-out/>
  <testcase classname="pivotalApplication.PivoFin2" name="Save" time="15.345"/>
  <system-out/>
  <testcase classname="pivotalApplication.PivoFin2" name="UploadDocuments" time="54.705"/>
  <system-out/>
  <testcase classname="pivotalApplication.PivoFin2" name="DocumentsDropDown" time="5.278"/>
  <system-out/>
  <testcase classname="pivotalApplication.PivoFin2" name="DischargeSummary" time="2.683"/>
  <system-out/>
  <testcase classname="pivotalApplication.PivoFin2" name="CreatedBy" time="2.793"/>
  <system-out/>
  <testcase classname="pivotalApplication.PivoFin2" name="DocumentOn" time="2.264"/>
  <system-out/>
  <testcase classname="pivotalApplication.PivoFin2" name="popUpOk" time="10.292"/>
  <system-out/>
  <testcase classname="pivotalApplication.PivoFin2" name="Camera" time="18.737"/>
  <system-out/>
  <testcase classname="pivotalApplication.PivoFin2" name="UploadCam" time="2.310"/>
  <system-out/>
  <testcase classname="pivotalApplication.PivoFin2" name="UploadCamOk" time="10.746"/>
  <system-out/>
  <testcase classname="pivotalApplication.PivoFin2" name="UploadDocuments1" time="5.504"/>
  <system-out/>
  <testcase classname="pivotalApplication.PivoFin2" name="DocumentsDropDown1" time="5.321"/>
  <system-out/>
  <testcase classname="pivotalApplication.PivoFin2" name="DischargeSummary1" time="2.293"/>
  <system-out/>
  <testcase classname="pivotalApplication.PivoFin2" name="CreatedBy1" time="2.794"/>
  <system-out/>
  <testcase classname="pivotalApplication.PivoFin2" name="DocumentOn1" time="2.494"/>
  <system-out/>
  <testcase classname="pivotalApplication.PivoFin2" name="popUpOk1" time="2.881"/>
  <system-out/>
  <testcase classname="pivotalApplication.PivoFin2" name="Gallery" time="2.292"/>
  <system-out/>
  <testcase classname="pivotalApplication.PivoFin2" name="photo" time="10.313"/>
  <system-out/>
  <testcase classname="pivotalApplication.PivoFin2" name="Upload" time="2.719"/>
  <system-out/>
  <testcase classname="pivotalApplication.PivoFin2" name="UploadOk" time="10.205"/>
  <system-out/>
  <testcase classname="pivotalApplication.PivoFin2" name="UploadDocuments2" time="2.524"/>
  <system-out/>
  <testcase classname="pivotalApplication.PivoFin2" name="DocumentsDropDown2" time="5.271"/>
  <system-out/>
  <testcase classname="pivotalApplication.PivoFin2" name="LabReport2" time="2.715"/>
  <system-out/>
  <testcase classname="pivotalApplication.PivoFin2" name="CreatedBy5" time="2.282"/>
  <system-out/>
  <testcase classname="pivotalApplication.PivoFin2" name="DocumentOn5" time="2.230"/>
  <system-out/>
  <testcase classname="pivotalApplication.PivoFin2" name="popUpOk5" time="10.925"/>
  <system-out/>
  <testcase classname="pivotalApplication.PivoFin2" name="Files1" time="2.295"/>
  <system-out/>
  <testcase classname="pivotalApplication.PivoFin2" name="docPdf" time="10.360"/>
  <system-out/>
  <testcase classname="pivotalApplication.PivoFin2" name="Upload5" time="2.293"/>
  <system-out/>
  <testcase classname="pivotalApplication.PivoFin2" name="UploadOk5" time="10.762"/>
  <system-out/>
  <testcase classname="pivotalApplication.PivoFin2" name="SpecialVaccine" time="17.801"/>
  <system-out/>
  <testcase classname="pivotalApplication.PivoFin2" name="AdministeredDate" time="5.198"/>
  <system-out/>
  <testcase classname="pivotalApplication.PivoFin2" name="PopUpOk" time="2.280"/>
  <system-out/>
  <testcase classname="pivotalApplication.PivoFin2" name="VaccineDropdown" time="2.269"/>
  <system-out/>
  <testcase classname="pivotalApplication.PivoFin2" name="CholeraVaccine" time="2.284"/>
  <system-out/>
  <testcase classname="pivotalApplication.PivoFin2" name="Submit" time="2.263"/>
  <system-out/>
  <testcase classname="pivotalApplication.PivoFin2" name="VaccinationOk" time="2.752"/>
  <system-out/>
  <testcase classname="pivotalApplication.PivoFin2" name="Reciept" time="17.797"/>
  <system-out/>
  <testcase classname="pivotalApplication.PivoFin2" name="AddNewReceipt" time="10.258"/>
  <system-out/>
  <testcase classname="pivotalApplication.PivoFin2" name="ReceiptNo" time="7.899"/>
  <system-out/>
  <testcase classname="pivotalApplication.PivoFin2" name="Consultation" time="4.839"/>
  <system-out/>
  <testcase classname="pivotalApplication.PivoFin2" name="Vaccination" time="4.789"/>
  <system-out/>
  <testcase classname="pivotalApplication.PivoFin2" name="OtherReasons" time="4.834"/>
  <system-out/>
  <testcase classname="pivotalApplication.PivoFin2" name="Addmore" time="4.438"/>
  <system-out/>
  <testcase classname="pivotalApplication.PivoFin2" name="Preview" time="35.479"/>
  <system-out/>
  <testcase classname="pivotalApplication.PivoFin2" name="PayerName" time="2.653"/>
  <system-out/>
  <testcase classname="pivotalApplication.PivoFin2" name="CreateReceipt" time="27.086"/>
  <system-out/>
  <testcase classname="pivotalApplication.PivoFin2" name="Certificate" time="42.221"/>
  <system-out/>
  <testcase classname="pivotalApplication.PivoFin2" name="CertificateDropdown" time="22.219"/>
  <system-out/>
  <testcase classname="pivotalApplication.PivoFin2" name="CertificateType" time="22.272"/>
  <system-out/>
  <testcase classname="pivotalApplication.PivoFin2" name="SpecialitySelect" time="37.221"/>
  <system-out/>
  <testcase classname="pivotalApplication.PivoFin2" name="Speciality1" time="32.297"/>
  <system-out/>
  <testcase classname="pivotalApplication.PivoFin2" name="Preview1" time="12.314"/>
  <system-out/>
  <testcase classname="pivotalApplication.PivoFin2" name="Printclose" time="17.428"/>
  <system-out/>
  <testcase classname="pivotalApplication.PivoFin2" name="ClickHistory" time="6.689"/>
  <system-out/>
  <testcase classname="pivotalApplication.PivoFin2" name="ViewDocument" time="2.436"/>
  <system-out/>
  <testcase classname="pivotalApplication.PivoFin2" name="close1" time="10.189"/>
  <system-out/>
  <testcase classname="pivotalApplication.PivoFin2" name="ViewReceipts" time="12.601"/>
  <system-out/>
  <testcase classname="pivotalApplication.PivoFin2" name="close2" time="12.181"/>
  <system-out/>
  <testcase classname="pivotalApplication.PivoFin2" name="ViewReferal" time="10.627"/>
  <system-out/>
  <testcase classname="pivotalApplication.PivoFin2" name="close4" time="55.583"/>
  <system-out/>
  <testcase classname="pivotalApplication.PivoFin2" name="PatientList" time="34.615"/>
  <system-out/>
  <testcase classname="pivotalApplication.PivoFin2" name="Appointments" time="10.551"/>
  <system-out/>
  <testcase classname="pivotalApplication.PivoFin2" name="Prescription" time="32.186"/>
  <system-out/>
  <testcase classname="pivotalApplication.PivoFin2" name="Reports" time="37.815"/>
  <system-out/>
  <testcase classname="pivotalApplication.PivoFin2" name="Referrals" time="35.003"/>
  <system-out/>
  <testcase classname="pivotalApplication.PivoFin2" name="VaccineInStore" time="22.924"/>
  <system-out/>
  <testcase classname="pivotalApplication.PivoFin2" name="ViewReports" time="36.611"/>
  <system-out/>
  <testcase classname="pivotalApplication.PivoFin2" name="MyNotes" time="25.838"/>
  <system-out/>
  <testcase classname="pivotalApplication.PivoFin2" name="WhatsNew" time="10.541"/>
  <system-out/>
  <testcase classname="pivotalApplication.PivoFin2" name="DashboardData" time="7.003"/>
  <system-out/>
</testsuite> <!-- pivotalApplication.PivoFin2 -->
