<?xml version="1.0" encoding="UTF-8"?>
<!-- Generated by org.testng.reporters.JUnitReportReporter -->
<testsuite hostname="DESKTOP-VQLLA2K" failures="0" tests="83" name="healthApp.HealthEndToEndScript" time="660.332" errors="0" timestamp="2024-01-08T11:53:00 IST" skipped="0">
  <testcase classname="healthApp.HealthEndToEndScript" name="NumberField" time="16.693"/>
  <testcase classname="healthApp.HealthEndToEndScript" name="BfSuite" time="3.778"/>
  <testcase classname="healthApp.HealthEndToEndScript" name="IAgree" time="2.154"/>
  <testcase classname="healthApp.HealthEndToEndScript" name="proceedButton" time="5.351"/>
  <testcase classname="healthApp.HealthEndToEndScript" name="OTP" time="16.052"/>
  <testcase classname="healthApp.HealthEndToEndScript" name="Verify" time="15.946"/>
  <testcase classname="healthApp.HealthEndToEndScript" name="Family" time="6.405"/>
  <testcase classname="healthApp.HealthEndToEndScript" name="AddFamilyMember" time="6.600"/>
  <testcase classname="healthApp.HealthEndToEndScript" name="FirstName" time="5.392"/>
  <testcase classname="healthApp.HealthEndToEndScript" name="MiddleName" time="5.865"/>
  <testcase classname="healthApp.HealthEndToEndScript" name="Birthdate" time="10.645"/>
  <testcase classname="healthApp.HealthEndToEndScript" name="Male" time="5.382"/>
  <testcase classname="healthApp.HealthEndToEndScript" name="SaveAndNext" time="10.613"/>
  <testcase classname="healthApp.HealthEndToEndScript" name="SelectClick" time="6.494"/>
  <testcase classname="healthApp.HealthEndToEndScript" name="SelectOther" time="5.369"/>
  <testcase classname="healthApp.HealthEndToEndScript" name="Next" time="6.237"/>
  <testcase classname="healthApp.HealthEndToEndScript" name="LinkDr" time="2.657"/>
  <testcase classname="healthApp.HealthEndToEndScript" name="AddtionalInformation" time="2.025"/>
  <testcase classname="healthApp.HealthEndToEndScript" name="MedicalConditionAdd" time="3.732"/>
  <testcase classname="healthApp.HealthEndToEndScript" name="MedicalConditionSelect" time="3.821"/>
  <testcase classname="healthApp.HealthEndToEndScript" name="AddMedicalCondition" time="2.397"/>
  <testcase classname="healthApp.HealthEndToEndScript" name="Allergies" time="2.343"/>
  <testcase classname="healthApp.HealthEndToEndScript" name="Reactions" time="2.820"/>
  <testcase classname="healthApp.HealthEndToEndScript" name="RecurringComplaints" time="2.338"/>
  <testcase classname="healthApp.HealthEndToEndScript" name="HospitalizationHistory" time="2.327"/>
  <testcase classname="healthApp.HealthEndToEndScript" name="HealthHistory" time="2.342"/>
  <testcase classname="healthApp.HealthEndToEndScript" name="GeneticdisoredrAdd" time="3.986"/>
  <testcase classname="healthApp.HealthEndToEndScript" name="GeneticdisoredrSelect" time="13.022"/>
  <testcase classname="healthApp.HealthEndToEndScript" name="AddGeneticdisoredr" time="2.448"/>
  <testcase classname="healthApp.HealthEndToEndScript" name="helathNext" time="2.357"/>
  <testcase classname="healthApp.HealthEndToEndScript" name="FamailyNedicalHistory" time="8.271"/>
  <testcase classname="healthApp.HealthEndToEndScript" name="EnterDisorders" time="10.158"/>
  <testcase classname="healthApp.HealthEndToEndScript" name="FathersName" time="3.204"/>
  <testcase classname="healthApp.HealthEndToEndScript" name="MothersName" time="19.460"/>
  <testcase classname="healthApp.HealthEndToEndScript" name="BookAppointment" time="6.590"/>
  <testcase classname="healthApp.HealthEndToEndScript" name="SelectFamilyMember" time="2.257"/>
  <testcase classname="healthApp.HealthEndToEndScript" name="SelectDoctor" time="5.302"/>
  <testcase classname="healthApp.HealthEndToEndScript" name="Doctor" time="5.215"/>
  <testcase classname="healthApp.HealthEndToEndScript" name="DateClick" time="5.305"/>
  <testcase classname="healthApp.HealthEndToEndScript" name="Time" time="5.539"/>
  <testcase classname="healthApp.HealthEndToEndScript" name="PurposeVisit" time="32.334"/>
  <testcase classname="healthApp.HealthEndToEndScript" name="CreateAppointment" time="5.297"/>
  <testcase classname="healthApp.HealthEndToEndScript" name="Done" time="5.224"/>
  <testcase classname="healthApp.HealthEndToEndScript" name="SelectFamilyMember2" time="10.751"/>
  <testcase classname="healthApp.HealthEndToEndScript" name="AddButton1" time="5.439"/>
  <testcase classname="healthApp.HealthEndToEndScript" name="GrowthRecord1" time="5.573"/>
  <testcase classname="healthApp.HealthEndToEndScript" name="Vital" time="13.574"/>
  <testcase classname="healthApp.HealthEndToEndScript" name="UploadDoc" time="16.031"/>
  <testcase classname="healthApp.HealthEndToEndScript" name="DocumentsDropDown" time="5.227"/>
  <testcase classname="healthApp.HealthEndToEndScript" name="DischargeSummary" time="2.225"/>
  <testcase classname="healthApp.HealthEndToEndScript" name="CreatedBy" time="2.750"/>
  <testcase classname="healthApp.HealthEndToEndScript" name="DocumentOn" time="2.227"/>
  <testcase classname="healthApp.HealthEndToEndScript" name="popUpOk" time="4.261"/>
  <testcase classname="healthApp.HealthEndToEndScript" name="Camera" time="16.986"/>
  <testcase classname="healthApp.HealthEndToEndScript" name="UploadCam" time="7.357"/>
  <testcase classname="healthApp.HealthEndToEndScript" name="UploadCamOk" time="10.793"/>
  <testcase classname="healthApp.HealthEndToEndScript" name="UploadDocuments1" time="3.134"/>
  <testcase classname="healthApp.HealthEndToEndScript" name="DocumentsDropDown1" time="5.232"/>
  <testcase classname="healthApp.HealthEndToEndScript" name="DischargeSummary1" time="2.251"/>
  <testcase classname="healthApp.HealthEndToEndScript" name="CreatedBy1" time="2.815"/>
  <testcase classname="healthApp.HealthEndToEndScript" name="DocumentOn1" time="2.298"/>
  <testcase classname="healthApp.HealthEndToEndScript" name="popUpOk1" time="2.281"/>
  <testcase classname="healthApp.HealthEndToEndScript" name="Gallery" time="2.289"/>
  <testcase classname="healthApp.HealthEndToEndScript" name="photo" time="10.279"/>
  <testcase classname="healthApp.HealthEndToEndScript" name="Upload" time="2.369"/>
  <testcase classname="healthApp.HealthEndToEndScript" name="UploadOk" time="12.361"/>
  <testcase classname="healthApp.HealthEndToEndScript" name="AddButton4" time="10.451"/>
  <testcase classname="healthApp.HealthEndToEndScript" name="BookLabTest11" time="5.613"/>
  <testcase classname="healthApp.HealthEndToEndScript" name="SelectLab" time="5.276"/>
  <testcase classname="healthApp.HealthEndToEndScript" name="ClickLab" time="5.325"/>
  <testcase classname="healthApp.HealthEndToEndScript" name="Comments" time="5.844"/>
  <testcase classname="healthApp.HealthEndToEndScript" name="VaccineLabel" time="16.984"/>
  <testcase classname="healthApp.HealthEndToEndScript" name="BookLabTest1" time="5.324"/>
  <testcase classname="healthApp.HealthEndToEndScript" name="Done2" time="5.276"/>
  <testcase classname="healthApp.HealthEndToEndScript" name="SelectFamilyMember3" time="10.686"/>
  <testcase classname="healthApp.HealthEndToEndScript" name="Immunization" time="5.415"/>
  <testcase classname="healthApp.HealthEndToEndScript" name="Birth" time="30.316"/>
  <testcase classname="healthApp.HealthEndToEndScript" name="PopUpOk" time="17.053"/>
  <testcase classname="healthApp.HealthEndToEndScript" name="AddButton2" time="21.682"/>
  <testcase classname="healthApp.HealthEndToEndScript" name="AllVisits" time="5.590"/>
  <testcase classname="healthApp.HealthEndToEndScript" name="AddVitalsClick" time="5.466"/>
  <testcase classname="healthApp.HealthEndToEndScript" name="AddVitals" time="37.839"/>
  <testcase classname="healthApp.HealthEndToEndScript" name="LipidProfile" time="25.942"/>
</testsuite> <!-- healthApp.HealthEndToEndScript -->
