<?xml version="1.0" encoding="UTF-8"?>
<!-- Generated by org.testng.reporters.JUnitReportReporter -->
<testsuite hostname="DESKTOP-VQLLA2K" failures="0" tests="8" name="pivotalApplicationNegative.NLogin" time="132.788" errors="0" timestamp="2023-12-27T15:32:56 IST" skipped="0">
  <testcase classname="pivotalApplicationNegative.NLogin" name="BfSuite" time="3.359"/>
  <testcase classname="pivotalApplicationNegative.NLogin" name="Case2RandomNUmber" time="12.230"/>
  <testcase classname="pivotalApplicationNegative.NLogin" name="Case3NumberLessThanTen" time="15.785"/>
  <testcase classname="pivotalApplicationNegative.NLogin" name="NumberField" time="7.105"/>
  <testcase classname="pivotalApplicationNegative.NLogin" name="proceedButton" time="3.068"/>
  <testcase classname="pivotalApplicationNegative.NLogin" name="OTP" time="10.959"/>
  <testcase classname="pivotalApplicationNegative.NLogin" name="submit" time="71.796"/>
  <testcase classname="pivotalApplicationNegative.NLogin" name="ResendOTP" time="8.486"/>
</testsuite> <!-- pivotalApplicationNegative.NLogin -->
