<?xml version="1.0" encoding="UTF-8"?>
<!-- Generated by org.testng.reporters.JUnitReportReporter -->
<testsuite hostname="CopiousCare" failures="0" tests="41" name="webAuto.NewRxFlow" time="673.773" errors="0" timestamp="2024-09-18T10:46:54 IST" skipped="0">
  <testcase classname="webAuto.NewRxFlow" name="numberField" time="0.143"/>
  <system-out/>
  <testcase classname="webAuto.NewRxFlow" name="sendOTP" time="11.810"/>
  <system-out/>
  <testcase classname="webAuto.NewRxFlow" name="verifyButton" time="10.141"/>
  <system-out/>
  <testcase classname="webAuto.NewRxFlow" name="Profile" time="10.109"/>
  <system-out/>
  <testcase classname="webAuto.NewRxFlow" name="NewUISelect" time="10.173"/>
  <system-out/>
  <testcase classname="webAuto.NewRxFlow" name="clickHome" time="10.188"/>
  <system-out/>
  <testcase classname="webAuto.NewRxFlow" name="createPatient" time="0.256"/>
  <system-out/>
  <testcase classname="webAuto.NewRxFlow" name="Number1" time="0.253"/>
  <system-out/>
  <testcase classname="webAuto.NewRxFlow" name="confirm" time="2.162"/>
  <system-out/>
  <testcase classname="webAuto.NewRxFlow" name="number2" time="0.281"/>
  <system-out/>
  <testcase classname="webAuto.NewRxFlow" name="firstName" time="0.332"/>
  <system-out/>
  <testcase classname="webAuto.NewRxFlow" name="middleName" time="0.248"/>
  <system-out/>
  <testcase classname="webAuto.NewRxFlow" name="lastName" time="0.287"/>
  <system-out/>
  <testcase classname="webAuto.NewRxFlow" name="birthDate" time="0.727"/>
  <system-out/>
  <testcase classname="webAuto.NewRxFlow" name="genFemale" time="0.111"/>
  <system-out/>
  <testcase classname="webAuto.NewRxFlow" name="address" time="0.221"/>
  <system-out/>
  <testcase classname="webAuto.NewRxFlow" name="locality" time="0.300"/>
  <system-out/>
  <testcase classname="webAuto.NewRxFlow" name="city" time="0.224"/>
  <system-out/>
  <testcase classname="webAuto.NewRxFlow" name="pinCode" time="0.281"/>
  <system-out/>
  <testcase classname="webAuto.NewRxFlow" name="proceedWithSameRMN" time="0.250"/>
  <system-out/>
  <testcase classname="webAuto.NewRxFlow" name="nextButton" time="15.166"/>
  <system-out/>
  <testcase classname="webAuto.NewRxFlow" name="clickClose" time="0.900"/>
  <system-out/>
  <testcase classname="webAuto.NewRxFlow" name="fillVitalForm" time="16.871"/>
  <system-out/>
  <testcase classname="webAuto.NewRxFlow" name="fillHealthProfile" time="12.288"/>
  <system-out/>
  <testcase classname="webAuto.NewRxFlow" name="fillFamilyProfile" time="17.058"/>
  <system-out/>
  <testcase classname="webAuto.NewRxFlow" name="GoHome" time="0.162"/>
  <system-out/>
  <testcase classname="webAuto.NewRxFlow" name="AddNewAppointment" time="25.551"/>
  <system-out/>
  <testcase classname="webAuto.NewRxFlow" name="AddPrescription" time="15.301"/>
  <system-out/>
  <testcase classname="webAuto.NewRxFlow" name="HealthProfile" time="18.615"/>
  <system-out/>
  <testcase classname="webAuto.NewRxFlow" name="ConcernsAndIssues" time="41.026"/>
  <system-out/>
  <testcase classname="webAuto.NewRxFlow" name="AdVitals" time="12.501"/>
  <system-out/>
  <testcase classname="webAuto.NewRxFlow" name="Diagnosis" time="15.470"/>
  <system-out/>
  <testcase classname="webAuto.NewRxFlow" name="Medicine1" time="47.102"/>
  <system-out/>
  <testcase classname="webAuto.NewRxFlow" name="DietaryAdvice" time="15.450"/>
  <system-out/>
  <testcase classname="webAuto.NewRxFlow" name="GeneralInstruction" time="15.465"/>
  <system-out/>
  <testcase classname="webAuto.NewRxFlow" name="NextFoolowup" time="71.708"/>
  <system-out/>
  <testcase classname="webAuto.NewRxFlow" name="ReferralOption3" time="40.440"/>
  <system-out/>
  <testcase classname="webAuto.NewRxFlow" name="Investigation1" time="40.354"/>
  <system-out/>
  <testcase classname="webAuto.NewRxFlow" name="ReceiptOption" time="52.321"/>
  <system-out/>
  <testcase classname="webAuto.NewRxFlow" name="cirtificateOption" time="33.598"/>
  <system-out/>
  <testcase classname="webAuto.NewRxFlow" name="History" time="107.929"/>
  <system-out/>
</testsuite> <!-- webAuto.NewRxFlow -->
