<?xml version="1.0" encoding="UTF-8"?>
<!-- Generated by org.testng.reporters.JUnitReportReporter -->
<testsuite hostname="CopiousCare" failures="0" tests="50" name="webAuto.DummyWf" time="626.195" errors="0" timestamp="2024-05-28T15:23:54 IST" skipped="0">
  <testcase classname="webAuto.DummyWf" name="numberField" time="0.211"/>
  <system-out/>
  <testcase classname="webAuto.DummyWf" name="sendOTP" time="11.844"/>
  <system-out/>
  <testcase classname="webAuto.DummyWf" name="verifyButton" time="10.112"/>
  <system-out/>
  <testcase classname="webAuto.DummyWf" name="createPatient" time="0.733"/>
  <system-out/>
  <testcase classname="webAuto.DummyWf" name="Number1" time="0.311"/>
  <system-out/>
  <testcase classname="webAuto.DummyWf" name="confirm" time="2.116"/>
  <system-out/>
  <testcase classname="webAuto.DummyWf" name="number2" time="0.254"/>
  <system-out/>
  <testcase classname="webAuto.DummyWf" name="firstName" time="0.217"/>
  <system-out/>
  <testcase classname="webAuto.DummyWf" name="middleName" time="0.169"/>
  <system-out/>
  <testcase classname="webAuto.DummyWf" name="lastName" time="0.174"/>
  <system-out/>
  <testcase classname="webAuto.DummyWf" name="birthDate" time="0.358"/>
  <system-out/>
  <testcase classname="webAuto.DummyWf" name="genFemale" time="0.085"/>
  <system-out/>
  <testcase classname="webAuto.DummyWf" name="address" time="0.206"/>
  <system-out/>
  <testcase classname="webAuto.DummyWf" name="locality" time="0.176"/>
  <system-out/>
  <testcase classname="webAuto.DummyWf" name="city" time="0.153"/>
  <system-out/>
  <testcase classname="webAuto.DummyWf" name="pinCode" time="0.191"/>
  <system-out/>
  <testcase classname="webAuto.DummyWf" name="proceedWithSameRMN" time="0.171"/>
  <system-out/>
  <testcase classname="webAuto.DummyWf" name="nextButton" time="15.111"/>
  <system-out/>
  <testcase classname="webAuto.DummyWf" name="clickClose" time="1.065"/>
  <system-out/>
  <testcase classname="webAuto.DummyWf" name="fillVitalForm" time="16.119"/>
  <system-out/>
  <testcase classname="webAuto.DummyWf" name="fillHealthProfile" time="11.463"/>
  <system-out/>
  <testcase classname="webAuto.DummyWf" name="fillFamilyProfile" time="16.871"/>
  <system-out/>
  <testcase classname="webAuto.DummyWf" name="GoHome" time="0.229"/>
  <system-out/>
  <testcase classname="webAuto.DummyWf" name="AddNewAppointment" time="25.507"/>
  <system-out/>
  <testcase classname="webAuto.DummyWf" name="AddPrescription" time="15.484"/>
  <system-out/>
  <testcase classname="webAuto.DummyWf" name="Complaints" time="3.307"/>
  <system-out/>
  <testcase classname="webAuto.DummyWf" name="VitalsOption" time="4.371"/>
  <system-out/>
  <testcase classname="webAuto.DummyWf" name="BpandHeartOption" time="15.860"/>
  <system-out/>
  <testcase classname="webAuto.DummyWf" name="BloodAndAnalysis" time="15.988"/>
  <system-out/>
  <testcase classname="webAuto.DummyWf" name="LipidProfile" time="15.865"/>
  <system-out/>
  <testcase classname="webAuto.DummyWf" name="OnExamination" time="15.666"/>
  <system-out/>
  <testcase classname="webAuto.DummyWf" name="Diagnosis" time="15.312"/>
  <system-out/>
  <testcase classname="webAuto.DummyWf" name="Medicine1" time="47.094"/>
  <system-out/>
  <testcase classname="webAuto.DummyWf" name="DietaryAdvice" time="15.286"/>
  <system-out/>
  <testcase classname="webAuto.DummyWf" name="GeneralInstruction" time="15.276"/>
  <system-out/>
  <testcase classname="webAuto.DummyWf" name="SaveandProceed" time="0.166"/>
  <system-out/>
  <testcase classname="webAuto.DummyWf" name="ConfirmPrescription" time="56.045"/>
  <system-out/>
  <testcase classname="webAuto.DummyWf" name="Investigation" time="37.266"/>
  <system-out/>
  <testcase classname="webAuto.DummyWf" name="Investigation1" time="34.250"/>
  <system-out/>
  <testcase classname="webAuto.DummyWf" name="HealthProfile" time="14.651"/>
  <system-out/>
  <testcase classname="webAuto.DummyWf" name="Document1" time="0.090"/>
  <system-out/>
  <testcase classname="webAuto.DummyWf" name="ReceiptOption" time="15.004"/>
  <system-out/>
  <testcase classname="webAuto.DummyWf" name="previewReceipt" time="30.583"/>
  <system-out/>
  <testcase classname="webAuto.DummyWf" name="cirtificateOption1" time="20.219"/>
  <system-out/>
  <testcase classname="webAuto.DummyWf" name="AllDocuments" time="16.160"/>
  <system-out/>
  <testcase classname="webAuto.DummyWf" name="Document2" time="0.066"/>
  <system-out/>
  <testcase classname="webAuto.DummyWf" name="cirtificateOption" time="32.467"/>
  <system-out/>
  <testcase classname="webAuto.DummyWf" name="cirtificateOption3" time="20.288"/>
  <system-out/>
  <testcase classname="webAuto.DummyWf" name="AllDocuments1" time="11.289"/>
  <system-out/>
  <testcase classname="webAuto.DummyWf" name="ReferralOption3" time="44.296"/>
  <system-out/>
</testsuite> <!-- webAuto.DummyWf -->
