<?xml version="1.0" encoding="UTF-8"?>
<!-- Generated by org.testng.reporters.JUnitReportReporter -->
<testsuite hostname="CopiousCare" failures="0" tests="14" name="healthApp.HealthChat" time="100.984" errors="0" timestamp="2024-08-08T15:16:08 IST" skipped="0">
  <testcase classname="healthApp.HealthChat" name="BfSuite" time="1.164"/>
  <system-out/>
  <testcase classname="healthApp.HealthChat" name="NumberField" time="11.781"/>
  <system-out/>
  <testcase classname="healthApp.HealthChat" name="IAgree" time="2.079"/>
  <system-out/>
  <testcase classname="healthApp.HealthChat" name="proceedButton" time="5.302"/>
  <system-out/>
  <testcase classname="healthApp.HealthChat" name="OTP" time="15.621"/>
  <system-out/>
  <testcase classname="healthApp.HealthChat" name="Verify" time="2.453"/>
  <system-out/>
  <testcase classname="healthApp.HealthChat" name="Chats" time="10.398"/>
  <system-out/>
  <testcase classname="healthApp.HealthChat" name="SelectFamilyMember" time="7.425"/>
  <system-out/>
  <testcase classname="healthApp.HealthChat" name="clickCamera" time="7.354"/>
  <system-out/>
  <testcase classname="healthApp.HealthChat" name="CameraAllow" time="7.279"/>
  <system-out/>
  <testcase classname="healthApp.HealthChat" name="CameraClick" time="7.441"/>
  <system-out/>
  <testcase classname="healthApp.HealthChat" name="OkClick" time="7.333"/>
  <system-out/>
  <testcase classname="healthApp.HealthChat" name="TypeMessage" time="7.942"/>
  <system-out/>
  <testcase classname="healthApp.HealthChat" name="SendButton" time="7.412"/>
  <system-out/>
</testsuite> <!-- healthApp.HealthChat -->
