<?xml version="1.0" encoding="UTF-8"?>
<!-- Generated by org.testng.reporters.JUnitReportReporter -->
<testsuite hostname="CopiousCare" failures="0" tests="42" name="pivotalApplication.CreateAdultPatient" time="233.271" errors="0" timestamp="2024-04-03T15:36:38 IST" skipped="0">
  <testcase classname="pivotalApplication.CreateAdultPatient" name="BfSuite" time="1.211"/>
  <system-out/>
  <testcase classname="pivotalApplication.CreateAdultPatient" name="NumberField" time="1.224"/>
  <system-out/>
  <testcase classname="pivotalApplication.CreateAdultPatient" name="IAgree" time="2.161"/>
  <system-out/>
  <testcase classname="pivotalApplication.CreateAdultPatient" name="proceedButton" time="2.387"/>
  <system-out/>
  <testcase classname="pivotalApplication.CreateAdultPatient" name="OTP" time="11.667"/>
  <system-out/>
  <testcase classname="pivotalApplication.CreateAdultPatient" name="submit" time="12.685"/>
  <system-out/>
  <testcase classname="pivotalApplication.CreateAdultPatient" name="Createptient" time="4.518"/>
  <system-out/>
  <testcase classname="pivotalApplication.CreateAdultPatient" name="Neweptient" time="12.301"/>
  <system-out/>
  <testcase classname="pivotalApplication.CreateAdultPatient" name="Close" time="5.032"/>
  <system-out/>
  <testcase classname="pivotalApplication.CreateAdultPatient" name="MobileNumber1" time="3.012"/>
  <system-out/>
  <testcase classname="pivotalApplication.CreateAdultPatient" name="confirm" time="4.514"/>
  <system-out/>
  <testcase classname="pivotalApplication.CreateAdultPatient" name="confirmPopup" time="6.649"/>
  <system-out/>
  <testcase classname="pivotalApplication.CreateAdultPatient" name="AdditionalNumber1" time="3.033"/>
  <system-out/>
  <testcase classname="pivotalApplication.CreateAdultPatient" name="FirstName" time="4.987"/>
  <system-out/>
  <testcase classname="pivotalApplication.CreateAdultPatient" name="MiddleName" time="4.947"/>
  <system-out/>
  <testcase classname="pivotalApplication.CreateAdultPatient" name="LastName" time="4.945"/>
  <system-out/>
  <testcase classname="pivotalApplication.CreateAdultPatient" name="Age" time="0.926"/>
  <system-out/>
  <testcase classname="pivotalApplication.CreateAdultPatient" name="GenFemale" time="4.472"/>
  <system-out/>
  <testcase classname="pivotalApplication.CreateAdultPatient" name="Address" time="2.933"/>
  <system-out/>
  <testcase classname="pivotalApplication.CreateAdultPatient" name="Area" time="2.937"/>
  <system-out/>
  <testcase classname="pivotalApplication.CreateAdultPatient" name="City" time="2.933"/>
  <system-out/>
  <testcase classname="pivotalApplication.CreateAdultPatient" name="PinCode" time="2.417"/>
  <system-out/>
  <testcase classname="pivotalApplication.CreateAdultPatient" name="Next" time="15.415"/>
  <system-out/>
  <testcase classname="pivotalApplication.CreateAdultPatient" name="ContinueProfile" time="10.357"/>
  <system-out/>
  <testcase classname="pivotalApplication.CreateAdultPatient" name="HelathHistory" time="2.750"/>
  <system-out/>
  <testcase classname="pivotalApplication.CreateAdultPatient" name="Habits" time="2.380"/>
  <system-out/>
  <testcase classname="pivotalApplication.CreateAdultPatient" name="BloodGroup" time="7.966"/>
  <system-out/>
  <testcase classname="pivotalApplication.CreateAdultPatient" name="HealthHistoryNext" time="15.622"/>
  <system-out/>
  <testcase classname="pivotalApplication.CreateAdultPatient" name="MedicalConditionSelect" time="5.643"/>
  <system-out/>
  <testcase classname="pivotalApplication.CreateAdultPatient" name="AddMedicalCondition" time="2.409"/>
  <system-out/>
  <testcase classname="pivotalApplication.CreateAdultPatient" name="Allergies" time="2.830"/>
  <system-out/>
  <testcase classname="pivotalApplication.CreateAdultPatient" name="Reactions" time="2.826"/>
  <system-out/>
  <testcase classname="pivotalApplication.CreateAdultPatient" name="RecurringComplaints" time="2.840"/>
  <system-out/>
  <testcase classname="pivotalApplication.CreateAdultPatient" name="HospitalizationHistory" time="2.857"/>
  <system-out/>
  <testcase classname="pivotalApplication.CreateAdultPatient" name="HealthHistory" time="2.849"/>
  <system-out/>
  <testcase classname="pivotalApplication.CreateAdultPatient" name="GeneticdisoredrAdd" time="4.127"/>
  <system-out/>
  <testcase classname="pivotalApplication.CreateAdultPatient" name="GeneticdisoredrSelect" time="8.038"/>
  <system-out/>
  <testcase classname="pivotalApplication.CreateAdultPatient" name="AddGeneticdisoredr" time="2.548"/>
  <system-out/>
  <testcase classname="pivotalApplication.CreateAdultPatient" name="OtherEmailId" time="3.498"/>
  <system-out/>
  <testcase classname="pivotalApplication.CreateAdultPatient" name="helathNext" time="2.363"/>
  <system-out/>
  <testcase classname="pivotalApplication.CreateAdultPatient" name="FamailyNedicalHistory" time="8.215"/>
  <system-out/>
  <testcase classname="pivotalApplication.CreateAdultPatient" name="EnterDisorders" time="25.847"/>
  <system-out/>
</testsuite> <!-- pivotalApplication.CreateAdultPatient -->
