<?xml version="1.0" encoding="UTF-8"?>
<!-- Generated by org.testng.reporters.JUnitReportReporter -->
<testsuite hostname="CopiousCare" failures="0" tests="7" name="healthApp.HealthLogout" time="62.338" errors="0" timestamp="2024-08-07T15:12:17 IST" skipped="0">
  <testcase classname="healthApp.HealthLogout" name="BfSuite" time="0.603"/>
  <system-out/>
  <testcase classname="healthApp.HealthLogout" name="NumberField" time="11.738"/>
  <system-out/>
  <testcase classname="healthApp.HealthLogout" name="IAgree" time="2.063"/>
  <system-out/>
  <testcase classname="healthApp.HealthLogout" name="proceedButton" time="5.290"/>
  <system-out/>
  <testcase classname="healthApp.HealthLogout" name="OTP" time="15.825"/>
  <system-out/>
  <testcase classname="healthApp.HealthLogout" name="Verify" time="2.423"/>
  <system-out/>
  <testcase classname="healthApp.HealthLogout" name="menu" time="24.396"/>
  <system-out/>
</testsuite> <!-- healthApp.HealthLogout -->
