<?xml version="1.0" encoding="UTF-8"?>
<!-- Generated by org.testng.reporters.JUnitReportReporter -->
<testsuite hostname="CopiousCare" failures="0" tests="7" name="pivotalApplication.PivotalLogIn" time="33.709" errors="0" timestamp="2024-07-30T15:21:02 IST" skipped="0">
  <testcase classname="pivotalApplication.PivotalLogIn" name="NumberField" time="1.552"/>
  <system-out/>
  <testcase classname="pivotalApplication.PivotalLogIn" name="BfSuite" time="0.613"/>
  <system-out/>
  <testcase classname="pivotalApplication.PivotalLogIn" name="IAgree" time="2.082"/>
  <system-out/>
  <testcase classname="pivotalApplication.PivotalLogIn" name="proceedButton" time="2.371"/>
  <system-out/>
  <testcase classname="pivotalApplication.PivotalLogIn" name="OTP" time="11.891"/>
  <system-out/>
  <testcase classname="pivotalApplication.PivotalLogIn" name="submit" time="7.779"/>
  <system-out/>
  <testcase classname="pivotalApplication.PivotalLogIn" name="Search" time="7.421"/>
  <system-out/>
</testsuite> <!-- pivotalApplication.PivotalLogIn -->
