<?xml version="1.0" encoding="UTF-8"?>
<!-- Generated by org.testng.reporters.JUnitReportReporter -->
<testsuite hostname="DESKTOP-VQLLA2K" failures="0" tests="106" name="pivotalApplication.PivoFin2" time="1089.259" errors="0" timestamp="2024-01-05T15:29:01 IST" skipped="8">
  <testcase classname="pivotalApplication.PivoFin2" name="InvestigationClick" time="3.197"/>
  <testcase classname="pivotalApplication.PivoFin2" name="NewRequisition" time="2.354"/>
  <testcase classname="pivotalApplication.PivoFin2" name="Covid19" time="7.377"/>
  <testcase classname="pivotalApplication.PivoFin2" name="packages" time="2.585"/>
  <testcase classname="pivotalApplication.PivoFin2" name="Feverpanel" time="2.431"/>
  <testcase classname="pivotalApplication.PivoFin2" name="SelectTests" time="2.501"/>
  <testcase classname="pivotalApplication.PivoFin2" name="CreateRquisition" time="2.393"/>
  <testcase classname="pivotalApplication.PivoFin2" name="RquisitionDownloadclose" time="2.267"/>
  <testcase classname="pivotalApplication.PivoFin2" name="ReportClick" time="2.392"/>
  <testcase classname="pivotalApplication.PivoFin2" name="UploadReport" time="2.302"/>
  <testcase classname="pivotalApplication.PivoFin2" name="CreatedBy2" time="2.831"/>
  <testcase classname="pivotalApplication.PivoFin2" name="DocumentOn2" time="2.279"/>
  <testcase classname="pivotalApplication.PivoFin2" name="popUpOk2" time="2.375"/>
  <testcase classname="pivotalApplication.PivoFin2" name="Camera2" time="20.911"/>
  <testcase classname="pivotalApplication.PivoFin2" name="UploadCam2" time="2.327"/>
  <testcase classname="pivotalApplication.PivoFin2" name="UploadCamOk2" time="2.236"/>
  <testcase classname="pivotalApplication.PivoFin2" name="Transscript1" time="5.326"/>
  <testcase classname="pivotalApplication.PivoFin2" name="CreatedBy3" time="3.067"/>
  <testcase classname="pivotalApplication.PivoFin2" name="DocumentOn3" time="2.251"/>
  <testcase classname="pivotalApplication.PivoFin2" name="popUpOk3" time="2.367"/>
  <testcase classname="pivotalApplication.PivoFin2" name="Gallery3" time="2.321"/>
  <testcase classname="pivotalApplication.PivoFin2" name="photo3" time="10.329"/>
  <testcase classname="pivotalApplication.PivoFin2" name="Upload3" time="2.338"/>
  <testcase classname="pivotalApplication.PivoFin2" name="UploadOk3" time="9.621"/>
  <testcase classname="pivotalApplication.PivoFin2" name="RffralCreation" time="2.579"/>
  <testcase classname="pivotalApplication.PivoFin2" name="DrName" time="2.302"/>
  <testcase classname="pivotalApplication.PivoFin2" name="DrEmail" time="2.279"/>
  <testcase classname="pivotalApplication.PivoFin2" name="DrMobNumber" time="2.752"/>
  <testcase classname="pivotalApplication.PivoFin2" name="HealthCondition" time="2.789"/>
  <testcase classname="pivotalApplication.PivoFin2" name="Duration" time="2.238"/>
  <testcase classname="pivotalApplication.PivoFin2" name="Speciality" time="7.571"/>
  <testcase classname="pivotalApplication.PivoFin2" name="preview" time="2.350"/>
  <testcase classname="pivotalApplication.PivoFin2" name="Save" time="15.257"/>
  <testcase classname="pivotalApplication.PivoFin2" name="UploadDocuments" time="54.252"/>
  <testcase classname="pivotalApplication.PivoFin2" name="DocumentsDropDown" time="5.191"/>
  <testcase classname="pivotalApplication.PivoFin2" name="DischargeSummary" time="2.237"/>
  <testcase classname="pivotalApplication.PivoFin2" name="CreatedBy" time="2.788"/>
  <testcase classname="pivotalApplication.PivoFin2" name="DocumentOn" time="2.244"/>
  <testcase classname="pivotalApplication.PivoFin2" name="popUpOk" time="2.283"/>
  <testcase classname="pivotalApplication.PivoFin2" name="Camera" time="13.711"/>
  <testcase classname="pivotalApplication.PivoFin2" name="UploadCam" time="2.290"/>
  <testcase classname="pivotalApplication.PivoFin2" name="UploadCamOk" time="10.784"/>
  <testcase classname="pivotalApplication.PivoFin2" name="UploadDocuments1" time="5.421"/>
  <testcase classname="pivotalApplication.PivoFin2" name="DocumentsDropDown1" time="5.230"/>
  <testcase classname="pivotalApplication.PivoFin2" name="DischargeSummary1" time="2.231"/>
  <testcase classname="pivotalApplication.PivoFin2" name="CreatedBy1" time="2.770"/>
  <testcase classname="pivotalApplication.PivoFin2" name="DocumentOn1" time="2.275"/>
  <testcase classname="pivotalApplication.PivoFin2" name="popUpOk1" time="2.316"/>
  <testcase classname="pivotalApplication.PivoFin2" name="Gallery" time="2.318"/>
  <testcase classname="pivotalApplication.PivoFin2" name="photo" time="10.309"/>
  <testcase classname="pivotalApplication.PivoFin2" name="Upload" time="2.315"/>
  <testcase classname="pivotalApplication.PivoFin2" name="UploadOk" time="2.224"/>
  <testcase classname="pivotalApplication.PivoFin2" name="SpecialVaccine" time="17.653"/>
  <testcase classname="pivotalApplication.PivoFin2" name="AdministeredDate" time="5.176"/>
  <testcase classname="pivotalApplication.PivoFin2" name="PopUpOk" time="2.265"/>
  <testcase classname="pivotalApplication.PivoFin2" name="VaccineDropdown" time="2.198"/>
  <testcase classname="pivotalApplication.PivoFin2" name="CholeraVaccine" time="2.250"/>
  <testcase classname="pivotalApplication.PivoFin2" name="Submit" time="2.261"/>
  <testcase classname="pivotalApplication.PivoFin2" name="VaccinationOk" time="2.732"/>
  <testcase classname="pivotalApplication.PivoFin2" name="LinkPatient" time="17.613"/>
  <testcase classname="pivotalApplication.PivoFin2" name="DrMobileNumber" time="10.162"/>
  <testcase classname="pivotalApplication.PivoFin2" name="SearchDr" time="17.186"/>
  <testcase classname="pivotalApplication.PivoFin2" name="Link" time="15.224"/>
  <testcase classname="pivotalApplication.PivoFin2" name="Reciept" time="17.561"/>
  <testcase classname="pivotalApplication.PivoFin2" name="AddNewReceipt" time="10.264"/>
  <testcase classname="pivotalApplication.PivoFin2" name="ReceiptNo" time="7.360"/>
  <testcase classname="pivotalApplication.PivoFin2" name="Consultation" time="4.771"/>
  <testcase classname="pivotalApplication.PivoFin2" name="Vaccination" time="4.292"/>
  <testcase classname="pivotalApplication.PivoFin2" name="OtherReasons" time="4.284"/>
  <testcase classname="pivotalApplication.PivoFin2" name="Addmore" time="4.405"/>
  <testcase classname="pivotalApplication.PivoFin2" name="Preview" time="35.342"/>
  <testcase classname="pivotalApplication.PivoFin2" name="PayerName" time="2.194"/>
  <testcase classname="pivotalApplication.PivoFin2" name="CreateReceipt" time="27.113"/>
  <testcase classname="pivotalApplication.PivoFin2" name="Certificate" time="41.695"/>
  <testcase classname="pivotalApplication.PivoFin2" name="CertificateDropdown" time="22.220"/>
  <testcase classname="pivotalApplication.PivoFin2" name="CertificateType" time="22.248"/>
  <testcase classname="pivotalApplication.PivoFin2" name="Speciality1" time="32.275"/>
  <testcase classname="pivotalApplication.PivoFin2" name="SpecialitySelect" time="37.248"/>
  <testcase classname="pivotalApplication.PivoFin2" name="Preview1" time="12.300"/>
  <testcase classname="pivotalApplication.PivoFin2" name="Printclose" time="17.403"/>
  <testcase classname="pivotalApplication.PivoFin2" name="ClickHistory" time="6.544"/>
  <testcase classname="pivotalApplication.PivoFin2" name="ViewDocument" time="2.410"/>
  <testcase classname="pivotalApplication.PivoFin2" name="close1" time="10.197"/>
  <testcase classname="pivotalApplication.PivoFin2" name="ViewReceipts" time="12.571"/>
  <testcase classname="pivotalApplication.PivoFin2" name="close2" time="12.191"/>
  <testcase classname="pivotalApplication.PivoFin2" name="ViewReferal" time="10.562"/>
  <testcase classname="pivotalApplication.PivoFin2" name="close4" time="54.840"/>
  <testcase classname="pivotalApplication.PivoFin2" name="PatientList" time="35.715"/>
  <testcase classname="pivotalApplication.PivoFin2" name="Appointments" time="10.528"/>
  <testcase classname="pivotalApplication.PivoFin2" name="Prescription" time="42.094"/>
  <testcase classname="pivotalApplication.PivoFin2" name="Reports" time="48.075"/>
  <testcase classname="pivotalApplication.PivoFin2" name="Referrals" time="45.857"/>
  <testcase classname="pivotalApplication.PivoFin2" name="VaccineInStore" time="22.666"/>
  <testcase classname="pivotalApplication.PivoFin2" name="ViewReports" time="48.238"/>
  <testcase classname="pivotalApplication.PivoFin2" name="MyNotes" time="26.290"/>
  <testcase classname="pivotalApplication.PivoFin2" name="ShareHealth" time="12.042"/>
  <testcase classname="pivotalApplication.PivoFin2" name="WhatsNew" time="10.496"/>
  <testcase classname="pivotalApplication.PivoFin2" name="DashboardData" time="6.564"/>
  <testcase classname="pivotalApplication.PivoFin2" name="OTP">
    <skipped/>
  </testcase> <!-- OTP -->
  <testcase classname="pivotalApplication.PivoFin2" name="HealthApp">
    <skipped/>
  </testcase> <!-- HealthApp -->
  <testcase classname="pivotalApplication.PivoFin2" name="Search">
    <skipped/>
  </testcase> <!-- Search -->
  <testcase classname="pivotalApplication.PivoFin2" name="submit">
    <skipped/>
  </testcase> <!-- submit -->
  <testcase classname="pivotalApplication.PivoFin2" name="NumberField">
    <skipped/>
  </testcase> <!-- NumberField -->
  <testcase classname="pivotalApplication.PivoFin2" name="IAgree">
    <skipped/>
  </testcase> <!-- IAgree -->
  <testcase classname="pivotalApplication.PivoFin2" name="proceedButton">
    <skipped/>
  </testcase> <!-- proceedButton -->
  <testcase classname="pivotalApplication.PivoFin2" name="ClickPatient1">
    <skipped/>
  </testcase> <!-- ClickPatient1 -->
</testsuite> <!-- pivotalApplication.PivoFin2 -->
