<?xml version="1.0" encoding="UTF-8"?>
<!-- Generated by org.testng.reporters.JUnitReportReporter -->
<testsuite hostname="CopiousCare" failures="0" tests="10" name="healthApp.GrowthRecord" time="89.144" errors="0" timestamp="2024-04-23T17:17:05 IST" skipped="0">
  <testcase classname="healthApp.GrowthRecord" name="NumberField" time="11.643"/>
  <system-out/>
  <testcase classname="healthApp.GrowthRecord" name="BfSuite" time="1.331"/>
  <system-out/>
  <testcase classname="healthApp.GrowthRecord" name="IAgree" time="2.164"/>
  <system-out/>
  <testcase classname="healthApp.GrowthRecord" name="proceedButton" time="5.330"/>
  <system-out/>
  <testcase classname="healthApp.GrowthRecord" name="OTP" time="15.676"/>
  <system-out/>
  <testcase classname="healthApp.GrowthRecord" name="Verify" time="2.503"/>
  <system-out/>
  <testcase classname="healthApp.GrowthRecord" name="SelectFamilyMember" time="15.761"/>
  <system-out/>
  <testcase classname="healthApp.GrowthRecord" name="AddButton" time="5.626"/>
  <system-out/>
  <testcase classname="healthApp.GrowthRecord" name="GrowthRecord1" time="5.866"/>
  <system-out/>
  <testcase classname="healthApp.GrowthRecord" name="Vital" time="23.244"/>
  <system-out/>
</testsuite> <!-- healthApp.GrowthRecord -->
