<?xml version="1.0" encoding="UTF-8"?>
<!-- Generated by org.testng.reporters.JUnitReportReporter -->
<testsuite hostname="CopiousCare" failures="0" tests="16" name="pivotalApplication.CreateRequisition" time="78.444" errors="0" timestamp="2024-07-30T14:04:24 IST" skipped="0">
  <testcase classname="pivotalApplication.CreateRequisition" name="NumberField" time="1.464"/>
  <system-out/>
  <testcase classname="pivotalApplication.CreateRequisition" name="BfSuite" time="0.598"/>
  <system-out/>
  <testcase classname="pivotalApplication.CreateRequisition" name="IAgree" time="2.030"/>
  <system-out/>
  <testcase classname="pivotalApplication.CreateRequisition" name="proceedButton" time="2.377"/>
  <system-out/>
  <testcase classname="pivotalApplication.CreateRequisition" name="OTP" time="12.116"/>
  <system-out/>
  <testcase classname="pivotalApplication.CreateRequisition" name="submit" time="7.743"/>
  <system-out/>
  <testcase classname="pivotalApplication.CreateRequisition" name="Search" time="10.121"/>
  <system-out/>
  <testcase classname="pivotalApplication.CreateRequisition" name="ClickPatient" time="3.248"/>
  <system-out/>
  <testcase classname="pivotalApplication.CreateRequisition" name="InvestigationClick" time="10.845"/>
  <system-out/>
  <testcase classname="pivotalApplication.CreateRequisition" name="NewRequisition" time="10.319"/>
  <system-out/>
  <testcase classname="pivotalApplication.CreateRequisition" name="Covid19" time="3.793"/>
  <system-out/>
  <testcase classname="pivotalApplication.CreateRequisition" name="packages" time="3.804"/>
  <system-out/>
  <testcase classname="pivotalApplication.CreateRequisition" name="Feverpanel" time="2.434"/>
  <system-out/>
  <testcase classname="pivotalApplication.CreateRequisition" name="SelectTests" time="2.464"/>
  <system-out/>
  <testcase classname="pivotalApplication.CreateRequisition" name="CreateRquisition" time="2.388"/>
  <system-out/>
  <testcase classname="pivotalApplication.CreateRequisition" name="RquisitionDownload" time="2.700"/>
  <system-out/>
</testsuite> <!-- pivotalApplication.CreateRequisition -->
