<?xml version="1.0" encoding="UTF-8"?>
<!-- Generated by org.testng.reporters.JUnitReportReporter -->
<testsuite hostname="CopiousCare" failures="0" tests="94" name="pivotalApplication.PivoFin2" time="1031.928" errors="0" timestamp="2024-05-31T11:45:59 IST" skipped="0">
  <testcase classname="pivotalApplication.PivoFin2" name="InvestigationClick" time="3.183"/>
  <system-out/>
  <testcase classname="pivotalApplication.PivoFin2" name="NewRequisition" time="2.374"/>
  <system-out/>
  <testcase classname="pivotalApplication.PivoFin2" name="Covid19" time="6.766"/>
  <system-out/>
  <testcase classname="pivotalApplication.PivoFin2" name="packages" time="2.680"/>
  <system-out/>
  <testcase classname="pivotalApplication.PivoFin2" name="Feverpanel" time="2.431"/>
  <system-out/>
  <testcase classname="pivotalApplication.PivoFin2" name="SelectTests" time="2.494"/>
  <system-out/>
  <testcase classname="pivotalApplication.PivoFin2" name="CreateRquisition" time="2.345"/>
  <system-out/>
  <testcase classname="pivotalApplication.PivoFin2" name="RquisitionDownloadclose" time="2.274"/>
  <system-out/>
  <testcase classname="pivotalApplication.PivoFin2" name="ReportClick" time="2.301"/>
  <system-out/>
  <testcase classname="pivotalApplication.PivoFin2" name="UploadReport" time="2.249"/>
  <system-out/>
  <testcase classname="pivotalApplication.PivoFin2" name="CreatedBy2" time="2.752"/>
  <system-out/>
  <testcase classname="pivotalApplication.PivoFin2" name="DocumentOn2" time="2.258"/>
  <system-out/>
  <testcase classname="pivotalApplication.PivoFin2" name="popUpOk2" time="2.334"/>
  <system-out/>
  <testcase classname="pivotalApplication.PivoFin2" name="Camera2" time="19.959"/>
  <system-out/>
  <testcase classname="pivotalApplication.PivoFin2" name="UploadCam2" time="2.314"/>
  <system-out/>
  <testcase classname="pivotalApplication.PivoFin2" name="UploadCamOk2" time="2.243"/>
  <system-out/>
  <testcase classname="pivotalApplication.PivoFin2" name="Transscript1" time="5.300"/>
  <system-out/>
  <testcase classname="pivotalApplication.PivoFin2" name="CreatedBy3" time="2.795"/>
  <system-out/>
  <testcase classname="pivotalApplication.PivoFin2" name="DocumentOn3" time="2.287"/>
  <system-out/>
  <testcase classname="pivotalApplication.PivoFin2" name="popUpOk3" time="2.670"/>
  <system-out/>
  <testcase classname="pivotalApplication.PivoFin2" name="Gallery3" time="2.331"/>
  <system-out/>
  <testcase classname="pivotalApplication.PivoFin2" name="photo3" time="10.308"/>
  <system-out/>
  <testcase classname="pivotalApplication.PivoFin2" name="Upload3" time="2.328"/>
  <system-out/>
  <testcase classname="pivotalApplication.PivoFin2" name="UploadOk3" time="10.007"/>
  <system-out/>
  <testcase classname="pivotalApplication.PivoFin2" name="RffralCreation" time="2.590"/>
  <system-out/>
  <testcase classname="pivotalApplication.PivoFin2" name="DrName" time="2.780"/>
  <system-out/>
  <testcase classname="pivotalApplication.PivoFin2" name="DrEmail" time="2.755"/>
  <system-out/>
  <testcase classname="pivotalApplication.PivoFin2" name="DrMobNumber" time="2.717"/>
  <system-out/>
  <testcase classname="pivotalApplication.PivoFin2" name="HealthCondition" time="2.929"/>
  <system-out/>
  <testcase classname="pivotalApplication.PivoFin2" name="Duration" time="2.233"/>
  <system-out/>
  <testcase classname="pivotalApplication.PivoFin2" name="Speciality" time="7.590"/>
  <system-out/>
  <testcase classname="pivotalApplication.PivoFin2" name="preview" time="2.325"/>
  <system-out/>
  <testcase classname="pivotalApplication.PivoFin2" name="Save" time="15.217"/>
  <system-out/>
  <testcase classname="pivotalApplication.PivoFin2" name="UploadDocuments" time="54.235"/>
  <system-out/>
  <testcase classname="pivotalApplication.PivoFin2" name="DocumentsDropDown" time="5.282"/>
  <system-out/>
  <testcase classname="pivotalApplication.PivoFin2" name="DischargeSummary" time="2.269"/>
  <system-out/>
  <testcase classname="pivotalApplication.PivoFin2" name="CreatedBy" time="2.238"/>
  <system-out/>
  <testcase classname="pivotalApplication.PivoFin2" name="DocumentOn" time="2.271"/>
  <system-out/>
  <testcase classname="pivotalApplication.PivoFin2" name="popUpOk" time="2.276"/>
  <system-out/>
  <testcase classname="pivotalApplication.PivoFin2" name="Camera" time="13.722"/>
  <system-out/>
  <testcase classname="pivotalApplication.PivoFin2" name="UploadCam" time="2.321"/>
  <system-out/>
  <testcase classname="pivotalApplication.PivoFin2" name="UploadCamOk" time="10.735"/>
  <system-out/>
  <testcase classname="pivotalApplication.PivoFin2" name="UploadDocuments1" time="5.368"/>
  <system-out/>
  <testcase classname="pivotalApplication.PivoFin2" name="DocumentsDropDown1" time="5.220"/>
  <system-out/>
  <testcase classname="pivotalApplication.PivoFin2" name="DischargeSummary1" time="2.245"/>
  <system-out/>
  <testcase classname="pivotalApplication.PivoFin2" name="CreatedBy1" time="2.744"/>
  <system-out/>
  <testcase classname="pivotalApplication.PivoFin2" name="DocumentOn1" time="2.873"/>
  <system-out/>
  <testcase classname="pivotalApplication.PivoFin2" name="popUpOk1" time="2.270"/>
  <system-out/>
  <testcase classname="pivotalApplication.PivoFin2" name="Gallery" time="2.308"/>
  <system-out/>
  <testcase classname="pivotalApplication.PivoFin2" name="photo" time="10.279"/>
  <system-out/>
  <testcase classname="pivotalApplication.PivoFin2" name="Upload" time="2.307"/>
  <system-out/>
  <testcase classname="pivotalApplication.PivoFin2" name="UploadOk" time="2.744"/>
  <system-out/>
  <testcase classname="pivotalApplication.PivoFin2" name="SpecialVaccine" time="17.574"/>
  <system-out/>
  <testcase classname="pivotalApplication.PivoFin2" name="AdministeredDate" time="5.180"/>
  <system-out/>
  <testcase classname="pivotalApplication.PivoFin2" name="PopUpOk" time="2.292"/>
  <system-out/>
  <testcase classname="pivotalApplication.PivoFin2" name="VaccineDropdown" time="2.234"/>
  <system-out/>
  <testcase classname="pivotalApplication.PivoFin2" name="CholeraVaccine" time="2.243"/>
  <system-out/>
  <testcase classname="pivotalApplication.PivoFin2" name="Submit" time="2.250"/>
  <system-out/>
  <testcase classname="pivotalApplication.PivoFin2" name="VaccinationOk" time="2.239"/>
  <system-out/>
  <testcase classname="pivotalApplication.PivoFin2" name="Reciept" time="17.580"/>
  <system-out/>
  <testcase classname="pivotalApplication.PivoFin2" name="AddNewReceipt" time="10.235"/>
  <system-out/>
  <testcase classname="pivotalApplication.PivoFin2" name="ReceiptNo" time="7.437"/>
  <system-out/>
  <testcase classname="pivotalApplication.PivoFin2" name="Consultation" time="4.812"/>
  <system-out/>
  <testcase classname="pivotalApplication.PivoFin2" name="Vaccination" time="4.839"/>
  <system-out/>
  <testcase classname="pivotalApplication.PivoFin2" name="OtherReasons" time="4.821"/>
  <system-out/>
  <testcase classname="pivotalApplication.PivoFin2" name="Addmore" time="4.432"/>
  <system-out/>
  <testcase classname="pivotalApplication.PivoFin2" name="Preview" time="35.418"/>
  <system-out/>
  <testcase classname="pivotalApplication.PivoFin2" name="PayerName" time="2.707"/>
  <system-out/>
  <testcase classname="pivotalApplication.PivoFin2" name="CreateReceipt" time="27.018"/>
  <system-out/>
  <testcase classname="pivotalApplication.PivoFin2" name="Certificate" time="41.199"/>
  <system-out/>
  <testcase classname="pivotalApplication.PivoFin2" name="CertificateDropdown" time="22.255"/>
  <system-out/>
  <testcase classname="pivotalApplication.PivoFin2" name="CertificateType" time="22.230"/>
  <system-out/>
  <testcase classname="pivotalApplication.PivoFin2" name="Speciality1" time="32.309"/>
  <system-out/>
  <testcase classname="pivotalApplication.PivoFin2" name="SpecialitySelect" time="37.176"/>
  <system-out/>
  <testcase classname="pivotalApplication.PivoFin2" name="Preview1" time="12.301"/>
  <system-out/>
  <testcase classname="pivotalApplication.PivoFin2" name="Printclose" time="17.454"/>
  <system-out/>
  <testcase classname="pivotalApplication.PivoFin2" name="ClickHistory" time="6.593"/>
  <system-out/>
  <testcase classname="pivotalApplication.PivoFin2" name="ViewDocument" time="2.369"/>
  <system-out/>
  <testcase classname="pivotalApplication.PivoFin2" name="close1" time="10.206"/>
  <system-out/>
  <testcase classname="pivotalApplication.PivoFin2" name="ViewReceipts" time="12.513"/>
  <system-out/>
  <testcase classname="pivotalApplication.PivoFin2" name="close2" time="12.190"/>
  <system-out/>
  <testcase classname="pivotalApplication.PivoFin2" name="ViewReferal" time="10.516"/>
  <system-out/>
  <testcase classname="pivotalApplication.PivoFin2" name="close4" time="55.430"/>
  <system-out/>
  <testcase classname="pivotalApplication.PivoFin2" name="PatientList" time="35.054"/>
  <system-out/>
  <testcase classname="pivotalApplication.PivoFin2" name="Appointments" time="10.588"/>
  <system-out/>
  <testcase classname="pivotalApplication.PivoFin2" name="Prescription" time="42.923"/>
  <system-out/>
  <testcase classname="pivotalApplication.PivoFin2" name="Reports" time="48.440"/>
  <system-out/>
  <testcase classname="pivotalApplication.PivoFin2" name="Referrals" time="45.666"/>
  <system-out/>
  <testcase classname="pivotalApplication.PivoFin2" name="VaccineInStore" time="22.361"/>
  <system-out/>
  <testcase classname="pivotalApplication.PivoFin2" name="ViewReports" time="48.941"/>
  <system-out/>
  <testcase classname="pivotalApplication.PivoFin2" name="MyNotes" time="25.738"/>
  <system-out/>
  <testcase classname="pivotalApplication.PivoFin2" name="ShareHealth" time="11.990"/>
  <system-out/>
  <testcase classname="pivotalApplication.PivoFin2" name="WhatsNew" time="11.908"/>
  <system-out/>
  <testcase classname="pivotalApplication.PivoFin2" name="DashboardData" time="6.441"/>
  <system-out/>
</testsuite> <!-- pivotalApplication.PivoFin2 -->
