<?xml version="1.0" encoding="UTF-8"?>
<!-- Generated by org.testng.reporters.JUnitReportReporter -->
<testsuite hostname="CopiousCare" failures="0" tests="7" name="webAuto.InvestigationReportUpload" time="56.333" errors="0" timestamp="2024-11-15T14:19:41 IST" skipped="0">
  <testcase classname="webAuto.InvestigationReportUpload" name="numberField" time="0.361"/>
  <system-out/>
  <testcase classname="webAuto.InvestigationReportUpload" name="sendOTP" time="8.078"/>
  <system-out/>
  <testcase classname="webAuto.InvestigationReportUpload" name="verifyButton" time="10.128"/>
  <system-out/>
  <testcase classname="webAuto.InvestigationReportUpload" name="searchBar" time="1.336"/>
  <system-out/>
  <testcase classname="webAuto.InvestigationReportUpload" name="searchOpt" time="3.127"/>
  <system-out/>
  <testcase classname="webAuto.InvestigationReportUpload" name="clickPatient" time="10.470"/>
  <system-out/>
  <testcase classname="webAuto.InvestigationReportUpload" name="Investigation" time="22.833"/>
  <system-out/>
</testsuite> <!-- webAuto.InvestigationReportUpload -->
