<?xml version="1.0" encoding="UTF-8"?>
<!-- Generated by org.testng.reporters.JUnitReportReporter -->
<testsuite hostname="CopiousCare" failures="0" tests="17" name="pivotalApplication.ImmunizationCerificate" time="128.147" errors="0" timestamp="2024-07-30T16:22:28 IST" skipped="0">
  <testcase classname="pivotalApplication.ImmunizationCerificate" name="BfSuite" time="0.609"/>
  <system-out/>
  <testcase classname="pivotalApplication.ImmunizationCerificate" name="NumberField" time="1.602"/>
  <system-out/>
  <testcase classname="pivotalApplication.ImmunizationCerificate" name="IAgree" time="2.034"/>
  <system-out/>
  <testcase classname="pivotalApplication.ImmunizationCerificate" name="proceedButton" time="2.378"/>
  <system-out/>
  <testcase classname="pivotalApplication.ImmunizationCerificate" name="OTP" time="12.114"/>
  <system-out/>
  <testcase classname="pivotalApplication.ImmunizationCerificate" name="submit" time="7.750"/>
  <system-out/>
  <testcase classname="pivotalApplication.ImmunizationCerificate" name="Search" time="11.136"/>
  <system-out/>
  <testcase classname="pivotalApplication.ImmunizationCerificate" name="ClickPatient" time="3.986"/>
  <system-out/>
  <testcase classname="pivotalApplication.ImmunizationCerificate" name="ImmunizationClick" time="10.771"/>
  <system-out/>
  <testcase classname="pivotalApplication.ImmunizationCerificate" name="Records" time="15.716"/>
  <system-out/>
  <testcase classname="pivotalApplication.ImmunizationCerificate" name="Certificates" time="6.463"/>
  <system-out/>
  <testcase classname="pivotalApplication.ImmunizationCerificate" name="SelectVaciines" time="5.425"/>
  <system-out/>
  <testcase classname="pivotalApplication.ImmunizationCerificate" name="Proceed" time="5.678"/>
  <system-out/>
  <testcase classname="pivotalApplication.ImmunizationCerificate" name="SpecialityDropdown" time="5.355"/>
  <system-out/>
  <testcase classname="pivotalApplication.ImmunizationCerificate" name="DefaultV3" time="5.247"/>
  <system-out/>
  <testcase classname="pivotalApplication.ImmunizationCerificate" name="Preview" time="5.342"/>
  <system-out/>
  <testcase classname="pivotalApplication.ImmunizationCerificate" name="Print" time="26.541"/>
  <system-out/>
</testsuite> <!-- pivotalApplication.ImmunizationCerificate -->
