<?xml version="1.0" encoding="UTF-8"?>
<!-- Generated by org.testng.reporters.JUnitReportReporter -->
<testsuite hostname="CopiousCare" failures="0" tests="9" name="webAuto.OpdVaccineInventory" time="39.174" errors="0" timestamp="2024-11-18T09:59:42 IST" skipped="0">
  <testcase classname="webAuto.OpdVaccineInventory" name="numberField" time="0.133"/>
  <system-out/>
  <testcase classname="webAuto.OpdVaccineInventory" name="sendOTP" time="8.103"/>
  <system-out/>
  <testcase classname="webAuto.OpdVaccineInventory" name="verifyButton" time="10.089"/>
  <system-out/>
  <testcase classname="webAuto.OpdVaccineInventory" name="Inventory" time="2.157"/>
  <system-out/>
  <testcase classname="webAuto.OpdVaccineInventory" name="AddNewBrand" time="10.171"/>
  <system-out/>
  <testcase classname="webAuto.OpdVaccineInventory" name="SearchBrand" time="2.219"/>
  <system-out/>
  <testcase classname="webAuto.OpdVaccineInventory" name="SelectBrand" time="2.084"/>
  <system-out/>
  <testcase classname="webAuto.OpdVaccineInventory" name="Quantity" time="2.138"/>
  <system-out/>
  <testcase classname="webAuto.OpdVaccineInventory" name="Save" time="2.080"/>
  <system-out/>
</testsuite> <!-- webAuto.OpdVaccineInventory -->
