<?xml version="1.0" encoding="UTF-8"?>
<!-- Generated by org.testng.reporters.JUnitReportReporter -->
<testsuite hostname="CopiousCare" failures="0" tests="15" name="healthApp.BookLabTest" time="111.148" errors="0" timestamp="2024-04-24T13:22:36 IST" skipped="0">
  <testcase classname="healthApp.BookLabTest" name="NumberField" time="11.631"/>
  <system-out/>
  <testcase classname="healthApp.BookLabTest" name="BfSuite" time="0.622"/>
  <system-out/>
  <testcase classname="healthApp.BookLabTest" name="IAgree" time="2.143"/>
  <system-out/>
  <testcase classname="healthApp.BookLabTest" name="proceedButton" time="5.289"/>
  <system-out/>
  <testcase classname="healthApp.BookLabTest" name="OTP" time="15.672"/>
  <system-out/>
  <testcase classname="healthApp.BookLabTest" name="Verify" time="5.433"/>
  <system-out/>
  <testcase classname="healthApp.BookLabTest" name="SelectFamilyMember" time="10.816"/>
  <system-out/>
  <testcase classname="healthApp.BookLabTest" name="AddButton" time="5.566"/>
  <system-out/>
  <testcase classname="healthApp.BookLabTest" name="BookLabTest11" time="5.754"/>
  <system-out/>
  <testcase classname="healthApp.BookLabTest" name="SelectLab" time="5.346"/>
  <system-out/>
  <testcase classname="healthApp.BookLabTest" name="ClickLab" time="5.366"/>
  <system-out/>
  <testcase classname="healthApp.BookLabTest" name="Comments" time="5.790"/>
  <system-out/>
  <testcase classname="healthApp.BookLabTest" name="VaccineLabel" time="20.863"/>
  <system-out/>
  <testcase classname="healthApp.BookLabTest" name="BookLabTest1" time="5.576"/>
  <system-out/>
  <testcase classname="healthApp.BookLabTest" name="Done" time="5.281"/>
  <system-out/>
</testsuite> <!-- healthApp.BookLabTest -->
