<?xml version="1.0" encoding="UTF-8"?>
<!-- Generated by org.testng.reporters.JUnitReportReporter -->
<testsuite hostname="CopiousCare" failures="0" tests="7" name="webAuto.CreateImmunizationCertificate" time="58.483" errors="0" timestamp="2024-11-15T11:56:16 IST" skipped="0">
  <testcase classname="webAuto.CreateImmunizationCertificate" name="numberField" time="0.162"/>
  <system-out/>
  <testcase classname="webAuto.CreateImmunizationCertificate" name="sendOTP" time="8.983"/>
  <system-out/>
  <testcase classname="webAuto.CreateImmunizationCertificate" name="verifyButton" time="10.113"/>
  <system-out/>
  <testcase classname="webAuto.CreateImmunizationCertificate" name="searchBar" time="0.982"/>
  <system-out/>
  <testcase classname="webAuto.CreateImmunizationCertificate" name="searchOpt" time="3.178"/>
  <system-out/>
  <testcase classname="webAuto.CreateImmunizationCertificate" name="clickPatient" time="11.127"/>
  <system-out/>
  <testcase classname="webAuto.CreateImmunizationCertificate" name="HealthProfile" time="23.938"/>
  <system-out/>
</testsuite> <!-- webAuto.CreateImmunizationCertificate -->
