<?xml version="1.0" encoding="UTF-8"?>
<!-- Generated by org.testng.reporters.JUnitReportReporter -->
<testsuite hostname="CopiousCare" failures="0" tests="5" name="webAuto.PatientSearch" time="21.249" errors="0" timestamp="2024-04-01T17:16:34 IST" skipped="0">
  <testcase classname="webAuto.PatientSearch" name="numberField" time="0.120"/>
  <system-out/>
  <testcase classname="webAuto.PatientSearch" name="sendOTP" time="7.565"/>
  <system-out/>
  <testcase classname="webAuto.PatientSearch" name="verifyButton" time="10.058"/>
  <system-out/>
  <testcase classname="webAuto.PatientSearch" name="searchBar1" time="0.435"/>
  <system-out/>
  <testcase classname="webAuto.PatientSearch" name="searchOpt" time="3.071"/>
  <system-out/>
</testsuite> <!-- webAuto.PatientSearch -->
