<?xml version="1.0" encoding="UTF-8"?>
<!-- Generated by org.testng.reporters.JUnitReportReporter -->
<testsuite hostname="CopiousCare" failures="0" tests="12" name="pivotalApplication.LinkDoctor" time="107.796" errors="0" timestamp="2024-07-30T15:40:27 IST" skipped="0">
  <testcase classname="pivotalApplication.LinkDoctor" name="BfSuite" time="0.588"/>
  <system-out/>
  <testcase classname="pivotalApplication.LinkDoctor" name="NumberField" time="1.668"/>
  <system-out/>
  <testcase classname="pivotalApplication.LinkDoctor" name="IAgree" time="2.025"/>
  <system-out/>
  <testcase classname="pivotalApplication.LinkDoctor" name="proceedButton" time="2.389"/>
  <system-out/>
  <testcase classname="pivotalApplication.LinkDoctor" name="OTP" time="11.948"/>
  <system-out/>
  <testcase classname="pivotalApplication.LinkDoctor" name="submit" time="8.573"/>
  <system-out/>
  <testcase classname="pivotalApplication.LinkDoctor" name="Search" time="11.196"/>
  <system-out/>
  <testcase classname="pivotalApplication.LinkDoctor" name="ClickPatient" time="18.527"/>
  <system-out/>
  <testcase classname="pivotalApplication.LinkDoctor" name="LinkPatient" time="7.700"/>
  <system-out/>
  <testcase classname="pivotalApplication.LinkDoctor" name="DrMobileNumber" time="10.712"/>
  <system-out/>
  <testcase classname="pivotalApplication.LinkDoctor" name="SearchDr" time="17.230"/>
  <system-out/>
  <testcase classname="pivotalApplication.LinkDoctor" name="Link" time="15.240"/>
  <system-out/>
</testsuite> <!-- pivotalApplication.LinkDoctor -->
