<?xml version="1.0" encoding="UTF-8"?>
<!-- Generated by org.testng.reporters.JUnitReportReporter -->
<testsuite hostname="CopiousCare" failures="0" tests="7" name="webAutoQueue.Immunization" time="50.769" errors="0" timestamp="2024-04-30T15:54:18 IST" skipped="0">
  <testcase classname="webAutoQueue.Immunization" name="numberField" time="0.118"/>
  <system-out/>
  <testcase classname="webAutoQueue.Immunization" name="sendOTP" time="7.601"/>
  <system-out/>
  <testcase classname="webAutoQueue.Immunization" name="verifyButton" time="10.054"/>
  <system-out/>
  <testcase classname="webAutoQueue.Immunization" name="searchBar" time="0.516"/>
  <system-out/>
  <testcase classname="webAutoQueue.Immunization" name="searchOpt" time="3.098"/>
  <system-out/>
  <testcase classname="webAutoQueue.Immunization" name="clickPatient" time="10.092"/>
  <system-out/>
  <testcase classname="webAutoQueue.Immunization" name="HealthProfile" time="19.290"/>
  <system-out/>
</testsuite> <!-- webAutoQueue.Immunization -->
