<?xml version="1.0" encoding="UTF-8"?>
<!-- Generated by org.testng.reporters.JUnitReportReporter -->
<testsuite hostname="CopiousCare" failures="0" tests="43" name="pivotalApplication.LMPAddPivo" time="267.526" errors="0" timestamp="2024-04-12T14:43:14 IST" skipped="0">
  <testcase classname="pivotalApplication.LMPAddPivo" name="NumberField" time="1.265"/>
  <system-out/>
  <testcase classname="pivotalApplication.LMPAddPivo" name="IAgree" time="2.096"/>
  <system-out/>
  <testcase classname="pivotalApplication.LMPAddPivo" name="proceedButton" time="2.423"/>
  <system-out/>
  <testcase classname="pivotalApplication.LMPAddPivo" name="OTP" time="10.923"/>
  <system-out/>
  <testcase classname="pivotalApplication.LMPAddPivo" name="submit" time="11.138"/>
  <system-out/>
  <testcase classname="pivotalApplication.LMPAddPivo" name="Createptient" time="4.475"/>
  <system-out/>
  <testcase classname="pivotalApplication.LMPAddPivo" name="Neweptient" time="12.356"/>
  <system-out/>
  <testcase classname="pivotalApplication.LMPAddPivo" name="Close" time="5.203"/>
  <system-out/>
  <testcase classname="pivotalApplication.LMPAddPivo" name="MobileNumber1" time="2.527"/>
  <system-out/>
  <testcase classname="pivotalApplication.LMPAddPivo" name="confirm" time="4.598"/>
  <system-out/>
  <testcase classname="pivotalApplication.LMPAddPivo" name="confirmPopup" time="6.325"/>
  <system-out/>
  <testcase classname="pivotalApplication.LMPAddPivo" name="AdditionalNumber1" time="3.116"/>
  <system-out/>
  <testcase classname="pivotalApplication.LMPAddPivo" name="FirstName" time="4.994"/>
  <system-out/>
  <testcase classname="pivotalApplication.LMPAddPivo" name="MiddleName" time="5.199"/>
  <system-out/>
  <testcase classname="pivotalApplication.LMPAddPivo" name="LastName" time="4.460"/>
  <system-out/>
  <testcase classname="pivotalApplication.LMPAddPivo" name="Age" time="0.983"/>
  <system-out/>
  <testcase classname="pivotalApplication.LMPAddPivo" name="GenFemale" time="4.499"/>
  <system-out/>
  <testcase classname="pivotalApplication.LMPAddPivo" name="Address" time="2.961"/>
  <system-out/>
  <testcase classname="pivotalApplication.LMPAddPivo" name="Area" time="2.963"/>
  <system-out/>
  <testcase classname="pivotalApplication.LMPAddPivo" name="City" time="2.957"/>
  <system-out/>
  <testcase classname="pivotalApplication.LMPAddPivo" name="PinCode" time="2.958"/>
  <system-out/>
  <testcase classname="pivotalApplication.LMPAddPivo" name="Next" time="15.478"/>
  <system-out/>
  <testcase classname="pivotalApplication.LMPAddPivo" name="AddVital" time="5.344"/>
  <system-out/>
  <testcase classname="pivotalApplication.LMPAddPivo" name="Continue" time="5.276"/>
  <system-out/>
  <testcase classname="pivotalApplication.LMPAddPivo" name="weight" time="0.401"/>
  <system-out/>
  <testcase classname="pivotalApplication.LMPAddPivo" name="Height" time="6.039"/>
  <system-out/>
  <testcase classname="pivotalApplication.LMPAddPivo" name="Temperature" time="5.887"/>
  <system-out/>
  <testcase classname="pivotalApplication.LMPAddPivo" name="SPO2" time="5.920"/>
  <system-out/>
  <testcase classname="pivotalApplication.LMPAddPivo" name="LMPDate" time="16.801"/>
  <system-out/>
  <testcase classname="pivotalApplication.LMPAddPivo" name="UpArrow" time="10.840"/>
  <system-out/>
  <testcase classname="pivotalApplication.LMPAddPivo" name="BPSYS" time="5.794"/>
  <system-out/>
  <testcase classname="pivotalApplication.LMPAddPivo" name="BPDIA" time="5.849"/>
  <system-out/>
  <testcase classname="pivotalApplication.LMPAddPivo" name="HeartRate" time="6.725"/>
  <system-out/>
  <testcase classname="pivotalApplication.LMPAddPivo" name="Pulse" time="16.506"/>
  <system-out/>
  <testcase classname="pivotalApplication.LMPAddPivo" name="BloodSugar" time="5.794"/>
  <system-out/>
  <testcase classname="pivotalApplication.LMPAddPivo" name="BloodSugarf" time="5.772"/>
  <system-out/>
  <testcase classname="pivotalApplication.LMPAddPivo" name="BloodSugarPP" time="5.747"/>
  <system-out/>
  <testcase classname="pivotalApplication.LMPAddPivo" name="BloodSugarHB" time="16.389"/>
  <system-out/>
  <testcase classname="pivotalApplication.LMPAddPivo" name="CholesterolHDL" time="5.781"/>
  <system-out/>
  <testcase classname="pivotalApplication.LMPAddPivo" name="CholesterolLDL" time="5.807"/>
  <system-out/>
  <testcase classname="pivotalApplication.LMPAddPivo" name="TotalCholesterol" time="5.784"/>
  <system-out/>
  <testcase classname="pivotalApplication.LMPAddPivo" name="Triglycerides" time="5.786"/>
  <system-out/>
  <testcase classname="pivotalApplication.LMPAddPivo" name="Save" time="5.387"/>
  <system-out/>
</testsuite> <!-- pivotalApplication.LMPAddPivo -->
