<?xml version="1.0" encoding="UTF-8"?>
<!-- Generated by org.testng.reporters.JUnitReportReporter -->
<testsuite hostname="DESKTOP-VQLLA2K" failures="0" tests="28" name="webAuto.AddVitalWeb" time="203.862" errors="0" timestamp="2024-01-08T10:26:34 IST" skipped="0">
  <testcase classname="webAuto.AddVitalWeb" name="numberField" time="0.333"/>
  <testcase classname="webAuto.AddVitalWeb" name="sendOTP" time="12.313"/>
  <testcase classname="webAuto.AddVitalWeb" name="verifyButton" time="10.212"/>
  <testcase classname="webAuto.AddVitalWeb" name="createPatient" time="19.379"/>
  <testcase classname="webAuto.AddVitalWeb" name="Number1" time="1.119"/>
  <testcase classname="webAuto.AddVitalWeb" name="confirm" time="2.900"/>
  <testcase classname="webAuto.AddVitalWeb" name="number2" time="0.737"/>
  <testcase classname="webAuto.AddVitalWeb" name="firstName" time="0.582"/>
  <testcase classname="webAuto.AddVitalWeb" name="middleName" time="0.421"/>
  <testcase classname="webAuto.AddVitalWeb" name="lastName" time="0.419"/>
  <testcase classname="webAuto.AddVitalWeb" name="birthDate" time="0.730"/>
  <testcase classname="webAuto.AddVitalWeb" name="genFemale" time="0.243"/>
  <testcase classname="webAuto.AddVitalWeb" name="address" time="0.526"/>
  <testcase classname="webAuto.AddVitalWeb" name="locality" time="0.546"/>
  <testcase classname="webAuto.AddVitalWeb" name="city" time="0.416"/>
  <testcase classname="webAuto.AddVitalWeb" name="pinCode" time="0.516"/>
  <testcase classname="webAuto.AddVitalWeb" name="proceedWithSameRMN" time="0.486"/>
  <testcase classname="webAuto.AddVitalWeb" name="nextButton" time="15.248"/>
  <testcase classname="webAuto.AddVitalWeb" name="clickClose" time="1.265"/>
  <testcase classname="webAuto.AddVitalWeb" name="fillVitalForm" time="18.221"/>
  <testcase classname="webAuto.AddVitalWeb" name="fillHealthProfile" time="13.804"/>
  <testcase classname="webAuto.AddVitalWeb" name="fillFamilyProfile" time="18.626"/>
  <testcase classname="webAuto.AddVitalWeb" name="GoHome" time="0.805"/>
  <testcase classname="webAuto.AddVitalWeb" name="searchBar2" time="20.142"/>
  <testcase classname="webAuto.AddVitalWeb" name="AdVitals" time="12.481"/>
  <testcase classname="webAuto.AddVitalWeb" name="AdBpandHeartOption" time="16.750"/>
  <testcase classname="webAuto.AddVitalWeb" name="AdBloodAndAnalysis" time="17.117"/>
  <testcase classname="webAuto.AddVitalWeb" name="AdLipidProfile" time="17.525"/>
</testsuite> <!-- webAuto.AddVitalWeb -->
