<?xml version="1.0" encoding="UTF-8"?>
<!-- Generated by org.testng.reporters.JUnitReportReporter -->
<testsuite hostname="CopiousCare" failures="0" tests="13" name="pivotalApplicationNegative.NBookAppointment" time="71.130" errors="0" timestamp="2024-08-05T12:07:34 IST" skipped="0">
  <testcase classname="pivotalApplicationNegative.NBookAppointment" name="NumberField" time="1.370"/>
  <system-out/>
  <testcase classname="pivotalApplicationNegative.NBookAppointment" name="BfSuite" time="0.642"/>
  <system-out/>
  <testcase classname="pivotalApplicationNegative.NBookAppointment" name="IAgree" time="2.042"/>
  <system-out/>
  <testcase classname="pivotalApplicationNegative.NBookAppointment" name="proceedButton" time="2.328"/>
  <system-out/>
  <testcase classname="pivotalApplicationNegative.NBookAppointment" name="OTP" time="12.033"/>
  <system-out/>
  <testcase classname="pivotalApplicationNegative.NBookAppointment" name="submit" time="7.835"/>
  <system-out/>
  <testcase classname="pivotalApplicationNegative.NBookAppointment" name="Search" time="8.203"/>
  <system-out/>
  <testcase classname="pivotalApplicationNegative.NBookAppointment" name="Appointment" time="11.567"/>
  <system-out/>
  <testcase classname="pivotalApplicationNegative.NBookAppointment" name="SlotTime" time="5.339"/>
  <system-out/>
  <testcase classname="pivotalApplicationNegative.NBookAppointment" name="Time" time="2.370"/>
  <system-out/>
  <testcase classname="pivotalApplicationNegative.NBookAppointment" name="SlotBook" time="2.799"/>
  <system-out/>
  <testcase classname="pivotalApplicationNegative.NBookAppointment" name="Book" time="7.374"/>
  <system-out/>
  <testcase classname="pivotalApplicationNegative.NBookAppointment" name="AppointmentBookedPopup" time="7.228"/>
  <system-out/>
</testsuite> <!-- pivotalApplicationNegative.NBookAppointment -->
