<?xml version="1.0" encoding="UTF-8"?>
<!-- Generated by org.testng.reporters.JUnitReportReporter -->
<testsuite hostname="CopiousCare" failures="0" tests="15" name="pivotalApplication.SpecialSituationVaccine" time="78.224" errors="0" timestamp="2024-04-16T11:34:55 IST" skipped="0">
  <testcase classname="pivotalApplication.SpecialSituationVaccine" name="BfSuite" time="1.361"/>
  <system-out/>
  <testcase classname="pivotalApplication.SpecialSituationVaccine" name="NumberField" time="1.178"/>
  <system-out/>
  <testcase classname="pivotalApplication.SpecialSituationVaccine" name="IAgree" time="2.128"/>
  <system-out/>
  <testcase classname="pivotalApplication.SpecialSituationVaccine" name="proceedButton" time="2.362"/>
  <system-out/>
  <testcase classname="pivotalApplication.SpecialSituationVaccine" name="OTP" time="10.882"/>
  <system-out/>
  <testcase classname="pivotalApplication.SpecialSituationVaccine" name="submit" time="13.173"/>
  <system-out/>
  <testcase classname="pivotalApplication.SpecialSituationVaccine" name="Search" time="8.057"/>
  <system-out/>
  <testcase classname="pivotalApplication.SpecialSituationVaccine" name="ClickPatient" time="3.094"/>
  <system-out/>
  <testcase classname="pivotalApplication.SpecialSituationVaccine" name="SpecialVaccine" time="19.128"/>
  <system-out/>
  <testcase classname="pivotalApplication.SpecialSituationVaccine" name="AdministeredDate" time="5.269"/>
  <system-out/>
  <testcase classname="pivotalApplication.SpecialSituationVaccine" name="PopUpOk" time="2.389"/>
  <system-out/>
  <testcase classname="pivotalApplication.SpecialSituationVaccine" name="VaccineDropdown" time="2.273"/>
  <system-out/>
  <testcase classname="pivotalApplication.SpecialSituationVaccine" name="CholeraVaccine" time="2.319"/>
  <system-out/>
  <testcase classname="pivotalApplication.SpecialSituationVaccine" name="Submit" time="2.331"/>
  <system-out/>
  <testcase classname="pivotalApplication.SpecialSituationVaccine" name="VaccinationOk" time="2.280"/>
  <system-out/>
</testsuite> <!-- pivotalApplication.SpecialSituationVaccine -->
