<?xml version="1.0" encoding="UTF-8"?>
<!-- Generated by org.testng.reporters.JUnitReportReporter -->
<testsuite hostname="CopiousCare" failures="0" tests="7" name="healthApp.HealthLogout" time="62.365" errors="0" timestamp="2024-04-25T16:27:18 IST" skipped="0">
  <testcase classname="healthApp.HealthLogout" name="NumberField" time="11.839"/>
  <system-out/>
  <testcase classname="healthApp.HealthLogout" name="BfSuite" time="0.640"/>
  <system-out/>
  <testcase classname="healthApp.HealthLogout" name="IAgree" time="2.132"/>
  <system-out/>
  <testcase classname="healthApp.HealthLogout" name="proceedButton" time="5.278"/>
  <system-out/>
  <testcase classname="healthApp.HealthLogout" name="OTP" time="16.635"/>
  <system-out/>
  <testcase classname="healthApp.HealthLogout" name="Verify" time="2.473"/>
  <system-out/>
  <testcase classname="healthApp.HealthLogout" name="menu" time="23.368"/>
  <system-out/>
</testsuite> <!-- healthApp.HealthLogout -->
