<?xml version="1.0" encoding="UTF-8"?>
<!-- Generated by org.testng.reporters.JUnitReportReporter -->
<testsuite hostname="CopiousCare" failures="0" tests="8" name="webAutoQueue.ViewInvestigationReportInAllDocQ" time="57.510" errors="0" timestamp="2024-04-29T15:36:21 IST" skipped="0">
  <testcase classname="webAutoQueue.ViewInvestigationReportInAllDocQ" name="numberField" time="0.129"/>
  <system-out/>
  <testcase classname="webAutoQueue.ViewInvestigationReportInAllDocQ" name="sendOTP" time="7.565"/>
  <system-out/>
  <testcase classname="webAutoQueue.ViewInvestigationReportInAllDocQ" name="verifyButton" time="10.062"/>
  <system-out/>
  <testcase classname="webAutoQueue.ViewInvestigationReportInAllDocQ" name="searchBar" time="0.371"/>
  <system-out/>
  <testcase classname="webAutoQueue.ViewInvestigationReportInAllDocQ" name="searchOpt" time="3.079"/>
  <system-out/>
  <testcase classname="webAutoQueue.ViewInvestigationReportInAllDocQ" name="clickPatient" time="10.158"/>
  <system-out/>
  <testcase classname="webAutoQueue.ViewInvestigationReportInAllDocQ" name="Document" time="0.091"/>
  <system-out/>
  <testcase classname="webAutoQueue.ViewInvestigationReportInAllDocQ" name="AllDocuments" time="26.055"/>
  <system-out/>
</testsuite> <!-- webAutoQueue.ViewInvestigationReportInAllDocQ -->
