<?xml version="1.0" encoding="UTF-8"?>
<!-- Generated by org.testng.reporters.JUnitReportReporter -->
<testsuite hostname="DESKTOP-VQLLA2K" failures="0" tests="44" name="pivotalApplication.LMPAddPivo" time="256.595" errors="1" timestamp="2023-12-26T13:10:23 IST" skipped="0">
  <testcase classname="pivotalApplication.LMPAddPivo" name="NumberField" time="0.792"/>
  <testcase classname="pivotalApplication.LMPAddPivo" name="BfSuite" time="3.451"/>
  <testcase classname="pivotalApplication.LMPAddPivo" name="IAgree" time="2.139"/>
  <testcase classname="pivotalApplication.LMPAddPivo" name="proceedButton" time="2.403"/>
  <testcase classname="pivotalApplication.LMPAddPivo" name="OTP" time="11.349"/>
  <testcase classname="pivotalApplication.LMPAddPivo" name="submit" time="6.086"/>
  <testcase classname="pivotalApplication.LMPAddPivo" name="Createptient" time="4.460"/>
  <testcase classname="pivotalApplication.LMPAddPivo" name="Neweptient" time="12.290"/>
  <testcase classname="pivotalApplication.LMPAddPivo" name="Close" time="5.092"/>
  <testcase classname="pivotalApplication.LMPAddPivo" name="MobileNumber1" time="3.031"/>
  <testcase classname="pivotalApplication.LMPAddPivo" name="confirm" time="5.106"/>
  <testcase classname="pivotalApplication.LMPAddPivo" name="confirmPopup" time="7.006"/>
  <testcase classname="pivotalApplication.LMPAddPivo" name="AdditionalNumber1" time="3.065"/>
  <testcase classname="pivotalApplication.LMPAddPivo" name="FirstName" time="4.982"/>
  <testcase classname="pivotalApplication.LMPAddPivo" name="MiddleName" time="4.931"/>
  <testcase classname="pivotalApplication.LMPAddPivo" name="LastName" time="4.937"/>
  <testcase classname="pivotalApplication.LMPAddPivo" name="Age" time="0.898"/>
  <testcase classname="pivotalApplication.LMPAddPivo" name="GenFemale" time="4.432"/>
  <testcase classname="pivotalApplication.LMPAddPivo" name="Address" time="2.910"/>
  <testcase classname="pivotalApplication.LMPAddPivo" name="Area" time="3.846"/>
  <testcase classname="pivotalApplication.LMPAddPivo" name="City" time="2.898"/>
  <testcase classname="pivotalApplication.LMPAddPivo" name="PinCode" time="2.915"/>
  <testcase classname="pivotalApplication.LMPAddPivo" name="Next" time="15.417"/>
  <testcase classname="pivotalApplication.LMPAddPivo" name="AddVital" time="5.813"/>
  <testcase classname="pivotalApplication.LMPAddPivo" name="Continue" time="5.233"/>
  <testcase classname="pivotalApplication.LMPAddPivo" name="weight" time="0.296"/>
  <testcase classname="pivotalApplication.LMPAddPivo" name="Height" time="6.006"/>
  <testcase classname="pivotalApplication.LMPAddPivo" name="Temperature" time="5.837"/>
  <testcase classname="pivotalApplication.LMPAddPivo" name="SPO2" time="5.821"/>
  <testcase classname="pivotalApplication.LMPAddPivo" name="LMPDate" time="16.652"/>
  <testcase classname="pivotalApplication.LMPAddPivo" name="UpArrow" time="10.704"/>
  <testcase classname="pivotalApplication.LMPAddPivo" name="BPSYS" time="5.753"/>
  <testcase classname="pivotalApplication.LMPAddPivo" name="BPDIA" time="5.293"/>
  <testcase classname="pivotalApplication.LMPAddPivo" name="HeartRate" time="6.774"/>
  <testcase classname="pivotalApplication.LMPAddPivo" name="Pulse" time="16.415"/>
  <testcase classname="pivotalApplication.LMPAddPivo" name="BloodSugar" time="5.746"/>
  <testcase classname="pivotalApplication.LMPAddPivo" name="BloodSugarf" time="5.792"/>
  <testcase classname="pivotalApplication.LMPAddPivo" name="BloodSugarPP" time="5.771"/>
  <testcase classname="pivotalApplication.LMPAddPivo" name="BloodSugarHB" time="11.385"/>
  <testcase classname="pivotalApplication.LMPAddPivo" name="CholesterolHDL" time="0.163">
    <error message="Index 0 out of bounds for length 0" type="java.lang.IndexOutOfBoundsException">
      <![CDATA[java.lang.IndexOutOfBoundsException: Index 0 out of bounds for length 0
at java.base/jdk.internal.util.Preconditions.outOfBounds(Preconditions.java:64)
at java.base/jdk.internal.util.Preconditions.outOfBoundsCheckIndex(Preconditions.java:70)
at java.base/jdk.internal.util.Preconditions.checkIndex(Preconditions.java:266)
at java.base/java.util.Objects.checkIndex(Objects.java:359)
at java.base/java.util.ArrayList.get(ArrayList.java:427)
at pivotalApplication.LMPAddPivo.CholesterolHDL(LMPAddPivo.java:602)
at java.base/jdk.internal.reflect.NativeMethodAccessorImpl.invoke0(Native Method)
at java.base/jdk.internal.reflect.NativeMethodAccessorImpl.invoke(NativeMethodAccessorImpl.java:77)
at java.base/jdk.internal.reflect.DelegatingMethodAccessorImpl.invoke(DelegatingMethodAccessorImpl.java:43)
at java.base/java.lang.reflect.Method.invoke(Method.java:568)
at org.testng.internal.invokers.MethodInvocationHelper.invokeMethod(MethodInvocationHelper.java:139)
at org.testng.internal.invokers.TestInvoker.invokeMethod(TestInvoker.java:664)
at org.testng.internal.invokers.TestInvoker.invokeTestMethod(TestInvoker.java:227)
at org.testng.internal.invokers.MethodRunner.runInSequence(MethodRunner.java:50)
at org.testng.internal.invokers.TestInvoker$MethodInvocationAgent.invoke(TestInvoker.java:957)
at org.testng.internal.invokers.TestInvoker.invokeTestMethods(TestInvoker.java:200)
at org.testng.internal.invokers.TestMethodWorker.invokeTestMethods(TestMethodWorker.java:148)
at org.testng.internal.invokers.TestMethodWorker.run(TestMethodWorker.java:128)
at java.base/java.util.ArrayList.forEach(ArrayList.java:1511)
at org.testng.TestRunner.privateRun(TestRunner.java:848)
at org.testng.TestRunner.run(TestRunner.java:621)
at org.testng.SuiteRunner.runTest(SuiteRunner.java:443)
at org.testng.SuiteRunner.runSequentially(SuiteRunner.java:437)
at org.testng.SuiteRunner.privateRun(SuiteRunner.java:397)
at org.testng.SuiteRunner.run(SuiteRunner.java:336)
at org.testng.SuiteRunnerWorker.runSuite(SuiteRunnerWorker.java:52)
at org.testng.SuiteRunnerWorker.run(SuiteRunnerWorker.java:95)
at org.testng.TestNG.runSuitesSequentially(TestNG.java:1280)
at org.testng.TestNG.runSuitesLocally(TestNG.java:1200)
at org.testng.TestNG.runSuites(TestNG.java:1114)
at org.testng.TestNG.run(TestNG.java:1082)
at org.testng.remote.AbstractRemoteTestNG.run(AbstractRemoteTestNG.java:115)
at org.testng.remote.RemoteTestNG.initAndRun(RemoteTestNG.java:251)
at org.testng.remote.RemoteTestNG.main(RemoteTestNG.java:77)
]]>
    </error>
  </testcase> <!-- CholesterolHDL -->
  <testcase classname="pivotalApplication.LMPAddPivo" name="CholesterolLDL" time="5.786"/>
  <testcase classname="pivotalApplication.LMPAddPivo" name="TotalCholesterol" time="5.799"/>
  <testcase classname="pivotalApplication.LMPAddPivo" name="Triglycerides" time="5.732"/>
  <testcase classname="pivotalApplication.LMPAddPivo" name="Save" time="5.388"/>
</testsuite> <!-- pivotalApplication.LMPAddPivo -->
