<?xml version="1.0" encoding="UTF-8"?>
<!-- Generated by org.testng.reporters.JUnitReportReporter -->
<testsuite hostname="DESKTOP-VQLLA2K" failures="0" tests="106" name="pivotalApplication.PivoFin2" time="1087.743" errors="0" timestamp="2024-01-15T10:41:21 IST" skipped="8">
  <testcase classname="pivotalApplication.PivoFin2" name="InvestigationClick" time="3.144"/>
  <testcase classname="pivotalApplication.PivoFin2" name="NewRequisition" time="2.355"/>
  <testcase classname="pivotalApplication.PivoFin2" name="Covid19" time="6.130"/>
  <testcase classname="pivotalApplication.PivoFin2" name="packages" time="2.696"/>
  <testcase classname="pivotalApplication.PivoFin2" name="Feverpanel" time="2.439"/>
  <testcase classname="pivotalApplication.PivoFin2" name="SelectTests" time="2.547"/>
  <testcase classname="pivotalApplication.PivoFin2" name="CreateRquisition" time="2.368"/>
  <testcase classname="pivotalApplication.PivoFin2" name="RquisitionDownloadclose" time="2.383"/>
  <testcase classname="pivotalApplication.PivoFin2" name="ReportClick" time="2.500"/>
  <testcase classname="pivotalApplication.PivoFin2" name="UploadReport" time="2.318"/>
  <testcase classname="pivotalApplication.PivoFin2" name="CreatedBy2" time="2.827"/>
  <testcase classname="pivotalApplication.PivoFin2" name="DocumentOn2" time="2.249"/>
  <testcase classname="pivotalApplication.PivoFin2" name="popUpOk2" time="2.301"/>
  <testcase classname="pivotalApplication.PivoFin2" name="Camera2" time="20.000"/>
  <testcase classname="pivotalApplication.PivoFin2" name="UploadCam2" time="2.353"/>
  <testcase classname="pivotalApplication.PivoFin2" name="UploadCamOk2" time="2.796"/>
  <testcase classname="pivotalApplication.PivoFin2" name="Transscript1" time="5.330"/>
  <testcase classname="pivotalApplication.PivoFin2" name="CreatedBy3" time="2.796"/>
  <testcase classname="pivotalApplication.PivoFin2" name="DocumentOn3" time="2.263"/>
  <testcase classname="pivotalApplication.PivoFin2" name="popUpOk3" time="2.318"/>
  <testcase classname="pivotalApplication.PivoFin2" name="Gallery3" time="2.310"/>
  <testcase classname="pivotalApplication.PivoFin2" name="photo3" time="10.329"/>
  <testcase classname="pivotalApplication.PivoFin2" name="Upload3" time="2.355"/>
  <testcase classname="pivotalApplication.PivoFin2" name="UploadOk3" time="9.772"/>
  <testcase classname="pivotalApplication.PivoFin2" name="RffralCreation" time="2.602"/>
  <testcase classname="pivotalApplication.PivoFin2" name="DrName" time="2.750"/>
  <testcase classname="pivotalApplication.PivoFin2" name="DrEmail" time="2.269"/>
  <testcase classname="pivotalApplication.PivoFin2" name="DrMobNumber" time="2.768"/>
  <testcase classname="pivotalApplication.PivoFin2" name="HealthCondition" time="2.843"/>
  <testcase classname="pivotalApplication.PivoFin2" name="Duration" time="2.791"/>
  <testcase classname="pivotalApplication.PivoFin2" name="Speciality" time="7.575"/>
  <testcase classname="pivotalApplication.PivoFin2" name="preview" time="2.340"/>
  <testcase classname="pivotalApplication.PivoFin2" name="Save" time="15.302"/>
  <testcase classname="pivotalApplication.PivoFin2" name="UploadDocuments" time="54.371"/>
  <testcase classname="pivotalApplication.PivoFin2" name="DocumentsDropDown" time="5.262"/>
  <testcase classname="pivotalApplication.PivoFin2" name="DischargeSummary" time="2.257"/>
  <testcase classname="pivotalApplication.PivoFin2" name="CreatedBy" time="2.813"/>
  <testcase classname="pivotalApplication.PivoFin2" name="DocumentOn" time="2.227"/>
  <testcase classname="pivotalApplication.PivoFin2" name="popUpOk" time="2.281"/>
  <testcase classname="pivotalApplication.PivoFin2" name="Camera" time="12.914"/>
  <testcase classname="pivotalApplication.PivoFin2" name="UploadCam" time="2.291"/>
  <testcase classname="pivotalApplication.PivoFin2" name="UploadCamOk" time="10.757"/>
  <testcase classname="pivotalApplication.PivoFin2" name="UploadDocuments1" time="5.473"/>
  <testcase classname="pivotalApplication.PivoFin2" name="DocumentsDropDown1" time="5.228"/>
  <testcase classname="pivotalApplication.PivoFin2" name="DischargeSummary1" time="2.267"/>
  <testcase classname="pivotalApplication.PivoFin2" name="CreatedBy1" time="2.253"/>
  <testcase classname="pivotalApplication.PivoFin2" name="DocumentOn1" time="2.248"/>
  <testcase classname="pivotalApplication.PivoFin2" name="popUpOk1" time="2.295"/>
  <testcase classname="pivotalApplication.PivoFin2" name="Gallery" time="2.283"/>
  <testcase classname="pivotalApplication.PivoFin2" name="photo" time="10.290"/>
  <testcase classname="pivotalApplication.PivoFin2" name="Upload" time="2.332"/>
  <testcase classname="pivotalApplication.PivoFin2" name="UploadOk" time="2.213"/>
  <testcase classname="pivotalApplication.PivoFin2" name="SpecialVaccine" time="17.963"/>
  <testcase classname="pivotalApplication.PivoFin2" name="AdministeredDate" time="5.186"/>
  <testcase classname="pivotalApplication.PivoFin2" name="PopUpOk" time="2.280"/>
  <testcase classname="pivotalApplication.PivoFin2" name="VaccineDropdown" time="2.215"/>
  <testcase classname="pivotalApplication.PivoFin2" name="CholeraVaccine" time="2.216"/>
  <testcase classname="pivotalApplication.PivoFin2" name="Submit" time="2.281"/>
  <testcase classname="pivotalApplication.PivoFin2" name="VaccinationOk" time="2.740"/>
  <testcase classname="pivotalApplication.PivoFin2" name="LinkPatient" time="17.601"/>
  <testcase classname="pivotalApplication.PivoFin2" name="DrMobileNumber" time="10.170"/>
  <testcase classname="pivotalApplication.PivoFin2" name="SearchDr" time="17.167"/>
  <testcase classname="pivotalApplication.PivoFin2" name="Link" time="15.227"/>
  <testcase classname="pivotalApplication.PivoFin2" name="Reciept" time="17.651"/>
  <testcase classname="pivotalApplication.PivoFin2" name="AddNewReceipt" time="10.264"/>
  <testcase classname="pivotalApplication.PivoFin2" name="ReceiptNo" time="7.889"/>
  <testcase classname="pivotalApplication.PivoFin2" name="Consultation" time="4.799"/>
  <testcase classname="pivotalApplication.PivoFin2" name="Vaccination" time="4.849"/>
  <testcase classname="pivotalApplication.PivoFin2" name="OtherReasons" time="4.827"/>
  <testcase classname="pivotalApplication.PivoFin2" name="Addmore" time="4.435"/>
  <testcase classname="pivotalApplication.PivoFin2" name="Preview" time="35.354"/>
  <testcase classname="pivotalApplication.PivoFin2" name="PayerName" time="2.702"/>
  <testcase classname="pivotalApplication.PivoFin2" name="CreateReceipt" time="27.150"/>
  <testcase classname="pivotalApplication.PivoFin2" name="Certificate" time="41.444"/>
  <testcase classname="pivotalApplication.PivoFin2" name="CertificateDropdown" time="22.236"/>
  <testcase classname="pivotalApplication.PivoFin2" name="CertificateType" time="22.263"/>
  <testcase classname="pivotalApplication.PivoFin2" name="Speciality1" time="32.314"/>
  <testcase classname="pivotalApplication.PivoFin2" name="SpecialitySelect" time="37.210"/>
  <testcase classname="pivotalApplication.PivoFin2" name="Preview1" time="12.318"/>
  <testcase classname="pivotalApplication.PivoFin2" name="Printclose" time="17.460"/>
  <testcase classname="pivotalApplication.PivoFin2" name="ClickHistory" time="6.504"/>
  <testcase classname="pivotalApplication.PivoFin2" name="ViewDocument" time="2.422"/>
  <testcase classname="pivotalApplication.PivoFin2" name="close1" time="10.196"/>
  <testcase classname="pivotalApplication.PivoFin2" name="ViewReceipts" time="12.533"/>
  <testcase classname="pivotalApplication.PivoFin2" name="close2" time="12.236"/>
  <testcase classname="pivotalApplication.PivoFin2" name="ViewReferal" time="10.561"/>
  <testcase classname="pivotalApplication.PivoFin2" name="close4" time="54.929"/>
  <testcase classname="pivotalApplication.PivoFin2" name="PatientList" time="34.240"/>
  <testcase classname="pivotalApplication.PivoFin2" name="Appointments" time="10.554"/>
  <testcase classname="pivotalApplication.PivoFin2" name="Prescription" time="41.896"/>
  <testcase classname="pivotalApplication.PivoFin2" name="Reports" time="47.423"/>
  <testcase classname="pivotalApplication.PivoFin2" name="Referrals" time="45.843"/>
  <testcase classname="pivotalApplication.PivoFin2" name="VaccineInStore" time="21.953"/>
  <testcase classname="pivotalApplication.PivoFin2" name="ViewReports" time="48.907"/>
  <testcase classname="pivotalApplication.PivoFin2" name="MyNotes" time="26.009"/>
  <testcase classname="pivotalApplication.PivoFin2" name="ShareHealth" time="12.014"/>
  <testcase classname="pivotalApplication.PivoFin2" name="WhatsNew" time="10.488"/>
  <testcase classname="pivotalApplication.PivoFin2" name="DashboardData" time="6.650"/>
  <testcase classname="pivotalApplication.PivoFin2" name="NumberField">
    <skipped/>
  </testcase> <!-- NumberField -->
  <testcase classname="pivotalApplication.PivoFin2" name="Search">
    <skipped/>
  </testcase> <!-- Search -->
  <testcase classname="pivotalApplication.PivoFin2" name="submit">
    <skipped/>
  </testcase> <!-- submit -->
  <testcase classname="pivotalApplication.PivoFin2" name="HealthApp">
    <skipped/>
  </testcase> <!-- HealthApp -->
  <testcase classname="pivotalApplication.PivoFin2" name="proceedButton">
    <skipped/>
  </testcase> <!-- proceedButton -->
  <testcase classname="pivotalApplication.PivoFin2" name="OTP">
    <skipped/>
  </testcase> <!-- OTP -->
  <testcase classname="pivotalApplication.PivoFin2" name="ClickPatient1">
    <skipped/>
  </testcase> <!-- ClickPatient1 -->
  <testcase classname="pivotalApplication.PivoFin2" name="IAgree">
    <skipped/>
  </testcase> <!-- IAgree -->
</testsuite> <!-- pivotalApplication.PivoFin2 -->
