<?xml version="1.0" encoding="UTF-8"?>
<!-- Generated by org.testng.reporters.JUnitReportReporter -->
<testsuite hostname="CopiousCare" failures="0" tests="8" name="webAutoQueue.ViewReceiptInAllDoc" time="58.282" errors="0" timestamp="2024-04-29T15:39:53 IST" skipped="0">
  <testcase classname="webAutoQueue.ViewReceiptInAllDoc" name="numberField" time="0.112"/>
  <system-out/>
  <testcase classname="webAutoQueue.ViewReceiptInAllDoc" name="sendOTP" time="8.476"/>
  <system-out/>
  <testcase classname="webAutoQueue.ViewReceiptInAllDoc" name="verifyButton" time="10.077"/>
  <system-out/>
  <testcase classname="webAutoQueue.ViewReceiptInAllDoc" name="searchBar" time="0.391"/>
  <system-out/>
  <testcase classname="webAutoQueue.ViewReceiptInAllDoc" name="searchOpt" time="3.075"/>
  <system-out/>
  <testcase classname="webAutoQueue.ViewReceiptInAllDoc" name="clickPatient" time="10.148"/>
  <system-out/>
  <testcase classname="webAutoQueue.ViewReceiptInAllDoc" name="Document" time="0.081"/>
  <system-out/>
  <testcase classname="webAutoQueue.ViewReceiptInAllDoc" name="AllDocuments" time="25.922"/>
  <system-out/>
</testsuite> <!-- webAutoQueue.ViewReceiptInAllDoc -->
