<?xml version="1.0" encoding="UTF-8"?>
<!-- Generated by org.testng.reporters.JUnitReportReporter -->
<testsuite hostname="DESKTOP-VQLLA2K" failures="0" tests="83" name="healthApp.HealthEndToEndScript" time="666.587" errors="0" timestamp="2024-01-03T12:06:18 IST" skipped="0">
  <testcase classname="healthApp.HealthEndToEndScript" name="NumberField" time="16.191"/>
  <testcase classname="healthApp.HealthEndToEndScript" name="BfSuite" time="3.776"/>
  <testcase classname="healthApp.HealthEndToEndScript" name="IAgree" time="2.113"/>
  <testcase classname="healthApp.HealthEndToEndScript" name="proceedButton" time="5.288"/>
  <testcase classname="healthApp.HealthEndToEndScript" name="OTP" time="16.081"/>
  <testcase classname="healthApp.HealthEndToEndScript" name="Verify" time="15.738"/>
  <testcase classname="healthApp.HealthEndToEndScript" name="Family" time="5.906"/>
  <testcase classname="healthApp.HealthEndToEndScript" name="AddFamilyMember" time="6.729"/>
  <testcase classname="healthApp.HealthEndToEndScript" name="FirstName" time="5.434"/>
  <testcase classname="healthApp.HealthEndToEndScript" name="MiddleName" time="5.878"/>
  <testcase classname="healthApp.HealthEndToEndScript" name="Birthdate" time="10.707"/>
  <testcase classname="healthApp.HealthEndToEndScript" name="Male" time="5.397"/>
  <testcase classname="healthApp.HealthEndToEndScript" name="SaveAndNext" time="10.664"/>
  <testcase classname="healthApp.HealthEndToEndScript" name="SelectClick" time="6.624"/>
  <testcase classname="healthApp.HealthEndToEndScript" name="SelectOther" time="5.510"/>
  <testcase classname="healthApp.HealthEndToEndScript" name="Next" time="6.113"/>
  <testcase classname="healthApp.HealthEndToEndScript" name="LinkDr" time="2.628"/>
  <testcase classname="healthApp.HealthEndToEndScript" name="AddtionalInformation" time="1.959"/>
  <testcase classname="healthApp.HealthEndToEndScript" name="MedicalConditionAdd" time="3.718"/>
  <testcase classname="healthApp.HealthEndToEndScript" name="MedicalConditionSelect" time="3.581"/>
  <testcase classname="healthApp.HealthEndToEndScript" name="AddMedicalCondition" time="2.436"/>
  <testcase classname="healthApp.HealthEndToEndScript" name="Allergies" time="2.858"/>
  <testcase classname="healthApp.HealthEndToEndScript" name="Reactions" time="2.362"/>
  <testcase classname="healthApp.HealthEndToEndScript" name="RecurringComplaints" time="2.821"/>
  <testcase classname="healthApp.HealthEndToEndScript" name="HospitalizationHistory" time="2.846"/>
  <testcase classname="healthApp.HealthEndToEndScript" name="HealthHistory" time="2.382"/>
  <testcase classname="healthApp.HealthEndToEndScript" name="GeneticdisoredrAdd" time="3.998"/>
  <testcase classname="healthApp.HealthEndToEndScript" name="GeneticdisoredrSelect" time="13.293"/>
  <testcase classname="healthApp.HealthEndToEndScript" name="AddGeneticdisoredr" time="2.503"/>
  <testcase classname="healthApp.HealthEndToEndScript" name="helathNext" time="2.364"/>
  <testcase classname="healthApp.HealthEndToEndScript" name="FamailyNedicalHistory" time="8.370"/>
  <testcase classname="healthApp.HealthEndToEndScript" name="EnterDisorders" time="10.197"/>
  <testcase classname="healthApp.HealthEndToEndScript" name="FathersName" time="3.237"/>
  <testcase classname="healthApp.HealthEndToEndScript" name="MothersName" time="19.526"/>
  <testcase classname="healthApp.HealthEndToEndScript" name="BookAppointment" time="6.405"/>
  <testcase classname="healthApp.HealthEndToEndScript" name="SelectFamilyMember" time="2.306"/>
  <testcase classname="healthApp.HealthEndToEndScript" name="SelectDoctor" time="5.341"/>
  <testcase classname="healthApp.HealthEndToEndScript" name="Doctor" time="5.267"/>
  <testcase classname="healthApp.HealthEndToEndScript" name="DateClick" time="5.364"/>
  <testcase classname="healthApp.HealthEndToEndScript" name="Time" time="5.574"/>
  <testcase classname="healthApp.HealthEndToEndScript" name="PurposeVisit" time="32.443"/>
  <testcase classname="healthApp.HealthEndToEndScript" name="CreateAppointment" time="5.349"/>
  <testcase classname="healthApp.HealthEndToEndScript" name="Done" time="5.272"/>
  <testcase classname="healthApp.HealthEndToEndScript" name="SelectFamilyMember2" time="11.061"/>
  <testcase classname="healthApp.HealthEndToEndScript" name="AddButton1" time="5.465"/>
  <testcase classname="healthApp.HealthEndToEndScript" name="GrowthRecord1" time="5.636"/>
  <testcase classname="healthApp.HealthEndToEndScript" name="Vital" time="13.503"/>
  <testcase classname="healthApp.HealthEndToEndScript" name="UploadDoc" time="16.030"/>
  <testcase classname="healthApp.HealthEndToEndScript" name="DocumentsDropDown" time="5.211"/>
  <testcase classname="healthApp.HealthEndToEndScript" name="DischargeSummary" time="2.248"/>
  <testcase classname="healthApp.HealthEndToEndScript" name="CreatedBy" time="2.782"/>
  <testcase classname="healthApp.HealthEndToEndScript" name="DocumentOn" time="2.284"/>
  <testcase classname="healthApp.HealthEndToEndScript" name="popUpOk" time="4.317"/>
  <testcase classname="healthApp.HealthEndToEndScript" name="Camera" time="18.279"/>
  <testcase classname="healthApp.HealthEndToEndScript" name="UploadCam" time="7.332"/>
  <testcase classname="healthApp.HealthEndToEndScript" name="UploadCamOk" time="10.825"/>
  <testcase classname="healthApp.HealthEndToEndScript" name="UploadDocuments1" time="2.962"/>
  <testcase classname="healthApp.HealthEndToEndScript" name="DocumentsDropDown1" time="5.245"/>
  <testcase classname="healthApp.HealthEndToEndScript" name="DischargeSummary1" time="2.289"/>
  <testcase classname="healthApp.HealthEndToEndScript" name="CreatedBy1" time="2.956"/>
  <testcase classname="healthApp.HealthEndToEndScript" name="DocumentOn1" time="2.272"/>
  <testcase classname="healthApp.HealthEndToEndScript" name="popUpOk1" time="2.316"/>
  <testcase classname="healthApp.HealthEndToEndScript" name="Gallery" time="2.263"/>
  <testcase classname="healthApp.HealthEndToEndScript" name="photo" time="10.382"/>
  <testcase classname="healthApp.HealthEndToEndScript" name="Upload" time="2.358"/>
  <testcase classname="healthApp.HealthEndToEndScript" name="UploadOk" time="12.316"/>
  <testcase classname="healthApp.HealthEndToEndScript" name="AddButton4" time="10.433"/>
  <testcase classname="healthApp.HealthEndToEndScript" name="BookLabTest11" time="5.631"/>
  <testcase classname="healthApp.HealthEndToEndScript" name="SelectLab" time="5.290"/>
  <testcase classname="healthApp.HealthEndToEndScript" name="ClickLab" time="5.357"/>
  <testcase classname="healthApp.HealthEndToEndScript" name="Comments" time="5.871"/>
  <testcase classname="healthApp.HealthEndToEndScript" name="VaccineLabel" time="16.937"/>
  <testcase classname="healthApp.HealthEndToEndScript" name="BookLabTest1" time="5.283"/>
  <testcase classname="healthApp.HealthEndToEndScript" name="Done2" time="5.279"/>
  <testcase classname="healthApp.HealthEndToEndScript" name="SelectFamilyMember3" time="10.727"/>
  <testcase classname="healthApp.HealthEndToEndScript" name="Immunization" time="5.506"/>
  <testcase classname="healthApp.HealthEndToEndScript" name="Birth" time="30.837"/>
  <testcase classname="healthApp.HealthEndToEndScript" name="PopUpOk" time="17.166"/>
  <testcase classname="healthApp.HealthEndToEndScript" name="AddButton2" time="21.642"/>
  <testcase classname="healthApp.HealthEndToEndScript" name="AllVisits" time="5.628"/>
  <testcase classname="healthApp.HealthEndToEndScript" name="AddVitalsClick" time="5.420"/>
  <testcase classname="healthApp.HealthEndToEndScript" name="AddVitals" time="39.438"/>
  <testcase classname="healthApp.HealthEndToEndScript" name="LipidProfile" time="27.261"/>
</testsuite> <!-- healthApp.HealthEndToEndScript -->
