<?xml version="1.0" encoding="UTF-8"?>
<!-- Generated by org.testng.reporters.JUnitReportReporter -->
<testsuite hostname="CopiousCare" failures="0" tests="8" name="webAuto.CreateReferral" time="76.298" errors="0" timestamp="2024-11-15T11:34:57 IST" skipped="0">
  <testcase classname="webAuto.CreateReferral" name="numberField" time="0.139"/>
  <system-out/>
  <testcase classname="webAuto.CreateReferral" name="sendOTP" time="7.860"/>
  <system-out/>
  <testcase classname="webAuto.CreateReferral" name="verifyButton" time="10.117"/>
  <system-out/>
  <testcase classname="webAuto.CreateReferral" name="searchBar" time="0.485"/>
  <system-out/>
  <testcase classname="webAuto.CreateReferral" name="searchOpt" time="3.128"/>
  <system-out/>
  <testcase classname="webAuto.CreateReferral" name="clickPatient" time="10.585"/>
  <system-out/>
  <testcase classname="webAuto.CreateReferral" name="Document" time="0.566"/>
  <system-out/>
  <testcase classname="webAuto.CreateReferral" name="cirtificateOption" time="43.418"/>
  <system-out/>
</testsuite> <!-- webAuto.CreateReferral -->
