<?xml version="1.0" encoding="UTF-8"?>
<!-- Generated by org.testng.reporters.JUnitReportReporter -->
<testsuite hostname="CopiousCare" failures="0" tests="9" name="webAuto.PreviDateReceipt" time="96.924" errors="0" timestamp="2024-04-02T15:21:45 IST" skipped="0">
  <testcase classname="webAuto.PreviDateReceipt" name="numberField" time="0.233"/>
  <system-out/>
  <testcase classname="webAuto.PreviDateReceipt" name="sendOTP" time="11.518"/>
  <system-out/>
  <testcase classname="webAuto.PreviDateReceipt" name="verifyButton" time="10.071"/>
  <system-out/>
  <testcase classname="webAuto.PreviDateReceipt" name="searchBar1" time="0.380"/>
  <system-out/>
  <testcase classname="webAuto.PreviDateReceipt" name="searchOpt" time="3.063"/>
  <system-out/>
  <testcase classname="webAuto.PreviDateReceipt" name="searchBar2" time="15.127"/>
  <system-out/>
  <testcase classname="webAuto.PreviDateReceipt" name="Document1" time="0.099"/>
  <system-out/>
  <testcase classname="webAuto.PreviDateReceipt" name="ReceiptOption" time="25.879"/>
  <system-out/>
  <testcase classname="webAuto.PreviDateReceipt" name="previewReceipt" time="30.554"/>
  <system-out/>
</testsuite> <!-- webAuto.PreviDateReceipt -->
