<?xml version="1.0" encoding="UTF-8"?>
<!-- Generated by org.testng.reporters.JUnitReportReporter -->
<testsuite hostname="DESKTOP-VQLLA2K" failures="0" tests="28" name="webAuto.AddVitalWeb" time="209.379" errors="0" timestamp="2023-12-27T10:39:14 IST" skipped="0">
  <testcase classname="webAuto.AddVitalWeb" name="numberField" time="0.285"/>
  <testcase classname="webAuto.AddVitalWeb" name="sendOTP" time="12.298"/>
  <testcase classname="webAuto.AddVitalWeb" name="verifyButton" time="10.148"/>
  <testcase classname="webAuto.AddVitalWeb" name="createPatient" time="12.646"/>
  <testcase classname="webAuto.AddVitalWeb" name="Number1" time="0.705"/>
  <testcase classname="webAuto.AddVitalWeb" name="confirm" time="5.905"/>
  <testcase classname="webAuto.AddVitalWeb" name="number2" time="0.840"/>
  <testcase classname="webAuto.AddVitalWeb" name="firstName" time="0.665"/>
  <testcase classname="webAuto.AddVitalWeb" name="middleName" time="0.657"/>
  <testcase classname="webAuto.AddVitalWeb" name="lastName" time="0.564"/>
  <testcase classname="webAuto.AddVitalWeb" name="birthDate" time="0.806"/>
  <testcase classname="webAuto.AddVitalWeb" name="genFemale" time="0.304"/>
  <testcase classname="webAuto.AddVitalWeb" name="address" time="0.560"/>
  <testcase classname="webAuto.AddVitalWeb" name="locality" time="0.457"/>
  <testcase classname="webAuto.AddVitalWeb" name="city" time="0.448"/>
  <testcase classname="webAuto.AddVitalWeb" name="pinCode" time="0.508"/>
  <testcase classname="webAuto.AddVitalWeb" name="proceedWithSameRMN" time="0.335"/>
  <testcase classname="webAuto.AddVitalWeb" name="nextButton" time="15.224"/>
  <testcase classname="webAuto.AddVitalWeb" name="clickClose" time="1.709"/>
  <testcase classname="webAuto.AddVitalWeb" name="fillVitalForm" time="17.853"/>
  <testcase classname="webAuto.AddVitalWeb" name="fillHealthProfile" time="13.401"/>
  <testcase classname="webAuto.AddVitalWeb" name="fillFamilyProfile" time="19.372"/>
  <testcase classname="webAuto.AddVitalWeb" name="GoHome" time="0.614"/>
  <testcase classname="webAuto.AddVitalWeb" name="searchBar2" time="30.215"/>
  <testcase classname="webAuto.AddVitalWeb" name="AdVitals" time="12.013"/>
  <testcase classname="webAuto.AddVitalWeb" name="AdBpandHeartOption" time="16.516"/>
  <testcase classname="webAuto.AddVitalWeb" name="AdBloodAndAnalysis" time="16.911"/>
  <testcase classname="webAuto.AddVitalWeb" name="AdLipidProfile" time="17.420"/>
</testsuite> <!-- webAuto.AddVitalWeb -->
