<?xml version="1.0" encoding="UTF-8"?>
<!-- Generated by org.testng.reporters.JUnitReportReporter -->
<testsuite hostname="CopiousCare" failures="0" tests="12" name="pivotalApplication.PriorityAppointment" time="111.107" errors="0" timestamp="2024-08-01T15:19:30 IST" skipped="0">
  <testcase classname="pivotalApplication.PriorityAppointment" name="NumberField" time="1.225"/>
  <system-out/>
  <testcase classname="pivotalApplication.PriorityAppointment" name="BfSuite" time="1.367"/>
  <system-out/>
  <testcase classname="pivotalApplication.PriorityAppointment" name="IAgree" time="1.949"/>
  <system-out/>
  <testcase classname="pivotalApplication.PriorityAppointment" name="proceedButton" time="2.351"/>
  <system-out/>
  <testcase classname="pivotalApplication.PriorityAppointment" name="OTP" time="11.832"/>
  <system-out/>
  <testcase classname="pivotalApplication.PriorityAppointment" name="submit" time="7.797"/>
  <system-out/>
  <testcase classname="pivotalApplication.PriorityAppointment" name="Search" time="8.027"/>
  <system-out/>
  <testcase classname="pivotalApplication.PriorityAppointment" name="Appointment" time="13.898"/>
  <system-out/>
  <testcase classname="pivotalApplication.PriorityAppointment" name="PriorityTime" time="30.388"/>
  <system-out/>
  <testcase classname="pivotalApplication.PriorityAppointment" name="PriorityTimeSlot" time="11.004"/>
  <system-out/>
  <testcase classname="pivotalApplication.PriorityAppointment" name="PriorityBookAppointment" time="10.997"/>
  <system-out/>
  <testcase classname="pivotalApplication.PriorityAppointment" name="PopBookAppointment" time="10.272"/>
  <system-out/>
</testsuite> <!-- pivotalApplication.PriorityAppointment -->
