<?xml version="1.0" encoding="UTF-8"?>
<!-- Generated by org.testng.reporters.JUnitReportReporter -->
<testsuite hostname="CopiousCare" failures="0" tests="37" name="webAuto.OpdEndToEndWorkFlow1" time="350.012" errors="0" timestamp="2024-07-05T11:18:27 IST" skipped="0">
  <testcase classname="webAuto.OpdEndToEndWorkFlow1" name="numberField" time="0.126"/>
  <system-out/>
  <testcase classname="webAuto.OpdEndToEndWorkFlow1" name="sendOTP" time="11.663"/>
  <system-out/>
  <testcase classname="webAuto.OpdEndToEndWorkFlow1" name="verifyButton" time="10.059"/>
  <system-out/>
  <testcase classname="webAuto.OpdEndToEndWorkFlow1" name="createPatient" time="0.499"/>
  <system-out/>
  <testcase classname="webAuto.OpdEndToEndWorkFlow1" name="Number1" time="0.259"/>
  <system-out/>
  <testcase classname="webAuto.OpdEndToEndWorkFlow1" name="confirm" time="1.935"/>
  <system-out/>
  <testcase classname="webAuto.OpdEndToEndWorkFlow1" name="number2" time="0.207"/>
  <system-out/>
  <testcase classname="webAuto.OpdEndToEndWorkFlow1" name="firstName" time="0.191"/>
  <system-out/>
  <testcase classname="webAuto.OpdEndToEndWorkFlow1" name="middleName" time="0.170"/>
  <system-out/>
  <testcase classname="webAuto.OpdEndToEndWorkFlow1" name="lastName" time="0.149"/>
  <system-out/>
  <testcase classname="webAuto.OpdEndToEndWorkFlow1" name="birthDate" time="0.221"/>
  <system-out/>
  <testcase classname="webAuto.OpdEndToEndWorkFlow1" name="genFemale" time="0.058"/>
  <system-out/>
  <testcase classname="webAuto.OpdEndToEndWorkFlow1" name="address" time="0.169"/>
  <system-out/>
  <testcase classname="webAuto.OpdEndToEndWorkFlow1" name="locality" time="0.170"/>
  <system-out/>
  <testcase classname="webAuto.OpdEndToEndWorkFlow1" name="city" time="0.158"/>
  <system-out/>
  <testcase classname="webAuto.OpdEndToEndWorkFlow1" name="pinCode" time="0.167"/>
  <system-out/>
  <testcase classname="webAuto.OpdEndToEndWorkFlow1" name="proceedWithSameRMN" time="0.162"/>
  <system-out/>
  <testcase classname="webAuto.OpdEndToEndWorkFlow1" name="nextButton" time="15.078"/>
  <system-out/>
  <testcase classname="webAuto.OpdEndToEndWorkFlow1" name="clickClose" time="0.741"/>
  <system-out/>
  <testcase classname="webAuto.OpdEndToEndWorkFlow1" name="fillVitalForm" time="16.027"/>
  <system-out/>
  <testcase classname="webAuto.OpdEndToEndWorkFlow1" name="fillHealthProfile" time="11.357"/>
  <system-out/>
  <testcase classname="webAuto.OpdEndToEndWorkFlow1" name="fillFamilyProfile" time="16.398"/>
  <system-out/>
  <testcase classname="webAuto.OpdEndToEndWorkFlow1" name="GoHome" time="0.147"/>
  <system-out/>
  <testcase classname="webAuto.OpdEndToEndWorkFlow1" name="AddNewAppointment" time="25.420"/>
  <system-out/>
  <testcase classname="webAuto.OpdEndToEndWorkFlow1" name="AddPrescription" time="15.247"/>
  <system-out/>
  <testcase classname="webAuto.OpdEndToEndWorkFlow1" name="Complaints" time="3.286"/>
  <system-out/>
  <testcase classname="webAuto.OpdEndToEndWorkFlow1" name="VitalsOption" time="3.992"/>
  <system-out/>
  <testcase classname="webAuto.OpdEndToEndWorkFlow1" name="BpandHeartOption" time="15.719"/>
  <system-out/>
  <testcase classname="webAuto.OpdEndToEndWorkFlow1" name="BloodAndAnalysis" time="15.953"/>
  <system-out/>
  <testcase classname="webAuto.OpdEndToEndWorkFlow1" name="LipidProfile" time="16.362"/>
  <system-out/>
  <testcase classname="webAuto.OpdEndToEndWorkFlow1" name="OnExamination" time="15.485"/>
  <system-out/>
  <testcase classname="webAuto.OpdEndToEndWorkFlow1" name="Diagnosis" time="15.448"/>
  <system-out/>
  <testcase classname="webAuto.OpdEndToEndWorkFlow1" name="Medicine1" time="48.583"/>
  <system-out/>
  <testcase classname="webAuto.OpdEndToEndWorkFlow1" name="DietaryAdvice" time="15.480"/>
  <system-out/>
  <testcase classname="webAuto.OpdEndToEndWorkFlow1" name="GeneralInstruction" time="15.681"/>
  <system-out/>
  <testcase classname="webAuto.OpdEndToEndWorkFlow1" name="SaveandProceed" time="0.232"/>
  <system-out/>
  <testcase classname="webAuto.OpdEndToEndWorkFlow1" name="ConfirmPrescription" time="57.013"/>
  <system-out/>
</testsuite> <!-- webAuto.OpdEndToEndWorkFlow1 -->
