<?xml version="1.0" encoding="UTF-8"?>
<!-- Generated by org.testng.reporters.JUnitReportReporter -->
<testsuite hostname="CopiousCare" failures="0" tests="41" name="webAuto.NewRxFlow" time="654.990" errors="0" timestamp="2024-05-28T12:20:11 IST" skipped="0">
  <testcase classname="webAuto.NewRxFlow" name="numberField" time="0.132"/>
  <system-out/>
  <testcase classname="webAuto.NewRxFlow" name="sendOTP" time="11.850"/>
  <system-out/>
  <testcase classname="webAuto.NewRxFlow" name="verifyButton" time="10.093"/>
  <system-out/>
  <testcase classname="webAuto.NewRxFlow" name="Profile" time="10.149"/>
  <system-out/>
  <testcase classname="webAuto.NewRxFlow" name="NewUISelect" time="10.256"/>
  <system-out/>
  <testcase classname="webAuto.NewRxFlow" name="clickHome" time="10.183"/>
  <system-out/>
  <testcase classname="webAuto.NewRxFlow" name="createPatient" time="0.412"/>
  <system-out/>
  <testcase classname="webAuto.NewRxFlow" name="Number1" time="0.320"/>
  <system-out/>
  <testcase classname="webAuto.NewRxFlow" name="confirm" time="2.960"/>
  <system-out/>
  <testcase classname="webAuto.NewRxFlow" name="number2" time="0.202"/>
  <system-out/>
  <testcase classname="webAuto.NewRxFlow" name="firstName" time="0.184"/>
  <system-out/>
  <testcase classname="webAuto.NewRxFlow" name="middleName" time="0.150"/>
  <system-out/>
  <testcase classname="webAuto.NewRxFlow" name="lastName" time="0.150"/>
  <system-out/>
  <testcase classname="webAuto.NewRxFlow" name="birthDate" time="0.502"/>
  <system-out/>
  <testcase classname="webAuto.NewRxFlow" name="genFemale" time="0.075"/>
  <system-out/>
  <testcase classname="webAuto.NewRxFlow" name="address" time="0.196"/>
  <system-out/>
  <testcase classname="webAuto.NewRxFlow" name="locality" time="0.168"/>
  <system-out/>
  <testcase classname="webAuto.NewRxFlow" name="city" time="0.149"/>
  <system-out/>
  <testcase classname="webAuto.NewRxFlow" name="pinCode" time="0.164"/>
  <system-out/>
  <testcase classname="webAuto.NewRxFlow" name="proceedWithSameRMN" time="0.157"/>
  <system-out/>
  <testcase classname="webAuto.NewRxFlow" name="nextButton" time="15.144"/>
  <system-out/>
  <testcase classname="webAuto.NewRxFlow" name="clickClose" time="0.998"/>
  <system-out/>
  <testcase classname="webAuto.NewRxFlow" name="fillVitalForm" time="16.613"/>
  <system-out/>
  <testcase classname="webAuto.NewRxFlow" name="fillHealthProfile" time="11.968"/>
  <system-out/>
  <testcase classname="webAuto.NewRxFlow" name="fillFamilyProfile" time="16.939"/>
  <system-out/>
  <testcase classname="webAuto.NewRxFlow" name="GoHome" time="0.229"/>
  <system-out/>
  <testcase classname="webAuto.NewRxFlow" name="AddNewAppointment" time="25.485"/>
  <system-out/>
  <testcase classname="webAuto.NewRxFlow" name="AddPrescription" time="15.402"/>
  <system-out/>
  <testcase classname="webAuto.NewRxFlow" name="HealthProfile" time="18.379"/>
  <system-out/>
  <testcase classname="webAuto.NewRxFlow" name="ConcernsAndIssues" time="31.078"/>
  <system-out/>
  <testcase classname="webAuto.NewRxFlow" name="AdVitals" time="7.957"/>
  <system-out/>
  <testcase classname="webAuto.NewRxFlow" name="Diagnosis" time="15.382"/>
  <system-out/>
  <testcase classname="webAuto.NewRxFlow" name="Medicine1" time="47.048"/>
  <system-out/>
  <testcase classname="webAuto.NewRxFlow" name="DietaryAdvice" time="15.657"/>
  <system-out/>
  <testcase classname="webAuto.NewRxFlow" name="GeneralInstruction" time="15.352"/>
  <system-out/>
  <testcase classname="webAuto.NewRxFlow" name="NextFoolowup" time="71.526"/>
  <system-out/>
  <testcase classname="webAuto.NewRxFlow" name="ReferralOption3" time="40.249"/>
  <system-out/>
  <testcase classname="webAuto.NewRxFlow" name="Investigation1" time="40.318"/>
  <system-out/>
  <testcase classname="webAuto.NewRxFlow" name="ReceiptOption" time="50.834"/>
  <system-out/>
  <testcase classname="webAuto.NewRxFlow" name="cirtificateOption" time="32.978"/>
  <system-out/>
  <testcase classname="webAuto.NewRxFlow" name="History" time="107.002"/>
  <system-out/>
</testsuite> <!-- webAuto.NewRxFlow -->
