<?xml version="1.0" encoding="UTF-8"?>
<!-- Generated by org.testng.reporters.JUnitReportReporter -->
<testsuite hostname="CopiousCare" failures="0" tests="11" name="pivotalApplication.PivotalChatAppointment" time="121.428" errors="0" timestamp="2024-07-31T16:12:48 IST" skipped="0">
  <testcase classname="pivotalApplication.PivotalChatAppointment" name="NumberField" time="1.257"/>
  <system-out/>
  <testcase classname="pivotalApplication.PivotalChatAppointment" name="BfSuite" time="1.528"/>
  <system-out/>
  <testcase classname="pivotalApplication.PivotalChatAppointment" name="IAgree" time="2.007"/>
  <system-out/>
  <testcase classname="pivotalApplication.PivotalChatAppointment" name="proceedButton" time="2.380"/>
  <system-out/>
  <testcase classname="pivotalApplication.PivotalChatAppointment" name="OTP" time="11.872"/>
  <system-out/>
  <testcase classname="pivotalApplication.PivotalChatAppointment" name="submit" time="7.778"/>
  <system-out/>
  <testcase classname="pivotalApplication.PivotalChatAppointment" name="chatsclick" time="7.629"/>
  <system-out/>
  <testcase classname="pivotalApplication.PivotalChatAppointment" name="Patientclick" time="7.434"/>
  <system-out/>
  <testcase classname="pivotalApplication.PivotalChatAppointment" name="AppointmentClick" time="48.885"/>
  <system-out/>
  <testcase classname="pivotalApplication.PivotalChatAppointment" name="Book" time="15.411"/>
  <system-out/>
  <testcase classname="pivotalApplication.PivotalChatAppointment" name="AppointmentBookedPopup" time="15.247"/>
  <system-out/>
</testsuite> <!-- pivotalApplication.PivotalChatAppointment -->
