<?xml version="1.0" encoding="UTF-8"?>
<!-- Generated by org.testng.reporters.JUnitReportReporter -->
<testsuite hostname="CopiousCare" failures="0" tests="19" name="HealthNegative.CancelAppointment" time="146.808" errors="0" timestamp="2024-08-09T12:24:16 IST" skipped="0">
  <testcase classname="HealthNegative.CancelAppointment" name="NumberField" time="11.662"/>
  <system-out/>
  <testcase classname="HealthNegative.CancelAppointment" name="BfSuite" time="0.745"/>
  <system-out/>
  <testcase classname="HealthNegative.CancelAppointment" name="IAgree" time="2.116"/>
  <system-out/>
  <testcase classname="HealthNegative.CancelAppointment" name="proceedButton" time="5.309"/>
  <system-out/>
  <testcase classname="HealthNegative.CancelAppointment" name="OTP" time="16.178"/>
  <system-out/>
  <testcase classname="HealthNegative.CancelAppointment" name="Verify" time="2.666"/>
  <system-out/>
  <testcase classname="HealthNegative.CancelAppointment" name="BookAppointment" time="8.464"/>
  <system-out/>
  <testcase classname="HealthNegative.CancelAppointment" name="SelectFamilyMember" time="2.305"/>
  <system-out/>
  <testcase classname="HealthNegative.CancelAppointment" name="SelectDoctor" time="5.394"/>
  <system-out/>
  <testcase classname="HealthNegative.CancelAppointment" name="Doctor" time="5.313"/>
  <system-out/>
  <testcase classname="HealthNegative.CancelAppointment" name="DateClick" time="5.405"/>
  <system-out/>
  <testcase classname="HealthNegative.CancelAppointment" name="Time" time="6.374"/>
  <system-out/>
  <testcase classname="HealthNegative.CancelAppointment" name="PurposeVisit" time="30.624"/>
  <system-out/>
  <testcase classname="HealthNegative.CancelAppointment" name="CreateAppointment" time="5.361"/>
  <system-out/>
  <testcase classname="HealthNegative.CancelAppointment" name="Done" time="5.314"/>
  <system-out/>
  <testcase classname="HealthNegative.CancelAppointment" name="Change" time="5.627"/>
  <system-out/>
  <testcase classname="HealthNegative.CancelAppointment" name="CancelAppointments" time="10.268"/>
  <system-out/>
  <testcase classname="HealthNegative.CancelAppointment" name="CancelYes" time="11.914"/>
  <system-out/>
  <testcase classname="HealthNegative.CancelAppointment" name="CancelOk" time="5.769"/>
  <system-out/>
</testsuite> <!-- HealthNegative.CancelAppointment -->
