<?xml version="1.0" encoding="UTF-8"?>
<!-- Generated by org.testng.reporters.JUnitReportReporter -->
<testsuite hostname="CopiousCare" failures="0" tests="8" name="webAuto.CreateCirtificate" time="75.044" errors="0" timestamp="2024-11-15T11:38:20 IST" skipped="0">
  <testcase classname="webAuto.CreateCirtificate" name="numberField" time="0.146"/>
  <system-out/>
  <testcase classname="webAuto.CreateCirtificate" name="sendOTP" time="9.089"/>
  <system-out/>
  <testcase classname="webAuto.CreateCirtificate" name="verifyButton" time="10.106"/>
  <system-out/>
  <testcase classname="webAuto.CreateCirtificate" name="searchBar" time="0.468"/>
  <system-out/>
  <testcase classname="webAuto.CreateCirtificate" name="searchOpt" time="3.121"/>
  <system-out/>
  <testcase classname="webAuto.CreateCirtificate" name="clickPatient" time="10.317"/>
  <system-out/>
  <testcase classname="webAuto.CreateCirtificate" name="Document" time="0.334"/>
  <system-out/>
  <testcase classname="webAuto.CreateCirtificate" name="cirtificateOption" time="41.463"/>
  <system-out/>
</testsuite> <!-- webAuto.CreateCirtificate -->
