<?xml version="1.0" encoding="UTF-8"?>
<!-- Generated by org.testng.reporters.JUnitReportReporter -->
<testsuite hostname="CopiousCare" failures="0" tests="8" name="webAuto.CreateCirtificate" time="73.327" errors="0" timestamp="2024-03-29T15:09:38 IST" skipped="0">
  <testcase classname="webAuto.CreateCirtificate" name="numberField" time="0.116"/>
  <system-out/>
  <testcase classname="webAuto.CreateCirtificate" name="sendOTP" time="7.816"/>
  <system-out/>
  <testcase classname="webAuto.CreateCirtificate" name="verifyButton" time="10.061"/>
  <system-out/>
  <testcase classname="webAuto.CreateCirtificate" name="searchBar" time="0.605"/>
  <system-out/>
  <testcase classname="webAuto.CreateCirtificate" name="searchOpt" time="3.074"/>
  <system-out/>
  <testcase classname="webAuto.CreateCirtificate" name="clickPatient" time="10.154"/>
  <system-out/>
  <testcase classname="webAuto.CreateCirtificate" name="Document" time="0.094"/>
  <system-out/>
  <testcase classname="webAuto.CreateCirtificate" name="cirtificateOption" time="41.407"/>
  <system-out/>
</testsuite> <!-- webAuto.CreateCirtificate -->
