<?xml version="1.0" encoding="UTF-8"?>
<!-- Generated by org.testng.reporters.JUnitReportReporter -->
<testsuite hostname="CopiousCare" failures="0" tests="4" name="webAutoQueueNegative.DeleteFavouriteMedicineQ" time="36.818" errors="0" timestamp="2024-05-02T14:24:14 IST" skipped="0">
  <testcase classname="webAutoQueueNegative.DeleteFavouriteMedicineQ" name="numberField" time="0.244"/>
  <system-out/>
  <testcase classname="webAutoQueueNegative.DeleteFavouriteMedicineQ" name="sendOTP" time="10.836"/>
  <system-out/>
  <testcase classname="webAutoQueueNegative.DeleteFavouriteMedicineQ" name="verifyButton" time="15.434"/>
  <system-out/>
  <testcase classname="webAutoQueueNegative.DeleteFavouriteMedicineQ" name="deleteButton" time="10.304"/>
  <system-out/>
</testsuite> <!-- webAutoQueueNegative.DeleteFavouriteMedicineQ -->
