<?xml version="1.0" encoding="UTF-8"?>
<!-- Generated by org.testng.reporters.JUnitReportReporter -->
<testsuite hostname="DESKTOP-VQLLA2K" failures="0" tests="43" name="pivotalApplication.LMPAddPivo" time="256.014" errors="1" timestamp="2024-01-05T11:47:41 IST" skipped="0">
  <testcase classname="pivotalApplication.LMPAddPivo" name="NumberField" time="1.236"/>
  <testcase classname="pivotalApplication.LMPAddPivo" name="IAgree" time="2.116"/>
  <testcase classname="pivotalApplication.LMPAddPivo" name="proceedButton" time="2.399"/>
  <testcase classname="pivotalApplication.LMPAddPivo" name="OTP" time="10.997"/>
  <testcase classname="pivotalApplication.LMPAddPivo" name="submit" time="11.260"/>
  <testcase classname="pivotalApplication.LMPAddPivo" name="Createptient" time="4.506"/>
  <testcase classname="pivotalApplication.LMPAddPivo" name="Neweptient" time="12.358"/>
  <testcase classname="pivotalApplication.LMPAddPivo" name="Close" time="5.131"/>
  <testcase classname="pivotalApplication.LMPAddPivo" name="MobileNumber1" time="3.056"/>
  <testcase classname="pivotalApplication.LMPAddPivo" name="confirm" time="4.556"/>
  <testcase classname="pivotalApplication.LMPAddPivo" name="confirmPopup" time="6.266"/>
  <testcase classname="pivotalApplication.LMPAddPivo" name="AdditionalNumber1" time="3.134"/>
  <testcase classname="pivotalApplication.LMPAddPivo" name="FirstName" time="5.025"/>
  <testcase classname="pivotalApplication.LMPAddPivo" name="MiddleName" time="4.496"/>
  <testcase classname="pivotalApplication.LMPAddPivo" name="LastName" time="5.019"/>
  <testcase classname="pivotalApplication.LMPAddPivo" name="Age" time="0.458"/>
  <testcase classname="pivotalApplication.LMPAddPivo" name="GenFemale" time="4.465"/>
  <testcase classname="pivotalApplication.LMPAddPivo" name="Address" time="2.426"/>
  <testcase classname="pivotalApplication.LMPAddPivo" name="Area" time="2.442"/>
  <testcase classname="pivotalApplication.LMPAddPivo" name="City" time="2.954"/>
  <testcase classname="pivotalApplication.LMPAddPivo" name="PinCode" time="3.213"/>
  <testcase classname="pivotalApplication.LMPAddPivo" name="Next" time="15.493"/>
  <testcase classname="pivotalApplication.LMPAddPivo" name="AddVital" time="5.338"/>
  <testcase classname="pivotalApplication.LMPAddPivo" name="Continue" time="5.230"/>
  <testcase classname="pivotalApplication.LMPAddPivo" name="weight" time="1.350"/>
  <testcase classname="pivotalApplication.LMPAddPivo" name="Height" time="6.004"/>
  <testcase classname="pivotalApplication.LMPAddPivo" name="Temperature" time="5.897"/>
  <testcase classname="pivotalApplication.LMPAddPivo" name="SPO2" time="5.921"/>
  <testcase classname="pivotalApplication.LMPAddPivo" name="LMPDate" time="16.360"/>
  <testcase classname="pivotalApplication.LMPAddPivo" name="UpArrow" time="10.825"/>
  <testcase classname="pivotalApplication.LMPAddPivo" name="BPSYS" time="5.779"/>
  <testcase classname="pivotalApplication.LMPAddPivo" name="BPDIA" time="5.762"/>
  <testcase classname="pivotalApplication.LMPAddPivo" name="HeartRate" time="6.203"/>
  <testcase classname="pivotalApplication.LMPAddPivo" name="Pulse" time="16.457"/>
  <testcase classname="pivotalApplication.LMPAddPivo" name="BloodSugar" time="5.766"/>
  <testcase classname="pivotalApplication.LMPAddPivo" name="BloodSugarf" time="5.781"/>
  <testcase classname="pivotalApplication.LMPAddPivo" name="BloodSugarPP" time="6.371"/>
  <testcase classname="pivotalApplication.LMPAddPivo" name="BloodSugarHB" time="11.429"/>
  <testcase classname="pivotalApplication.LMPAddPivo" name="CholesterolHDL" time="0.177">
    <error message="Index 0 out of bounds for length 0" type="java.lang.IndexOutOfBoundsException">
      <![CDATA[java.lang.IndexOutOfBoundsException: Index 0 out of bounds for length 0
at java.base/jdk.internal.util.Preconditions.outOfBounds(Preconditions.java:64)
at java.base/jdk.internal.util.Preconditions.outOfBoundsCheckIndex(Preconditions.java:70)
at java.base/jdk.internal.util.Preconditions.checkIndex(Preconditions.java:266)
at java.base/java.util.Objects.checkIndex(Objects.java:359)
at java.base/java.util.ArrayList.get(ArrayList.java:427)
at pivotalApplication.LMPAddPivo.CholesterolHDL(LMPAddPivo.java:605)
at java.base/jdk.internal.reflect.NativeMethodAccessorImpl.invoke0(Native Method)
at java.base/jdk.internal.reflect.NativeMethodAccessorImpl.invoke(NativeMethodAccessorImpl.java:77)
at java.base/jdk.internal.reflect.DelegatingMethodAccessorImpl.invoke(DelegatingMethodAccessorImpl.java:43)
at java.base/java.lang.reflect.Method.invoke(Method.java:568)
at org.testng.internal.invokers.MethodInvocationHelper.invokeMethod(MethodInvocationHelper.java:139)
at org.testng.internal.invokers.TestInvoker.invokeMethod(TestInvoker.java:664)
at org.testng.internal.invokers.TestInvoker.invokeTestMethod(TestInvoker.java:228)
at org.testng.internal.invokers.MethodRunner.runInSequence(MethodRunner.java:63)
at org.testng.internal.invokers.TestInvoker$MethodInvocationAgent.invoke(TestInvoker.java:961)
at org.testng.internal.invokers.TestInvoker.invokeTestMethods(TestInvoker.java:201)
at org.testng.internal.invokers.TestMethodWorker.invokeTestMethods(TestMethodWorker.java:148)
at org.testng.internal.invokers.TestMethodWorker.run(TestMethodWorker.java:128)
at java.base/java.util.ArrayList.forEach(ArrayList.java:1511)
at org.testng.TestRunner.privateRun(TestRunner.java:819)
at org.testng.TestRunner.run(TestRunner.java:619)
at org.testng.SuiteRunner.runTest(SuiteRunner.java:443)
at org.testng.SuiteRunner.runSequentially(SuiteRunner.java:437)
at org.testng.SuiteRunner.privateRun(SuiteRunner.java:397)
at org.testng.SuiteRunner.run(SuiteRunner.java:336)
at org.testng.SuiteRunnerWorker.runSuite(SuiteRunnerWorker.java:52)
at org.testng.SuiteRunnerWorker.run(SuiteRunnerWorker.java:95)
at org.testng.TestNG.runSuitesSequentially(TestNG.java:1301)
at org.testng.TestNG.runSuitesLocally(TestNG.java:1228)
at org.testng.TestNG.runSuites(TestNG.java:1134)
at org.testng.TestNG.run(TestNG.java:1101)
at org.testng.remote.AbstractRemoteTestNG.run(AbstractRemoteTestNG.java:115)
at org.testng.remote.RemoteTestNG.initAndRun(RemoteTestNG.java:251)
at org.testng.remote.RemoteTestNG.main(RemoteTestNG.java:77)
]]>
    </error>
  </testcase> <!-- CholesterolHDL -->
  <testcase classname="pivotalApplication.LMPAddPivo" name="CholesterolLDL" time="5.345"/>
  <testcase classname="pivotalApplication.LMPAddPivo" name="TotalCholesterol" time="5.793"/>
  <testcase classname="pivotalApplication.LMPAddPivo" name="Triglycerides" time="5.821"/>
  <testcase classname="pivotalApplication.LMPAddPivo" name="Save" time="5.399"/>
</testsuite> <!-- pivotalApplication.LMPAddPivo -->
