<?xml version="1.0" encoding="UTF-8"?>
<!-- Generated by org.testng.reporters.JUnitReportReporter -->
<testsuite hostname="CopiousCare" failures="0" tests="36" name="webAutoNegative.LMarathiCreatePatient" time="369.852" errors="0" timestamp="2024-04-03T12:24:14 IST" skipped="0">
  <testcase classname="webAutoNegative.LMarathiCreatePatient" name="numberField" time="0.114"/>
  <system-out/>
  <testcase classname="webAutoNegative.LMarathiCreatePatient" name="sendOTP" time="5.540"/>
  <system-out/>
  <testcase classname="webAutoNegative.LMarathiCreatePatient" name="verifyButton" time="10.053"/>
  <system-out/>
  <testcase classname="webAutoNegative.LMarathiCreatePatient" name="createPatient" time="0.375"/>
  <system-out/>
  <testcase classname="webAutoNegative.LMarathiCreatePatient" name="Number1" time="0.225"/>
  <system-out/>
  <testcase classname="webAutoNegative.LMarathiCreatePatient" name="confirm" time="2.124"/>
  <system-out/>
  <testcase classname="webAutoNegative.LMarathiCreatePatient" name="number2" time="0.126"/>
  <system-out/>
  <testcase classname="webAutoNegative.LMarathiCreatePatient" name="firstName" time="0.131"/>
  <system-out/>
  <testcase classname="webAutoNegative.LMarathiCreatePatient" name="middleName" time="0.126"/>
  <system-out/>
  <testcase classname="webAutoNegative.LMarathiCreatePatient" name="lastName" time="0.124"/>
  <system-out/>
  <testcase classname="webAutoNegative.LMarathiCreatePatient" name="birthDate" time="0.165"/>
  <system-out/>
  <testcase classname="webAutoNegative.LMarathiCreatePatient" name="genFemale" time="0.080"/>
  <system-out/>
  <testcase classname="webAutoNegative.LMarathiCreatePatient" name="address" time="0.130"/>
  <system-out/>
  <testcase classname="webAutoNegative.LMarathiCreatePatient" name="locality" time="0.116"/>
  <system-out/>
  <testcase classname="webAutoNegative.LMarathiCreatePatient" name="city" time="0.110"/>
  <system-out/>
  <testcase classname="webAutoNegative.LMarathiCreatePatient" name="pinCode" time="0.254"/>
  <system-out/>
  <testcase classname="webAutoNegative.LMarathiCreatePatient" name="nextButton" time="15.084"/>
  <system-out/>
  <testcase classname="webAutoNegative.LMarathiCreatePatient" name="clickClose" time="0.816"/>
  <system-out/>
  <testcase classname="webAutoNegative.LMarathiCreatePatient" name="fillVitalForm" time="15.746"/>
  <system-out/>
  <testcase classname="webAutoNegative.LMarathiCreatePatient" name="fillHealthProfile" time="10.947"/>
  <system-out/>
  <testcase classname="webAutoNegative.LMarathiCreatePatient" name="fillFamilyProfile" time="16.311"/>
  <system-out/>
  <testcase classname="webAutoNegative.LMarathiCreatePatient" name="GoHome" time="0.137"/>
  <system-out/>
  <testcase classname="webAutoNegative.LMarathiCreatePatient" name="AddNewAppointment" time="25.509"/>
  <system-out/>
  <testcase classname="webAutoNegative.LMarathiCreatePatient" name="AddPrescription" time="17.573"/>
  <system-out/>
  <testcase classname="webAutoNegative.LMarathiCreatePatient" name="Complaints" time="3.399"/>
  <system-out/>
  <testcase classname="webAutoNegative.LMarathiCreatePatient" name="VitalsOption" time="3.739"/>
  <system-out/>
  <testcase classname="webAutoNegative.LMarathiCreatePatient" name="BpandHeartOption" time="15.595"/>
  <system-out/>
  <testcase classname="webAutoNegative.LMarathiCreatePatient" name="BloodAndAnalysis" time="15.659"/>
  <system-out/>
  <testcase classname="webAutoNegative.LMarathiCreatePatient" name="LipidProfile" time="15.718"/>
  <system-out/>
  <testcase classname="webAutoNegative.LMarathiCreatePatient" name="OnExamination" time="16.261"/>
  <system-out/>
  <testcase classname="webAutoNegative.LMarathiCreatePatient" name="Diagnosis" time="15.233"/>
  <system-out/>
  <testcase classname="webAutoNegative.LMarathiCreatePatient" name="Medicine1" time="76.190"/>
  <system-out/>
  <testcase classname="webAutoNegative.LMarathiCreatePatient" name="DietaryAdvice" time="15.158"/>
  <system-out/>
  <testcase classname="webAutoNegative.LMarathiCreatePatient" name="GeneralInstruction" time="15.242"/>
  <system-out/>
  <testcase classname="webAutoNegative.LMarathiCreatePatient" name="SaveandProceed" time="0.120"/>
  <system-out/>
  <testcase classname="webAutoNegative.LMarathiCreatePatient" name="ConfirmPrescription" time="55.622"/>
  <system-out/>
</testsuite> <!-- webAutoNegative.LMarathiCreatePatient -->
