<?xml version="1.0" encoding="UTF-8"?>
<!-- Generated by org.testng.reporters.JUnitReportReporter -->
<testsuite hostname="CopiousCare" failures="0" tests="45" name="pivotalApplication.FreshPrescription" time="161.452" errors="0" timestamp="2024-07-30T16:56:34 IST" skipped="0">
  <testcase classname="pivotalApplication.FreshPrescription" name="BfSuite" time="0.649"/>
  <system-out/>
  <testcase classname="pivotalApplication.FreshPrescription" name="NumberField" time="1.751"/>
  <system-out/>
  <testcase classname="pivotalApplication.FreshPrescription" name="IAgree" time="2.028"/>
  <system-out/>
  <testcase classname="pivotalApplication.FreshPrescription" name="proceedButton" time="2.374"/>
  <system-out/>
  <testcase classname="pivotalApplication.FreshPrescription" name="OTP" time="12.126"/>
  <system-out/>
  <testcase classname="pivotalApplication.FreshPrescription" name="submit" time="7.769"/>
  <system-out/>
  <testcase classname="pivotalApplication.FreshPrescription" name="Search" time="8.162"/>
  <system-out/>
  <testcase classname="pivotalApplication.FreshPrescription" name="ClickPatient" time="3.164"/>
  <system-out/>
  <testcase classname="pivotalApplication.FreshPrescription" name="prescription" time="10.927"/>
  <system-out/>
  <testcase classname="pivotalApplication.FreshPrescription" name="ComplaintAndDiagnosis" time="2.866"/>
  <system-out/>
  <testcase classname="pivotalApplication.FreshPrescription" name="AddChiefComplaints" time="2.591"/>
  <system-out/>
  <testcase classname="pivotalApplication.FreshPrescription" name="Fever" time="3.880"/>
  <system-out/>
  <testcase classname="pivotalApplication.FreshPrescription" name="Details" time="3.724"/>
  <system-out/>
  <testcase classname="pivotalApplication.FreshPrescription" name="moreSymptoms" time="2.499"/>
  <system-out/>
  <testcase classname="pivotalApplication.FreshPrescription" name="AddComplaint" time="2.413"/>
  <system-out/>
  <testcase classname="pivotalApplication.FreshPrescription" name="AddWorkingDiagnosis" time="2.505"/>
  <system-out/>
  <testcase classname="pivotalApplication.FreshPrescription" name="AcuteUrti" time="4.776"/>
  <system-out/>
  <testcase classname="pivotalApplication.FreshPrescription" name="AddDiagnosis" time="2.451"/>
  <system-out/>
  <testcase classname="pivotalApplication.FreshPrescription" name="Medicine" time="2.570"/>
  <system-out/>
  <testcase classname="pivotalApplication.FreshPrescription" name="TapToAddMedicine" time="2.587"/>
  <system-out/>
  <testcase classname="pivotalApplication.FreshPrescription" name="SearchMedDolo" time="6.796"/>
  <system-out/>
  <testcase classname="pivotalApplication.FreshPrescription" name="AddToPrescription" time="2.421"/>
  <system-out/>
  <testcase classname="pivotalApplication.FreshPrescription" name="ClickFavourite" time="2.585"/>
  <system-out/>
  <testcase classname="pivotalApplication.FreshPrescription" name="ClickFavoutiteDropdown" time="2.255"/>
  <system-out/>
  <testcase classname="pivotalApplication.FreshPrescription" name="ClickFavoutiteMedDrp" time="2.274"/>
  <system-out/>
  <testcase classname="pivotalApplication.FreshPrescription" name="ClickFavoutiteMedicine" time="2.292"/>
  <system-out/>
  <testcase classname="pivotalApplication.FreshPrescription" name="CopyMedicine" time="2.410"/>
  <system-out/>
  <testcase classname="pivotalApplication.FreshPrescription" name="popularClick" time="2.570"/>
  <system-out/>
  <testcase classname="pivotalApplication.FreshPrescription" name="popularMedicineClick" time="3.835"/>
  <system-out/>
  <testcase classname="pivotalApplication.FreshPrescription" name="popularCopyMedicine" time="2.761"/>
  <system-out/>
  <testcase classname="pivotalApplication.FreshPrescription" name="DietAndNutrition" time="2.514"/>
  <system-out/>
  <testcase classname="pivotalApplication.FreshPrescription" name="DietAndNutritionAdd" time="2.459"/>
  <system-out/>
  <testcase classname="pivotalApplication.FreshPrescription" name="DietAdvice" time="2.463"/>
  <system-out/>
  <testcase classname="pivotalApplication.FreshPrescription" name="AddDietAdvice" time="2.406"/>
  <system-out/>
  <testcase classname="pivotalApplication.FreshPrescription" name="GeneralInstructions" time="2.495"/>
  <system-out/>
  <testcase classname="pivotalApplication.FreshPrescription" name="GeneralInstructionsAdd" time="2.468"/>
  <system-out/>
  <testcase classname="pivotalApplication.FreshPrescription" name="InstructionsAdd" time="2.453"/>
  <system-out/>
  <testcase classname="pivotalApplication.FreshPrescription" name="Instructions" time="2.405"/>
  <system-out/>
  <testcase classname="pivotalApplication.FreshPrescription" name="NextFollowup" time="4.504"/>
  <system-out/>
  <testcase classname="pivotalApplication.FreshPrescription" name="NextFollowupCln7der" time="2.475"/>
  <system-out/>
  <testcase classname="pivotalApplication.FreshPrescription" name="NextOk" time="2.332"/>
  <system-out/>
  <testcase classname="pivotalApplication.FreshPrescription" name="NextVistTab" time="2.478"/>
  <system-out/>
  <testcase classname="pivotalApplication.FreshPrescription" name="PreviewPrescription" time="2.492"/>
  <system-out/>
  <testcase classname="pivotalApplication.FreshPrescription" name="SaveAndShare" time="10.240"/>
  <system-out/>
  <testcase classname="pivotalApplication.FreshPrescription" name="DownloadPrint" time="5.257"/>
  <system-out/>
</testsuite> <!-- pivotalApplication.FreshPrescription -->
