<?xml version="1.0" encoding="UTF-8"?>
<!-- Generated by org.testng.reporters.JUnitReportReporter -->
<testsuite hostname="CopiousCare" failures="0" tests="50" name="webAuto.WebOpdEndToEndWorkflow" time="646.227" errors="0" timestamp="2024-07-16T09:51:10 IST" skipped="0">
  <testcase classname="webAuto.WebOpdEndToEndWorkflow" name="numberField" time="0.120"/>
  <system-out/>
  <testcase classname="webAuto.WebOpdEndToEndWorkflow" name="sendOTP" time="11.572"/>
  <system-out/>
  <testcase classname="webAuto.WebOpdEndToEndWorkflow" name="verifyButton" time="10.106"/>
  <system-out/>
  <testcase classname="webAuto.WebOpdEndToEndWorkflow" name="createPatient" time="0.420"/>
  <system-out/>
  <testcase classname="webAuto.WebOpdEndToEndWorkflow" name="Number1" time="0.215"/>
  <system-out/>
  <testcase classname="webAuto.WebOpdEndToEndWorkflow" name="confirm" time="1.978"/>
  <system-out/>
  <testcase classname="webAuto.WebOpdEndToEndWorkflow" name="number2" time="0.175"/>
  <system-out/>
  <testcase classname="webAuto.WebOpdEndToEndWorkflow" name="firstName" time="0.142"/>
  <system-out/>
  <testcase classname="webAuto.WebOpdEndToEndWorkflow" name="middleName" time="0.116"/>
  <system-out/>
  <testcase classname="webAuto.WebOpdEndToEndWorkflow" name="lastName" time="0.114"/>
  <system-out/>
  <testcase classname="webAuto.WebOpdEndToEndWorkflow" name="birthDate" time="0.167"/>
  <system-out/>
  <testcase classname="webAuto.WebOpdEndToEndWorkflow" name="genFemale" time="0.057"/>
  <system-out/>
  <testcase classname="webAuto.WebOpdEndToEndWorkflow" name="address" time="0.126"/>
  <system-out/>
  <testcase classname="webAuto.WebOpdEndToEndWorkflow" name="locality" time="0.127"/>
  <system-out/>
  <testcase classname="webAuto.WebOpdEndToEndWorkflow" name="city" time="0.121"/>
  <system-out/>
  <testcase classname="webAuto.WebOpdEndToEndWorkflow" name="pinCode" time="0.132"/>
  <system-out/>
  <testcase classname="webAuto.WebOpdEndToEndWorkflow" name="proceedWithSameRMN" time="0.109"/>
  <system-out/>
  <testcase classname="webAuto.WebOpdEndToEndWorkflow" name="nextButton" time="15.077"/>
  <system-out/>
  <testcase classname="webAuto.WebOpdEndToEndWorkflow" name="clickClose" time="0.841"/>
  <system-out/>
  <testcase classname="webAuto.WebOpdEndToEndWorkflow" name="fillVitalForm" time="15.896"/>
  <system-out/>
  <testcase classname="webAuto.WebOpdEndToEndWorkflow" name="fillHealthProfile" time="11.305"/>
  <system-out/>
  <testcase classname="webAuto.WebOpdEndToEndWorkflow" name="fillFamilyProfile" time="16.911"/>
  <system-out/>
  <testcase classname="webAuto.WebOpdEndToEndWorkflow" name="GoHome" time="0.193"/>
  <system-out/>
  <testcase classname="webAuto.WebOpdEndToEndWorkflow" name="AddNewAppointment" time="25.627"/>
  <system-out/>
  <testcase classname="webAuto.WebOpdEndToEndWorkflow" name="AddPrescription" time="15.410"/>
  <system-out/>
  <testcase classname="webAuto.WebOpdEndToEndWorkflow" name="Complaints" time="3.510"/>
  <system-out/>
  <testcase classname="webAuto.WebOpdEndToEndWorkflow" name="VitalsOption" time="4.185"/>
  <system-out/>
  <testcase classname="webAuto.WebOpdEndToEndWorkflow" name="BpandHeartOption" time="16.398"/>
  <system-out/>
  <testcase classname="webAuto.WebOpdEndToEndWorkflow" name="BloodAndAnalysis" time="16.705"/>
  <system-out/>
  <testcase classname="webAuto.WebOpdEndToEndWorkflow" name="LipidProfile" time="16.384"/>
  <system-out/>
  <testcase classname="webAuto.WebOpdEndToEndWorkflow" name="OnExamination" time="15.343"/>
  <system-out/>
  <testcase classname="webAuto.WebOpdEndToEndWorkflow" name="Diagnosis" time="15.229"/>
  <system-out/>
  <testcase classname="webAuto.WebOpdEndToEndWorkflow" name="Medicine1" time="47.394"/>
  <system-out/>
  <testcase classname="webAuto.WebOpdEndToEndWorkflow" name="DietaryAdvice" time="15.435"/>
  <system-out/>
  <testcase classname="webAuto.WebOpdEndToEndWorkflow" name="GeneralInstruction" time="15.439"/>
  <system-out/>
  <testcase classname="webAuto.WebOpdEndToEndWorkflow" name="SaveandProceed" time="0.212"/>
  <system-out/>
  <testcase classname="webAuto.WebOpdEndToEndWorkflow" name="ConfirmPrescription" time="56.114"/>
  <system-out/>
  <testcase classname="webAuto.WebOpdEndToEndWorkflow" name="Investigation" time="37.347"/>
  <system-out/>
  <testcase classname="webAuto.WebOpdEndToEndWorkflow" name="Investigation1" time="34.386"/>
  <system-out/>
  <testcase classname="webAuto.WebOpdEndToEndWorkflow" name="HealthProfile" time="34.929"/>
  <system-out/>
  <testcase classname="webAuto.WebOpdEndToEndWorkflow" name="Document1" time="0.098"/>
  <system-out/>
  <testcase classname="webAuto.WebOpdEndToEndWorkflow" name="ReceiptOption" time="15.097"/>
  <system-out/>
  <testcase classname="webAuto.WebOpdEndToEndWorkflow" name="previewReceipt" time="30.883"/>
  <system-out/>
  <testcase classname="webAuto.WebOpdEndToEndWorkflow" name="cirtificateOption1" time="20.273"/>
  <system-out/>
  <testcase classname="webAuto.WebOpdEndToEndWorkflow" name="AllDocuments" time="16.252"/>
  <system-out/>
  <testcase classname="webAuto.WebOpdEndToEndWorkflow" name="Document2" time="0.079"/>
  <system-out/>
  <testcase classname="webAuto.WebOpdEndToEndWorkflow" name="cirtificateOption" time="32.468"/>
  <system-out/>
  <testcase classname="webAuto.WebOpdEndToEndWorkflow" name="cirtificateOption3" time="20.186"/>
  <system-out/>
  <testcase classname="webAuto.WebOpdEndToEndWorkflow" name="AllDocuments1" time="11.064"/>
  <system-out/>
  <testcase classname="webAuto.WebOpdEndToEndWorkflow" name="ReferralOption3" time="43.760"/>
  <system-out/>
</testsuite> <!-- webAuto.WebOpdEndToEndWorkflow -->
