<?xml version="1.0" encoding="UTF-8"?>
<!-- Generated by org.testng.reporters.JUnitReportReporter -->
<testsuite hostname="CopiousCare" failures="0" tests="41" name="pivotalApplication.LMPAddPivo" time="268.714" errors="0" timestamp="2024-09-04T12:02:39 IST" skipped="0">
  <testcase classname="pivotalApplication.LMPAddPivo" name="NumberField" time="2.044"/>
  <system-out/>
  <testcase classname="pivotalApplication.LMPAddPivo" name="IAgree" time="1.947"/>
  <system-out/>
  <testcase classname="pivotalApplication.LMPAddPivo" name="proceedButton" time="2.388"/>
  <system-out/>
  <testcase classname="pivotalApplication.LMPAddPivo" name="OTP" time="11.885"/>
  <system-out/>
  <testcase classname="pivotalApplication.LMPAddPivo" name="submit" time="7.783"/>
  <system-out/>
  <testcase classname="pivotalApplication.LMPAddPivo" name="Createptient" time="4.502"/>
  <system-out/>
  <testcase classname="pivotalApplication.LMPAddPivo" name="MobileNumber1" time="2.610"/>
  <system-out/>
  <testcase classname="pivotalApplication.LMPAddPivo" name="confirm" time="4.542"/>
  <system-out/>
  <testcase classname="pivotalApplication.LMPAddPivo" name="confirmPopup" time="24.306"/>
  <system-out/>
  <testcase classname="pivotalApplication.LMPAddPivo" name="AdditionalNumber1" time="3.010"/>
  <system-out/>
  <testcase classname="pivotalApplication.LMPAddPivo" name="FirstName" time="5.009"/>
  <system-out/>
  <testcase classname="pivotalApplication.LMPAddPivo" name="MiddleName" time="5.048"/>
  <system-out/>
  <testcase classname="pivotalApplication.LMPAddPivo" name="LastName" time="5.015"/>
  <system-out/>
  <testcase classname="pivotalApplication.LMPAddPivo" name="Age" time="1.015"/>
  <system-out/>
  <testcase classname="pivotalApplication.LMPAddPivo" name="GenFemale" time="4.659"/>
  <system-out/>
  <testcase classname="pivotalApplication.LMPAddPivo" name="Address" time="2.525"/>
  <system-out/>
  <testcase classname="pivotalApplication.LMPAddPivo" name="Area" time="2.986"/>
  <system-out/>
  <testcase classname="pivotalApplication.LMPAddPivo" name="City" time="2.997"/>
  <system-out/>
  <testcase classname="pivotalApplication.LMPAddPivo" name="PinCode" time="3.022"/>
  <system-out/>
  <testcase classname="pivotalApplication.LMPAddPivo" name="Next" time="15.513"/>
  <system-out/>
  <testcase classname="pivotalApplication.LMPAddPivo" name="AddVital" time="5.395"/>
  <system-out/>
  <testcase classname="pivotalApplication.LMPAddPivo" name="Continue" time="5.275"/>
  <system-out/>
  <testcase classname="pivotalApplication.LMPAddPivo" name="weight" time="0.427"/>
  <system-out/>
  <testcase classname="pivotalApplication.LMPAddPivo" name="Height" time="6.143"/>
  <system-out/>
  <testcase classname="pivotalApplication.LMPAddPivo" name="Temperature" time="6.015"/>
  <system-out/>
  <testcase classname="pivotalApplication.LMPAddPivo" name="SPO2" time="5.967"/>
  <system-out/>
  <testcase classname="pivotalApplication.LMPAddPivo" name="LMPDate" time="17.001"/>
  <system-out/>
  <testcase classname="pivotalApplication.LMPAddPivo" name="UpArrow" time="10.957"/>
  <system-out/>
  <testcase classname="pivotalApplication.LMPAddPivo" name="BPSYS" time="5.894"/>
  <system-out/>
  <testcase classname="pivotalApplication.LMPAddPivo" name="BPDIA" time="5.906"/>
  <system-out/>
  <testcase classname="pivotalApplication.LMPAddPivo" name="HeartRate" time="7.039"/>
  <system-out/>
  <testcase classname="pivotalApplication.LMPAddPivo" name="Pulse" time="16.745"/>
  <system-out/>
  <testcase classname="pivotalApplication.LMPAddPivo" name="BloodSugar" time="5.887"/>
  <system-out/>
  <testcase classname="pivotalApplication.LMPAddPivo" name="BloodSugarf" time="5.866"/>
  <system-out/>
  <testcase classname="pivotalApplication.LMPAddPivo" name="BloodSugarPP" time="5.947"/>
  <system-out/>
  <testcase classname="pivotalApplication.LMPAddPivo" name="BloodSugarHB" time="16.848"/>
  <system-out/>
  <testcase classname="pivotalApplication.LMPAddPivo" name="CholesterolHDL" time="5.867"/>
  <system-out/>
  <testcase classname="pivotalApplication.LMPAddPivo" name="CholesterolLDL" time="5.388"/>
  <system-out/>
  <testcase classname="pivotalApplication.LMPAddPivo" name="TotalCholesterol" time="5.897"/>
  <system-out/>
  <testcase classname="pivotalApplication.LMPAddPivo" name="Triglycerides" time="5.899"/>
  <system-out/>
  <testcase classname="pivotalApplication.LMPAddPivo" name="Save" time="5.545"/>
  <system-out/>
</testsuite> <!-- pivotalApplication.LMPAddPivo -->
