<?xml version="1.0" encoding="UTF-8"?>
<!-- Generated by org.testng.reporters.JUnitReportReporter -->
<testsuite hostname="CopiousCare" failures="0" tests="7" name="webAuto.ImmunizationBasicRecord" time="58.034" errors="0" timestamp="2024-05-15T15:30:22 IST" skipped="0">
  <testcase classname="webAuto.ImmunizationBasicRecord" name="numberField" time="0.146"/>
  <system-out/>
  <testcase classname="webAuto.ImmunizationBasicRecord" name="sendOTP" time="7.701"/>
  <system-out/>
  <testcase classname="webAuto.ImmunizationBasicRecord" name="verifyButton" time="10.091"/>
  <system-out/>
  <testcase classname="webAuto.ImmunizationBasicRecord" name="searchBar" time="0.458"/>
  <system-out/>
  <testcase classname="webAuto.ImmunizationBasicRecord" name="searchOpt" time="3.093"/>
  <system-out/>
  <testcase classname="webAuto.ImmunizationBasicRecord" name="clickPatient" time="10.118"/>
  <system-out/>
  <testcase classname="webAuto.ImmunizationBasicRecord" name="HealthProfile" time="26.427"/>
  <system-out/>
</testsuite> <!-- webAuto.ImmunizationBasicRecord -->
