<?xml version="1.0" encoding="UTF-8"?>
<!-- Generated by org.testng.reporters.JUnitReportReporter -->
<testsuite hostname="DESKTOP-VQLLA2K" failures="0" tests="106" name="pivotalApplication.PivoFin2" time="1091.598" errors="0" timestamp="2023-12-26T12:56:38 IST" skipped="8">
  <testcase classname="pivotalApplication.PivoFin2" name="InvestigationClick" time="3.234"/>
  <testcase classname="pivotalApplication.PivoFin2" name="NewRequisition" time="2.332"/>
  <testcase classname="pivotalApplication.PivoFin2" name="Covid19" time="5.988"/>
  <testcase classname="pivotalApplication.PivoFin2" name="packages" time="2.630"/>
  <testcase classname="pivotalApplication.PivoFin2" name="Feverpanel" time="2.450"/>
  <testcase classname="pivotalApplication.PivoFin2" name="SelectTests" time="2.523"/>
  <testcase classname="pivotalApplication.PivoFin2" name="CreateRquisition" time="2.338"/>
  <testcase classname="pivotalApplication.PivoFin2" name="RquisitionDownloadclose" time="2.524"/>
  <testcase classname="pivotalApplication.PivoFin2" name="ReportClick" time="2.337"/>
  <testcase classname="pivotalApplication.PivoFin2" name="UploadReport" time="2.288"/>
  <testcase classname="pivotalApplication.PivoFin2" name="CreatedBy2" time="2.808"/>
  <testcase classname="pivotalApplication.PivoFin2" name="DocumentOn2" time="2.248"/>
  <testcase classname="pivotalApplication.PivoFin2" name="popUpOk2" time="2.300"/>
  <testcase classname="pivotalApplication.PivoFin2" name="Camera2" time="20.079"/>
  <testcase classname="pivotalApplication.PivoFin2" name="UploadCam2" time="2.292"/>
  <testcase classname="pivotalApplication.PivoFin2" name="UploadCamOk2" time="3.084"/>
  <testcase classname="pivotalApplication.PivoFin2" name="Transscript1" time="5.305"/>
  <testcase classname="pivotalApplication.PivoFin2" name="CreatedBy3" time="2.782"/>
  <testcase classname="pivotalApplication.PivoFin2" name="DocumentOn3" time="2.243"/>
  <testcase classname="pivotalApplication.PivoFin2" name="popUpOk3" time="2.311"/>
  <testcase classname="pivotalApplication.PivoFin2" name="Gallery3" time="2.283"/>
  <testcase classname="pivotalApplication.PivoFin2" name="photo3" time="10.308"/>
  <testcase classname="pivotalApplication.PivoFin2" name="Upload3" time="2.323"/>
  <testcase classname="pivotalApplication.PivoFin2" name="UploadOk3" time="10.031"/>
  <testcase classname="pivotalApplication.PivoFin2" name="RffralCreation" time="2.554"/>
  <testcase classname="pivotalApplication.PivoFin2" name="DrName" time="2.262"/>
  <testcase classname="pivotalApplication.PivoFin2" name="DrEmail" time="2.289"/>
  <testcase classname="pivotalApplication.PivoFin2" name="DrMobNumber" time="2.278"/>
  <testcase classname="pivotalApplication.PivoFin2" name="HealthCondition" time="2.314"/>
  <testcase classname="pivotalApplication.PivoFin2" name="Duration" time="2.230"/>
  <testcase classname="pivotalApplication.PivoFin2" name="Speciality" time="7.586"/>
  <testcase classname="pivotalApplication.PivoFin2" name="preview" time="2.302"/>
  <testcase classname="pivotalApplication.PivoFin2" name="Save" time="15.249"/>
  <testcase classname="pivotalApplication.PivoFin2" name="UploadDocuments" time="54.235"/>
  <testcase classname="pivotalApplication.PivoFin2" name="DocumentsDropDown" time="5.283"/>
  <testcase classname="pivotalApplication.PivoFin2" name="DischargeSummary" time="2.239"/>
  <testcase classname="pivotalApplication.PivoFin2" name="CreatedBy" time="2.770"/>
  <testcase classname="pivotalApplication.PivoFin2" name="DocumentOn" time="2.250"/>
  <testcase classname="pivotalApplication.PivoFin2" name="popUpOk" time="2.292"/>
  <testcase classname="pivotalApplication.PivoFin2" name="Camera" time="13.634"/>
  <testcase classname="pivotalApplication.PivoFin2" name="UploadCam" time="2.321"/>
  <testcase classname="pivotalApplication.PivoFin2" name="UploadCamOk" time="10.720"/>
  <testcase classname="pivotalApplication.PivoFin2" name="UploadDocuments1" time="5.409"/>
  <testcase classname="pivotalApplication.PivoFin2" name="DocumentsDropDown1" time="5.671"/>
  <testcase classname="pivotalApplication.PivoFin2" name="DischargeSummary1" time="2.234"/>
  <testcase classname="pivotalApplication.PivoFin2" name="CreatedBy1" time="2.758"/>
  <testcase classname="pivotalApplication.PivoFin2" name="DocumentOn1" time="2.244"/>
  <testcase classname="pivotalApplication.PivoFin2" name="popUpOk1" time="2.281"/>
  <testcase classname="pivotalApplication.PivoFin2" name="Gallery" time="2.262"/>
  <testcase classname="pivotalApplication.PivoFin2" name="photo" time="10.274"/>
  <testcase classname="pivotalApplication.PivoFin2" name="Upload" time="2.358"/>
  <testcase classname="pivotalApplication.PivoFin2" name="UploadOk" time="2.190"/>
  <testcase classname="pivotalApplication.PivoFin2" name="SpecialVaccine" time="17.689"/>
  <testcase classname="pivotalApplication.PivoFin2" name="AdministeredDate" time="5.186"/>
  <testcase classname="pivotalApplication.PivoFin2" name="PopUpOk" time="2.295"/>
  <testcase classname="pivotalApplication.PivoFin2" name="VaccineDropdown" time="2.195"/>
  <testcase classname="pivotalApplication.PivoFin2" name="CholeraVaccine" time="2.213"/>
  <testcase classname="pivotalApplication.PivoFin2" name="Submit" time="2.239"/>
  <testcase classname="pivotalApplication.PivoFin2" name="VaccinationOk" time="2.732"/>
  <testcase classname="pivotalApplication.PivoFin2" name="LinkPatient" time="17.631"/>
  <testcase classname="pivotalApplication.PivoFin2" name="DrMobileNumber" time="10.632"/>
  <testcase classname="pivotalApplication.PivoFin2" name="SearchDr" time="17.173"/>
  <testcase classname="pivotalApplication.PivoFin2" name="Link" time="15.255"/>
  <testcase classname="pivotalApplication.PivoFin2" name="Reciept" time="17.556"/>
  <testcase classname="pivotalApplication.PivoFin2" name="AddNewReceipt" time="10.265"/>
  <testcase classname="pivotalApplication.PivoFin2" name="ReceiptNo" time="7.866"/>
  <testcase classname="pivotalApplication.PivoFin2" name="Consultation" time="4.285"/>
  <testcase classname="pivotalApplication.PivoFin2" name="Vaccination" time="4.319"/>
  <testcase classname="pivotalApplication.PivoFin2" name="OtherReasons" time="4.791"/>
  <testcase classname="pivotalApplication.PivoFin2" name="Addmore" time="4.371"/>
  <testcase classname="pivotalApplication.PivoFin2" name="Preview" time="35.356"/>
  <testcase classname="pivotalApplication.PivoFin2" name="PayerName" time="2.665"/>
  <testcase classname="pivotalApplication.PivoFin2" name="CreateReceipt" time="26.955"/>
  <testcase classname="pivotalApplication.PivoFin2" name="Certificate" time="41.273"/>
  <testcase classname="pivotalApplication.PivoFin2" name="CertificateDropdown" time="22.217"/>
  <testcase classname="pivotalApplication.PivoFin2" name="CertificateType" time="22.242"/>
  <testcase classname="pivotalApplication.PivoFin2" name="Speciality1" time="32.290"/>
  <testcase classname="pivotalApplication.PivoFin2" name="SpecialitySelect" time="37.221"/>
  <testcase classname="pivotalApplication.PivoFin2" name="Preview1" time="12.330"/>
  <testcase classname="pivotalApplication.PivoFin2" name="Printclose" time="17.409"/>
  <testcase classname="pivotalApplication.PivoFin2" name="ClickHistory" time="6.507"/>
  <testcase classname="pivotalApplication.PivoFin2" name="ViewDocument" time="2.409"/>
  <testcase classname="pivotalApplication.PivoFin2" name="close1" time="10.275"/>
  <testcase classname="pivotalApplication.PivoFin2" name="ViewReceipts" time="12.528"/>
  <testcase classname="pivotalApplication.PivoFin2" name="close2" time="12.167"/>
  <testcase classname="pivotalApplication.PivoFin2" name="ViewReferal" time="10.568"/>
  <testcase classname="pivotalApplication.PivoFin2" name="close4" time="54.720"/>
  <testcase classname="pivotalApplication.PivoFin2" name="PatientList" time="34.832"/>
  <testcase classname="pivotalApplication.PivoFin2" name="Appointments" time="13.289"/>
  <testcase classname="pivotalApplication.PivoFin2" name="Prescription" time="41.985"/>
  <testcase classname="pivotalApplication.PivoFin2" name="Reports" time="47.998"/>
  <testcase classname="pivotalApplication.PivoFin2" name="Referrals" time="46.500"/>
  <testcase classname="pivotalApplication.PivoFin2" name="VaccineInStore" time="21.875"/>
  <testcase classname="pivotalApplication.PivoFin2" name="ViewReports" time="50.999"/>
  <testcase classname="pivotalApplication.PivoFin2" name="MyNotes" time="26.333"/>
  <testcase classname="pivotalApplication.PivoFin2" name="ShareHealth" time="11.533"/>
  <testcase classname="pivotalApplication.PivoFin2" name="WhatsNew" time="10.467"/>
  <testcase classname="pivotalApplication.PivoFin2" name="DashboardData" time="6.432"/>
  <testcase classname="pivotalApplication.PivoFin2" name="ClickPatient1">
    <skipped/>
  </testcase> <!-- ClickPatient1 -->
  <testcase classname="pivotalApplication.PivoFin2" name="IAgree">
    <skipped/>
  </testcase> <!-- IAgree -->
  <testcase classname="pivotalApplication.PivoFin2" name="OTP">
    <skipped/>
  </testcase> <!-- OTP -->
  <testcase classname="pivotalApplication.PivoFin2" name="HealthApp">
    <skipped/>
  </testcase> <!-- HealthApp -->
  <testcase classname="pivotalApplication.PivoFin2" name="proceedButton">
    <skipped/>
  </testcase> <!-- proceedButton -->
  <testcase classname="pivotalApplication.PivoFin2" name="Search">
    <skipped/>
  </testcase> <!-- Search -->
  <testcase classname="pivotalApplication.PivoFin2" name="submit">
    <skipped/>
  </testcase> <!-- submit -->
  <testcase classname="pivotalApplication.PivoFin2" name="NumberField">
    <skipped/>
  </testcase> <!-- NumberField -->
</testsuite> <!-- pivotalApplication.PivoFin2 -->
