<?xml version="1.0" encoding="UTF-8"?>
<!-- Generated by org.testng.reporters.JUnitReportReporter -->
<testsuite hostname="CopiousCare" failures="0" tests="34" name="healthApp.HealthFamily" time="193.344" errors="0" timestamp="2024-04-23T15:18:36 IST" skipped="0">
  <testcase classname="healthApp.HealthFamily" name="NumberField" time="11.187"/>
  <system-out/>
  <testcase classname="healthApp.HealthFamily" name="BfSuite" time="0.652"/>
  <system-out/>
  <testcase classname="healthApp.HealthFamily" name="IAgree" time="2.152"/>
  <system-out/>
  <testcase classname="healthApp.HealthFamily" name="proceedButton" time="5.312"/>
  <system-out/>
  <testcase classname="healthApp.HealthFamily" name="OTP" time="15.989"/>
  <system-out/>
  <testcase classname="healthApp.HealthFamily" name="Verify" time="5.765"/>
  <system-out/>
  <testcase classname="healthApp.HealthFamily" name="Family" time="5.786"/>
  <system-out/>
  <testcase classname="healthApp.HealthFamily" name="AddFamilyMember" time="5.859"/>
  <system-out/>
  <testcase classname="healthApp.HealthFamily" name="FirstName" time="5.853"/>
  <system-out/>
  <testcase classname="healthApp.HealthFamily" name="MiddleName" time="5.848"/>
  <system-out/>
  <testcase classname="healthApp.HealthFamily" name="Birthdate" time="10.654"/>
  <system-out/>
  <testcase classname="healthApp.HealthFamily" name="Male" time="5.378"/>
  <system-out/>
  <testcase classname="healthApp.HealthFamily" name="SaveAndNext" time="10.648"/>
  <system-out/>
  <testcase classname="healthApp.HealthFamily" name="SelectClick" time="5.589"/>
  <system-out/>
  <testcase classname="healthApp.HealthFamily" name="SelectOther" time="5.376"/>
  <system-out/>
  <testcase classname="healthApp.HealthFamily" name="Next" time="5.547"/>
  <system-out/>
  <testcase classname="healthApp.HealthFamily" name="LinkDr" time="1.121"/>
  <system-out/>
  <testcase classname="healthApp.HealthFamily" name="AddtionalInformation" time="1.925"/>
  <system-out/>
  <testcase classname="healthApp.HealthFamily" name="MedicalConditionAdd" time="3.713"/>
  <system-out/>
  <testcase classname="healthApp.HealthFamily" name="MedicalConditionSelect" time="3.874"/>
  <system-out/>
  <testcase classname="healthApp.HealthFamily" name="AddMedicalCondition" time="2.417"/>
  <system-out/>
  <testcase classname="healthApp.HealthFamily" name="Allergies" time="2.833"/>
  <system-out/>
  <testcase classname="healthApp.HealthFamily" name="Reactions" time="2.822"/>
  <system-out/>
  <testcase classname="healthApp.HealthFamily" name="RecurringComplaints" time="2.851"/>
  <system-out/>
  <testcase classname="healthApp.HealthFamily" name="HospitalizationHistory" time="2.827"/>
  <system-out/>
  <testcase classname="healthApp.HealthFamily" name="HealthHistory" time="2.854"/>
  <system-out/>
  <testcase classname="healthApp.HealthFamily" name="GeneticdisoredrAdd" time="3.987"/>
  <system-out/>
  <testcase classname="healthApp.HealthFamily" name="GeneticdisoredrSelect" time="12.993"/>
  <system-out/>
  <testcase classname="healthApp.HealthFamily" name="AddGeneticdisoredr" time="2.538"/>
  <system-out/>
  <testcase classname="healthApp.HealthFamily" name="helathNext" time="2.660"/>
  <system-out/>
  <testcase classname="healthApp.HealthFamily" name="FamailyNedicalHistory" time="8.283"/>
  <system-out/>
  <testcase classname="healthApp.HealthFamily" name="EnterDisorders" time="10.237"/>
  <system-out/>
  <testcase classname="healthApp.HealthFamily" name="FathersName" time="3.174"/>
  <system-out/>
  <testcase classname="healthApp.HealthFamily" name="MothersName" time="14.640"/>
  <system-out/>
</testsuite> <!-- healthApp.HealthFamily -->
