<?xml version="1.0" encoding="UTF-8"?>
<!-- Generated by org.testng.reporters.JUnitReportReporter -->
<testsuite hostname="CopiousCare" failures="0" tests="45" name="pivotalApplication.EditLMPVital" time="276.656" errors="0" timestamp="2024-04-12T15:31:14 IST" skipped="0">
  <testcase classname="pivotalApplication.EditLMPVital" name="BfSuite" time="1.194"/>
  <system-out/>
  <testcase classname="pivotalApplication.EditLMPVital" name="NumberField" time="1.164"/>
  <system-out/>
  <testcase classname="pivotalApplication.EditLMPVital" name="IAgree" time="2.179"/>
  <system-out/>
  <testcase classname="pivotalApplication.EditLMPVital" name="proceedButton" time="2.481"/>
  <system-out/>
  <testcase classname="pivotalApplication.EditLMPVital" name="OTP" time="10.978"/>
  <system-out/>
  <testcase classname="pivotalApplication.EditLMPVital" name="submit" time="11.116"/>
  <system-out/>
  <testcase classname="pivotalApplication.EditLMPVital" name="Createptient" time="4.475"/>
  <system-out/>
  <testcase classname="pivotalApplication.EditLMPVital" name="Neweptient" time="12.311"/>
  <system-out/>
  <testcase classname="pivotalApplication.EditLMPVital" name="Close" time="5.095"/>
  <system-out/>
  <testcase classname="pivotalApplication.EditLMPVital" name="MobileNumber1" time="3.047"/>
  <system-out/>
  <testcase classname="pivotalApplication.EditLMPVital" name="confirm" time="4.571"/>
  <system-out/>
  <testcase classname="pivotalApplication.EditLMPVital" name="confirmPopup" time="6.647"/>
  <system-out/>
  <testcase classname="pivotalApplication.EditLMPVital" name="AdditionalNumber1" time="3.072"/>
  <system-out/>
  <testcase classname="pivotalApplication.EditLMPVital" name="FirstName" time="4.481"/>
  <system-out/>
  <testcase classname="pivotalApplication.EditLMPVital" name="MiddleName" time="4.952"/>
  <system-out/>
  <testcase classname="pivotalApplication.EditLMPVital" name="LastName" time="4.973"/>
  <system-out/>
  <testcase classname="pivotalApplication.EditLMPVital" name="Age" time="1.129"/>
  <system-out/>
  <testcase classname="pivotalApplication.EditLMPVital" name="GenFemale" time="4.464"/>
  <system-out/>
  <testcase classname="pivotalApplication.EditLMPVital" name="Address" time="3.057"/>
  <system-out/>
  <testcase classname="pivotalApplication.EditLMPVital" name="Area" time="2.428"/>
  <system-out/>
  <testcase classname="pivotalApplication.EditLMPVital" name="City" time="2.925"/>
  <system-out/>
  <testcase classname="pivotalApplication.EditLMPVital" name="PinCode" time="2.411"/>
  <system-out/>
  <testcase classname="pivotalApplication.EditLMPVital" name="Next" time="15.442"/>
  <system-out/>
  <testcase classname="pivotalApplication.EditLMPVital" name="AddVital" time="5.331"/>
  <system-out/>
  <testcase classname="pivotalApplication.EditLMPVital" name="Continue" time="10.831"/>
  <system-out/>
  <testcase classname="pivotalApplication.EditLMPVital" name="weight" time="0.334"/>
  <system-out/>
  <testcase classname="pivotalApplication.EditLMPVital" name="Height" time="6.004"/>
  <system-out/>
  <testcase classname="pivotalApplication.EditLMPVital" name="Temperature" time="5.874"/>
  <system-out/>
  <testcase classname="pivotalApplication.EditLMPVital" name="SPO2" time="5.926"/>
  <system-out/>
  <testcase classname="pivotalApplication.EditLMPVital" name="LMPDate" time="21.277"/>
  <system-out/>
  <testcase classname="pivotalApplication.EditLMPVital" name="UpArrow" time="10.791"/>
  <system-out/>
  <testcase classname="pivotalApplication.EditLMPVital" name="BPSYS" time="5.809"/>
  <system-out/>
  <testcase classname="pivotalApplication.EditLMPVital" name="BPDIA" time="5.787"/>
  <system-out/>
  <testcase classname="pivotalApplication.EditLMPVital" name="HeartRate" time="6.822"/>
  <system-out/>
  <testcase classname="pivotalApplication.EditLMPVital" name="Pulse" time="11.502"/>
  <system-out/>
  <testcase classname="pivotalApplication.EditLMPVital" name="Haemoglobin" time="6.595"/>
  <system-out/>
  <testcase classname="pivotalApplication.EditLMPVital" name="BloodSugar" time="6.129"/>
  <system-out/>
  <testcase classname="pivotalApplication.EditLMPVital" name="BloodSugarf" time="5.823"/>
  <system-out/>
  <testcase classname="pivotalApplication.EditLMPVital" name="BloodSugarPP" time="5.794"/>
  <system-out/>
  <testcase classname="pivotalApplication.EditLMPVital" name="BloodSugarHB" time="11.802"/>
  <system-out/>
  <testcase classname="pivotalApplication.EditLMPVital" name="CholesterolHDL" time="6.802"/>
  <system-out/>
  <testcase classname="pivotalApplication.EditLMPVital" name="CholesterolLDL" time="5.828"/>
  <system-out/>
  <testcase classname="pivotalApplication.EditLMPVital" name="TotalCholesterol" time="5.793"/>
  <system-out/>
  <testcase classname="pivotalApplication.EditLMPVital" name="Triglycerides" time="5.770"/>
  <system-out/>
  <testcase classname="pivotalApplication.EditLMPVital" name="Save" time="5.440"/>
  <system-out/>
</testsuite> <!-- pivotalApplication.EditLMPVital -->
