<?xml version="1.0" encoding="UTF-8"?>
<!-- Generated by org.testng.reporters.JUnitReportReporter -->
<testsuite hostname="CopiousCare" failures="0" tests="9" name="webAuto.PreviDateReceipt" time="99.008" errors="0" timestamp="2024-11-18T09:57:18 IST" skipped="0">
  <testcase classname="webAuto.PreviDateReceipt" name="numberField" time="0.155"/>
  <system-out/>
  <testcase classname="webAuto.PreviDateReceipt" name="sendOTP" time="12.049"/>
  <system-out/>
  <testcase classname="webAuto.PreviDateReceipt" name="verifyButton" time="10.122"/>
  <system-out/>
  <testcase classname="webAuto.PreviDateReceipt" name="searchBar1" time="0.407"/>
  <system-out/>
  <testcase classname="webAuto.PreviDateReceipt" name="searchOpt" time="3.140"/>
  <system-out/>
  <testcase classname="webAuto.PreviDateReceipt" name="searchBar2" time="15.344"/>
  <system-out/>
  <testcase classname="webAuto.PreviDateReceipt" name="Document1" time="0.411"/>
  <system-out/>
  <testcase classname="webAuto.PreviDateReceipt" name="ReceiptOption" time="26.641"/>
  <system-out/>
  <testcase classname="webAuto.PreviDateReceipt" name="previewReceipt" time="30.739"/>
  <system-out/>
</testsuite> <!-- webAuto.PreviDateReceipt -->
