<?xml version="1.0" encoding="UTF-8"?>
<!-- Generated by org.testng.reporters.JUnitReportReporter -->
<testsuite hostname="CopiousCare" failures="0" tests="15" name="healthApp.NewAppoitnment" time="118.778" errors="0" timestamp="2024-04-23T16:32:57 IST" skipped="0">
  <testcase classname="healthApp.NewAppoitnment" name="NumberField" time="11.643"/>
  <system-out/>
  <testcase classname="healthApp.NewAppoitnment" name="BfSuite" time="1.283"/>
  <system-out/>
  <testcase classname="healthApp.NewAppoitnment" name="IAgree" time="2.125"/>
  <system-out/>
  <testcase classname="healthApp.NewAppoitnment" name="proceedButton" time="5.320"/>
  <system-out/>
  <testcase classname="healthApp.NewAppoitnment" name="OTP" time="15.957"/>
  <system-out/>
  <testcase classname="healthApp.NewAppoitnment" name="Verify" time="10.756"/>
  <system-out/>
  <testcase classname="healthApp.NewAppoitnment" name="BookAppointment" time="5.965"/>
  <system-out/>
  <testcase classname="healthApp.NewAppoitnment" name="SelectFamilyMember" time="2.350"/>
  <system-out/>
  <testcase classname="healthApp.NewAppoitnment" name="SelectDoctor" time="5.406"/>
  <system-out/>
  <testcase classname="healthApp.NewAppoitnment" name="Doctor" time="5.594"/>
  <system-out/>
  <testcase classname="healthApp.NewAppoitnment" name="DateClick" time="5.401"/>
  <system-out/>
  <testcase classname="healthApp.NewAppoitnment" name="Time" time="5.599"/>
  <system-out/>
  <testcase classname="healthApp.NewAppoitnment" name="PurposeVisit" time="30.690"/>
  <system-out/>
  <testcase classname="healthApp.NewAppoitnment" name="CreateAppointment" time="5.375"/>
  <system-out/>
  <testcase classname="healthApp.NewAppoitnment" name="Done" time="5.314"/>
  <system-out/>
</testsuite> <!-- healthApp.NewAppoitnment -->
