<?xml version="1.0" encoding="UTF-8"?>
<!-- Generated by org.testng.reporters.JUnitReportReporter -->
<testsuite hostname="DESKTOP-VQLLA2K" failures="0" tests="28" name="webAuto.AddVitalWeb" time="184.962" errors="0" timestamp="2023-12-26T11:16:12 IST" skipped="0">
  <testcase classname="webAuto.AddVitalWeb" name="numberField" time="0.290"/>
  <testcase classname="webAuto.AddVitalWeb" name="sendOTP" time="12.286"/>
  <testcase classname="webAuto.AddVitalWeb" name="verifyButton" time="10.240"/>
  <testcase classname="webAuto.AddVitalWeb" name="createPatient" time="3.995"/>
  <testcase classname="webAuto.AddVitalWeb" name="Number1" time="0.905"/>
  <testcase classname="webAuto.AddVitalWeb" name="confirm" time="2.514"/>
  <testcase classname="webAuto.AddVitalWeb" name="number2" time="0.883"/>
  <testcase classname="webAuto.AddVitalWeb" name="firstName" time="0.516"/>
  <testcase classname="webAuto.AddVitalWeb" name="middleName" time="0.351"/>
  <testcase classname="webAuto.AddVitalWeb" name="lastName" time="0.369"/>
  <testcase classname="webAuto.AddVitalWeb" name="birthDate" time="0.676"/>
  <testcase classname="webAuto.AddVitalWeb" name="genFemale" time="0.221"/>
  <testcase classname="webAuto.AddVitalWeb" name="address" time="0.457"/>
  <testcase classname="webAuto.AddVitalWeb" name="locality" time="0.443"/>
  <testcase classname="webAuto.AddVitalWeb" name="city" time="0.381"/>
  <testcase classname="webAuto.AddVitalWeb" name="pinCode" time="0.535"/>
  <testcase classname="webAuto.AddVitalWeb" name="proceedWithSameRMN" time="0.386"/>
  <testcase classname="webAuto.AddVitalWeb" name="nextButton" time="15.172"/>
  <testcase classname="webAuto.AddVitalWeb" name="clickClose" time="1.457"/>
  <testcase classname="webAuto.AddVitalWeb" name="fillVitalForm" time="17.860"/>
  <testcase classname="webAuto.AddVitalWeb" name="fillHealthProfile" time="13.234"/>
  <testcase classname="webAuto.AddVitalWeb" name="fillFamilyProfile" time="18.560"/>
  <testcase classname="webAuto.AddVitalWeb" name="GoHome" time="0.731"/>
  <testcase classname="webAuto.AddVitalWeb" name="searchBar2" time="19.945"/>
  <testcase classname="webAuto.AddVitalWeb" name="AdVitals" time="12.139"/>
  <testcase classname="webAuto.AddVitalWeb" name="AdBpandHeartOption" time="16.522"/>
  <testcase classname="webAuto.AddVitalWeb" name="AdBloodAndAnalysis" time="16.835"/>
  <testcase classname="webAuto.AddVitalWeb" name="AdLipidProfile" time="17.059"/>
</testsuite> <!-- webAuto.AddVitalWeb -->
