<?xml version="1.0" encoding="UTF-8"?>
<!-- Generated by org.testng.reporters.JUnitReportReporter -->
<testsuite hostname="CopiousCare" failures="0" tests="33" name="healthApp.HealthAdultFamilyMember" time="230.485" errors="0" timestamp="2024-04-24T13:09:22 IST" skipped="0">
  <testcase classname="healthApp.HealthAdultFamilyMember" name="NumberField" time="11.620"/>
  <system-out/>
  <testcase classname="healthApp.HealthAdultFamilyMember" name="BfSuite" time="0.653"/>
  <system-out/>
  <testcase classname="healthApp.HealthAdultFamilyMember" name="IAgree" time="2.170"/>
  <system-out/>
  <testcase classname="healthApp.HealthAdultFamilyMember" name="proceedButton" time="5.308"/>
  <system-out/>
  <testcase classname="healthApp.HealthAdultFamilyMember" name="OTP" time="15.554"/>
  <system-out/>
  <testcase classname="healthApp.HealthAdultFamilyMember" name="Verify" time="10.428"/>
  <system-out/>
  <testcase classname="healthApp.HealthAdultFamilyMember" name="Family" time="5.813"/>
  <system-out/>
  <testcase classname="healthApp.HealthAdultFamilyMember" name="AddFamilyMember" time="5.660"/>
  <system-out/>
  <testcase classname="healthApp.HealthAdultFamilyMember" name="FirstName" time="5.863"/>
  <system-out/>
  <testcase classname="healthApp.HealthAdultFamilyMember" name="MiddleName" time="5.845"/>
  <system-out/>
  <testcase classname="healthApp.HealthAdultFamilyMember" name="Birthdate" time="50.295"/>
  <system-out/>
  <testcase classname="healthApp.HealthAdultFamilyMember" name="Male" time="5.346"/>
  <system-out/>
  <testcase classname="healthApp.HealthAdultFamilyMember" name="SaveAndNext" time="11.232"/>
  <system-out/>
  <testcase classname="healthApp.HealthAdultFamilyMember" name="SelectClick" time="5.573"/>
  <system-out/>
  <testcase classname="healthApp.HealthAdultFamilyMember" name="SelectOther" time="5.299"/>
  <system-out/>
  <testcase classname="healthApp.HealthAdultFamilyMember" name="Next" time="5.615"/>
  <system-out/>
  <testcase classname="healthApp.HealthAdultFamilyMember" name="LinkDr" time="1.082"/>
  <system-out/>
  <testcase classname="healthApp.HealthAdultFamilyMember" name="AddtionalInformation" time="1.851"/>
  <system-out/>
  <testcase classname="healthApp.HealthAdultFamilyMember" name="MedicalConditionAdd" time="3.615"/>
  <system-out/>
  <testcase classname="healthApp.HealthAdultFamilyMember" name="MedicalConditionSelect" time="3.779"/>
  <system-out/>
  <testcase classname="healthApp.HealthAdultFamilyMember" name="AddMedicalCondition" time="2.361"/>
  <system-out/>
  <testcase classname="healthApp.HealthAdultFamilyMember" name="Allergies" time="2.775"/>
  <system-out/>
  <testcase classname="healthApp.HealthAdultFamilyMember" name="Reactions" time="2.746"/>
  <system-out/>
  <testcase classname="healthApp.HealthAdultFamilyMember" name="RecurringComplaints" time="2.261"/>
  <system-out/>
  <testcase classname="healthApp.HealthAdultFamilyMember" name="HospitalizationHistory" time="2.744"/>
  <system-out/>
  <testcase classname="healthApp.HealthAdultFamilyMember" name="HealthHistory" time="2.778"/>
  <system-out/>
  <testcase classname="healthApp.HealthAdultFamilyMember" name="GeneticdisoredrAdd" time="3.970"/>
  <system-out/>
  <testcase classname="healthApp.HealthAdultFamilyMember" name="GeneticdisoredrSelect" time="12.928"/>
  <system-out/>
  <testcase classname="healthApp.HealthAdultFamilyMember" name="AddGeneticdisoredr" time="2.473"/>
  <system-out/>
  <testcase classname="healthApp.HealthAdultFamilyMember" name="helathNext" time="2.305"/>
  <system-out/>
  <testcase classname="healthApp.HealthAdultFamilyMember" name="FamailyNedicalHistory" time="8.082"/>
  <system-out/>
  <testcase classname="healthApp.HealthAdultFamilyMember" name="EnterDisorders" time="9.978"/>
  <system-out/>
  <testcase classname="healthApp.HealthAdultFamilyMember" name="MothersName" time="12.483"/>
  <system-out/>
</testsuite> <!-- healthApp.HealthAdultFamilyMember -->
