<?xml version="1.0" encoding="UTF-8"?>
<!-- Generated by org.testng.reporters.JUnitReportReporter -->
<testsuite hostname="DESKTOP-VQLLA2K" failures="0" tests="37" name="webAuto.OpdEndToEndWorkFlow1" time="370.072" errors="0" timestamp="2023-12-22T11:41:51 IST" skipped="0">
  <testcase classname="webAuto.OpdEndToEndWorkFlow1" name="numberField" time="0.321"/>
  <testcase classname="webAuto.OpdEndToEndWorkFlow1" name="sendOTP" time="12.256"/>
  <testcase classname="webAuto.OpdEndToEndWorkFlow1" name="verifyButton" time="10.181"/>
  <testcase classname="webAuto.OpdEndToEndWorkFlow1" name="createPatient" time="4.764"/>
  <testcase classname="webAuto.OpdEndToEndWorkFlow1" name="Number1" time="0.576"/>
  <testcase classname="webAuto.OpdEndToEndWorkFlow1" name="confirm" time="2.895"/>
  <testcase classname="webAuto.OpdEndToEndWorkFlow1" name="number2" time="0.415"/>
  <testcase classname="webAuto.OpdEndToEndWorkFlow1" name="firstName" time="0.348"/>
  <testcase classname="webAuto.OpdEndToEndWorkFlow1" name="middleName" time="0.228"/>
  <testcase classname="webAuto.OpdEndToEndWorkFlow1" name="lastName" time="0.224"/>
  <testcase classname="webAuto.OpdEndToEndWorkFlow1" name="birthDate" time="0.539"/>
  <testcase classname="webAuto.OpdEndToEndWorkFlow1" name="genFemale" time="0.248"/>
  <testcase classname="webAuto.OpdEndToEndWorkFlow1" name="address" time="0.312"/>
  <testcase classname="webAuto.OpdEndToEndWorkFlow1" name="locality" time="0.255"/>
  <testcase classname="webAuto.OpdEndToEndWorkFlow1" name="city" time="0.241"/>
  <testcase classname="webAuto.OpdEndToEndWorkFlow1" name="pinCode" time="0.251"/>
  <testcase classname="webAuto.OpdEndToEndWorkFlow1" name="proceedWithSameRMN" time="0.223"/>
  <testcase classname="webAuto.OpdEndToEndWorkFlow1" name="nextButton" time="15.136"/>
  <testcase classname="webAuto.OpdEndToEndWorkFlow1" name="clickClose" time="1.044"/>
  <testcase classname="webAuto.OpdEndToEndWorkFlow1" name="fillVitalForm" time="16.840"/>
  <testcase classname="webAuto.OpdEndToEndWorkFlow1" name="fillHealthProfile" time="13.408"/>
  <testcase classname="webAuto.OpdEndToEndWorkFlow1" name="fillFamilyProfile" time="17.517"/>
  <testcase classname="webAuto.OpdEndToEndWorkFlow1" name="GoHome" time="0.597"/>
  <testcase classname="webAuto.OpdEndToEndWorkFlow1" name="AddNewAppointment" time="25.630"/>
  <testcase classname="webAuto.OpdEndToEndWorkFlow1" name="AddPrescription" time="16.249"/>
  <testcase classname="webAuto.OpdEndToEndWorkFlow1" name="Complaints" time="5.277"/>
  <testcase classname="webAuto.OpdEndToEndWorkFlow1" name="VitalsOption" time="5.364"/>
  <testcase classname="webAuto.OpdEndToEndWorkFlow1" name="BpandHeartOption" time="16.564"/>
  <testcase classname="webAuto.OpdEndToEndWorkFlow1" name="BloodAndAnalysis" time="17.065"/>
  <testcase classname="webAuto.OpdEndToEndWorkFlow1" name="LipidProfile" time="16.495"/>
  <testcase classname="webAuto.OpdEndToEndWorkFlow1" name="OnExamination" time="16.531"/>
  <testcase classname="webAuto.OpdEndToEndWorkFlow1" name="Diagnosis" time="15.444"/>
  <testcase classname="webAuto.OpdEndToEndWorkFlow1" name="Medicine1" time="48.352"/>
  <testcase classname="webAuto.OpdEndToEndWorkFlow1" name="DietaryAdvice" time="15.740"/>
  <testcase classname="webAuto.OpdEndToEndWorkFlow1" name="GeneralInstruction" time="15.455"/>
  <testcase classname="webAuto.OpdEndToEndWorkFlow1" name="SaveandProceed" time="0.292"/>
  <testcase classname="webAuto.OpdEndToEndWorkFlow1" name="ConfirmPrescription" time="56.795"/>
</testsuite> <!-- webAuto.OpdEndToEndWorkFlow1 -->
