<?xml version="1.0" encoding="UTF-8"?>
<!-- Generated by org.testng.reporters.JUnitReportReporter -->
<testsuite hostname="CopiousCare" failures="0" tests="172" name="pivotalApplication.PivoFin1" time="983.642" errors="0" timestamp="2024-05-21T13:59:46 IST" skipped="0">
  <testcase classname="pivotalApplication.PivoFin1" name="BfSuite" time="0.595"/>
  <system-out/>
  <testcase classname="pivotalApplication.PivoFin1" name="NumberField" time="1.168"/>
  <system-out/>
  <testcase classname="pivotalApplication.PivoFin1" name="IAgree" time="2.124"/>
  <system-out/>
  <testcase classname="pivotalApplication.PivoFin1" name="proceedButton" time="2.565"/>
  <system-out/>
  <testcase classname="pivotalApplication.PivoFin1" name="OTP" time="10.968"/>
  <system-out/>
  <testcase classname="pivotalApplication.PivoFin1" name="submit" time="8.102"/>
  <system-out/>
  <testcase classname="pivotalApplication.PivoFin1" name="Createptient" time="4.458"/>
  <system-out/>
  <testcase classname="pivotalApplication.PivoFin1" name="Neweptient" time="12.318"/>
  <system-out/>
  <testcase classname="pivotalApplication.PivoFin1" name="Close" time="5.038"/>
  <system-out/>
  <testcase classname="pivotalApplication.PivoFin1" name="MobileNumber1" time="3.047"/>
  <system-out/>
  <testcase classname="pivotalApplication.PivoFin1" name="confirm" time="4.571"/>
  <system-out/>
  <testcase classname="pivotalApplication.PivoFin1" name="confirmPopup" time="4.809"/>
  <system-out/>
  <testcase classname="pivotalApplication.PivoFin1" name="AdditionalNumber1" time="3.079"/>
  <system-out/>
  <testcase classname="pivotalApplication.PivoFin1" name="FirstName" time="4.466"/>
  <system-out/>
  <testcase classname="pivotalApplication.PivoFin1" name="MiddleName" time="4.959"/>
  <system-out/>
  <testcase classname="pivotalApplication.PivoFin1" name="LastName" time="4.899"/>
  <system-out/>
  <testcase classname="pivotalApplication.PivoFin1" name="BirthCalender" time="5.154"/>
  <system-out/>
  <testcase classname="pivotalApplication.PivoFin1" name="Birthok" time="4.374"/>
  <system-out/>
  <testcase classname="pivotalApplication.PivoFin1" name="GenFemale" time="4.401"/>
  <system-out/>
  <testcase classname="pivotalApplication.PivoFin1" name="Address" time="2.897"/>
  <system-out/>
  <testcase classname="pivotalApplication.PivoFin1" name="Area" time="2.925"/>
  <system-out/>
  <testcase classname="pivotalApplication.PivoFin1" name="City" time="2.898"/>
  <system-out/>
  <testcase classname="pivotalApplication.PivoFin1" name="PinCode" time="2.937"/>
  <system-out/>
  <testcase classname="pivotalApplication.PivoFin1" name="Next" time="15.425"/>
  <system-out/>
  <testcase classname="pivotalApplication.PivoFin1" name="ContinueProfile" time="10.363"/>
  <system-out/>
  <testcase classname="pivotalApplication.PivoFin1" name="TypeOfDelivery" time="2.375"/>
  <system-out/>
  <testcase classname="pivotalApplication.PivoFin1" name="TypeOfDeliveryNormal" time="2.254"/>
  <system-out/>
  <testcase classname="pivotalApplication.PivoFin1" name="weightl" time="2.305"/>
  <system-out/>
  <testcase classname="pivotalApplication.PivoFin1" name="Heightl" time="2.303"/>
  <system-out/>
  <testcase classname="pivotalApplication.PivoFin1" name="HC" time="2.308"/>
  <system-out/>
  <testcase classname="pivotalApplication.PivoFin1" name="CC" time="2.306"/>
  <system-out/>
  <testcase classname="pivotalApplication.PivoFin1" name="BPSYS" time="2.297"/>
  <system-out/>
  <testcase classname="pivotalApplication.PivoFin1" name="BPDia" time="2.271"/>
  <system-out/>
  <testcase classname="pivotalApplication.PivoFin1" name="BloodGroup" time="2.345"/>
  <system-out/>
  <testcase classname="pivotalApplication.PivoFin1" name="BloodGroupA" time="3.466"/>
  <system-out/>
  <testcase classname="pivotalApplication.PivoFin1" name="BirthHistoryNext" time="7.434"/>
  <system-out/>
  <testcase classname="pivotalApplication.PivoFin1" name="MedicalConditionAdd" time="3.706"/>
  <system-out/>
  <testcase classname="pivotalApplication.PivoFin1" name="MedicalConditionSelect" time="3.628"/>
  <system-out/>
  <testcase classname="pivotalApplication.PivoFin1" name="AddMedicalCondition" time="2.442"/>
  <system-out/>
  <testcase classname="pivotalApplication.PivoFin1" name="Allergies" time="2.831"/>
  <system-out/>
  <testcase classname="pivotalApplication.PivoFin1" name="Reactions" time="2.807"/>
  <system-out/>
  <testcase classname="pivotalApplication.PivoFin1" name="RecurringComplaints" time="2.820"/>
  <system-out/>
  <testcase classname="pivotalApplication.PivoFin1" name="HospitalizationHistory" time="2.808"/>
  <system-out/>
  <testcase classname="pivotalApplication.PivoFin1" name="HealthHistory" time="3.361"/>
  <system-out/>
  <testcase classname="pivotalApplication.PivoFin1" name="GeneticdisoredrAdd" time="4.044"/>
  <system-out/>
  <testcase classname="pivotalApplication.PivoFin1" name="GeneticdisoredrSelect" time="12.903"/>
  <system-out/>
  <testcase classname="pivotalApplication.PivoFin1" name="AddGeneticdisoredr" time="2.505"/>
  <system-out/>
  <testcase classname="pivotalApplication.PivoFin1" name="OtherEmailId" time="2.862"/>
  <system-out/>
  <testcase classname="pivotalApplication.PivoFin1" name="helathNext" time="2.334"/>
  <system-out/>
  <testcase classname="pivotalApplication.PivoFin1" name="FathersName" time="2.839"/>
  <system-out/>
  <testcase classname="pivotalApplication.PivoFin1" name="MothersName" time="2.736"/>
  <system-out/>
  <testcase classname="pivotalApplication.PivoFin1" name="Fatherheight" time="7.473"/>
  <system-out/>
  <testcase classname="pivotalApplication.PivoFin1" name="Mothersheight" time="5.489"/>
  <system-out/>
  <testcase classname="pivotalApplication.PivoFin1" name="FamailyMedicalHistory" time="8.187"/>
  <system-out/>
  <testcase classname="pivotalApplication.PivoFin1" name="EnterDisorders" time="15.614"/>
  <system-out/>
  <testcase classname="pivotalApplication.PivoFin1" name="AddVital" time="5.323"/>
  <system-out/>
  <testcase classname="pivotalApplication.PivoFin1" name="weight" time="0.283"/>
  <system-out/>
  <testcase classname="pivotalApplication.PivoFin1" name="Height" time="5.956"/>
  <system-out/>
  <testcase classname="pivotalApplication.PivoFin1" name="HC1" time="5.279"/>
  <system-out/>
  <testcase classname="pivotalApplication.PivoFin1" name="Temperature" time="5.828"/>
  <system-out/>
  <testcase classname="pivotalApplication.PivoFin1" name="SPO2" time="11.630"/>
  <system-out/>
  <testcase classname="pivotalApplication.PivoFin1" name="UpArrow" time="10.748"/>
  <system-out/>
  <testcase classname="pivotalApplication.PivoFin1" name="BPSYS1" time="5.771"/>
  <system-out/>
  <testcase classname="pivotalApplication.PivoFin1" name="BPDIA" time="5.790"/>
  <system-out/>
  <testcase classname="pivotalApplication.PivoFin1" name="HeartRate" time="6.786"/>
  <system-out/>
  <testcase classname="pivotalApplication.PivoFin1" name="Pulse" time="11.465"/>
  <system-out/>
  <testcase classname="pivotalApplication.PivoFin1" name="BloodSugar" time="10.772"/>
  <system-out/>
  <testcase classname="pivotalApplication.PivoFin1" name="BloodSugarf" time="5.320"/>
  <system-out/>
  <testcase classname="pivotalApplication.PivoFin1" name="BloodSugarPP" time="5.869"/>
  <system-out/>
  <testcase classname="pivotalApplication.PivoFin1" name="BloodSugarHB" time="16.521"/>
  <system-out/>
  <testcase classname="pivotalApplication.PivoFin1" name="CholesterolHDL" time="5.803"/>
  <system-out/>
  <testcase classname="pivotalApplication.PivoFin1" name="CholesterolLDL" time="5.747"/>
  <system-out/>
  <testcase classname="pivotalApplication.PivoFin1" name="TotalCholesterol" time="5.786"/>
  <system-out/>
  <testcase classname="pivotalApplication.PivoFin1" name="Triglycerides" time="5.801"/>
  <system-out/>
  <testcase classname="pivotalApplication.PivoFin1" name="Save" time="5.421"/>
  <system-out/>
  <testcase classname="pivotalApplication.PivoFin1" name="Appointment" time="21.139"/>
  <system-out/>
  <testcase classname="pivotalApplication.PivoFin1" name="SlotTime" time="42.306"/>
  <system-out/>
  <testcase classname="pivotalApplication.PivoFin1" name="VideoCheckBox" time="2.270"/>
  <system-out/>
  <testcase classname="pivotalApplication.PivoFin1" name="Book" time="7.443"/>
  <system-out/>
  <testcase classname="pivotalApplication.PivoFin1" name="AppointmentBookedPopup" time="14.937"/>
  <system-out/>
  <testcase classname="pivotalApplication.PivoFin1" name="ClickPatient" time="3.295"/>
  <system-out/>
  <testcase classname="pivotalApplication.PivoFin1" name="prescription" time="2.773"/>
  <system-out/>
  <testcase classname="pivotalApplication.PivoFin1" name="ComplaintAndDiagnosis" time="2.627"/>
  <system-out/>
  <testcase classname="pivotalApplication.PivoFin1" name="AddChiefComplaints" time="2.409"/>
  <system-out/>
  <testcase classname="pivotalApplication.PivoFin1" name="Fever" time="4.292"/>
  <system-out/>
  <testcase classname="pivotalApplication.PivoFin1" name="Details" time="3.492"/>
  <system-out/>
  <testcase classname="pivotalApplication.PivoFin1" name="moreSymptoms" time="2.297"/>
  <system-out/>
  <testcase classname="pivotalApplication.PivoFin1" name="Since2Days" time="2.256"/>
  <system-out/>
  <testcase classname="pivotalApplication.PivoFin1" name="AddComplaint" time="2.285"/>
  <system-out/>
  <testcase classname="pivotalApplication.PivoFin1" name="AddWorkingDiagnosis" time="2.372"/>
  <system-out/>
  <testcase classname="pivotalApplication.PivoFin1" name="AcuteUrti" time="5.324"/>
  <system-out/>
  <testcase classname="pivotalApplication.PivoFin1" name="AddDiagnosis" time="2.376"/>
  <system-out/>
  <testcase classname="pivotalApplication.PivoFin1" name="Medicine" time="2.466"/>
  <system-out/>
  <testcase classname="pivotalApplication.PivoFin1" name="TapToAddMedicine" time="2.412"/>
  <system-out/>
  <testcase classname="pivotalApplication.PivoFin1" name="SearchMedDolo" time="6.659"/>
  <system-out/>
  <testcase classname="pivotalApplication.PivoFin1" name="AddToPrescription" time="2.285"/>
  <system-out/>
  <testcase classname="pivotalApplication.PivoFin1" name="ClickFavourite" time="2.423"/>
  <system-out/>
  <testcase classname="pivotalApplication.PivoFin1" name="ClickFavoutiteDropdown" time="2.199"/>
  <system-out/>
  <testcase classname="pivotalApplication.PivoFin1" name="ClickFavoutiteMedDrp" time="2.217"/>
  <system-out/>
  <testcase classname="pivotalApplication.PivoFin1" name="ClickFavoutiteMedicine" time="2.216"/>
  <system-out/>
  <testcase classname="pivotalApplication.PivoFin1" name="CopyMedicine" time="2.242"/>
  <system-out/>
  <testcase classname="pivotalApplication.PivoFin1" name="popularClick" time="2.466"/>
  <system-out/>
  <testcase classname="pivotalApplication.PivoFin1" name="popularMedicineClick" time="2.280"/>
  <system-out/>
  <testcase classname="pivotalApplication.PivoFin1" name="popularCopyMedicine" time="2.334"/>
  <system-out/>
  <testcase classname="pivotalApplication.PivoFin1" name="DietAndNutrition" time="2.412"/>
  <system-out/>
  <testcase classname="pivotalApplication.PivoFin1" name="DietAndNutritionAdd" time="2.353"/>
  <system-out/>
  <testcase classname="pivotalApplication.PivoFin1" name="DietAdvice" time="2.380"/>
  <system-out/>
  <testcase classname="pivotalApplication.PivoFin1" name="AddDietAdvice" time="2.313"/>
  <system-out/>
  <testcase classname="pivotalApplication.PivoFin1" name="GeneralInstructions" time="2.417"/>
  <system-out/>
  <testcase classname="pivotalApplication.PivoFin1" name="GeneralInstructionsAdd" time="2.385"/>
  <system-out/>
  <testcase classname="pivotalApplication.PivoFin1" name="InstructionsAdd" time="2.411"/>
  <system-out/>
  <testcase classname="pivotalApplication.PivoFin1" name="Instructions" time="2.364"/>
  <system-out/>
  <testcase classname="pivotalApplication.PivoFin1" name="NextFollowup" time="4.418"/>
  <system-out/>
  <testcase classname="pivotalApplication.PivoFin1" name="NextFollowupCln7der" time="2.344"/>
  <system-out/>
  <testcase classname="pivotalApplication.PivoFin1" name="NextOk" time="2.297"/>
  <system-out/>
  <testcase classname="pivotalApplication.PivoFin1" name="NextVistTab" time="2.414"/>
  <system-out/>
  <testcase classname="pivotalApplication.PivoFin1" name="PreviewPrescription" time="2.408"/>
  <system-out/>
  <testcase classname="pivotalApplication.PivoFin1" name="SaveAndShare" time="10.191"/>
  <system-out/>
  <testcase classname="pivotalApplication.PivoFin1" name="DownloadBack" time="20.824"/>
  <system-out/>
  <testcase classname="pivotalApplication.PivoFin1" name="ImmunizationClick" time="2.519"/>
  <system-out/>
  <testcase classname="pivotalApplication.PivoFin1" name="AtBirth" time="5.537"/>
  <system-out/>
  <testcase classname="pivotalApplication.PivoFin1" name="AddVaccine" time="2.578"/>
  <system-out/>
  <testcase classname="pivotalApplication.PivoFin1" name="SelectBrand" time="2.595"/>
  <system-out/>
  <testcase classname="pivotalApplication.PivoFin1" name="SelectDate" time="7.643"/>
  <system-out/>
  <testcase classname="pivotalApplication.PivoFin1" name="VaccineLabel" time="28.828"/>
  <system-out/>
  <testcase classname="pivotalApplication.PivoFin1" name="BulkUpdate" time="10.471"/>
  <system-out/>
  <testcase classname="pivotalApplication.PivoFin1" name="PCV" time="4.483"/>
  <system-out/>
  <testcase classname="pivotalApplication.PivoFin1" name="IPV" time="4.432"/>
  <system-out/>
  <testcase classname="pivotalApplication.PivoFin1" name="Rotavirus" time="4.430"/>
  <system-out/>
  <testcase classname="pivotalApplication.PivoFin1" name="AddToSchedule" time="4.440"/>
  <system-out/>
  <testcase classname="pivotalApplication.PivoFin1" name="BulkUpdate1" time="10.445"/>
  <system-out/>
  <testcase classname="pivotalApplication.PivoFin1" name="TransScript" time="5.412"/>
  <system-out/>
  <testcase classname="pivotalApplication.PivoFin1" name="CreatedBy" time="15.753"/>
  <system-out/>
  <testcase classname="pivotalApplication.PivoFin1" name="DocumentOn" time="7.231"/>
  <system-out/>
  <testcase classname="pivotalApplication.PivoFin1" name="popoupOk" time="4.291"/>
  <system-out/>
  <testcase classname="pivotalApplication.PivoFin1" name="Gallaries" time="2.291"/>
  <system-out/>
  <testcase classname="pivotalApplication.PivoFin1" name="GallariesPhoto" time="10.317"/>
  <system-out/>
  <testcase classname="pivotalApplication.PivoFin1" name="Upload" time="7.283"/>
  <system-out/>
  <testcase classname="pivotalApplication.PivoFin1" name="UploadOk" time="7.785"/>
  <system-out/>
  <testcase classname="pivotalApplication.PivoFin1" name="TransScript1" time="63.339"/>
  <system-out/>
  <testcase classname="pivotalApplication.PivoFin1" name="ImmunizationGovClick" time="2.505"/>
  <system-out/>
  <testcase classname="pivotalApplication.PivoFin1" name="BulkCancel" time="5.230"/>
  <system-out/>
  <testcase classname="pivotalApplication.PivoFin1" name="opvO" time="2.596"/>
  <system-out/>
  <testcase classname="pivotalApplication.PivoFin1" name="SaveVaccine" time="4.967"/>
  <system-out/>
  <testcase classname="pivotalApplication.PivoFin1" name="IPV1" time="3.032"/>
  <system-out/>
  <testcase classname="pivotalApplication.PivoFin1" name="SaveVaccine1" time="4.738"/>
  <system-out/>
  <testcase classname="pivotalApplication.PivoFin1" name="HepB" time="2.565"/>
  <system-out/>
  <testcase classname="pivotalApplication.PivoFin1" name="SaveVaccine2" time="4.722"/>
  <system-out/>
  <testcase classname="pivotalApplication.PivoFin1" name="Transscript" time="2.578"/>
  <system-out/>
  <testcase classname="pivotalApplication.PivoFin1" name="CreatedBy2" time="2.894"/>
  <system-out/>
  <testcase classname="pivotalApplication.PivoFin1" name="DocumentOn2" time="2.248"/>
  <system-out/>
  <testcase classname="pivotalApplication.PivoFin1" name="popUpOk" time="2.295"/>
  <system-out/>
  <testcase classname="pivotalApplication.PivoFin1" name="Camera" time="13.694"/>
  <system-out/>
  <testcase classname="pivotalApplication.PivoFin1" name="UploadCam" time="2.284"/>
  <system-out/>
  <testcase classname="pivotalApplication.PivoFin1" name="UploadCamOk" time="2.207"/>
  <system-out/>
  <testcase classname="pivotalApplication.PivoFin1" name="Transscript1" time="2.558"/>
  <system-out/>
  <testcase classname="pivotalApplication.PivoFin1" name="CreatedBy1" time="2.872"/>
  <system-out/>
  <testcase classname="pivotalApplication.PivoFin1" name="DocumentOn1" time="2.210"/>
  <system-out/>
  <testcase classname="pivotalApplication.PivoFin1" name="popUpOk1" time="2.289"/>
  <system-out/>
  <testcase classname="pivotalApplication.PivoFin1" name="Gallery" time="2.243"/>
  <system-out/>
  <testcase classname="pivotalApplication.PivoFin1" name="photo" time="10.258"/>
  <system-out/>
  <testcase classname="pivotalApplication.PivoFin1" name="Upload1" time="2.302"/>
  <system-out/>
  <testcase classname="pivotalApplication.PivoFin1" name="UploadOk1" time="8.554"/>
  <system-out/>
  <testcase classname="pivotalApplication.PivoFin1" name="ImmunizationClick1" time="2.483"/>
  <system-out/>
  <testcase classname="pivotalApplication.PivoFin1" name="Records" time="5.439"/>
  <system-out/>
  <testcase classname="pivotalApplication.PivoFin1" name="Certificates" time="5.451"/>
  <system-out/>
  <testcase classname="pivotalApplication.PivoFin1" name="SelectVaciines" time="5.311"/>
  <system-out/>
  <testcase classname="pivotalApplication.PivoFin1" name="Proceed" time="5.491"/>
  <system-out/>
  <testcase classname="pivotalApplication.PivoFin1" name="SpecialityDropdown" time="5.324"/>
  <system-out/>
  <testcase classname="pivotalApplication.PivoFin1" name="DefaultV3" time="5.215"/>
  <system-out/>
  <testcase classname="pivotalApplication.PivoFin1" name="Preview" time="5.314"/>
  <system-out/>
  <testcase classname="pivotalApplication.PivoFin1" name="Print" time="26.155"/>
  <system-out/>
</testsuite> <!-- pivotalApplication.PivoFin1 -->
