<?xml version="1.0" encoding="UTF-8"?>
<!-- Generated by org.testng.reporters.JUnitReportReporter -->
<testsuite hostname="CopiousCare" failures="0" tests="41" name="webAuto.NewRxFlow" time="675.081" errors="0" timestamp="2024-05-31T11:23:52 IST" skipped="0">
  <testcase classname="webAuto.NewRxFlow" name="numberField" time="0.173"/>
  <system-out/>
  <testcase classname="webAuto.NewRxFlow" name="sendOTP" time="11.577"/>
  <system-out/>
  <testcase classname="webAuto.NewRxFlow" name="verifyButton" time="10.085"/>
  <system-out/>
  <testcase classname="webAuto.NewRxFlow" name="Profile" time="10.169"/>
  <system-out/>
  <testcase classname="webAuto.NewRxFlow" name="NewUISelect" time="10.265"/>
  <system-out/>
  <testcase classname="webAuto.NewRxFlow" name="clickHome" time="10.214"/>
  <system-out/>
  <testcase classname="webAuto.NewRxFlow" name="createPatient" time="0.426"/>
  <system-out/>
  <testcase classname="webAuto.NewRxFlow" name="Number1" time="0.329"/>
  <system-out/>
  <testcase classname="webAuto.NewRxFlow" name="confirm" time="2.275"/>
  <system-out/>
  <testcase classname="webAuto.NewRxFlow" name="number2" time="0.162"/>
  <system-out/>
  <testcase classname="webAuto.NewRxFlow" name="firstName" time="0.174"/>
  <system-out/>
  <testcase classname="webAuto.NewRxFlow" name="middleName" time="0.119"/>
  <system-out/>
  <testcase classname="webAuto.NewRxFlow" name="lastName" time="0.142"/>
  <system-out/>
  <testcase classname="webAuto.NewRxFlow" name="birthDate" time="0.421"/>
  <system-out/>
  <testcase classname="webAuto.NewRxFlow" name="genFemale" time="0.063"/>
  <system-out/>
  <testcase classname="webAuto.NewRxFlow" name="address" time="0.150"/>
  <system-out/>
  <testcase classname="webAuto.NewRxFlow" name="locality" time="0.210"/>
  <system-out/>
  <testcase classname="webAuto.NewRxFlow" name="city" time="0.223"/>
  <system-out/>
  <testcase classname="webAuto.NewRxFlow" name="pinCode" time="0.156"/>
  <system-out/>
  <testcase classname="webAuto.NewRxFlow" name="proceedWithSameRMN" time="0.151"/>
  <system-out/>
  <testcase classname="webAuto.NewRxFlow" name="nextButton" time="15.136"/>
  <system-out/>
  <testcase classname="webAuto.NewRxFlow" name="clickClose" time="1.020"/>
  <system-out/>
  <testcase classname="webAuto.NewRxFlow" name="fillVitalForm" time="15.934"/>
  <system-out/>
  <testcase classname="webAuto.NewRxFlow" name="fillHealthProfile" time="11.669"/>
  <system-out/>
  <testcase classname="webAuto.NewRxFlow" name="fillFamilyProfile" time="16.377"/>
  <system-out/>
  <testcase classname="webAuto.NewRxFlow" name="GoHome" time="0.171"/>
  <system-out/>
  <testcase classname="webAuto.NewRxFlow" name="AddNewAppointment" time="25.406"/>
  <system-out/>
  <testcase classname="webAuto.NewRxFlow" name="AddPrescription" time="15.237"/>
  <system-out/>
  <testcase classname="webAuto.NewRxFlow" name="HealthProfile" time="17.803"/>
  <system-out/>
  <testcase classname="webAuto.NewRxFlow" name="ConcernsAndIssues" time="35.769"/>
  <system-out/>
  <testcase classname="webAuto.NewRxFlow" name="AdVitals" time="6.228"/>
  <system-out/>
  <testcase classname="webAuto.NewRxFlow" name="Diagnosis" time="15.387"/>
  <system-out/>
  <testcase classname="webAuto.NewRxFlow" name="Medicine1" time="46.646"/>
  <system-out/>
  <testcase classname="webAuto.NewRxFlow" name="DietaryAdvice" time="15.306"/>
  <system-out/>
  <testcase classname="webAuto.NewRxFlow" name="GeneralInstruction" time="15.309"/>
  <system-out/>
  <testcase classname="webAuto.NewRxFlow" name="NextFoolowup" time="71.058"/>
  <system-out/>
  <testcase classname="webAuto.NewRxFlow" name="ReferralOption3" time="39.467"/>
  <system-out/>
  <testcase classname="webAuto.NewRxFlow" name="Investigation1" time="39.841"/>
  <system-out/>
  <testcase classname="webAuto.NewRxFlow" name="ReceiptOption" time="50.093"/>
  <system-out/>
  <testcase classname="webAuto.NewRxFlow" name="cirtificateOption" time="32.810"/>
  <system-out/>
  <testcase classname="webAuto.NewRxFlow" name="History" time="130.930"/>
  <system-out/>
</testsuite> <!-- webAuto.NewRxFlow -->
