<?xml version="1.0" encoding="UTF-8"?>
<!-- Generated by org.testng.reporters.JUnitReportReporter -->
<testsuite hostname="CopiousCare" failures="0" tests="19" name="webAuto.AddNewPrescription" time="257.682" errors="0" timestamp="2024-11-14T15:43:26 IST" skipped="0">
  <testcase classname="webAuto.AddNewPrescription" name="numberField" time="0.193"/>
  <system-out/>
  <testcase classname="webAuto.AddNewPrescription" name="sendOTP" time="12.240"/>
  <system-out/>
  <testcase classname="webAuto.AddNewPrescription" name="verifyButton" time="10.157"/>
  <system-out/>
  <testcase classname="webAuto.AddNewPrescription" name="searchBar" time="0.616"/>
  <system-out/>
  <testcase classname="webAuto.AddNewPrescription" name="searchOpt" time="3.157"/>
  <system-out/>
  <testcase classname="webAuto.AddNewPrescription" name="AddPrescription" time="1.201"/>
  <system-out/>
  <testcase classname="webAuto.AddNewPrescription" name="Complaints" time="3.561"/>
  <system-out/>
  <testcase classname="webAuto.AddNewPrescription" name="VitalsOption" time="5.359"/>
  <system-out/>
  <testcase classname="webAuto.AddNewPrescription" name="BpandHeartOption" time="16.548"/>
  <system-out/>
  <testcase classname="webAuto.AddNewPrescription" name="BloodAndAnalysis" time="16.788"/>
  <system-out/>
  <testcase classname="webAuto.AddNewPrescription" name="LipidProfile" time="16.503"/>
  <system-out/>
  <testcase classname="webAuto.AddNewPrescription" name="OnExamination" time="15.439"/>
  <system-out/>
  <testcase classname="webAuto.AddNewPrescription" name="Diagnosis" time="15.242"/>
  <system-out/>
  <testcase classname="webAuto.AddNewPrescription" name="Medicine" time="0.127"/>
  <system-out/>
  <testcase classname="webAuto.AddNewPrescription" name="Medicine1" time="49.096"/>
  <system-out/>
  <testcase classname="webAuto.AddNewPrescription" name="DietaryAdvice" time="15.282"/>
  <system-out/>
  <testcase classname="webAuto.AddNewPrescription" name="GeneralInstruction" time="25.129"/>
  <system-out/>
  <testcase classname="webAuto.AddNewPrescription" name="SaveandProceed" time="0.156"/>
  <system-out/>
  <testcase classname="webAuto.AddNewPrescription" name="ConfirmPrescription" time="50.888"/>
  <system-out/>
</testsuite> <!-- webAuto.AddNewPrescription -->
