<?xml version="1.0" encoding="UTF-8"?>
<!-- Generated by org.testng.reporters.JUnitReportReporter -->
<testsuite hostname="CopiousCare" failures="0" tests="8" name="webAuto.ViewCertificateInDocuments" time="58.027" errors="0" timestamp="2024-04-02T15:26:34 IST" skipped="0">
  <testcase classname="webAuto.ViewCertificateInDocuments" name="numberField" time="0.103"/>
  <system-out/>
  <testcase classname="webAuto.ViewCertificateInDocuments" name="sendOTP" time="7.569"/>
  <system-out/>
  <testcase classname="webAuto.ViewCertificateInDocuments" name="verifyButton" time="10.072"/>
  <system-out/>
  <testcase classname="webAuto.ViewCertificateInDocuments" name="searchBar" time="0.413"/>
  <system-out/>
  <testcase classname="webAuto.ViewCertificateInDocuments" name="searchOpt" time="3.077"/>
  <system-out/>
  <testcase classname="webAuto.ViewCertificateInDocuments" name="clickPatient" time="10.148"/>
  <system-out/>
  <testcase classname="webAuto.ViewCertificateInDocuments" name="Document" time="0.126"/>
  <system-out/>
  <testcase classname="webAuto.ViewCertificateInDocuments" name="AllDocuments" time="26.519"/>
  <system-out/>
</testsuite> <!-- webAuto.ViewCertificateInDocuments -->
