<?xml version="1.0" encoding="UTF-8"?>
<!-- Generated by org.testng.reporters.JUnitReportReporter -->
<testsuite hostname="CopiousCare" failures="0" tests="16" name="webAutoNegative.LogIn1" time="19.430" errors="0" timestamp="2024-04-03T12:27:45 IST" skipped="0">
  <testcase classname="webAutoNegative.LogIn1" name="numberField1" time="0.200"/>
  <system-out/>
  <testcase classname="webAutoNegative.LogIn1" name="numberField2" time="0.233"/>
  <system-out/>
  <testcase classname="webAutoNegative.LogIn1" name="numberField3" time="0.172"/>
  <system-out/>
  <testcase classname="webAutoNegative.LogIn1" name="numberField4" time="0.193"/>
  <system-out/>
  <testcase classname="webAutoNegative.LogIn1" name="numberField5" time="0.207"/>
  <system-out/>
  <testcase classname="webAutoNegative.LogIn1" name="numberField6" time="0.156"/>
  <system-out/>
  <testcase classname="webAutoNegative.LogIn1" name="sendOTP5" time="4.517"/>
  <system-out/>
  <testcase classname="webAutoNegative.LogIn1" name="sendOTP1" time="0.733"/>
  <system-out/>
  <testcase classname="webAutoNegative.LogIn1" name="searchBar1" time="0.333"/>
  <system-out/>
  <testcase classname="webAutoNegative.LogIn1" name="createPatient" time="0.121"/>
  <system-out/>
  <testcase classname="webAutoNegative.LogIn1" name="Number1" time="5.170"/>
  <system-out/>
  <testcase classname="webAutoNegative.LogIn1" name="confirm" time="2.549"/>
  <system-out/>
  <testcase classname="webAutoNegative.LogIn1" name="number2" time="0.138"/>
  <system-out/>
  <testcase classname="webAutoNegative.LogIn1" name="firstName" time="0.114"/>
  <system-out/>
  <testcase classname="webAutoNegative.LogIn1" name="lastName" time="0.110"/>
  <system-out/>
  <testcase classname="webAutoNegative.LogIn1" name="nextButton" time="4.484"/>
  <system-out/>
</testsuite> <!-- webAutoNegative.LogIn1 -->
