<?xml version="1.0" encoding="UTF-8"?>
<!-- Generated by org.testng.reporters.JUnitReportReporter -->
<testsuite hostname="CopiousCare" failures="0" tests="11" name="pivotalApplication.ViewReeiptHistory" time="82.861" errors="0" timestamp="2024-08-01T15:27:35 IST" skipped="0">
  <testcase classname="pivotalApplication.ViewReeiptHistory" name="NumberField" time="1.249"/>
  <system-out/>
  <testcase classname="pivotalApplication.ViewReeiptHistory" name="BfSuite" time="1.346"/>
  <system-out/>
  <testcase classname="pivotalApplication.ViewReeiptHistory" name="IAgree" time="2.034"/>
  <system-out/>
  <testcase classname="pivotalApplication.ViewReeiptHistory" name="proceedButton" time="2.392"/>
  <system-out/>
  <testcase classname="pivotalApplication.ViewReeiptHistory" name="OTP" time="11.857"/>
  <system-out/>
  <testcase classname="pivotalApplication.ViewReeiptHistory" name="submit" time="7.742"/>
  <system-out/>
  <testcase classname="pivotalApplication.ViewReeiptHistory" name="Search" time="11.083"/>
  <system-out/>
  <testcase classname="pivotalApplication.ViewReeiptHistory" name="ClickPatient" time="3.112"/>
  <system-out/>
  <testcase classname="pivotalApplication.ViewReeiptHistory" name="ClickHistory" time="12.894"/>
  <system-out/>
  <testcase classname="pivotalApplication.ViewReeiptHistory" name="ViewReceipts" time="18.926"/>
  <system-out/>
  <testcase classname="pivotalApplication.ViewReeiptHistory" name="close" time="10.226"/>
  <system-out/>
</testsuite> <!-- pivotalApplication.ViewReeiptHistory -->
