<?xml version="1.0" encoding="UTF-8"?>
<!-- Generated by org.testng.reporters.JUnitReportReporter -->
<testsuite hostname="DESKTOP-VQLLA2K" failures="0" tests="19" name="webAuto.OPDEndToEndWorkFlow2" time="323.982" errors="0" timestamp="2024-01-16T10:34:21 IST" skipped="0">
  <testcase classname="webAuto.OPDEndToEndWorkFlow2" name="numberField" time="0.440"/>
  <testcase classname="webAuto.OPDEndToEndWorkFlow2" name="sendOTP" time="12.144"/>
  <testcase classname="webAuto.OPDEndToEndWorkFlow2" name="verifyButton" time="10.174"/>
  <testcase classname="webAuto.OPDEndToEndWorkFlow2" name="searchBar1" time="3.167"/>
  <testcase classname="webAuto.OPDEndToEndWorkFlow2" name="searchOpt" time="3.149"/>
  <testcase classname="webAuto.OPDEndToEndWorkFlow2" name="searchBar2" time="15.476"/>
  <testcase classname="webAuto.OPDEndToEndWorkFlow2" name="Investigation" time="27.498"/>
  <testcase classname="webAuto.OPDEndToEndWorkFlow2" name="Investigation1" time="36.100"/>
  <testcase classname="webAuto.OPDEndToEndWorkFlow2" name="HealthProfile" time="19.561"/>
  <testcase classname="webAuto.OPDEndToEndWorkFlow2" name="Document1" time="0.219"/>
  <testcase classname="webAuto.OPDEndToEndWorkFlow2" name="ReceiptOption" time="15.987"/>
  <testcase classname="webAuto.OPDEndToEndWorkFlow2" name="previewReceipt" time="31.469"/>
  <testcase classname="webAuto.OPDEndToEndWorkFlow2" name="cirtificateOption1" time="20.395"/>
  <testcase classname="webAuto.OPDEndToEndWorkFlow2" name="AllDocuments" time="16.677"/>
  <testcase classname="webAuto.OPDEndToEndWorkFlow2" name="Document2" time="0.196"/>
  <testcase classname="webAuto.OPDEndToEndWorkFlow2" name="cirtificateOption" time="33.304"/>
  <testcase classname="webAuto.OPDEndToEndWorkFlow2" name="cirtificateOption3" time="20.430"/>
  <testcase classname="webAuto.OPDEndToEndWorkFlow2" name="AllDocuments1" time="11.645"/>
  <testcase classname="webAuto.OPDEndToEndWorkFlow2" name="ReferralOption3" time="45.951"/>
</testsuite> <!-- webAuto.OPDEndToEndWorkFlow2 -->
