<?xml version="1.0" encoding="UTF-8"?>
<!-- Generated by org.testng.reporters.JUnitReportReporter -->
<testsuite hostname="CopiousCare" failures="0" tests="15" name="pivotalApplication.FitCertificate" time="283.454" errors="0" timestamp="2024-08-30T15:26:09 IST" skipped="0">
  <testcase classname="pivotalApplication.FitCertificate" name="BfSuite" time="0.734"/>
  <system-out/>
  <testcase classname="pivotalApplication.FitCertificate" name="NumberField" time="1.372"/>
  <system-out/>
  <testcase classname="pivotalApplication.FitCertificate" name="IAgree" time="2.005"/>
  <system-out/>
  <testcase classname="pivotalApplication.FitCertificate" name="proceedButton" time="2.373"/>
  <system-out/>
  <testcase classname="pivotalApplication.FitCertificate" name="OTP" time="12.028"/>
  <system-out/>
  <testcase classname="pivotalApplication.FitCertificate" name="submit" time="7.806"/>
  <system-out/>
  <testcase classname="pivotalApplication.FitCertificate" name="Search" time="11.663"/>
  <system-out/>
  <testcase classname="pivotalApplication.FitCertificate" name="ClickPatient" time="18.497"/>
  <system-out/>
  <testcase classname="pivotalApplication.FitCertificate" name="Certificate" time="27.782"/>
  <system-out/>
  <testcase classname="pivotalApplication.FitCertificate" name="CertificateDropdown" time="22.378"/>
  <system-out/>
  <testcase classname="pivotalApplication.FitCertificate" name="CertificateType" time="22.377"/>
  <system-out/>
  <testcase classname="pivotalApplication.FitCertificate" name="Speciality" time="32.384"/>
  <system-out/>
  <testcase classname="pivotalApplication.FitCertificate" name="SpecialitySelect" time="37.289"/>
  <system-out/>
  <testcase classname="pivotalApplication.FitCertificate" name="Preview" time="52.442"/>
  <system-out/>
  <testcase classname="pivotalApplication.FitCertificate" name="Print" time="32.324"/>
  <system-out/>
</testsuite> <!-- pivotalApplication.FitCertificate -->
