<?xml version="1.0" encoding="UTF-8"?>
<!-- Generated by org.testng.reporters.JUnitReportReporter -->
<testsuite hostname="CopiousCare" failures="0" tests="3" name="webAuto.LogIn" time="18.729" errors="0" timestamp="2024-11-15T16:08:42 IST" skipped="0">
  <testcase classname="webAuto.LogIn" name="numberField" time="0.272"/>
  <system-out/>
  <testcase classname="webAuto.LogIn" name="sendOTP" time="8.319"/>
  <system-out/>
  <testcase classname="webAuto.LogIn" name="verifyButton" time="10.138"/>
  <system-out/>
</testsuite> <!-- webAuto.LogIn -->
