<?xml version="1.0" encoding="UTF-8"?>
<!-- Generated by org.testng.reporters.JUnitReportReporter -->
<testsuite hostname="CopiousCare" failures="0" tests="8" name="webAutoQueue.ViewReceiptQ" time="57.543" errors="0" timestamp="2024-04-29T15:42:14 IST" skipped="0">
  <testcase classname="webAutoQueue.ViewReceiptQ" name="numberField" time="0.127"/>
  <system-out/>
  <testcase classname="webAutoQueue.ViewReceiptQ" name="sendOTP" time="7.594"/>
  <system-out/>
  <testcase classname="webAutoQueue.ViewReceiptQ" name="verifyButton" time="10.059"/>
  <system-out/>
  <testcase classname="webAutoQueue.ViewReceiptQ" name="searchBar" time="0.374"/>
  <system-out/>
  <testcase classname="webAutoQueue.ViewReceiptQ" name="searchOpt" time="3.068"/>
  <system-out/>
  <testcase classname="webAutoQueue.ViewReceiptQ" name="clickPatient" time="10.155"/>
  <system-out/>
  <testcase classname="webAutoQueue.ViewReceiptQ" name="Document" time="0.089"/>
  <system-out/>
  <testcase classname="webAutoQueue.ViewReceiptQ" name="cirtificateOption" time="26.077"/>
  <system-out/>
</testsuite> <!-- webAutoQueue.ViewReceiptQ -->
