<?xml version="1.0" encoding="UTF-8"?>
<!-- Generated by org.testng.reporters.JUnitReportReporter -->
<testsuite hostname="CopiousCare" failures="0" tests="8" name="webAuto.ViewReceiptInDoc" time="58.542" errors="0" timestamp="2024-04-02T15:46:15 IST" skipped="0">
  <testcase classname="webAuto.ViewReceiptInDoc" name="numberField" time="0.119"/>
  <system-out/>
  <testcase classname="webAuto.ViewReceiptInDoc" name="sendOTP" time="8.746"/>
  <system-out/>
  <testcase classname="webAuto.ViewReceiptInDoc" name="verifyButton" time="10.059"/>
  <system-out/>
  <testcase classname="webAuto.ViewReceiptInDoc" name="searchBar" time="0.399"/>
  <system-out/>
  <testcase classname="webAuto.ViewReceiptInDoc" name="searchOpt" time="3.072"/>
  <system-out/>
  <testcase classname="webAuto.ViewReceiptInDoc" name="clickPatient" time="10.140"/>
  <system-out/>
  <testcase classname="webAuto.ViewReceiptInDoc" name="Document" time="0.089"/>
  <system-out/>
  <testcase classname="webAuto.ViewReceiptInDoc" name="AllDocuments" time="25.918"/>
  <system-out/>
</testsuite> <!-- webAuto.ViewReceiptInDoc -->
