<?xml version="1.0" encoding="UTF-8"?>
<!-- Generated by org.testng.reporters.JUnitReportReporter -->
<testsuite hostname="DESKTOP-VQLLA2K" failures="0" tests="83" name="healthApp.HealthEndToEndScript" time="667.171" errors="0" timestamp="2024-01-15T11:10:24 IST" skipped="0">
  <testcase classname="healthApp.HealthEndToEndScript" name="BfSuite" time="4.721"/>
  <testcase classname="healthApp.HealthEndToEndScript" name="NumberField" time="16.700"/>
  <testcase classname="healthApp.HealthEndToEndScript" name="IAgree" time="2.155"/>
  <testcase classname="healthApp.HealthEndToEndScript" name="proceedButton" time="5.554"/>
  <testcase classname="healthApp.HealthEndToEndScript" name="OTP" time="16.102"/>
  <testcase classname="healthApp.HealthEndToEndScript" name="Verify" time="15.760"/>
  <testcase classname="healthApp.HealthEndToEndScript" name="Family" time="5.910"/>
  <testcase classname="healthApp.HealthEndToEndScript" name="AddFamilyMember" time="6.530"/>
  <testcase classname="healthApp.HealthEndToEndScript" name="FirstName" time="5.435"/>
  <testcase classname="healthApp.HealthEndToEndScript" name="MiddleName" time="5.875"/>
  <testcase classname="healthApp.HealthEndToEndScript" name="Birthdate" time="10.679"/>
  <testcase classname="healthApp.HealthEndToEndScript" name="Male" time="5.400"/>
  <testcase classname="healthApp.HealthEndToEndScript" name="SaveAndNext" time="11.360"/>
  <testcase classname="healthApp.HealthEndToEndScript" name="SelectClick" time="6.293"/>
  <testcase classname="healthApp.HealthEndToEndScript" name="SelectOther" time="5.358"/>
  <testcase classname="healthApp.HealthEndToEndScript" name="Next" time="6.099"/>
  <testcase classname="healthApp.HealthEndToEndScript" name="LinkDr" time="2.677"/>
  <testcase classname="healthApp.HealthEndToEndScript" name="AddtionalInformation" time="1.857"/>
  <testcase classname="healthApp.HealthEndToEndScript" name="MedicalConditionAdd" time="3.779"/>
  <testcase classname="healthApp.HealthEndToEndScript" name="MedicalConditionSelect" time="3.856"/>
  <testcase classname="healthApp.HealthEndToEndScript" name="AddMedicalCondition" time="2.411"/>
  <testcase classname="healthApp.HealthEndToEndScript" name="Allergies" time="2.763"/>
  <testcase classname="healthApp.HealthEndToEndScript" name="Reactions" time="2.319"/>
  <testcase classname="healthApp.HealthEndToEndScript" name="RecurringComplaints" time="2.298"/>
  <testcase classname="healthApp.HealthEndToEndScript" name="HospitalizationHistory" time="2.302"/>
  <testcase classname="healthApp.HealthEndToEndScript" name="HealthHistory" time="2.300"/>
  <testcase classname="healthApp.HealthEndToEndScript" name="GeneticdisoredrAdd" time="3.937"/>
  <testcase classname="healthApp.HealthEndToEndScript" name="GeneticdisoredrSelect" time="13.024"/>
  <testcase classname="healthApp.HealthEndToEndScript" name="AddGeneticdisoredr" time="2.515"/>
  <testcase classname="healthApp.HealthEndToEndScript" name="helathNext" time="2.285"/>
  <testcase classname="healthApp.HealthEndToEndScript" name="FamailyNedicalHistory" time="8.303"/>
  <testcase classname="healthApp.HealthEndToEndScript" name="EnterDisorders" time="10.094"/>
  <testcase classname="healthApp.HealthEndToEndScript" name="FathersName" time="3.196"/>
  <testcase classname="healthApp.HealthEndToEndScript" name="MothersName" time="19.511"/>
  <testcase classname="healthApp.HealthEndToEndScript" name="BookAppointment" time="6.920"/>
  <testcase classname="healthApp.HealthEndToEndScript" name="SelectFamilyMember" time="2.320"/>
  <testcase classname="healthApp.HealthEndToEndScript" name="SelectDoctor" time="5.378"/>
  <testcase classname="healthApp.HealthEndToEndScript" name="Doctor" time="5.288"/>
  <testcase classname="healthApp.HealthEndToEndScript" name="DateClick" time="5.431"/>
  <testcase classname="healthApp.HealthEndToEndScript" name="Time" time="5.609"/>
  <testcase classname="healthApp.HealthEndToEndScript" name="PurposeVisit" time="32.889"/>
  <testcase classname="healthApp.HealthEndToEndScript" name="CreateAppointment" time="5.736"/>
  <testcase classname="healthApp.HealthEndToEndScript" name="Done" time="5.302"/>
  <testcase classname="healthApp.HealthEndToEndScript" name="SelectFamilyMember2" time="10.986"/>
  <testcase classname="healthApp.HealthEndToEndScript" name="AddButton1" time="5.449"/>
  <testcase classname="healthApp.HealthEndToEndScript" name="GrowthRecord1" time="5.580"/>
  <testcase classname="healthApp.HealthEndToEndScript" name="Vital" time="13.562"/>
  <testcase classname="healthApp.HealthEndToEndScript" name="UploadDoc" time="16.055"/>
  <testcase classname="healthApp.HealthEndToEndScript" name="DocumentsDropDown" time="5.255"/>
  <testcase classname="healthApp.HealthEndToEndScript" name="DischargeSummary" time="2.294"/>
  <testcase classname="healthApp.HealthEndToEndScript" name="CreatedBy" time="3.558"/>
  <testcase classname="healthApp.HealthEndToEndScript" name="DocumentOn" time="2.227"/>
  <testcase classname="healthApp.HealthEndToEndScript" name="popUpOk" time="4.285"/>
  <testcase classname="healthApp.HealthEndToEndScript" name="Camera" time="17.259"/>
  <testcase classname="healthApp.HealthEndToEndScript" name="UploadCam" time="7.302"/>
  <testcase classname="healthApp.HealthEndToEndScript" name="UploadCamOk" time="10.232"/>
  <testcase classname="healthApp.HealthEndToEndScript" name="UploadDocuments1" time="2.960"/>
  <testcase classname="healthApp.HealthEndToEndScript" name="DocumentsDropDown1" time="5.216"/>
  <testcase classname="healthApp.HealthEndToEndScript" name="DischargeSummary1" time="2.256"/>
  <testcase classname="healthApp.HealthEndToEndScript" name="CreatedBy1" time="2.275"/>
  <testcase classname="healthApp.HealthEndToEndScript" name="DocumentOn1" time="2.275"/>
  <testcase classname="healthApp.HealthEndToEndScript" name="popUpOk1" time="2.296"/>
  <testcase classname="healthApp.HealthEndToEndScript" name="Gallery" time="2.259"/>
  <testcase classname="healthApp.HealthEndToEndScript" name="photo" time="10.364"/>
  <testcase classname="healthApp.HealthEndToEndScript" name="Upload" time="2.343"/>
  <testcase classname="healthApp.HealthEndToEndScript" name="UploadOk" time="12.356"/>
  <testcase classname="healthApp.HealthEndToEndScript" name="AddButton4" time="10.452"/>
  <testcase classname="healthApp.HealthEndToEndScript" name="BookLabTest11" time="5.544"/>
  <testcase classname="healthApp.HealthEndToEndScript" name="SelectLab" time="5.255"/>
  <testcase classname="healthApp.HealthEndToEndScript" name="ClickLab" time="5.356"/>
  <testcase classname="healthApp.HealthEndToEndScript" name="Comments" time="5.792"/>
  <testcase classname="healthApp.HealthEndToEndScript" name="VaccineLabel" time="17.083"/>
  <testcase classname="healthApp.HealthEndToEndScript" name="BookLabTest1" time="5.266"/>
  <testcase classname="healthApp.HealthEndToEndScript" name="Done2" time="5.289"/>
  <testcase classname="healthApp.HealthEndToEndScript" name="SelectFamilyMember3" time="10.693"/>
  <testcase classname="healthApp.HealthEndToEndScript" name="Immunization" time="5.477"/>
  <testcase classname="healthApp.HealthEndToEndScript" name="Birth" time="30.308"/>
  <testcase classname="healthApp.HealthEndToEndScript" name="PopUpOk" time="16.965"/>
  <testcase classname="healthApp.HealthEndToEndScript" name="AddButton2" time="22.438"/>
  <testcase classname="healthApp.HealthEndToEndScript" name="AllVisits" time="5.602"/>
  <testcase classname="healthApp.HealthEndToEndScript" name="AddVitalsClick" time="5.550"/>
  <testcase classname="healthApp.HealthEndToEndScript" name="AddVitals" time="38.797"/>
  <testcase classname="healthApp.HealthEndToEndScript" name="LipidProfile" time="28.429"/>
</testsuite> <!-- healthApp.HealthEndToEndScript -->
