<?xml version="1.0" encoding="UTF-8"?>
<!-- Generated by org.testng.reporters.JUnitReportReporter -->
<testsuite hostname="CopiousCare" failures="0" tests="43" name="webAuto.Vaccination_Module" time="548.721" errors="0" timestamp="2024-11-26T15:18:39 IST" skipped="0">
  <testcase classname="webAuto.Vaccination_Module" name="numberField" time="0.145"/>
  <system-out/>
  <testcase classname="webAuto.Vaccination_Module" name="sendOTP" time="5.759"/>
  <system-out/>
  <testcase classname="webAuto.Vaccination_Module" name="verifyButton" time="10.102"/>
  <system-out/>
  <testcase classname="webAuto.Vaccination_Module" name="createPatient" time="0.361"/>
  <system-out/>
  <testcase classname="webAuto.Vaccination_Module" name="Number1" time="0.230"/>
  <system-out/>
  <testcase classname="webAuto.Vaccination_Module" name="confirm" time="2.465"/>
  <system-out/>
  <testcase classname="webAuto.Vaccination_Module" name="number2" time="0.232"/>
  <system-out/>
  <testcase classname="webAuto.Vaccination_Module" name="firstName" time="0.199"/>
  <system-out/>
  <testcase classname="webAuto.Vaccination_Module" name="middleName" time="0.262"/>
  <system-out/>
  <testcase classname="webAuto.Vaccination_Module" name="lastName" time="0.230"/>
  <system-out/>
  <testcase classname="webAuto.Vaccination_Module" name="birthDate" time="0.487"/>
  <system-out/>
  <testcase classname="webAuto.Vaccination_Module" name="genFemale" time="0.082"/>
  <system-out/>
  <testcase classname="webAuto.Vaccination_Module" name="address" time="0.207"/>
  <system-out/>
  <testcase classname="webAuto.Vaccination_Module" name="locality" time="0.206"/>
  <system-out/>
  <testcase classname="webAuto.Vaccination_Module" name="city" time="0.205"/>
  <system-out/>
  <testcase classname="webAuto.Vaccination_Module" name="pinCode" time="0.402"/>
  <system-out/>
  <testcase classname="webAuto.Vaccination_Module" name="nextButton" time="17.414"/>
  <system-out/>
  <testcase classname="webAuto.Vaccination_Module" name="HealthBirthVaccine" time="22.728"/>
  <system-out/>
  <testcase classname="webAuto.Vaccination_Module" name="Health6WeekVisitVaccine" time="48.370"/>
  <system-out/>
  <testcase classname="webAuto.Vaccination_Module" name="Health10WeekVisitVaccine" time="54.955"/>
  <system-out/>
  <testcase classname="webAuto.Vaccination_Module" name="Health114WeekVisitVaccine" time="25.532"/>
  <system-out/>
  <testcase classname="webAuto.Vaccination_Module" name="Health6MonthVisitVaccine" time="22.489"/>
  <system-out/>
  <testcase classname="webAuto.Vaccination_Module" name="Health6to9MonthVisitVaccine" time="11.205"/>
  <system-out/>
  <testcase classname="webAuto.Vaccination_Module" name="Health7MonthVisitVaccine" time="11.431"/>
  <system-out/>
  <testcase classname="webAuto.Vaccination_Module" name="Health9MonthVisitVaccine" time="33.339"/>
  <system-out/>
  <testcase classname="webAuto.Vaccination_Module" name="Health12MonthVisitVaccine" time="19.751"/>
  <system-out/>
  <testcase classname="webAuto.Vaccination_Module" name="Health12To15MonthVisitVaccine" time="22.046"/>
  <system-out/>
  <testcase classname="webAuto.Vaccination_Module" name="Health16To18MonthVisitVaccine" time="11.140"/>
  <system-out/>
  <testcase classname="webAuto.Vaccination_Module" name="Health18MonthVisitVaccine" time="16.958"/>
  <system-out/>
  <testcase classname="webAuto.Vaccination_Module" name="Health2YearsVisitVaccine" time="27.060"/>
  <system-out/>
  <testcase classname="webAuto.Vaccination_Module" name="Health2Years6monthVisitVaccine" time="11.188"/>
  <system-out/>
  <testcase classname="webAuto.Vaccination_Module" name="Health3Years6monthVisitVaccine" time="11.040"/>
  <system-out/>
  <testcase classname="webAuto.Vaccination_Module" name="Health4To6YearsVisitVaccine" time="43.115"/>
  <system-out/>
  <testcase classname="webAuto.Vaccination_Module" name="Health4Years6monthVisitVaccine" time="11.157"/>
  <system-out/>
  <testcase classname="webAuto.Vaccination_Module" name="Health5Years6monthVisitVaccine" time="11.173"/>
  <system-out/>
  <testcase classname="webAuto.Vaccination_Module" name="Health6Years6monthVisitVaccine" time="11.059"/>
  <system-out/>
  <testcase classname="webAuto.Vaccination_Module" name="Health7Years6monthVisitVaccine" time="11.157"/>
  <system-out/>
  <testcase classname="webAuto.Vaccination_Module" name="Health8Years6monthVisitVaccine" time="11.092"/>
  <system-out/>
  <testcase classname="webAuto.Vaccination_Module" name="Health9Years6monthVisitVaccine" time="11.056"/>
  <system-out/>
  <testcase classname="webAuto.Vaccination_Module" name="Health10Years12YearVisitVaccine" time="11.078"/>
  <system-out/>
  <testcase classname="webAuto.Vaccination_Module" name="Health10YearsVisitVaccine" time="11.124"/>
  <system-out/>
  <testcase classname="webAuto.Vaccination_Module" name="Health10Years6MonthVisitVaccine" time="10.972"/>
  <system-out/>
  <testcase classname="webAuto.Vaccination_Module" name="HealthSpecialVaccine" time="17.518"/>
  <system-out/>
</testsuite> <!-- webAuto.Vaccination_Module -->
