<?xml version="1.0" encoding="UTF-8"?>
<!-- Generated by org.testng.reporters.JUnitReportReporter -->
<testsuite hostname="CopiousCare" failures="0" tests="17" name="webAutoNegative.DeletePatient" time="38.866" errors="0" timestamp="2024-04-03T11:57:39 IST" skipped="0">
  <testcase classname="webAutoNegative.DeletePatient" name="numberField" time="0.109"/>
  <system-out/>
  <testcase classname="webAutoNegative.DeletePatient" name="sendOTP" time="8.512"/>
  <system-out/>
  <testcase classname="webAutoNegative.DeletePatient" name="verifyButton" time="10.060"/>
  <system-out/>
  <testcase classname="webAutoNegative.DeletePatient" name="createPatient" time="0.383"/>
  <system-out/>
  <testcase classname="webAutoNegative.DeletePatient" name="Number1" time="0.199"/>
  <system-out/>
  <testcase classname="webAutoNegative.DeletePatient" name="confirm" time="2.109"/>
  <system-out/>
  <testcase classname="webAutoNegative.DeletePatient" name="number2" time="0.150"/>
  <system-out/>
  <testcase classname="webAutoNegative.DeletePatient" name="firstName" time="0.096"/>
  <system-out/>
  <testcase classname="webAutoNegative.DeletePatient" name="middleName" time="0.107"/>
  <system-out/>
  <testcase classname="webAutoNegative.DeletePatient" name="lastName" time="0.103"/>
  <system-out/>
  <testcase classname="webAutoNegative.DeletePatient" name="birthDate" time="0.143"/>
  <system-out/>
  <testcase classname="webAutoNegative.DeletePatient" name="genFemale" time="0.050"/>
  <system-out/>
  <testcase classname="webAutoNegative.DeletePatient" name="address" time="0.142"/>
  <system-out/>
  <testcase classname="webAutoNegative.DeletePatient" name="locality" time="0.127"/>
  <system-out/>
  <testcase classname="webAutoNegative.DeletePatient" name="city" time="0.110"/>
  <system-out/>
  <testcase classname="webAutoNegative.DeletePatient" name="pinCode" time="0.240"/>
  <system-out/>
  <testcase classname="webAutoNegative.DeletePatient" name="nextButton" time="16.226"/>
  <system-out/>
</testsuite> <!-- webAutoNegative.DeletePatient -->
