<?xml version="1.0" encoding="UTF-8"?>
<!-- Generated by org.testng.reporters.JUnitReportReporter -->
<testsuite hostname="CopiousCare" failures="0" tests="46" name="pivotalApplication.AddVitals" time="265.778" errors="0" timestamp="2024-04-16T11:53:50 IST" skipped="0">
  <testcase classname="pivotalApplication.AddVitals" name="NumberField" time="1.184"/>
  <system-out/>
  <testcase classname="pivotalApplication.AddVitals" name="BfSuite" time="0.817"/>
  <system-out/>
  <testcase classname="pivotalApplication.AddVitals" name="IAgree" time="2.123"/>
  <system-out/>
  <testcase classname="pivotalApplication.AddVitals" name="proceedButton" time="2.356"/>
  <system-out/>
  <testcase classname="pivotalApplication.AddVitals" name="OTP" time="11.054"/>
  <system-out/>
  <testcase classname="pivotalApplication.AddVitals" name="submit" time="13.187"/>
  <system-out/>
  <testcase classname="pivotalApplication.AddVitals" name="Createptient" time="4.467"/>
  <system-out/>
  <testcase classname="pivotalApplication.AddVitals" name="Neweptient" time="12.292"/>
  <system-out/>
  <testcase classname="pivotalApplication.AddVitals" name="Close" time="4.998"/>
  <system-out/>
  <testcase classname="pivotalApplication.AddVitals" name="MobileNumber1" time="3.003"/>
  <system-out/>
  <testcase classname="pivotalApplication.AddVitals" name="confirm" time="4.537"/>
  <system-out/>
  <testcase classname="pivotalApplication.AddVitals" name="confirmPopup" time="6.689"/>
  <system-out/>
  <testcase classname="pivotalApplication.AddVitals" name="AdditionalNumber1" time="3.025"/>
  <system-out/>
  <testcase classname="pivotalApplication.AddVitals" name="FirstName" time="4.959"/>
  <system-out/>
  <testcase classname="pivotalApplication.AddVitals" name="MiddleName" time="4.946"/>
  <system-out/>
  <testcase classname="pivotalApplication.AddVitals" name="LastName" time="4.987"/>
  <system-out/>
  <testcase classname="pivotalApplication.AddVitals" name="BirthCalender" time="0.433"/>
  <system-out/>
  <testcase classname="pivotalApplication.AddVitals" name="Birthok" time="4.341"/>
  <system-out/>
  <testcase classname="pivotalApplication.AddVitals" name="GenFemale" time="4.455"/>
  <system-out/>
  <testcase classname="pivotalApplication.AddVitals" name="Address" time="2.927"/>
  <system-out/>
  <testcase classname="pivotalApplication.AddVitals" name="Area" time="2.923"/>
  <system-out/>
  <testcase classname="pivotalApplication.AddVitals" name="City" time="2.942"/>
  <system-out/>
  <testcase classname="pivotalApplication.AddVitals" name="PinCode" time="2.956"/>
  <system-out/>
  <testcase classname="pivotalApplication.AddVitals" name="Next" time="15.453"/>
  <system-out/>
  <testcase classname="pivotalApplication.AddVitals" name="AddVital" time="5.355"/>
  <system-out/>
  <testcase classname="pivotalApplication.AddVitals" name="Continue" time="5.255"/>
  <system-out/>
  <testcase classname="pivotalApplication.AddVitals" name="weight" time="0.321"/>
  <system-out/>
  <testcase classname="pivotalApplication.AddVitals" name="Height" time="6.007"/>
  <system-out/>
  <testcase classname="pivotalApplication.AddVitals" name="HC" time="5.308"/>
  <system-out/>
  <testcase classname="pivotalApplication.AddVitals" name="CC" time="5.308"/>
  <system-out/>
  <testcase classname="pivotalApplication.AddVitals" name="Temperature" time="5.842"/>
  <system-out/>
  <testcase classname="pivotalApplication.AddVitals" name="SPO2" time="11.695"/>
  <system-out/>
  <testcase classname="pivotalApplication.AddVitals" name="UpArrow" time="10.744"/>
  <system-out/>
  <testcase classname="pivotalApplication.AddVitals" name="BPSYS" time="5.757"/>
  <system-out/>
  <testcase classname="pivotalApplication.AddVitals" name="BPDIA" time="5.793"/>
  <system-out/>
  <testcase classname="pivotalApplication.AddVitals" name="HeartRate" time="6.738"/>
  <system-out/>
  <testcase classname="pivotalApplication.AddVitals" name="Pulse" time="11.384"/>
  <system-out/>
  <testcase classname="pivotalApplication.AddVitals" name="BloodSugar" time="6.721"/>
  <system-out/>
  <testcase classname="pivotalApplication.AddVitals" name="BloodSugarf" time="5.804"/>
  <system-out/>
  <testcase classname="pivotalApplication.AddVitals" name="BloodSugarPP" time="5.823"/>
  <system-out/>
  <testcase classname="pivotalApplication.AddVitals" name="BloodSugarHB" time="11.395"/>
  <system-out/>
  <testcase classname="pivotalApplication.AddVitals" name="CholesterolHDL" time="6.792"/>
  <system-out/>
  <testcase classname="pivotalApplication.AddVitals" name="CholesterolLDL" time="5.741"/>
  <system-out/>
  <testcase classname="pivotalApplication.AddVitals" name="TotalCholesterol" time="5.774"/>
  <system-out/>
  <testcase classname="pivotalApplication.AddVitals" name="Triglycerides" time="5.765"/>
  <system-out/>
  <testcase classname="pivotalApplication.AddVitals" name="Save" time="5.402"/>
  <system-out/>
</testsuite> <!-- pivotalApplication.AddVitals -->
