<?xml version="1.0" encoding="UTF-8"?>
<!-- Generated by org.testng.reporters.JUnitReportReporter -->
<testsuite hostname="CopiousCare" failures="0" tests="19" name="webAuto.OPDEndToEndWorkFlow2" time="304.213" errors="0" timestamp="2024-05-21T10:43:35 IST" skipped="0">
  <testcase classname="webAuto.OPDEndToEndWorkFlow2" name="numberField" time="0.102"/>
  <system-out/>
  <testcase classname="webAuto.OPDEndToEndWorkFlow2" name="sendOTP" time="12.627"/>
  <system-out/>
  <testcase classname="webAuto.OPDEndToEndWorkFlow2" name="verifyButton" time="10.038"/>
  <system-out/>
  <testcase classname="webAuto.OPDEndToEndWorkFlow2" name="searchBar1" time="0.416"/>
  <system-out/>
  <testcase classname="webAuto.OPDEndToEndWorkFlow2" name="searchOpt" time="3.053"/>
  <system-out/>
  <testcase classname="webAuto.OPDEndToEndWorkFlow2" name="searchBar2" time="15.097"/>
  <system-out/>
  <testcase classname="webAuto.OPDEndToEndWorkFlow2" name="Investigation" time="26.507"/>
  <system-out/>
  <testcase classname="webAuto.OPDEndToEndWorkFlow2" name="Investigation1" time="33.841"/>
  <system-out/>
  <testcase classname="webAuto.OPDEndToEndWorkFlow2" name="HealthProfile" time="14.240"/>
  <system-out/>
  <testcase classname="webAuto.OPDEndToEndWorkFlow2" name="Document1" time="0.051"/>
  <system-out/>
  <testcase classname="webAuto.OPDEndToEndWorkFlow2" name="ReceiptOption" time="14.382"/>
  <system-out/>
  <testcase classname="webAuto.OPDEndToEndWorkFlow2" name="previewReceipt" time="30.432"/>
  <system-out/>
  <testcase classname="webAuto.OPDEndToEndWorkFlow2" name="cirtificateOption1" time="20.151"/>
  <system-out/>
  <testcase classname="webAuto.OPDEndToEndWorkFlow2" name="AllDocuments" time="15.972"/>
  <system-out/>
  <testcase classname="webAuto.OPDEndToEndWorkFlow2" name="Document2" time="0.045"/>
  <system-out/>
  <testcase classname="webAuto.OPDEndToEndWorkFlow2" name="cirtificateOption" time="32.222"/>
  <system-out/>
  <testcase classname="webAuto.OPDEndToEndWorkFlow2" name="cirtificateOption3" time="20.225"/>
  <system-out/>
  <testcase classname="webAuto.OPDEndToEndWorkFlow2" name="AllDocuments1" time="11.050"/>
  <system-out/>
  <testcase classname="webAuto.OPDEndToEndWorkFlow2" name="ReferralOption3" time="43.762"/>
  <system-out/>
</testsuite> <!-- webAuto.OPDEndToEndWorkFlow2 -->
