<?xml version="1.0" encoding="UTF-8"?>
<!-- Generated by org.testng.reporters.JUnitReportReporter -->
<testsuite hostname="CopiousCare" failures="0" tests="45" name="pivotalApplication.FreshPrescription" time="154.005" errors="0" timestamp="2024-04-17T11:19:25 IST" skipped="0">
  <testcase classname="pivotalApplication.FreshPrescription" name="NumberField" time="1.177"/>
  <system-out/>
  <testcase classname="pivotalApplication.FreshPrescription" name="BfSuite" time="0.866"/>
  <system-out/>
  <testcase classname="pivotalApplication.FreshPrescription" name="IAgree" time="2.132"/>
  <system-out/>
  <testcase classname="pivotalApplication.FreshPrescription" name="proceedButton" time="2.389"/>
  <system-out/>
  <testcase classname="pivotalApplication.FreshPrescription" name="OTP" time="10.850"/>
  <system-out/>
  <testcase classname="pivotalApplication.FreshPrescription" name="submit" time="12.692"/>
  <system-out/>
  <testcase classname="pivotalApplication.FreshPrescription" name="Search" time="8.072"/>
  <system-out/>
  <testcase classname="pivotalApplication.FreshPrescription" name="ClickPatient" time="3.129"/>
  <system-out/>
  <testcase classname="pivotalApplication.FreshPrescription" name="prescription" time="3.331"/>
  <system-out/>
  <testcase classname="pivotalApplication.FreshPrescription" name="ComplaintAndDiagnosis" time="2.716"/>
  <system-out/>
  <testcase classname="pivotalApplication.FreshPrescription" name="AddChiefComplaints" time="2.450"/>
  <system-out/>
  <testcase classname="pivotalApplication.FreshPrescription" name="Fever" time="4.325"/>
  <system-out/>
  <testcase classname="pivotalApplication.FreshPrescription" name="Details" time="3.673"/>
  <system-out/>
  <testcase classname="pivotalApplication.FreshPrescription" name="moreSymptoms" time="2.377"/>
  <system-out/>
  <testcase classname="pivotalApplication.FreshPrescription" name="AddComplaint" time="2.325"/>
  <system-out/>
  <testcase classname="pivotalApplication.FreshPrescription" name="AddWorkingDiagnosis" time="2.463"/>
  <system-out/>
  <testcase classname="pivotalApplication.FreshPrescription" name="AcuteUrti" time="5.502"/>
  <system-out/>
  <testcase classname="pivotalApplication.FreshPrescription" name="AddDiagnosis" time="2.475"/>
  <system-out/>
  <testcase classname="pivotalApplication.FreshPrescription" name="Medicine" time="2.506"/>
  <system-out/>
  <testcase classname="pivotalApplication.FreshPrescription" name="TapToAddMedicine" time="2.514"/>
  <system-out/>
  <testcase classname="pivotalApplication.FreshPrescription" name="SearchMedDolo" time="6.404"/>
  <system-out/>
  <testcase classname="pivotalApplication.FreshPrescription" name="AddToPrescription" time="2.325"/>
  <system-out/>
  <testcase classname="pivotalApplication.FreshPrescription" name="ClickFavourite" time="2.433"/>
  <system-out/>
  <testcase classname="pivotalApplication.FreshPrescription" name="ClickFavoutiteDropdown" time="2.190"/>
  <system-out/>
  <testcase classname="pivotalApplication.FreshPrescription" name="ClickFavoutiteMedDrp" time="2.221"/>
  <system-out/>
  <testcase classname="pivotalApplication.FreshPrescription" name="ClickFavoutiteMedicine" time="2.281"/>
  <system-out/>
  <testcase classname="pivotalApplication.FreshPrescription" name="CopyMedicine" time="2.285"/>
  <system-out/>
  <testcase classname="pivotalApplication.FreshPrescription" name="popularClick" time="2.440"/>
  <system-out/>
  <testcase classname="pivotalApplication.FreshPrescription" name="popularMedicineClick" time="2.460"/>
  <system-out/>
  <testcase classname="pivotalApplication.FreshPrescription" name="popularCopyMedicine" time="2.393"/>
  <system-out/>
  <testcase classname="pivotalApplication.FreshPrescription" name="DietAndNutrition" time="2.412"/>
  <system-out/>
  <testcase classname="pivotalApplication.FreshPrescription" name="DietAndNutritionAdd" time="2.379"/>
  <system-out/>
  <testcase classname="pivotalApplication.FreshPrescription" name="DietAdvice" time="2.402"/>
  <system-out/>
  <testcase classname="pivotalApplication.FreshPrescription" name="AddDietAdvice" time="2.367"/>
  <system-out/>
  <testcase classname="pivotalApplication.FreshPrescription" name="GeneralInstructions" time="2.397"/>
  <system-out/>
  <testcase classname="pivotalApplication.FreshPrescription" name="GeneralInstructionsAdd" time="2.372"/>
  <system-out/>
  <testcase classname="pivotalApplication.FreshPrescription" name="InstructionsAdd" time="2.402"/>
  <system-out/>
  <testcase classname="pivotalApplication.FreshPrescription" name="Instructions" time="2.401"/>
  <system-out/>
  <testcase classname="pivotalApplication.FreshPrescription" name="NextFollowup" time="4.401"/>
  <system-out/>
  <testcase classname="pivotalApplication.FreshPrescription" name="NextFollowupCln7der" time="2.401"/>
  <system-out/>
  <testcase classname="pivotalApplication.FreshPrescription" name="NextOk" time="2.286"/>
  <system-out/>
  <testcase classname="pivotalApplication.FreshPrescription" name="NextVistTab" time="2.432"/>
  <system-out/>
  <testcase classname="pivotalApplication.FreshPrescription" name="PreviewPrescription" time="2.431"/>
  <system-out/>
  <testcase classname="pivotalApplication.FreshPrescription" name="SaveAndShare" time="10.240"/>
  <system-out/>
  <testcase classname="pivotalApplication.FreshPrescription" name="DownloadPrint" time="5.286"/>
  <system-out/>
</testsuite> <!-- pivotalApplication.FreshPrescription -->
