<?xml version="1.0" encoding="UTF-8"?>
<!-- Generated by org.testng.reporters.JUnitReportReporter -->
<testsuite hostname="DESKTOP-VQLLA2K" failures="0" tests="106" name="pivotalApplication.PivoFin2" time="1101.275" errors="0" timestamp="2023-12-22T11:27:49 IST" skipped="8">
  <testcase classname="pivotalApplication.PivoFin2" name="InvestigationClick" time="3.234"/>
  <testcase classname="pivotalApplication.PivoFin2" name="NewRequisition" time="2.922"/>
  <testcase classname="pivotalApplication.PivoFin2" name="Covid19" time="6.277"/>
  <testcase classname="pivotalApplication.PivoFin2" name="packages" time="2.636"/>
  <testcase classname="pivotalApplication.PivoFin2" name="Feverpanel" time="2.617"/>
  <testcase classname="pivotalApplication.PivoFin2" name="SelectTests" time="2.551"/>
  <testcase classname="pivotalApplication.PivoFin2" name="CreateRquisition" time="2.452"/>
  <testcase classname="pivotalApplication.PivoFin2" name="RquisitionDownloadclose" time="2.687"/>
  <testcase classname="pivotalApplication.PivoFin2" name="ReportClick" time="3.064"/>
  <testcase classname="pivotalApplication.PivoFin2" name="UploadReport" time="2.504"/>
  <testcase classname="pivotalApplication.PivoFin2" name="CreatedBy2" time="3.307"/>
  <testcase classname="pivotalApplication.PivoFin2" name="DocumentOn2" time="4.150"/>
  <testcase classname="pivotalApplication.PivoFin2" name="popUpOk2" time="2.590"/>
  <testcase classname="pivotalApplication.PivoFin2" name="Camera2" time="20.149"/>
  <testcase classname="pivotalApplication.PivoFin2" name="UploadCam2" time="2.366"/>
  <testcase classname="pivotalApplication.PivoFin2" name="UploadCamOk2" time="2.457"/>
  <testcase classname="pivotalApplication.PivoFin2" name="Transscript1" time="5.429"/>
  <testcase classname="pivotalApplication.PivoFin2" name="CreatedBy3" time="2.884"/>
  <testcase classname="pivotalApplication.PivoFin2" name="DocumentOn3" time="2.548"/>
  <testcase classname="pivotalApplication.PivoFin2" name="popUpOk3" time="2.377"/>
  <testcase classname="pivotalApplication.PivoFin2" name="Gallery3" time="2.372"/>
  <testcase classname="pivotalApplication.PivoFin2" name="photo3" time="10.413"/>
  <testcase classname="pivotalApplication.PivoFin2" name="Upload3" time="2.354"/>
  <testcase classname="pivotalApplication.PivoFin2" name="UploadOk3" time="10.152"/>
  <testcase classname="pivotalApplication.PivoFin2" name="RffralCreation" time="2.538"/>
  <testcase classname="pivotalApplication.PivoFin2" name="DrName" time="2.921"/>
  <testcase classname="pivotalApplication.PivoFin2" name="DrEmail" time="2.272"/>
  <testcase classname="pivotalApplication.PivoFin2" name="DrMobNumber" time="2.903"/>
  <testcase classname="pivotalApplication.PivoFin2" name="HealthCondition" time="2.360"/>
  <testcase classname="pivotalApplication.PivoFin2" name="Duration" time="2.763"/>
  <testcase classname="pivotalApplication.PivoFin2" name="Speciality" time="7.623"/>
  <testcase classname="pivotalApplication.PivoFin2" name="preview" time="2.369"/>
  <testcase classname="pivotalApplication.PivoFin2" name="Save" time="15.272"/>
  <testcase classname="pivotalApplication.PivoFin2" name="UploadDocuments" time="54.269"/>
  <testcase classname="pivotalApplication.PivoFin2" name="DocumentsDropDown" time="5.250"/>
  <testcase classname="pivotalApplication.PivoFin2" name="DischargeSummary" time="2.295"/>
  <testcase classname="pivotalApplication.PivoFin2" name="CreatedBy" time="2.781"/>
  <testcase classname="pivotalApplication.PivoFin2" name="DocumentOn" time="2.297"/>
  <testcase classname="pivotalApplication.PivoFin2" name="popUpOk" time="2.305"/>
  <testcase classname="pivotalApplication.PivoFin2" name="Camera" time="14.189"/>
  <testcase classname="pivotalApplication.PivoFin2" name="UploadCam" time="2.414"/>
  <testcase classname="pivotalApplication.PivoFin2" name="UploadCamOk" time="10.249"/>
  <testcase classname="pivotalApplication.PivoFin2" name="UploadDocuments1" time="5.457"/>
  <testcase classname="pivotalApplication.PivoFin2" name="DocumentsDropDown1" time="5.236"/>
  <testcase classname="pivotalApplication.PivoFin2" name="DischargeSummary1" time="2.298"/>
  <testcase classname="pivotalApplication.PivoFin2" name="CreatedBy1" time="2.809"/>
  <testcase classname="pivotalApplication.PivoFin2" name="DocumentOn1" time="2.302"/>
  <testcase classname="pivotalApplication.PivoFin2" name="popUpOk1" time="2.310"/>
  <testcase classname="pivotalApplication.PivoFin2" name="Gallery" time="2.531"/>
  <testcase classname="pivotalApplication.PivoFin2" name="photo" time="10.334"/>
  <testcase classname="pivotalApplication.PivoFin2" name="Upload" time="2.346"/>
  <testcase classname="pivotalApplication.PivoFin2" name="UploadOk" time="2.251"/>
  <testcase classname="pivotalApplication.PivoFin2" name="SpecialVaccine" time="17.671"/>
  <testcase classname="pivotalApplication.PivoFin2" name="AdministeredDate" time="5.207"/>
  <testcase classname="pivotalApplication.PivoFin2" name="PopUpOk" time="2.303"/>
  <testcase classname="pivotalApplication.PivoFin2" name="VaccineDropdown" time="2.219"/>
  <testcase classname="pivotalApplication.PivoFin2" name="CholeraVaccine" time="2.296"/>
  <testcase classname="pivotalApplication.PivoFin2" name="Submit" time="2.245"/>
  <testcase classname="pivotalApplication.PivoFin2" name="VaccinationOk" time="2.758"/>
  <testcase classname="pivotalApplication.PivoFin2" name="LinkPatient" time="17.739"/>
  <testcase classname="pivotalApplication.PivoFin2" name="DrMobileNumber" time="10.683"/>
  <testcase classname="pivotalApplication.PivoFin2" name="SearchDr" time="17.188"/>
  <testcase classname="pivotalApplication.PivoFin2" name="Link" time="15.244"/>
  <testcase classname="pivotalApplication.PivoFin2" name="Reciept" time="17.696"/>
  <testcase classname="pivotalApplication.PivoFin2" name="AddNewReceipt" time="10.338"/>
  <testcase classname="pivotalApplication.PivoFin2" name="ReceiptNo" time="7.941"/>
  <testcase classname="pivotalApplication.PivoFin2" name="Consultation" time="4.887"/>
  <testcase classname="pivotalApplication.PivoFin2" name="Vaccination" time="4.820"/>
  <testcase classname="pivotalApplication.PivoFin2" name="OtherReasons" time="4.865"/>
  <testcase classname="pivotalApplication.PivoFin2" name="Addmore" time="4.468"/>
  <testcase classname="pivotalApplication.PivoFin2" name="Preview" time="35.441"/>
  <testcase classname="pivotalApplication.PivoFin2" name="PayerName" time="2.760"/>
  <testcase classname="pivotalApplication.PivoFin2" name="CreateReceipt" time="27.128"/>
  <testcase classname="pivotalApplication.PivoFin2" name="Certificate" time="41.236"/>
  <testcase classname="pivotalApplication.PivoFin2" name="CertificateDropdown" time="22.305"/>
  <testcase classname="pivotalApplication.PivoFin2" name="CertificateType" time="22.804"/>
  <testcase classname="pivotalApplication.PivoFin2" name="Speciality1" time="32.367"/>
  <testcase classname="pivotalApplication.PivoFin2" name="SpecialitySelect" time="37.266"/>
  <testcase classname="pivotalApplication.PivoFin2" name="Preview1" time="12.578"/>
  <testcase classname="pivotalApplication.PivoFin2" name="Printclose" time="17.544"/>
  <testcase classname="pivotalApplication.PivoFin2" name="ClickHistory" time="6.569"/>
  <testcase classname="pivotalApplication.PivoFin2" name="ViewDocument" time="2.378"/>
  <testcase classname="pivotalApplication.PivoFin2" name="close1" time="10.382"/>
  <testcase classname="pivotalApplication.PivoFin2" name="ViewReceipts" time="12.686"/>
  <testcase classname="pivotalApplication.PivoFin2" name="close2" time="12.214"/>
  <testcase classname="pivotalApplication.PivoFin2" name="ViewReferal" time="10.604"/>
  <testcase classname="pivotalApplication.PivoFin2" name="close4" time="54.985"/>
  <testcase classname="pivotalApplication.PivoFin2" name="PatientList" time="35.000"/>
  <testcase classname="pivotalApplication.PivoFin2" name="Appointments" time="10.612"/>
  <testcase classname="pivotalApplication.PivoFin2" name="Prescription" time="42.296"/>
  <testcase classname="pivotalApplication.PivoFin2" name="Reports" time="47.920"/>
  <testcase classname="pivotalApplication.PivoFin2" name="Referrals" time="46.367"/>
  <testcase classname="pivotalApplication.PivoFin2" name="VaccineInStore" time="22.400"/>
  <testcase classname="pivotalApplication.PivoFin2" name="ViewReports" time="49.648"/>
  <testcase classname="pivotalApplication.PivoFin2" name="MyNotes" time="26.383"/>
  <testcase classname="pivotalApplication.PivoFin2" name="ShareHealth" time="12.144"/>
  <testcase classname="pivotalApplication.PivoFin2" name="WhatsNew" time="10.656"/>
  <testcase classname="pivotalApplication.PivoFin2" name="DashboardData" time="6.598"/>
  <testcase classname="pivotalApplication.PivoFin2" name="proceedButton">
    <skipped/>
  </testcase> <!-- proceedButton -->
  <testcase classname="pivotalApplication.PivoFin2" name="IAgree">
    <skipped/>
  </testcase> <!-- IAgree -->
  <testcase classname="pivotalApplication.PivoFin2" name="ClickPatient1">
    <skipped/>
  </testcase> <!-- ClickPatient1 -->
  <testcase classname="pivotalApplication.PivoFin2" name="NumberField">
    <skipped/>
  </testcase> <!-- NumberField -->
  <testcase classname="pivotalApplication.PivoFin2" name="Search">
    <skipped/>
  </testcase> <!-- Search -->
  <testcase classname="pivotalApplication.PivoFin2" name="OTP">
    <skipped/>
  </testcase> <!-- OTP -->
  <testcase classname="pivotalApplication.PivoFin2" name="submit">
    <skipped/>
  </testcase> <!-- submit -->
  <testcase classname="pivotalApplication.PivoFin2" name="HealthApp">
    <skipped/>
  </testcase> <!-- HealthApp -->
</testsuite> <!-- pivotalApplication.PivoFin2 -->
