<?xml version="1.0" encoding="UTF-8"?>
<!-- Generated by org.testng.reporters.JUnitReportReporter -->
<testsuite hostname="CopiousCare" failures="0" tests="8" name="webAuto.ViewReceipt" time="57.649" errors="0" timestamp="2024-04-02T15:55:17 IST" skipped="0">
  <testcase classname="webAuto.ViewReceipt" name="numberField" time="0.099"/>
  <system-out/>
  <testcase classname="webAuto.ViewReceipt" name="sendOTP" time="7.596"/>
  <system-out/>
  <testcase classname="webAuto.ViewReceipt" name="verifyButton" time="10.071"/>
  <system-out/>
  <testcase classname="webAuto.ViewReceipt" name="searchBar" time="0.402"/>
  <system-out/>
  <testcase classname="webAuto.ViewReceipt" name="searchOpt" time="3.071"/>
  <system-out/>
  <testcase classname="webAuto.ViewReceipt" name="clickPatient" time="10.145"/>
  <system-out/>
  <testcase classname="webAuto.ViewReceipt" name="Document" time="0.091"/>
  <system-out/>
  <testcase classname="webAuto.ViewReceipt" name="cirtificateOption" time="26.174"/>
  <system-out/>
</testsuite> <!-- webAuto.ViewReceipt -->
