<?xml version="1.0" encoding="UTF-8"?>
<!-- Generated by org.testng.reporters.JUnitReportReporter -->
<testsuite hostname="CopiousCare" failures="0" tests="8" name="pivotalApplicationNegative.NLogin" time="131.197" errors="0" timestamp="2024-04-16T17:16:37 IST" skipped="0">
  <testcase classname="pivotalApplicationNegative.NLogin" name="BfSuite" time="0.796"/>
  <system-out/>
  <testcase classname="pivotalApplicationNegative.NLogin" name="Case2RandomNUmber" time="11.716"/>
  <system-out/>
  <testcase classname="pivotalApplicationNegative.NLogin" name="Case3NumberLessThanTen" time="15.894"/>
  <system-out/>
  <testcase classname="pivotalApplicationNegative.NLogin" name="NumberField" time="8.057"/>
  <system-out/>
  <testcase classname="pivotalApplicationNegative.NLogin" name="proceedButton" time="3.087"/>
  <system-out/>
  <testcase classname="pivotalApplicationNegative.NLogin" name="OTP" time="11.301"/>
  <system-out/>
  <testcase classname="pivotalApplicationNegative.NLogin" name="submit" time="71.880"/>
  <system-out/>
  <testcase classname="pivotalApplicationNegative.NLogin" name="ResendOTP" time="8.466"/>
  <system-out/>
</testsuite> <!-- pivotalApplicationNegative.NLogin -->
