<?xml version="1.0" encoding="UTF-8"?>
<!-- Generated by org.testng.reporters.JUnitReportReporter -->
<testsuite hostname="CopiousCare" failures="0" tests="56" name="pivotalApplicationNegative.PDeletePatient" time="292.490" errors="0" timestamp="2024-04-22T14:36:00 IST" skipped="0">
  <testcase classname="pivotalApplicationNegative.PDeletePatient" name="BfSuite" time="1.227"/>
  <system-out/>
  <testcase classname="pivotalApplicationNegative.PDeletePatient" name="NumberField" time="1.195"/>
  <system-out/>
  <testcase classname="pivotalApplicationNegative.PDeletePatient" name="IAgree" time="2.183"/>
  <system-out/>
  <testcase classname="pivotalApplicationNegative.PDeletePatient" name="proceedButton" time="2.389"/>
  <system-out/>
  <testcase classname="pivotalApplicationNegative.PDeletePatient" name="OTP" time="11.591"/>
  <system-out/>
  <testcase classname="pivotalApplicationNegative.PDeletePatient" name="submit" time="12.718"/>
  <system-out/>
  <testcase classname="pivotalApplicationNegative.PDeletePatient" name="Createptient" time="4.447"/>
  <system-out/>
  <testcase classname="pivotalApplicationNegative.PDeletePatient" name="Neweptient" time="12.319"/>
  <system-out/>
  <testcase classname="pivotalApplicationNegative.PDeletePatient" name="Close" time="5.190"/>
  <system-out/>
  <testcase classname="pivotalApplicationNegative.PDeletePatient" name="MobileNumber1" time="2.457"/>
  <system-out/>
  <testcase classname="pivotalApplicationNegative.PDeletePatient" name="confirm" time="4.512"/>
  <system-out/>
  <testcase classname="pivotalApplicationNegative.PDeletePatient" name="confirmPopup" time="6.233"/>
  <system-out/>
  <testcase classname="pivotalApplicationNegative.PDeletePatient" name="AdditionalNumber1" time="2.424"/>
  <system-out/>
  <testcase classname="pivotalApplicationNegative.PDeletePatient" name="FirstName" time="4.974"/>
  <system-out/>
  <testcase classname="pivotalApplicationNegative.PDeletePatient" name="MiddleName" time="4.923"/>
  <system-out/>
  <testcase classname="pivotalApplicationNegative.PDeletePatient" name="LastName" time="4.934"/>
  <system-out/>
  <testcase classname="pivotalApplicationNegative.PDeletePatient" name="BirthCalender" time="5.039"/>
  <system-out/>
  <testcase classname="pivotalApplicationNegative.PDeletePatient" name="Birthok" time="4.383"/>
  <system-out/>
  <testcase classname="pivotalApplicationNegative.PDeletePatient" name="GenFemale" time="4.410"/>
  <system-out/>
  <testcase classname="pivotalApplicationNegative.PDeletePatient" name="Address" time="2.878"/>
  <system-out/>
  <testcase classname="pivotalApplicationNegative.PDeletePatient" name="Area" time="2.901"/>
  <system-out/>
  <testcase classname="pivotalApplicationNegative.PDeletePatient" name="City" time="2.880"/>
  <system-out/>
  <testcase classname="pivotalApplicationNegative.PDeletePatient" name="PinCode" time="2.909"/>
  <system-out/>
  <testcase classname="pivotalApplicationNegative.PDeletePatient" name="Next" time="15.373"/>
  <system-out/>
  <testcase classname="pivotalApplicationNegative.PDeletePatient" name="ContinueProfile" time="10.322"/>
  <system-out/>
  <testcase classname="pivotalApplicationNegative.PDeletePatient" name="TypeOfDelivery" time="2.435"/>
  <system-out/>
  <testcase classname="pivotalApplicationNegative.PDeletePatient" name="TypeOfDeliveryNormal" time="2.284"/>
  <system-out/>
  <testcase classname="pivotalApplicationNegative.PDeletePatient" name="weightl" time="2.445"/>
  <system-out/>
  <testcase classname="pivotalApplicationNegative.PDeletePatient" name="Heightl" time="2.380"/>
  <system-out/>
  <testcase classname="pivotalApplicationNegative.PDeletePatient" name="HC" time="2.399"/>
  <system-out/>
  <testcase classname="pivotalApplicationNegative.PDeletePatient" name="CC" time="2.301"/>
  <system-out/>
  <testcase classname="pivotalApplicationNegative.PDeletePatient" name="BPSYS" time="2.368"/>
  <system-out/>
  <testcase classname="pivotalApplicationNegative.PDeletePatient" name="BPDia" time="2.297"/>
  <system-out/>
  <testcase classname="pivotalApplicationNegative.PDeletePatient" name="BloodGroup" time="2.482"/>
  <system-out/>
  <testcase classname="pivotalApplicationNegative.PDeletePatient" name="BloodGroupA" time="2.227"/>
  <system-out/>
  <testcase classname="pivotalApplicationNegative.PDeletePatient" name="BirthHistoryNext" time="7.461"/>
  <system-out/>
  <testcase classname="pivotalApplicationNegative.PDeletePatient" name="MedicalConditionAdd" time="3.885"/>
  <system-out/>
  <testcase classname="pivotalApplicationNegative.PDeletePatient" name="MedicalConditionSelect" time="4.255"/>
  <system-out/>
  <testcase classname="pivotalApplicationNegative.PDeletePatient" name="AddMedicalCondition" time="6.284"/>
  <system-out/>
  <testcase classname="pivotalApplicationNegative.PDeletePatient" name="Allergies" time="2.743"/>
  <system-out/>
  <testcase classname="pivotalApplicationNegative.PDeletePatient" name="Reactions" time="2.776"/>
  <system-out/>
  <testcase classname="pivotalApplicationNegative.PDeletePatient" name="RecurringComplaints" time="2.796"/>
  <system-out/>
  <testcase classname="pivotalApplicationNegative.PDeletePatient" name="HospitalizationHistory" time="2.805"/>
  <system-out/>
  <testcase classname="pivotalApplicationNegative.PDeletePatient" name="HealthHistory" time="2.732"/>
  <system-out/>
  <testcase classname="pivotalApplicationNegative.PDeletePatient" name="GeneticdisoredrAdd" time="3.993"/>
  <system-out/>
  <testcase classname="pivotalApplicationNegative.PDeletePatient" name="GeneticdisoredrSelect" time="12.882"/>
  <system-out/>
  <testcase classname="pivotalApplicationNegative.PDeletePatient" name="AddGeneticdisoredr" time="2.473"/>
  <system-out/>
  <testcase classname="pivotalApplicationNegative.PDeletePatient" name="OtherEmailId" time="2.762"/>
  <system-out/>
  <testcase classname="pivotalApplicationNegative.PDeletePatient" name="helathNext" time="2.282"/>
  <system-out/>
  <testcase classname="pivotalApplicationNegative.PDeletePatient" name="FathersName" time="2.345"/>
  <system-out/>
  <testcase classname="pivotalApplicationNegative.PDeletePatient" name="MothersName" time="2.750"/>
  <system-out/>
  <testcase classname="pivotalApplicationNegative.PDeletePatient" name="Fatherheight" time="7.525"/>
  <system-out/>
  <testcase classname="pivotalApplicationNegative.PDeletePatient" name="Mothersheight" time="5.486"/>
  <system-out/>
  <testcase classname="pivotalApplicationNegative.PDeletePatient" name="FamailyNedicalHistory" time="8.140"/>
  <system-out/>
  <testcase classname="pivotalApplicationNegative.PDeletePatient" name="EnterDisorders" time="20.844"/>
  <system-out/>
  <testcase classname="pivotalApplicationNegative.PDeletePatient" name="DeleteOption" time="26.842"/>
  <system-out/>
</testsuite> <!-- pivotalApplicationNegative.PDeletePatient -->
