<?xml version="1.0" encoding="UTF-8"?>
<!-- Generated by org.testng.reporters.JUnitReportReporter -->
<testsuite hostname="CopiousCare" failures="0" tests="44" name="pivotalApplication.AddVitals" time="271.761" errors="0" timestamp="2024-08-30T13:04:04 IST" skipped="0">
  <testcase classname="pivotalApplication.AddVitals" name="NumberField" time="1.231"/>
  <system-out/>
  <testcase classname="pivotalApplication.AddVitals" name="BfSuite" time="0.687"/>
  <system-out/>
  <testcase classname="pivotalApplication.AddVitals" name="IAgree" time="1.990"/>
  <system-out/>
  <testcase classname="pivotalApplication.AddVitals" name="proceedButton" time="2.378"/>
  <system-out/>
  <testcase classname="pivotalApplication.AddVitals" name="OTP" time="11.873"/>
  <system-out/>
  <testcase classname="pivotalApplication.AddVitals" name="submit" time="7.787"/>
  <system-out/>
  <testcase classname="pivotalApplication.AddVitals" name="Createptient" time="4.530"/>
  <system-out/>
  <testcase classname="pivotalApplication.AddVitals" name="MobileNumber1" time="2.503"/>
  <system-out/>
  <testcase classname="pivotalApplication.AddVitals" name="confirm" time="22.550"/>
  <system-out/>
  <testcase classname="pivotalApplication.AddVitals" name="confirmPopup" time="14.590"/>
  <system-out/>
  <testcase classname="pivotalApplication.AddVitals" name="AdditionalNumber1" time="2.985"/>
  <system-out/>
  <testcase classname="pivotalApplication.AddVitals" name="FirstName" time="4.955"/>
  <system-out/>
  <testcase classname="pivotalApplication.AddVitals" name="MiddleName" time="4.460"/>
  <system-out/>
  <testcase classname="pivotalApplication.AddVitals" name="LastName" time="5.100"/>
  <system-out/>
  <testcase classname="pivotalApplication.AddVitals" name="BirthCalender" time="0.495"/>
  <system-out/>
  <testcase classname="pivotalApplication.AddVitals" name="Birthok" time="4.384"/>
  <system-out/>
  <testcase classname="pivotalApplication.AddVitals" name="GenFemale" time="4.467"/>
  <system-out/>
  <testcase classname="pivotalApplication.AddVitals" name="Address" time="3.052"/>
  <system-out/>
  <testcase classname="pivotalApplication.AddVitals" name="Area" time="3.011"/>
  <system-out/>
  <testcase classname="pivotalApplication.AddVitals" name="City" time="3.028"/>
  <system-out/>
  <testcase classname="pivotalApplication.AddVitals" name="PinCode" time="2.561"/>
  <system-out/>
  <testcase classname="pivotalApplication.AddVitals" name="Next" time="15.512"/>
  <system-out/>
  <testcase classname="pivotalApplication.AddVitals" name="AddVital" time="5.414"/>
  <system-out/>
  <testcase classname="pivotalApplication.AddVitals" name="Continue" time="5.259"/>
  <system-out/>
  <testcase classname="pivotalApplication.AddVitals" name="weight" time="0.470"/>
  <system-out/>
  <testcase classname="pivotalApplication.AddVitals" name="Height" time="6.100"/>
  <system-out/>
  <testcase classname="pivotalApplication.AddVitals" name="HC" time="5.442"/>
  <system-out/>
  <testcase classname="pivotalApplication.AddVitals" name="CC" time="5.405"/>
  <system-out/>
  <testcase classname="pivotalApplication.AddVitals" name="Temperature" time="6.046"/>
  <system-out/>
  <testcase classname="pivotalApplication.AddVitals" name="SPO2" time="12.057"/>
  <system-out/>
  <testcase classname="pivotalApplication.AddVitals" name="UpArrow" time="10.960"/>
  <system-out/>
  <testcase classname="pivotalApplication.AddVitals" name="BPSYS" time="5.444"/>
  <system-out/>
  <testcase classname="pivotalApplication.AddVitals" name="BPDIA" time="5.929"/>
  <system-out/>
  <testcase classname="pivotalApplication.AddVitals" name="HeartRate" time="6.987"/>
  <system-out/>
  <testcase classname="pivotalApplication.AddVitals" name="Pulse" time="12.087"/>
  <system-out/>
  <testcase classname="pivotalApplication.AddVitals" name="BloodSugar" time="6.851"/>
  <system-out/>
  <testcase classname="pivotalApplication.AddVitals" name="BloodSugarf" time="5.899"/>
  <system-out/>
  <testcase classname="pivotalApplication.AddVitals" name="BloodSugarPP" time="5.872"/>
  <system-out/>
  <testcase classname="pivotalApplication.AddVitals" name="BloodSugarHB" time="11.735"/>
  <system-out/>
  <testcase classname="pivotalApplication.AddVitals" name="CholesterolHDL" time="6.584"/>
  <system-out/>
  <testcase classname="pivotalApplication.AddVitals" name="CholesterolLDL" time="5.850"/>
  <system-out/>
  <testcase classname="pivotalApplication.AddVitals" name="TotalCholesterol" time="5.873"/>
  <system-out/>
  <testcase classname="pivotalApplication.AddVitals" name="Triglycerides" time="5.870"/>
  <system-out/>
  <testcase classname="pivotalApplication.AddVitals" name="Save" time="5.498"/>
  <system-out/>
</testsuite> <!-- pivotalApplication.AddVitals -->
