<?xml version="1.0" encoding="UTF-8"?>
<!-- Generated by org.testng.reporters.JUnitReportReporter -->
<testsuite hostname="CopiousCare" failures="0" tests="38" name="webAuto.New_PediatricOverView" time="368.215" errors="0" timestamp="2024-11-18T12:17:11 IST" skipped="0">
  <testcase classname="webAuto.New_PediatricOverView" name="numberField" time="5.254"/>
  <system-out/>
  <testcase classname="webAuto.New_PediatricOverView" name="sendOTP" time="11.863"/>
  <system-out/>
  <testcase classname="webAuto.New_PediatricOverView" name="verifyButton" time="10.156"/>
  <system-out/>
  <testcase classname="webAuto.New_PediatricOverView" name="createPatient" time="0.532"/>
  <system-out/>
  <testcase classname="webAuto.New_PediatricOverView" name="Number1" time="0.247"/>
  <system-out/>
  <testcase classname="webAuto.New_PediatricOverView" name="confirm" time="2.670"/>
  <system-out/>
  <testcase classname="webAuto.New_PediatricOverView" name="number2" time="0.286"/>
  <system-out/>
  <testcase classname="webAuto.New_PediatricOverView" name="firstName" time="0.224"/>
  <system-out/>
  <testcase classname="webAuto.New_PediatricOverView" name="middleName" time="0.228"/>
  <system-out/>
  <testcase classname="webAuto.New_PediatricOverView" name="lastName" time="0.138"/>
  <system-out/>
  <testcase classname="webAuto.New_PediatricOverView" name="birthDate" time="0.186"/>
  <system-out/>
  <testcase classname="webAuto.New_PediatricOverView" name="genFemale" time="0.074"/>
  <system-out/>
  <testcase classname="webAuto.New_PediatricOverView" name="address" time="0.155"/>
  <system-out/>
  <testcase classname="webAuto.New_PediatricOverView" name="locality" time="0.155"/>
  <system-out/>
  <testcase classname="webAuto.New_PediatricOverView" name="city" time="0.142"/>
  <system-out/>
  <testcase classname="webAuto.New_PediatricOverView" name="pinCode" time="0.345"/>
  <system-out/>
  <testcase classname="webAuto.New_PediatricOverView" name="nextButton" time="15.121"/>
  <system-out/>
  <testcase classname="webAuto.New_PediatricOverView" name="clickClose" time="0.956"/>
  <system-out/>
  <testcase classname="webAuto.New_PediatricOverView" name="fillVitalForm" time="16.286"/>
  <system-out/>
  <testcase classname="webAuto.New_PediatricOverView" name="fillHealthProfile" time="11.589"/>
  <system-out/>
  <testcase classname="webAuto.New_PediatricOverView" name="fillFamilyProfile" time="16.713"/>
  <system-out/>
  <testcase classname="webAuto.New_PediatricOverView" name="GoHome" time="0.431"/>
  <system-out/>
  <testcase classname="webAuto.New_PediatricOverView" name="searchBar2" time="22.170"/>
  <system-out/>
  <testcase classname="webAuto.New_PediatricOverView" name="AdVitals" time="4.374"/>
  <system-out/>
  <testcase classname="webAuto.New_PediatricOverView" name="AdBpandHeartOption" time="15.944"/>
  <system-out/>
  <testcase classname="webAuto.New_PediatricOverView" name="AdBloodAndAnalysis" time="16.241"/>
  <system-out/>
  <testcase classname="webAuto.New_PediatricOverView" name="AdLipidProfile" time="16.087"/>
  <system-out/>
  <testcase classname="webAuto.New_PediatricOverView" name="DischargeSummary" time="5.568"/>
  <system-out/>
  <testcase classname="webAuto.New_PediatricOverView" name="RecentVitals" time="5.376"/>
  <system-out/>
  <testcase classname="webAuto.New_PediatricOverView" name="VitalsGraph" time="82.015"/>
  <system-out/>
  <testcase classname="webAuto.New_PediatricOverView" name="Profile" time="5.503"/>
  <system-out/>
  <testcase classname="webAuto.New_PediatricOverView" name="EditPatientProfile" time="6.060"/>
  <system-out/>
  <testcase classname="webAuto.New_PediatricOverView" name="PatientProfile" time="5.392"/>
  <system-out/>
  <testcase classname="webAuto.New_PediatricOverView" name="Notes" time="15.381"/>
  <system-out/>
  <testcase classname="webAuto.New_PediatricOverView" name="LinkPatient" time="15.739"/>
  <system-out/>
  <testcase classname="webAuto.New_PediatricOverView" name="History" time="15.195"/>
  <system-out/>
  <testcase classname="webAuto.New_PediatricOverView" name="NewScreening" time="31.080"/>
  <system-out/>
  <testcase classname="webAuto.New_PediatricOverView" name="DeletePatient" time="12.339"/>
  <system-out/>
</testsuite> <!-- webAuto.New_PediatricOverView -->
