<?xml version="1.0" encoding="UTF-8"?>
<!-- Generated by org.testng.reporters.JUnitReportReporter -->
<testsuite hostname="CopiousCare" failures="0" tests="17" name="webAutoQueueNegative.QDeletePatient" time="39.640" errors="0" timestamp="2024-05-02T15:41:27 IST" skipped="0">
  <testcase classname="webAutoQueueNegative.QDeletePatient" name="numberField" time="0.126"/>
  <system-out/>
  <testcase classname="webAutoQueueNegative.QDeletePatient" name="sendOTP" time="8.563"/>
  <system-out/>
  <testcase classname="webAutoQueueNegative.QDeletePatient" name="verifyButton" time="10.079"/>
  <system-out/>
  <testcase classname="webAutoQueueNegative.QDeletePatient" name="createPatient" time="0.394"/>
  <system-out/>
  <testcase classname="webAutoQueueNegative.QDeletePatient" name="Number1" time="0.234"/>
  <system-out/>
  <testcase classname="webAutoQueueNegative.QDeletePatient" name="confirm" time="2.455"/>
  <system-out/>
  <testcase classname="webAutoQueueNegative.QDeletePatient" name="number2" time="0.180"/>
  <system-out/>
  <testcase classname="webAutoQueueNegative.QDeletePatient" name="firstName" time="0.122"/>
  <system-out/>
  <testcase classname="webAutoQueueNegative.QDeletePatient" name="middleName" time="0.131"/>
  <system-out/>
  <testcase classname="webAutoQueueNegative.QDeletePatient" name="lastName" time="0.117"/>
  <system-out/>
  <testcase classname="webAutoQueueNegative.QDeletePatient" name="birthDate" time="0.189"/>
  <system-out/>
  <testcase classname="webAutoQueueNegative.QDeletePatient" name="genFemale" time="0.062"/>
  <system-out/>
  <testcase classname="webAutoQueueNegative.QDeletePatient" name="address" time="0.137"/>
  <system-out/>
  <testcase classname="webAutoQueueNegative.QDeletePatient" name="locality" time="0.150"/>
  <system-out/>
  <testcase classname="webAutoQueueNegative.QDeletePatient" name="city" time="0.117"/>
  <system-out/>
  <testcase classname="webAutoQueueNegative.QDeletePatient" name="pinCode" time="0.260"/>
  <system-out/>
  <testcase classname="webAutoQueueNegative.QDeletePatient" name="nextButton" time="16.324"/>
  <system-out/>
</testsuite> <!-- webAutoQueueNegative.QDeletePatient -->
