<?xml version="1.0" encoding="UTF-8"?>
<!-- Generated by org.testng.reporters.JUnitReportReporter -->
<testsuite hostname="CopiousCare" failures="0" tests="36" name="webAutoNegative.LMarathiCreatePatient" time="347.044" errors="0" timestamp="2024-11-26T16:35:55 IST" skipped="0">
  <testcase classname="webAutoNegative.LMarathiCreatePatient" name="numberField" time="5.244"/>
  <system-out/>
  <testcase classname="webAutoNegative.LMarathiCreatePatient" name="sendOTP" time="5.785"/>
  <system-out/>
  <testcase classname="webAutoNegative.LMarathiCreatePatient" name="verifyButton" time="10.073"/>
  <system-out/>
  <testcase classname="webAutoNegative.LMarathiCreatePatient" name="createPatient" time="0.435"/>
  <system-out/>
  <testcase classname="webAutoNegative.LMarathiCreatePatient" name="Number1" time="0.235"/>
  <system-out/>
  <testcase classname="webAutoNegative.LMarathiCreatePatient" name="confirm" time="3.711"/>
  <system-out/>
  <testcase classname="webAutoNegative.LMarathiCreatePatient" name="number2" time="0.219"/>
  <system-out/>
  <testcase classname="webAutoNegative.LMarathiCreatePatient" name="firstName" time="0.243"/>
  <system-out/>
  <testcase classname="webAutoNegative.LMarathiCreatePatient" name="middleName" time="0.247"/>
  <system-out/>
  <testcase classname="webAutoNegative.LMarathiCreatePatient" name="lastName" time="0.250"/>
  <system-out/>
  <testcase classname="webAutoNegative.LMarathiCreatePatient" name="birthDate" time="0.227"/>
  <system-out/>
  <testcase classname="webAutoNegative.LMarathiCreatePatient" name="genFemale" time="0.052"/>
  <system-out/>
  <testcase classname="webAutoNegative.LMarathiCreatePatient" name="address" time="0.119"/>
  <system-out/>
  <testcase classname="webAutoNegative.LMarathiCreatePatient" name="locality" time="0.117"/>
  <system-out/>
  <testcase classname="webAutoNegative.LMarathiCreatePatient" name="city" time="0.113"/>
  <system-out/>
  <testcase classname="webAutoNegative.LMarathiCreatePatient" name="pinCode" time="0.252"/>
  <system-out/>
  <testcase classname="webAutoNegative.LMarathiCreatePatient" name="nextButton" time="15.097"/>
  <system-out/>
  <testcase classname="webAutoNegative.LMarathiCreatePatient" name="clickClose" time="0.956"/>
  <system-out/>
  <testcase classname="webAutoNegative.LMarathiCreatePatient" name="fillVitalForm" time="16.029"/>
  <system-out/>
  <testcase classname="webAutoNegative.LMarathiCreatePatient" name="fillHealthProfile" time="11.095"/>
  <system-out/>
  <testcase classname="webAutoNegative.LMarathiCreatePatient" name="fillFamilyProfile" time="16.739"/>
  <system-out/>
  <testcase classname="webAutoNegative.LMarathiCreatePatient" name="GoHome" time="0.134"/>
  <system-out/>
  <testcase classname="webAutoNegative.LMarathiCreatePatient" name="AddNewAppointment" time="25.377"/>
  <system-out/>
  <testcase classname="webAutoNegative.LMarathiCreatePatient" name="AddPrescription" time="15.335"/>
  <system-out/>
  <testcase classname="webAutoNegative.LMarathiCreatePatient" name="Complaints" time="3.297"/>
  <system-out/>
  <testcase classname="webAutoNegative.LMarathiCreatePatient" name="VitalsOption" time="4.342"/>
  <system-out/>
  <testcase classname="webAutoNegative.LMarathiCreatePatient" name="BpandHeartOption" time="15.536"/>
  <system-out/>
  <testcase classname="webAutoNegative.LMarathiCreatePatient" name="BloodAndAnalysis" time="16.270"/>
  <system-out/>
  <testcase classname="webAutoNegative.LMarathiCreatePatient" name="LipidProfile" time="15.921"/>
  <system-out/>
  <testcase classname="webAutoNegative.LMarathiCreatePatient" name="OnExamination" time="15.265"/>
  <system-out/>
  <testcase classname="webAutoNegative.LMarathiCreatePatient" name="Diagnosis" time="15.227"/>
  <system-out/>
  <testcase classname="webAutoNegative.LMarathiCreatePatient" name="Medicine1" time="46.683"/>
  <system-out/>
  <testcase classname="webAutoNegative.LMarathiCreatePatient" name="DietaryAdvice" time="15.246"/>
  <system-out/>
  <testcase classname="webAutoNegative.LMarathiCreatePatient" name="GeneralInstruction" time="15.292"/>
  <system-out/>
  <testcase classname="webAutoNegative.LMarathiCreatePatient" name="SaveandProceed" time="0.146"/>
  <system-out/>
  <testcase classname="webAutoNegative.LMarathiCreatePatient" name="ConfirmPrescription" time="55.735"/>
  <system-out/>
</testsuite> <!-- webAutoNegative.LMarathiCreatePatient -->
