<?xml version="1.0" encoding="UTF-8"?>
<!-- Generated by org.testng.reporters.JUnitReportReporter -->
<testsuite hostname="CopiousCare" failures="0" tests="3" name="webAuto.AddfavouriteMedicine" time="23.738" errors="0" timestamp="2024-03-29T13:17:36 IST" skipped="0">
  <testcase classname="webAuto.AddfavouriteMedicine" name="numberField" time="0.329"/>
  <system-out/>
  <testcase classname="webAuto.AddfavouriteMedicine" name="sendOTP" time="10.887"/>
  <system-out/>
  <testcase classname="webAuto.AddfavouriteMedicine" name="verifyButton" time="12.522"/>
  <system-out/>
</testsuite> <!-- webAuto.AddfavouriteMedicine -->
