<?xml version="1.0" encoding="UTF-8"?>
<!-- Generated by org.testng.reporters.JUnitReportReporter -->
<testsuite hostname="DESKTOP-VQLLA2K" failures="0" tests="1" name="pivotalApplication.AppiumServerStart" time="3.991" errors="0" timestamp="2023-12-28T14:50:14 IST" skipped="0">
  <testcase classname="pivotalApplication.AppiumServerStart" name="BfSuite" time="3.991"/>
</testsuite> <!-- pivotalApplication.AppiumServerStart -->
