<?xml version="1.0" encoding="UTF-8"?>
<!-- Generated by org.testng.reporters.JUnitReportReporter -->
<testsuite hostname="CopiousCare" failures="0" tests="7" name="webAuto.CreateRequisitions" time="69.157" errors="0" timestamp="2024-11-15T14:11:20 IST" skipped="0">
  <testcase classname="webAuto.CreateRequisitions" name="numberField" time="0.304"/>
  <system-out/>
  <testcase classname="webAuto.CreateRequisitions" name="sendOTP" time="8.519"/>
  <system-out/>
  <testcase classname="webAuto.CreateRequisitions" name="verifyButton" time="10.128"/>
  <system-out/>
  <testcase classname="webAuto.CreateRequisitions" name="searchBar" time="1.305"/>
  <system-out/>
  <testcase classname="webAuto.CreateRequisitions" name="searchOpt" time="3.116"/>
  <system-out/>
  <testcase classname="webAuto.CreateRequisitions" name="clickPatient" time="10.499"/>
  <system-out/>
  <testcase classname="webAuto.CreateRequisitions" name="Investigation" time="35.286"/>
  <system-out/>
</testsuite> <!-- webAuto.CreateRequisitions -->
