<?xml version="1.0" encoding="UTF-8"?>
<!-- Generated by org.testng.reporters.JUnitReportReporter -->
<testsuite hostname="CopiousCare" failures="0" tests="10" name="webAuto.CreateReceipt" time="97.983" errors="0" timestamp="2024-11-15T12:00:55 IST" skipped="0">
  <testcase classname="webAuto.CreateReceipt" name="numberField" time="0.143"/>
  <system-out/>
  <testcase classname="webAuto.CreateReceipt" name="sendOTP" time="7.859"/>
  <system-out/>
  <testcase classname="webAuto.CreateReceipt" name="verifyButton" time="10.074"/>
  <system-out/>
  <testcase classname="webAuto.CreateReceipt" name="searchBar" time="0.468"/>
  <system-out/>
  <testcase classname="webAuto.CreateReceipt" name="searchOpt" time="3.104"/>
  <system-out/>
  <testcase classname="webAuto.CreateReceipt" name="clickPatient" time="10.457"/>
  <system-out/>
  <testcase classname="webAuto.CreateReceipt" name="Document" time="5.126"/>
  <system-out/>
  <testcase classname="webAuto.CreateReceipt" name="ReceiptOption" time="21.560"/>
  <system-out/>
  <testcase classname="webAuto.CreateReceipt" name="OtheCharges" time="0.127"/>
  <system-out/>
  <testcase classname="webAuto.CreateReceipt" name="previewReceipt" time="39.065"/>
  <system-out/>
</testsuite> <!-- webAuto.CreateReceipt -->
