<?xml version="1.0" encoding="UTF-8"?>
<!-- Generated by org.testng.reporters.JUnitReportReporter -->
<testsuite hostname="CopiousCare" failures="0" tests="18" name="webAutoNegative.MultipleNext" time="55.626" errors="0" timestamp="2024-04-03T13:17:45 IST" skipped="0">
  <testcase classname="webAutoNegative.MultipleNext" name="numberField" time="0.149"/>
  <system-out/>
  <testcase classname="webAutoNegative.MultipleNext" name="sendOTP" time="5.671"/>
  <system-out/>
  <testcase classname="webAutoNegative.MultipleNext" name="verifyButton" time="10.063"/>
  <system-out/>
  <testcase classname="webAutoNegative.MultipleNext" name="createPatient" time="0.525"/>
  <system-out/>
  <testcase classname="webAutoNegative.MultipleNext" name="Number1" time="0.265"/>
  <system-out/>
  <testcase classname="webAutoNegative.MultipleNext" name="confirm" time="2.095"/>
  <system-out/>
  <testcase classname="webAutoNegative.MultipleNext" name="number2" time="0.196"/>
  <system-out/>
  <testcase classname="webAutoNegative.MultipleNext" name="firstName" time="0.168"/>
  <system-out/>
  <testcase classname="webAutoNegative.MultipleNext" name="middleName" time="0.202"/>
  <system-out/>
  <testcase classname="webAutoNegative.MultipleNext" name="lastName" time="0.192"/>
  <system-out/>
  <testcase classname="webAutoNegative.MultipleNext" name="birthDate" time="5.248"/>
  <system-out/>
  <testcase classname="webAutoNegative.MultipleNext" name="genFemale" time="0.076"/>
  <system-out/>
  <testcase classname="webAutoNegative.MultipleNext" name="address" time="0.142"/>
  <system-out/>
  <testcase classname="webAutoNegative.MultipleNext" name="locality" time="0.132"/>
  <system-out/>
  <testcase classname="webAutoNegative.MultipleNext" name="city" time="0.154"/>
  <system-out/>
  <testcase classname="webAutoNegative.MultipleNext" name="pinCode" time="0.120"/>
  <system-out/>
  <testcase classname="webAutoNegative.MultipleNext" name="nextButton" time="0.118"/>
  <system-out/>
  <testcase classname="webAutoNegative.MultipleNext" name="Done" time="30.110"/>
  <system-out/>
</testsuite> <!-- webAutoNegative.MultipleNext -->
