<?xml version="1.0" encoding="UTF-8"?>
<!-- Generated by org.testng.reporters.JUnitReportReporter -->
<testsuite hostname="DESKTOP-VQLLA2K" failures="0" tests="20" name="webAuto.OPDEndToEndWorkFlow2" time="0.014" errors="1" timestamp="2023-12-29T10:09:19 IST" skipped="19">
  <testcase classname="webAuto.OPDEndToEndWorkFlow2" name="setUp" time="0.013">
    <error message="Could not initialize class org.openqa.selenium.remote.HttpCommandExecutor$DefaultClientFactoryHolder" type="java.lang.NoClassDefFoundError">
      <![CDATA[java.lang.NoClassDefFoundError: Could not initialize class org.openqa.selenium.remote.HttpCommandExecutor$DefaultClientFactoryHolder
at org.openqa.selenium.remote.HttpCommandExecutor.getDefaultClientFactory(HttpCommandExecutor.java:61)
at org.openqa.selenium.remote.HttpCommandExecutor.<init>(HttpCommandExecutor.java:95)
at org.openqa.selenium.remote.service.DriverCommandExecutor.<init>(DriverCommandExecutor.java:89)
at org.openqa.selenium.chromium.ChromiumDriverCommandExecutor.<init>(ChromiumDriverCommandExecutor.java:44)
at org.openqa.selenium.chrome.ChromeDriver$ChromeDriverCommandExecutor.<init>(ChromeDriver.java:116)
at org.openqa.selenium.chrome.ChromeDriver.generateExecutor(ChromeDriver.java:106)
at org.openqa.selenium.chrome.ChromeDriver.<init>(ChromeDriver.java:89)
at org.openqa.selenium.chrome.ChromeDriver.<init>(ChromeDriver.java:84)
at org.openqa.selenium.chrome.ChromeDriver.<init>(ChromeDriver.java:52)
at webAuto.OPDEndToEndWorkFlow2.setUp(OPDEndToEndWorkFlow2.java:156)
at java.base/jdk.internal.reflect.NativeMethodAccessorImpl.invoke0(Native Method)
at java.base/jdk.internal.reflect.NativeMethodAccessorImpl.invoke(NativeMethodAccessorImpl.java:77)
at java.base/jdk.internal.reflect.DelegatingMethodAccessorImpl.invoke(DelegatingMethodAccessorImpl.java:43)
at java.base/java.lang.reflect.Method.invoke(Method.java:568)
at org.testng.internal.invokers.MethodInvocationHelper.invokeMethod(MethodInvocationHelper.java:139)
at org.testng.internal.invokers.MethodInvocationHelper.invokeMethodConsideringTimeout(MethodInvocationHelper.java:69)
at org.testng.internal.invokers.ConfigInvoker.invokeConfigurationMethod(ConfigInvoker.java:390)
at org.testng.internal.invokers.ConfigInvoker.invokeConfigurations(ConfigInvoker.java:325)
at org.testng.internal.invokers.TestMethodWorker.invokeBeforeClassMethods(TestMethodWorker.java:180)
at org.testng.internal.invokers.TestMethodWorker.run(TestMethodWorker.java:122)
at java.base/java.util.ArrayList.forEach(ArrayList.java:1511)
at org.testng.TestRunner.privateRun(TestRunner.java:848)
at org.testng.TestRunner.run(TestRunner.java:621)
at org.testng.SuiteRunner.runTest(SuiteRunner.java:443)
at org.testng.SuiteRunner.runSequentially(SuiteRunner.java:437)
at org.testng.SuiteRunner.privateRun(SuiteRunner.java:397)
at org.testng.SuiteRunner.run(SuiteRunner.java:336)
at org.testng.SuiteRunnerWorker.runSuite(SuiteRunnerWorker.java:52)
at org.testng.SuiteRunnerWorker.run(SuiteRunnerWorker.java:95)
at org.testng.TestNG.runSuitesSequentially(TestNG.java:1280)
at org.testng.TestNG.runSuitesLocally(TestNG.java:1200)
at org.testng.TestNG.runSuites(TestNG.java:1114)
at org.testng.TestNG.run(TestNG.java:1082)
at org.testng.remote.AbstractRemoteTestNG.run(AbstractRemoteTestNG.java:115)
at org.testng.remote.RemoteTestNG.initAndRun(RemoteTestNG.java:251)
at org.testng.remote.RemoteTestNG.main(RemoteTestNG.java:77)
]]>
    </error>
  </testcase> <!-- setUp -->
  <testcase classname="webAuto.OPDEndToEndWorkFlow2" name="numberField" time="0.000">
    <skipped/>
  </testcase> <!-- numberField -->
  <testcase classname="webAuto.OPDEndToEndWorkFlow2" name="sendOTP" time="0.000">
    <skipped/>
  </testcase> <!-- sendOTP -->
  <testcase classname="webAuto.OPDEndToEndWorkFlow2" name="verifyButton" time="0.000">
    <skipped/>
  </testcase> <!-- verifyButton -->
  <testcase classname="webAuto.OPDEndToEndWorkFlow2" name="searchBar1" time="0.001">
    <skipped/>
  </testcase> <!-- searchBar1 -->
  <testcase classname="webAuto.OPDEndToEndWorkFlow2" name="searchOpt" time="0.000">
    <skipped/>
  </testcase> <!-- searchOpt -->
  <testcase classname="webAuto.OPDEndToEndWorkFlow2" name="searchBar2" time="0.000">
    <skipped/>
  </testcase> <!-- searchBar2 -->
  <testcase classname="webAuto.OPDEndToEndWorkFlow2" name="Investigation" time="0.000">
    <skipped/>
  </testcase> <!-- Investigation -->
  <testcase classname="webAuto.OPDEndToEndWorkFlow2" name="Investigation1" time="0.000">
    <skipped/>
  </testcase> <!-- Investigation1 -->
  <testcase classname="webAuto.OPDEndToEndWorkFlow2" name="HealthProfile" time="0.000">
    <skipped/>
  </testcase> <!-- HealthProfile -->
  <testcase classname="webAuto.OPDEndToEndWorkFlow2" name="Document1" time="0.000">
    <skipped/>
  </testcase> <!-- Document1 -->
  <testcase classname="webAuto.OPDEndToEndWorkFlow2" name="ReceiptOption" time="0.000">
    <skipped/>
  </testcase> <!-- ReceiptOption -->
  <testcase classname="webAuto.OPDEndToEndWorkFlow2" name="previewReceipt" time="0.000">
    <skipped/>
  </testcase> <!-- previewReceipt -->
  <testcase classname="webAuto.OPDEndToEndWorkFlow2" name="cirtificateOption1" time="0.000">
    <skipped/>
  </testcase> <!-- cirtificateOption1 -->
  <testcase classname="webAuto.OPDEndToEndWorkFlow2" name="AllDocuments" time="0.000">
    <skipped/>
  </testcase> <!-- AllDocuments -->
  <testcase classname="webAuto.OPDEndToEndWorkFlow2" name="Document2" time="0.000">
    <skipped/>
  </testcase> <!-- Document2 -->
  <testcase classname="webAuto.OPDEndToEndWorkFlow2" name="cirtificateOption" time="0.000">
    <skipped/>
  </testcase> <!-- cirtificateOption -->
  <testcase classname="webAuto.OPDEndToEndWorkFlow2" name="cirtificateOption3" time="0.000">
    <skipped/>
  </testcase> <!-- cirtificateOption3 -->
  <testcase classname="webAuto.OPDEndToEndWorkFlow2" name="AllDocuments1" time="0.000">
    <skipped/>
  </testcase> <!-- AllDocuments1 -->
  <testcase classname="webAuto.OPDEndToEndWorkFlow2" name="ReferralOption3" time="0.000">
    <skipped/>
  </testcase> <!-- ReferralOption3 -->
</testsuite> <!-- webAuto.OPDEndToEndWorkFlow2 -->
