<?xml version="1.0" encoding="UTF-8"?>
<!-- Generated by org.testng.reporters.JUnitReportReporter -->
<testsuite hostname="CopiousCare" failures="0" tests="18" name="pivotalApplication.FreshReceipt" time="191.523" errors="0" timestamp="2024-07-30T16:51:57 IST" skipped="0">
  <testcase classname="pivotalApplication.FreshReceipt" name="BfSuite" time="0.633"/>
  <system-out/>
  <testcase classname="pivotalApplication.FreshReceipt" name="NumberField" time="1.631"/>
  <system-out/>
  <testcase classname="pivotalApplication.FreshReceipt" name="IAgree" time="2.037"/>
  <system-out/>
  <testcase classname="pivotalApplication.FreshReceipt" name="proceedButton" time="2.361"/>
  <system-out/>
  <testcase classname="pivotalApplication.FreshReceipt" name="OTP" time="12.166"/>
  <system-out/>
  <testcase classname="pivotalApplication.FreshReceipt" name="submit" time="7.807"/>
  <system-out/>
  <testcase classname="pivotalApplication.FreshReceipt" name="Search" time="11.251"/>
  <system-out/>
  <testcase classname="pivotalApplication.FreshReceipt" name="ClickPatient" time="18.267"/>
  <system-out/>
  <testcase classname="pivotalApplication.FreshReceipt" name="Reciept" time="7.617"/>
  <system-out/>
  <testcase classname="pivotalApplication.FreshReceipt" name="AddNewReceipt" time="10.375"/>
  <system-out/>
  <testcase classname="pivotalApplication.FreshReceipt" name="ReceiptNo" time="8.048"/>
  <system-out/>
  <testcase classname="pivotalApplication.FreshReceipt" name="Consultation" time="4.963"/>
  <system-out/>
  <testcase classname="pivotalApplication.FreshReceipt" name="Vaccination" time="4.933"/>
  <system-out/>
  <testcase classname="pivotalApplication.FreshReceipt" name="OtherReasons" time="4.945"/>
  <system-out/>
  <testcase classname="pivotalApplication.FreshReceipt" name="Addmore" time="4.552"/>
  <system-out/>
  <testcase classname="pivotalApplication.FreshReceipt" name="Preview" time="35.508"/>
  <system-out/>
  <testcase classname="pivotalApplication.FreshReceipt" name="PayerName" time="2.826"/>
  <system-out/>
  <testcase classname="pivotalApplication.FreshReceipt" name="CreateReceipt" time="51.603"/>
  <system-out/>
</testsuite> <!-- pivotalApplication.FreshReceipt -->
