<?xml version="1.0" encoding="UTF-8"?>
<!-- Generated by org.testng.reporters.JUnitReportReporter -->
<testsuite hostname="CopiousCare" failures="0" tests="40" name="pivotalApplication.CreateAdultPatient" time="227.981" errors="0" timestamp="2024-08-30T14:37:48 IST" skipped="0">
  <testcase classname="pivotalApplication.CreateAdultPatient" name="NumberField" time="1.241"/>
  <system-out/>
  <testcase classname="pivotalApplication.CreateAdultPatient" name="BfSuite" time="0.702"/>
  <system-out/>
  <testcase classname="pivotalApplication.CreateAdultPatient" name="IAgree" time="2.014"/>
  <system-out/>
  <testcase classname="pivotalApplication.CreateAdultPatient" name="proceedButton" time="2.377"/>
  <system-out/>
  <testcase classname="pivotalApplication.CreateAdultPatient" name="OTP" time="11.882"/>
  <system-out/>
  <testcase classname="pivotalApplication.CreateAdultPatient" name="submit" time="7.820"/>
  <system-out/>
  <testcase classname="pivotalApplication.CreateAdultPatient" name="Createptient" time="4.468"/>
  <system-out/>
  <testcase classname="pivotalApplication.CreateAdultPatient" name="MobileNumber1" time="2.504"/>
  <system-out/>
  <testcase classname="pivotalApplication.CreateAdultPatient" name="confirm" time="4.526"/>
  <system-out/>
  <testcase classname="pivotalApplication.CreateAdultPatient" name="confirmPopup" time="24.607"/>
  <system-out/>
  <testcase classname="pivotalApplication.CreateAdultPatient" name="AdditionalNumber1" time="2.993"/>
  <system-out/>
  <testcase classname="pivotalApplication.CreateAdultPatient" name="FirstName" time="5.032"/>
  <system-out/>
  <testcase classname="pivotalApplication.CreateAdultPatient" name="MiddleName" time="5.023"/>
  <system-out/>
  <testcase classname="pivotalApplication.CreateAdultPatient" name="LastName" time="5.119"/>
  <system-out/>
  <testcase classname="pivotalApplication.CreateAdultPatient" name="Age" time="1.006"/>
  <system-out/>
  <testcase classname="pivotalApplication.CreateAdultPatient" name="GenFemale" time="4.500"/>
  <system-out/>
  <testcase classname="pivotalApplication.CreateAdultPatient" name="Address" time="2.999"/>
  <system-out/>
  <testcase classname="pivotalApplication.CreateAdultPatient" name="Area" time="2.420"/>
  <system-out/>
  <testcase classname="pivotalApplication.CreateAdultPatient" name="City" time="2.976"/>
  <system-out/>
  <testcase classname="pivotalApplication.CreateAdultPatient" name="PinCode" time="3.066"/>
  <system-out/>
  <testcase classname="pivotalApplication.CreateAdultPatient" name="Next" time="15.511"/>
  <system-out/>
  <testcase classname="pivotalApplication.CreateAdultPatient" name="ContinueProfile" time="10.365"/>
  <system-out/>
  <testcase classname="pivotalApplication.CreateAdultPatient" name="HelathHistory" time="2.779"/>
  <system-out/>
  <testcase classname="pivotalApplication.CreateAdultPatient" name="Habits" time="2.431"/>
  <system-out/>
  <testcase classname="pivotalApplication.CreateAdultPatient" name="BloodGroup" time="8.153"/>
  <system-out/>
  <testcase classname="pivotalApplication.CreateAdultPatient" name="HealthHistoryNext" time="15.442"/>
  <system-out/>
  <testcase classname="pivotalApplication.CreateAdultPatient" name="MedicalConditionSelect" time="5.667"/>
  <system-out/>
  <testcase classname="pivotalApplication.CreateAdultPatient" name="AddMedicalCondition" time="2.457"/>
  <system-out/>
  <testcase classname="pivotalApplication.CreateAdultPatient" name="Allergies" time="2.811"/>
  <system-out/>
  <testcase classname="pivotalApplication.CreateAdultPatient" name="Reactions" time="2.806"/>
  <system-out/>
  <testcase classname="pivotalApplication.CreateAdultPatient" name="RecurringComplaints" time="2.787"/>
  <system-out/>
  <testcase classname="pivotalApplication.CreateAdultPatient" name="HospitalizationHistory" time="2.864"/>
  <system-out/>
  <testcase classname="pivotalApplication.CreateAdultPatient" name="HealthHistory" time="2.815"/>
  <system-out/>
  <testcase classname="pivotalApplication.CreateAdultPatient" name="GeneticdisoredrAdd" time="4.194"/>
  <system-out/>
  <testcase classname="pivotalApplication.CreateAdultPatient" name="GeneticdisoredrSelect" time="8.166"/>
  <system-out/>
  <testcase classname="pivotalApplication.CreateAdultPatient" name="AddGeneticdisoredr" time="2.619"/>
  <system-out/>
  <testcase classname="pivotalApplication.CreateAdultPatient" name="OtherEmailId" time="2.331"/>
  <system-out/>
  <testcase classname="pivotalApplication.CreateAdultPatient" name="helathNext" time="2.376"/>
  <system-out/>
  <testcase classname="pivotalApplication.CreateAdultPatient" name="FamailyNedicalHistory" time="8.253"/>
  <system-out/>
  <testcase classname="pivotalApplication.CreateAdultPatient" name="EnterDisorders" time="25.879"/>
  <system-out/>
</testsuite> <!-- pivotalApplication.CreateAdultPatient -->
