<?xml version="1.0" encoding="UTF-8"?>
<!-- Generated by org.testng.reporters.JUnitReportReporter -->
<testsuite hostname="CopiousCare" failures="0" tests="172" name="pivotalApplication.PivoFin1" time="1003.849" errors="0" timestamp="2024-06-21T12:05:06 IST" skipped="0">
  <testcase classname="pivotalApplication.PivoFin1" name="BfSuite" time="0.680"/>
  <system-out/>
  <testcase classname="pivotalApplication.PivoFin1" name="NumberField" time="1.179"/>
  <system-out/>
  <testcase classname="pivotalApplication.PivoFin1" name="IAgree" time="2.153"/>
  <system-out/>
  <testcase classname="pivotalApplication.PivoFin1" name="proceedButton" time="2.368"/>
  <system-out/>
  <testcase classname="pivotalApplication.PivoFin1" name="OTP" time="11.580"/>
  <system-out/>
  <testcase classname="pivotalApplication.PivoFin1" name="submit" time="7.637"/>
  <system-out/>
  <testcase classname="pivotalApplication.PivoFin1" name="Createptient" time="4.464"/>
  <system-out/>
  <testcase classname="pivotalApplication.PivoFin1" name="Neweptient" time="12.299"/>
  <system-out/>
  <testcase classname="pivotalApplication.PivoFin1" name="Close" time="5.040"/>
  <system-out/>
  <testcase classname="pivotalApplication.PivoFin1" name="MobileNumber1" time="3.046"/>
  <system-out/>
  <testcase classname="pivotalApplication.PivoFin1" name="confirm" time="4.549"/>
  <system-out/>
  <testcase classname="pivotalApplication.PivoFin1" name="confirmPopup" time="4.948"/>
  <system-out/>
  <testcase classname="pivotalApplication.PivoFin1" name="AdditionalNumber1" time="3.049"/>
  <system-out/>
  <testcase classname="pivotalApplication.PivoFin1" name="FirstName" time="5.033"/>
  <system-out/>
  <testcase classname="pivotalApplication.PivoFin1" name="MiddleName" time="5.010"/>
  <system-out/>
  <testcase classname="pivotalApplication.PivoFin1" name="LastName" time="4.953"/>
  <system-out/>
  <testcase classname="pivotalApplication.PivoFin1" name="BirthCalender" time="6.620"/>
  <system-out/>
  <testcase classname="pivotalApplication.PivoFin1" name="Birthok" time="4.346"/>
  <system-out/>
  <testcase classname="pivotalApplication.PivoFin1" name="GenFemale" time="4.483"/>
  <system-out/>
  <testcase classname="pivotalApplication.PivoFin1" name="Address" time="2.909"/>
  <system-out/>
  <testcase classname="pivotalApplication.PivoFin1" name="Area" time="2.886"/>
  <system-out/>
  <testcase classname="pivotalApplication.PivoFin1" name="City" time="2.923"/>
  <system-out/>
  <testcase classname="pivotalApplication.PivoFin1" name="PinCode" time="2.925"/>
  <system-out/>
  <testcase classname="pivotalApplication.PivoFin1" name="Next" time="15.439"/>
  <system-out/>
  <testcase classname="pivotalApplication.PivoFin1" name="ContinueProfile" time="10.347"/>
  <system-out/>
  <testcase classname="pivotalApplication.PivoFin1" name="TypeOfDelivery" time="2.359"/>
  <system-out/>
  <testcase classname="pivotalApplication.PivoFin1" name="TypeOfDeliveryNormal" time="2.235"/>
  <system-out/>
  <testcase classname="pivotalApplication.PivoFin1" name="weightl" time="2.343"/>
  <system-out/>
  <testcase classname="pivotalApplication.PivoFin1" name="Heightl" time="2.312"/>
  <system-out/>
  <testcase classname="pivotalApplication.PivoFin1" name="HC" time="2.275"/>
  <system-out/>
  <testcase classname="pivotalApplication.PivoFin1" name="CC" time="2.289"/>
  <system-out/>
  <testcase classname="pivotalApplication.PivoFin1" name="BPSYS" time="2.267"/>
  <system-out/>
  <testcase classname="pivotalApplication.PivoFin1" name="BPDia" time="2.342"/>
  <system-out/>
  <testcase classname="pivotalApplication.PivoFin1" name="BloodGroup" time="2.339"/>
  <system-out/>
  <testcase classname="pivotalApplication.PivoFin1" name="BloodGroupA" time="2.238"/>
  <system-out/>
  <testcase classname="pivotalApplication.PivoFin1" name="BirthHistoryNext" time="7.400"/>
  <system-out/>
  <testcase classname="pivotalApplication.PivoFin1" name="MedicalConditionAdd" time="3.793"/>
  <system-out/>
  <testcase classname="pivotalApplication.PivoFin1" name="MedicalConditionSelect" time="3.601"/>
  <system-out/>
  <testcase classname="pivotalApplication.PivoFin1" name="AddMedicalCondition" time="2.385"/>
  <system-out/>
  <testcase classname="pivotalApplication.PivoFin1" name="Allergies" time="2.799"/>
  <system-out/>
  <testcase classname="pivotalApplication.PivoFin1" name="Reactions" time="2.303"/>
  <system-out/>
  <testcase classname="pivotalApplication.PivoFin1" name="RecurringComplaints" time="2.784"/>
  <system-out/>
  <testcase classname="pivotalApplication.PivoFin1" name="HospitalizationHistory" time="2.784"/>
  <system-out/>
  <testcase classname="pivotalApplication.PivoFin1" name="HealthHistory" time="2.794"/>
  <system-out/>
  <testcase classname="pivotalApplication.PivoFin1" name="GeneticdisoredrAdd" time="4.011"/>
  <system-out/>
  <testcase classname="pivotalApplication.PivoFin1" name="GeneticdisoredrSelect" time="12.826"/>
  <system-out/>
  <testcase classname="pivotalApplication.PivoFin1" name="AddGeneticdisoredr" time="2.431"/>
  <system-out/>
  <testcase classname="pivotalApplication.PivoFin1" name="OtherEmailId" time="2.790"/>
  <system-out/>
  <testcase classname="pivotalApplication.PivoFin1" name="helathNext" time="2.350"/>
  <system-out/>
  <testcase classname="pivotalApplication.PivoFin1" name="FathersName" time="2.804"/>
  <system-out/>
  <testcase classname="pivotalApplication.PivoFin1" name="MothersName" time="2.735"/>
  <system-out/>
  <testcase classname="pivotalApplication.PivoFin1" name="Fatherheight" time="7.494"/>
  <system-out/>
  <testcase classname="pivotalApplication.PivoFin1" name="Mothersheight" time="4.982"/>
  <system-out/>
  <testcase classname="pivotalApplication.PivoFin1" name="FamailyMedicalHistory" time="8.138"/>
  <system-out/>
  <testcase classname="pivotalApplication.PivoFin1" name="EnterDisorders" time="15.556"/>
  <system-out/>
  <testcase classname="pivotalApplication.PivoFin1" name="AddVital" time="5.498"/>
  <system-out/>
  <testcase classname="pivotalApplication.PivoFin1" name="weight" time="0.657"/>
  <system-out/>
  <testcase classname="pivotalApplication.PivoFin1" name="Height" time="6.056"/>
  <system-out/>
  <testcase classname="pivotalApplication.PivoFin1" name="HC1" time="5.276"/>
  <system-out/>
  <testcase classname="pivotalApplication.PivoFin1" name="Temperature" time="5.812"/>
  <system-out/>
  <testcase classname="pivotalApplication.PivoFin1" name="SPO2" time="11.624"/>
  <system-out/>
  <testcase classname="pivotalApplication.PivoFin1" name="UpArrow" time="10.681"/>
  <system-out/>
  <testcase classname="pivotalApplication.PivoFin1" name="BPSYS1" time="5.792"/>
  <system-out/>
  <testcase classname="pivotalApplication.PivoFin1" name="BPDIA" time="5.785"/>
  <system-out/>
  <testcase classname="pivotalApplication.PivoFin1" name="HeartRate" time="6.859"/>
  <system-out/>
  <testcase classname="pivotalApplication.PivoFin1" name="Pulse" time="10.929"/>
  <system-out/>
  <testcase classname="pivotalApplication.PivoFin1" name="BloodSugar" time="10.255"/>
  <system-out/>
  <testcase classname="pivotalApplication.PivoFin1" name="BloodSugarf" time="5.772"/>
  <system-out/>
  <testcase classname="pivotalApplication.PivoFin1" name="BloodSugarPP" time="5.786"/>
  <system-out/>
  <testcase classname="pivotalApplication.PivoFin1" name="BloodSugarHB" time="16.446"/>
  <system-out/>
  <testcase classname="pivotalApplication.PivoFin1" name="CholesterolHDL" time="5.794"/>
  <system-out/>
  <testcase classname="pivotalApplication.PivoFin1" name="CholesterolLDL" time="5.875"/>
  <system-out/>
  <testcase classname="pivotalApplication.PivoFin1" name="TotalCholesterol" time="5.828"/>
  <system-out/>
  <testcase classname="pivotalApplication.PivoFin1" name="Triglycerides" time="5.828"/>
  <system-out/>
  <testcase classname="pivotalApplication.PivoFin1" name="Save" time="10.387"/>
  <system-out/>
  <testcase classname="pivotalApplication.PivoFin1" name="Appointment" time="21.165"/>
  <system-out/>
  <testcase classname="pivotalApplication.PivoFin1" name="SlotTime" time="42.283"/>
  <system-out/>
  <testcase classname="pivotalApplication.PivoFin1" name="VideoCheckBox" time="2.231"/>
  <system-out/>
  <testcase classname="pivotalApplication.PivoFin1" name="Book" time="7.490"/>
  <system-out/>
  <testcase classname="pivotalApplication.PivoFin1" name="AppointmentBookedPopup" time="14.798"/>
  <system-out/>
  <testcase classname="pivotalApplication.PivoFin1" name="ClickPatient" time="5.251"/>
  <system-out/>
  <testcase classname="pivotalApplication.PivoFin1" name="prescription" time="2.523"/>
  <system-out/>
  <testcase classname="pivotalApplication.PivoFin1" name="ComplaintAndDiagnosis" time="2.611"/>
  <system-out/>
  <testcase classname="pivotalApplication.PivoFin1" name="AddChiefComplaints" time="2.397"/>
  <system-out/>
  <testcase classname="pivotalApplication.PivoFin1" name="Fever" time="4.126"/>
  <system-out/>
  <testcase classname="pivotalApplication.PivoFin1" name="Details" time="3.527"/>
  <system-out/>
  <testcase classname="pivotalApplication.PivoFin1" name="moreSymptoms" time="2.301"/>
  <system-out/>
  <testcase classname="pivotalApplication.PivoFin1" name="Since2Days" time="2.249"/>
  <system-out/>
  <testcase classname="pivotalApplication.PivoFin1" name="AddComplaint" time="2.232"/>
  <system-out/>
  <testcase classname="pivotalApplication.PivoFin1" name="AddWorkingDiagnosis" time="2.474"/>
  <system-out/>
  <testcase classname="pivotalApplication.PivoFin1" name="AcuteUrti" time="5.228"/>
  <system-out/>
  <testcase classname="pivotalApplication.PivoFin1" name="AddDiagnosis" time="2.351"/>
  <system-out/>
  <testcase classname="pivotalApplication.PivoFin1" name="Medicine" time="2.454"/>
  <system-out/>
  <testcase classname="pivotalApplication.PivoFin1" name="TapToAddMedicine" time="2.436"/>
  <system-out/>
  <testcase classname="pivotalApplication.PivoFin1" name="SearchMedDolo" time="6.657"/>
  <system-out/>
  <testcase classname="pivotalApplication.PivoFin1" name="AddToPrescription" time="2.286"/>
  <system-out/>
  <testcase classname="pivotalApplication.PivoFin1" name="ClickFavourite" time="2.398"/>
  <system-out/>
  <testcase classname="pivotalApplication.PivoFin1" name="ClickFavoutiteDropdown" time="2.228"/>
  <system-out/>
  <testcase classname="pivotalApplication.PivoFin1" name="ClickFavoutiteMedDrp" time="2.194"/>
  <system-out/>
  <testcase classname="pivotalApplication.PivoFin1" name="ClickFavoutiteMedicine" time="2.195"/>
  <system-out/>
  <testcase classname="pivotalApplication.PivoFin1" name="CopyMedicine" time="2.271"/>
  <system-out/>
  <testcase classname="pivotalApplication.PivoFin1" name="popularClick" time="2.439"/>
  <system-out/>
  <testcase classname="pivotalApplication.PivoFin1" name="popularMedicineClick" time="3.210"/>
  <system-out/>
  <testcase classname="pivotalApplication.PivoFin1" name="popularCopyMedicine" time="2.561"/>
  <system-out/>
  <testcase classname="pivotalApplication.PivoFin1" name="DietAndNutrition" time="2.424"/>
  <system-out/>
  <testcase classname="pivotalApplication.PivoFin1" name="DietAndNutritionAdd" time="2.376"/>
  <system-out/>
  <testcase classname="pivotalApplication.PivoFin1" name="DietAdvice" time="2.400"/>
  <system-out/>
  <testcase classname="pivotalApplication.PivoFin1" name="AddDietAdvice" time="2.319"/>
  <system-out/>
  <testcase classname="pivotalApplication.PivoFin1" name="GeneralInstructions" time="5.419"/>
  <system-out/>
  <testcase classname="pivotalApplication.PivoFin1" name="GeneralInstructionsAdd" time="2.381"/>
  <system-out/>
  <testcase classname="pivotalApplication.PivoFin1" name="InstructionsAdd" time="2.368"/>
  <system-out/>
  <testcase classname="pivotalApplication.PivoFin1" name="Instructions" time="2.356"/>
  <system-out/>
  <testcase classname="pivotalApplication.PivoFin1" name="NextFollowup" time="4.442"/>
  <system-out/>
  <testcase classname="pivotalApplication.PivoFin1" name="NextFollowupCln7der" time="2.354"/>
  <system-out/>
  <testcase classname="pivotalApplication.PivoFin1" name="NextOk" time="2.293"/>
  <system-out/>
  <testcase classname="pivotalApplication.PivoFin1" name="NextVistTab" time="2.395"/>
  <system-out/>
  <testcase classname="pivotalApplication.PivoFin1" name="PreviewPrescription" time="2.442"/>
  <system-out/>
  <testcase classname="pivotalApplication.PivoFin1" name="SaveAndShare" time="10.200"/>
  <system-out/>
  <testcase classname="pivotalApplication.PivoFin1" name="DownloadBack" time="22.401"/>
  <system-out/>
  <testcase classname="pivotalApplication.PivoFin1" name="ImmunizationClick" time="2.537"/>
  <system-out/>
  <testcase classname="pivotalApplication.PivoFin1" name="AtBirth" time="5.480"/>
  <system-out/>
  <testcase classname="pivotalApplication.PivoFin1" name="AddVaccine" time="2.516"/>
  <system-out/>
  <testcase classname="pivotalApplication.PivoFin1" name="SelectBrand" time="2.600"/>
  <system-out/>
  <testcase classname="pivotalApplication.PivoFin1" name="SelectDate" time="7.626"/>
  <system-out/>
  <testcase classname="pivotalApplication.PivoFin1" name="VaccineLabel" time="35.523"/>
  <system-out/>
  <testcase classname="pivotalApplication.PivoFin1" name="BulkUpdate" time="10.493"/>
  <system-out/>
  <testcase classname="pivotalApplication.PivoFin1" name="PCV" time="4.482"/>
  <system-out/>
  <testcase classname="pivotalApplication.PivoFin1" name="IPV" time="4.486"/>
  <system-out/>
  <testcase classname="pivotalApplication.PivoFin1" name="Rotavirus" time="4.522"/>
  <system-out/>
  <testcase classname="pivotalApplication.PivoFin1" name="AddToSchedule" time="4.470"/>
  <system-out/>
  <testcase classname="pivotalApplication.PivoFin1" name="BulkUpdate1" time="10.427"/>
  <system-out/>
  <testcase classname="pivotalApplication.PivoFin1" name="TransScript" time="5.471"/>
  <system-out/>
  <testcase classname="pivotalApplication.PivoFin1" name="CreatedBy" time="15.750"/>
  <system-out/>
  <testcase classname="pivotalApplication.PivoFin1" name="DocumentOn" time="7.223"/>
  <system-out/>
  <testcase classname="pivotalApplication.PivoFin1" name="popoupOk" time="4.291"/>
  <system-out/>
  <testcase classname="pivotalApplication.PivoFin1" name="Gallaries" time="2.282"/>
  <system-out/>
  <testcase classname="pivotalApplication.PivoFin1" name="GallariesPhoto" time="10.311"/>
  <system-out/>
  <testcase classname="pivotalApplication.PivoFin1" name="Upload" time="7.311"/>
  <system-out/>
  <testcase classname="pivotalApplication.PivoFin1" name="UploadOk" time="7.765"/>
  <system-out/>
  <testcase classname="pivotalApplication.PivoFin1" name="TransScript1" time="60.428"/>
  <system-out/>
  <testcase classname="pivotalApplication.PivoFin1" name="ImmunizationGovClick" time="2.491"/>
  <system-out/>
  <testcase classname="pivotalApplication.PivoFin1" name="BulkCancel" time="10.187"/>
  <system-out/>
  <testcase classname="pivotalApplication.PivoFin1" name="opvO" time="2.787"/>
  <system-out/>
  <testcase classname="pivotalApplication.PivoFin1" name="SaveVaccine" time="2.272"/>
  <system-out/>
  <testcase classname="pivotalApplication.PivoFin1" name="IPV1" time="3.244"/>
  <system-out/>
  <testcase classname="pivotalApplication.PivoFin1" name="SaveVaccine1" time="4.740"/>
  <system-out/>
  <testcase classname="pivotalApplication.PivoFin1" name="HepB" time="2.793"/>
  <system-out/>
  <testcase classname="pivotalApplication.PivoFin1" name="SaveVaccine2" time="2.292"/>
  <system-out/>
  <testcase classname="pivotalApplication.PivoFin1" name="Transscript" time="3.396"/>
  <system-out/>
  <testcase classname="pivotalApplication.PivoFin1" name="CreatedBy2" time="2.902"/>
  <system-out/>
  <testcase classname="pivotalApplication.PivoFin1" name="DocumentOn2" time="2.178"/>
  <system-out/>
  <testcase classname="pivotalApplication.PivoFin1" name="popUpOk" time="2.266"/>
  <system-out/>
  <testcase classname="pivotalApplication.PivoFin1" name="Camera" time="13.618"/>
  <system-out/>
  <testcase classname="pivotalApplication.PivoFin1" name="UploadCam" time="2.263"/>
  <system-out/>
  <testcase classname="pivotalApplication.PivoFin1" name="UploadCamOk" time="5.728"/>
  <system-out/>
  <testcase classname="pivotalApplication.PivoFin1" name="Transscript1" time="2.775"/>
  <system-out/>
  <testcase classname="pivotalApplication.PivoFin1" name="CreatedBy1" time="3.076"/>
  <system-out/>
  <testcase classname="pivotalApplication.PivoFin1" name="DocumentOn1" time="2.213"/>
  <system-out/>
  <testcase classname="pivotalApplication.PivoFin1" name="popUpOk1" time="2.245"/>
  <system-out/>
  <testcase classname="pivotalApplication.PivoFin1" name="Gallery" time="2.288"/>
  <system-out/>
  <testcase classname="pivotalApplication.PivoFin1" name="photo" time="10.280"/>
  <system-out/>
  <testcase classname="pivotalApplication.PivoFin1" name="Upload1" time="2.283"/>
  <system-out/>
  <testcase classname="pivotalApplication.PivoFin1" name="UploadOk1" time="8.522"/>
  <system-out/>
  <testcase classname="pivotalApplication.PivoFin1" name="ImmunizationClick1" time="2.519"/>
  <system-out/>
  <testcase classname="pivotalApplication.PivoFin1" name="Records" time="5.463"/>
  <system-out/>
  <testcase classname="pivotalApplication.PivoFin1" name="Certificates" time="5.435"/>
  <system-out/>
  <testcase classname="pivotalApplication.PivoFin1" name="SelectVaciines" time="5.255"/>
  <system-out/>
  <testcase classname="pivotalApplication.PivoFin1" name="Proceed" time="5.514"/>
  <system-out/>
  <testcase classname="pivotalApplication.PivoFin1" name="SpecialityDropdown" time="5.310"/>
  <system-out/>
  <testcase classname="pivotalApplication.PivoFin1" name="DefaultV3" time="5.194"/>
  <system-out/>
  <testcase classname="pivotalApplication.PivoFin1" name="Preview" time="5.309"/>
  <system-out/>
  <testcase classname="pivotalApplication.PivoFin1" name="Print" time="26.316"/>
  <system-out/>
</testsuite> <!-- pivotalApplication.PivoFin1 -->
