<?xml version="1.0" encoding="UTF-8"?>
<!-- Generated by org.testng.reporters.JUnitReportReporter -->
<testsuite hostname="CopiousCare" failures="0" tests="41" name="webAuto.NewRxFlow" time="662.431" errors="0" timestamp="2024-07-16T10:03:32 IST" skipped="0">
  <testcase classname="webAuto.NewRxFlow" name="numberField" time="0.126"/>
  <system-out/>
  <testcase classname="webAuto.NewRxFlow" name="sendOTP" time="11.652"/>
  <system-out/>
  <testcase classname="webAuto.NewRxFlow" name="verifyButton" time="10.049"/>
  <system-out/>
  <testcase classname="webAuto.NewRxFlow" name="Profile" time="10.101"/>
  <system-out/>
  <testcase classname="webAuto.NewRxFlow" name="NewUISelect" time="10.138"/>
  <system-out/>
  <testcase classname="webAuto.NewRxFlow" name="clickHome" time="10.137"/>
  <system-out/>
  <testcase classname="webAuto.NewRxFlow" name="createPatient" time="0.264"/>
  <system-out/>
  <testcase classname="webAuto.NewRxFlow" name="Number1" time="0.236"/>
  <system-out/>
  <testcase classname="webAuto.NewRxFlow" name="confirm" time="2.087"/>
  <system-out/>
  <testcase classname="webAuto.NewRxFlow" name="number2" time="0.211"/>
  <system-out/>
  <testcase classname="webAuto.NewRxFlow" name="firstName" time="0.233"/>
  <system-out/>
  <testcase classname="webAuto.NewRxFlow" name="middleName" time="0.201"/>
  <system-out/>
  <testcase classname="webAuto.NewRxFlow" name="lastName" time="0.183"/>
  <system-out/>
  <testcase classname="webAuto.NewRxFlow" name="birthDate" time="0.643"/>
  <system-out/>
  <testcase classname="webAuto.NewRxFlow" name="genFemale" time="0.106"/>
  <system-out/>
  <testcase classname="webAuto.NewRxFlow" name="address" time="0.231"/>
  <system-out/>
  <testcase classname="webAuto.NewRxFlow" name="locality" time="0.199"/>
  <system-out/>
  <testcase classname="webAuto.NewRxFlow" name="city" time="0.183"/>
  <system-out/>
  <testcase classname="webAuto.NewRxFlow" name="pinCode" time="0.201"/>
  <system-out/>
  <testcase classname="webAuto.NewRxFlow" name="proceedWithSameRMN" time="0.196"/>
  <system-out/>
  <testcase classname="webAuto.NewRxFlow" name="nextButton" time="15.116"/>
  <system-out/>
  <testcase classname="webAuto.NewRxFlow" name="clickClose" time="0.692"/>
  <system-out/>
  <testcase classname="webAuto.NewRxFlow" name="fillVitalForm" time="16.226"/>
  <system-out/>
  <testcase classname="webAuto.NewRxFlow" name="fillHealthProfile" time="11.665"/>
  <system-out/>
  <testcase classname="webAuto.NewRxFlow" name="fillFamilyProfile" time="16.462"/>
  <system-out/>
  <testcase classname="webAuto.NewRxFlow" name="GoHome" time="0.168"/>
  <system-out/>
  <testcase classname="webAuto.NewRxFlow" name="AddNewAppointment" time="25.427"/>
  <system-out/>
  <testcase classname="webAuto.NewRxFlow" name="AddPrescription" time="15.248"/>
  <system-out/>
  <testcase classname="webAuto.NewRxFlow" name="HealthProfile" time="18.035"/>
  <system-out/>
  <testcase classname="webAuto.NewRxFlow" name="ConcernsAndIssues" time="40.824"/>
  <system-out/>
  <testcase classname="webAuto.NewRxFlow" name="AdVitals" time="11.657"/>
  <system-out/>
  <testcase classname="webAuto.NewRxFlow" name="Diagnosis" time="15.322"/>
  <system-out/>
  <testcase classname="webAuto.NewRxFlow" name="Medicine1" time="46.819"/>
  <system-out/>
  <testcase classname="webAuto.NewRxFlow" name="DietaryAdvice" time="15.329"/>
  <system-out/>
  <testcase classname="webAuto.NewRxFlow" name="GeneralInstruction" time="15.410"/>
  <system-out/>
  <testcase classname="webAuto.NewRxFlow" name="NextFoolowup" time="71.124"/>
  <system-out/>
  <testcase classname="webAuto.NewRxFlow" name="ReferralOption3" time="39.612"/>
  <system-out/>
  <testcase classname="webAuto.NewRxFlow" name="Investigation1" time="40.011"/>
  <system-out/>
  <testcase classname="webAuto.NewRxFlow" name="ReceiptOption" time="50.424"/>
  <system-out/>
  <testcase classname="webAuto.NewRxFlow" name="cirtificateOption" time="32.952"/>
  <system-out/>
  <testcase classname="webAuto.NewRxFlow" name="History" time="106.531"/>
  <system-out/>
</testsuite> <!-- webAuto.NewRxFlow -->
