<?xml version="1.0" encoding="UTF-8"?>
<!-- Generated by org.testng.reporters.JUnitReportReporter -->
<testsuite hostname="CopiousCare" failures="0" tests="24" name="webAuto.AdultPatientCreation" time="87.015" errors="0" timestamp="2024-03-29T14:24:28 IST" skipped="0">
  <testcase classname="webAuto.AdultPatientCreation" name="numberField" time="0.113"/>
  <system-out/>
  <testcase classname="webAuto.AdultPatientCreation" name="sendOTP" time="6.451"/>
  <system-out/>
  <testcase classname="webAuto.AdultPatientCreation" name="verifyButton" time="10.085"/>
  <system-out/>
  <testcase classname="webAuto.AdultPatientCreation" name="createPatient" time="0.553"/>
  <system-out/>
  <testcase classname="webAuto.AdultPatientCreation" name="Number1" time="0.246"/>
  <system-out/>
  <testcase classname="webAuto.AdultPatientCreation" name="confirm" time="1.788"/>
  <system-out/>
  <testcase classname="webAuto.AdultPatientCreation" name="number2" time="0.160"/>
  <system-out/>
  <testcase classname="webAuto.AdultPatientCreation" name="firstName" time="0.122"/>
  <system-out/>
  <testcase classname="webAuto.AdultPatientCreation" name="middleName" time="0.114"/>
  <system-out/>
  <testcase classname="webAuto.AdultPatientCreation" name="lastName" time="0.124"/>
  <system-out/>
  <testcase classname="webAuto.AdultPatientCreation" name="birthDate" time="0.362"/>
  <system-out/>
  <testcase classname="webAuto.AdultPatientCreation" name="genFemale" time="0.057"/>
  <system-out/>
  <testcase classname="webAuto.AdultPatientCreation" name="address" time="0.125"/>
  <system-out/>
  <testcase classname="webAuto.AdultPatientCreation" name="locality" time="0.128"/>
  <system-out/>
  <testcase classname="webAuto.AdultPatientCreation" name="city" time="0.098"/>
  <system-out/>
  <testcase classname="webAuto.AdultPatientCreation" name="pinCode" time="0.120"/>
  <system-out/>
  <testcase classname="webAuto.AdultPatientCreation" name="prefferedLanguage" time="0.142"/>
  <system-out/>
  <testcase classname="webAuto.AdultPatientCreation" name="nextButton" time="15.070"/>
  <system-out/>
  <testcase classname="webAuto.AdultPatientCreation" name="clickClose" time="0.678"/>
  <system-out/>
  <testcase classname="webAuto.AdultPatientCreation" name="BloodGroups" time="0.109"/>
  <system-out/>
  <testcase classname="webAuto.AdultPatientCreation" name="Habits" time="0.057"/>
  <system-out/>
  <testcase classname="webAuto.AdultPatientCreation" name="HealthNext" time="15.094"/>
  <system-out/>
  <testcase classname="webAuto.AdultPatientCreation" name="HealthProfile" time="16.267"/>
  <system-out/>
  <testcase classname="webAuto.AdultPatientCreation" name="FamilyProfile" time="18.952"/>
  <system-out/>
</testsuite> <!-- webAuto.AdultPatientCreation -->
