<?xml version="1.0" encoding="UTF-8"?>
<!-- Generated by org.testng.reporters.JUnitReportReporter -->
<testsuite hostname="CopiousCare" failures="0" tests="10" name="healthApp.HealthImmunization" time="98.078" errors="0" timestamp="2024-04-23T17:14:08 IST" skipped="0">
  <testcase classname="healthApp.HealthImmunization" name="NumberField" time="11.630"/>
  <system-out/>
  <testcase classname="healthApp.HealthImmunization" name="BfSuite" time="0.893"/>
  <system-out/>
  <testcase classname="healthApp.HealthImmunization" name="IAgree" time="2.132"/>
  <system-out/>
  <testcase classname="healthApp.HealthImmunization" name="proceedButton" time="5.291"/>
  <system-out/>
  <testcase classname="healthApp.HealthImmunization" name="OTP" time="15.947"/>
  <system-out/>
  <testcase classname="healthApp.HealthImmunization" name="Verify" time="2.745"/>
  <system-out/>
  <testcase classname="healthApp.HealthImmunization" name="SelectFamilyMember" time="10.725"/>
  <system-out/>
  <testcase classname="healthApp.HealthImmunization" name="Immunization" time="5.614"/>
  <system-out/>
  <testcase classname="healthApp.HealthImmunization" name="Birth" time="33.962"/>
  <system-out/>
  <testcase classname="healthApp.HealthImmunization" name="PopUpOk" time="9.139"/>
  <system-out/>
</testsuite> <!-- healthApp.HealthImmunization -->
