<?xml version="1.0" encoding="UTF-8"?>
<!-- Generated by org.testng.reporters.JUnitReportReporter -->
<testsuite hostname="CopiousCare" failures="0" tests="4" name="webAuto.LogOut" time="20.169" errors="0" timestamp="2024-04-02T13:23:22 IST" skipped="0">
  <testcase classname="webAuto.LogOut" name="numberField" time="0.135"/>
  <system-out/>
  <testcase classname="webAuto.LogOut" name="sendOTP" time="7.543"/>
  <system-out/>
  <testcase classname="webAuto.LogOut" name="verifyButton" time="10.068"/>
  <system-out/>
  <testcase classname="webAuto.LogOut" name="city" time="2.423"/>
  <system-out/>
</testsuite> <!-- webAuto.LogOut -->
