<?xml version="1.0" encoding="UTF-8"?>
<!-- Generated by org.testng.reporters.JUnitReportReporter -->
<testsuite hostname="CopiousCare" failures="0" tests="83" name="healthApp.HealthEndToEndScript" time="670.280" errors="0" timestamp="2024-05-22T11:32:29 IST" skipped="0">
  <testcase classname="healthApp.HealthEndToEndScript" name="NumberField" time="16.750"/>
  <system-out/>
  <testcase classname="healthApp.HealthEndToEndScript" name="BfSuite" time="1.272"/>
  <system-out/>
  <testcase classname="healthApp.HealthEndToEndScript" name="IAgree" time="2.175"/>
  <system-out/>
  <testcase classname="healthApp.HealthEndToEndScript" name="proceedButton" time="5.311"/>
  <system-out/>
  <testcase classname="healthApp.HealthEndToEndScript" name="OTP" time="15.566"/>
  <system-out/>
  <testcase classname="healthApp.HealthEndToEndScript" name="Verify" time="15.454"/>
  <system-out/>
  <testcase classname="healthApp.HealthEndToEndScript" name="Family" time="5.835"/>
  <system-out/>
  <testcase classname="healthApp.HealthEndToEndScript" name="AddFamilyMember" time="6.054"/>
  <system-out/>
  <testcase classname="healthApp.HealthEndToEndScript" name="FirstName" time="5.836"/>
  <system-out/>
  <testcase classname="healthApp.HealthEndToEndScript" name="MiddleName" time="5.365"/>
  <system-out/>
  <testcase classname="healthApp.HealthEndToEndScript" name="Birthdate" time="10.698"/>
  <system-out/>
  <testcase classname="healthApp.HealthEndToEndScript" name="Male" time="5.364"/>
  <system-out/>
  <testcase classname="healthApp.HealthEndToEndScript" name="SaveAndNext" time="11.283"/>
  <system-out/>
  <testcase classname="healthApp.HealthEndToEndScript" name="SelectClick" time="5.934"/>
  <system-out/>
  <testcase classname="healthApp.HealthEndToEndScript" name="SelectOther" time="5.345"/>
  <system-out/>
  <testcase classname="healthApp.HealthEndToEndScript" name="Next" time="5.815"/>
  <system-out/>
  <testcase classname="healthApp.HealthEndToEndScript" name="LinkDr" time="2.661"/>
  <system-out/>
  <testcase classname="healthApp.HealthEndToEndScript" name="AddtionalInformation" time="2.003"/>
  <system-out/>
  <testcase classname="healthApp.HealthEndToEndScript" name="MedicalConditionAdd" time="3.745"/>
  <system-out/>
  <testcase classname="healthApp.HealthEndToEndScript" name="MedicalConditionSelect" time="3.824"/>
  <system-out/>
  <testcase classname="healthApp.HealthEndToEndScript" name="AddMedicalCondition" time="2.432"/>
  <system-out/>
  <testcase classname="healthApp.HealthEndToEndScript" name="Allergies" time="2.843"/>
  <system-out/>
  <testcase classname="healthApp.HealthEndToEndScript" name="Reactions" time="2.837"/>
  <system-out/>
  <testcase classname="healthApp.HealthEndToEndScript" name="RecurringComplaints" time="2.317"/>
  <system-out/>
  <testcase classname="healthApp.HealthEndToEndScript" name="HospitalizationHistory" time="2.802"/>
  <system-out/>
  <testcase classname="healthApp.HealthEndToEndScript" name="HealthHistory" time="2.827"/>
  <system-out/>
  <testcase classname="healthApp.HealthEndToEndScript" name="GeneticdisoredrAdd" time="3.994"/>
  <system-out/>
  <testcase classname="healthApp.HealthEndToEndScript" name="GeneticdisoredrSelect" time="12.970"/>
  <system-out/>
  <testcase classname="healthApp.HealthEndToEndScript" name="AddGeneticdisoredr" time="2.474"/>
  <system-out/>
  <testcase classname="healthApp.HealthEndToEndScript" name="helathNext" time="2.341"/>
  <system-out/>
  <testcase classname="healthApp.HealthEndToEndScript" name="FamailyNedicalHistory" time="8.220"/>
  <system-out/>
  <testcase classname="healthApp.HealthEndToEndScript" name="EnterDisorders" time="10.199"/>
  <system-out/>
  <testcase classname="healthApp.HealthEndToEndScript" name="FathersName" time="3.235"/>
  <system-out/>
  <testcase classname="healthApp.HealthEndToEndScript" name="MothersName" time="19.529"/>
  <system-out/>
  <testcase classname="healthApp.HealthEndToEndScript" name="BookAppointment" time="6.511"/>
  <system-out/>
  <testcase classname="healthApp.HealthEndToEndScript" name="SelectFamilyMember" time="7.283"/>
  <system-out/>
  <testcase classname="healthApp.HealthEndToEndScript" name="SelectDoctor" time="5.330"/>
  <system-out/>
  <testcase classname="healthApp.HealthEndToEndScript" name="Doctor" time="5.322"/>
  <system-out/>
  <testcase classname="healthApp.HealthEndToEndScript" name="DateClick" time="5.357"/>
  <system-out/>
  <testcase classname="healthApp.HealthEndToEndScript" name="Time" time="5.609"/>
  <system-out/>
  <testcase classname="healthApp.HealthEndToEndScript" name="PurposeVisit" time="32.440"/>
  <system-out/>
  <testcase classname="healthApp.HealthEndToEndScript" name="CreateAppointment" time="5.302"/>
  <system-out/>
  <testcase classname="healthApp.HealthEndToEndScript" name="Done" time="5.296"/>
  <system-out/>
  <testcase classname="healthApp.HealthEndToEndScript" name="SelectFamilyMember2" time="10.706"/>
  <system-out/>
  <testcase classname="healthApp.HealthEndToEndScript" name="AddButton1" time="5.430"/>
  <system-out/>
  <testcase classname="healthApp.HealthEndToEndScript" name="GrowthRecord1" time="5.589"/>
  <system-out/>
  <testcase classname="healthApp.HealthEndToEndScript" name="Vital" time="13.452"/>
  <system-out/>
  <testcase classname="healthApp.HealthEndToEndScript" name="UploadDoc" time="16.057"/>
  <system-out/>
  <testcase classname="healthApp.HealthEndToEndScript" name="DocumentsDropDown" time="5.219"/>
  <system-out/>
  <testcase classname="healthApp.HealthEndToEndScript" name="DischargeSummary" time="2.238"/>
  <system-out/>
  <testcase classname="healthApp.HealthEndToEndScript" name="CreatedBy" time="2.759"/>
  <system-out/>
  <testcase classname="healthApp.HealthEndToEndScript" name="DocumentOn" time="2.286"/>
  <system-out/>
  <testcase classname="healthApp.HealthEndToEndScript" name="popUpOk" time="4.292"/>
  <system-out/>
  <testcase classname="healthApp.HealthEndToEndScript" name="Camera" time="17.108"/>
  <system-out/>
  <testcase classname="healthApp.HealthEndToEndScript" name="UploadCam" time="7.327"/>
  <system-out/>
  <testcase classname="healthApp.HealthEndToEndScript" name="UploadCamOk" time="10.268"/>
  <system-out/>
  <testcase classname="healthApp.HealthEndToEndScript" name="UploadDocuments1" time="3.094"/>
  <system-out/>
  <testcase classname="healthApp.HealthEndToEndScript" name="DocumentsDropDown1" time="5.219"/>
  <system-out/>
  <testcase classname="healthApp.HealthEndToEndScript" name="DischargeSummary1" time="2.258"/>
  <system-out/>
  <testcase classname="healthApp.HealthEndToEndScript" name="CreatedBy1" time="2.810"/>
  <system-out/>
  <testcase classname="healthApp.HealthEndToEndScript" name="DocumentOn1" time="2.201"/>
  <system-out/>
  <testcase classname="healthApp.HealthEndToEndScript" name="popUpOk1" time="2.273"/>
  <system-out/>
  <testcase classname="healthApp.HealthEndToEndScript" name="Gallery" time="2.307"/>
  <system-out/>
  <testcase classname="healthApp.HealthEndToEndScript" name="photo" time="10.307"/>
  <system-out/>
  <testcase classname="healthApp.HealthEndToEndScript" name="Upload" time="2.301"/>
  <system-out/>
  <testcase classname="healthApp.HealthEndToEndScript" name="UploadOk" time="12.734"/>
  <system-out/>
  <testcase classname="healthApp.HealthEndToEndScript" name="AddButton4" time="10.469"/>
  <system-out/>
  <testcase classname="healthApp.HealthEndToEndScript" name="BookLabTest11" time="5.568"/>
  <system-out/>
  <testcase classname="healthApp.HealthEndToEndScript" name="SelectLab" time="5.268"/>
  <system-out/>
  <testcase classname="healthApp.HealthEndToEndScript" name="ClickLab" time="5.346"/>
  <system-out/>
  <testcase classname="healthApp.HealthEndToEndScript" name="Comments" time="5.758"/>
  <system-out/>
  <testcase classname="healthApp.HealthEndToEndScript" name="VaccineLabel" time="16.862"/>
  <system-out/>
  <testcase classname="healthApp.HealthEndToEndScript" name="BookLabTest1" time="5.303"/>
  <system-out/>
  <testcase classname="healthApp.HealthEndToEndScript" name="Done2" time="5.231"/>
  <system-out/>
  <testcase classname="healthApp.HealthEndToEndScript" name="SelectFamilyMember3" time="15.754"/>
  <system-out/>
  <testcase classname="healthApp.HealthEndToEndScript" name="Immunization" time="5.502"/>
  <system-out/>
  <testcase classname="healthApp.HealthEndToEndScript" name="Birth" time="32.110"/>
  <system-out/>
  <testcase classname="healthApp.HealthEndToEndScript" name="PopUpOk" time="17.001"/>
  <system-out/>
  <testcase classname="healthApp.HealthEndToEndScript" name="AddButton2" time="21.729"/>
  <system-out/>
  <testcase classname="healthApp.HealthEndToEndScript" name="AllVisits" time="5.598"/>
  <system-out/>
  <testcase classname="healthApp.HealthEndToEndScript" name="AddVitalsClick" time="5.333"/>
  <system-out/>
  <testcase classname="healthApp.HealthEndToEndScript" name="AddVitals" time="38.470"/>
  <system-out/>
  <testcase classname="healthApp.HealthEndToEndScript" name="LipidProfile" time="26.983"/>
  <system-out/>
</testsuite> <!-- healthApp.HealthEndToEndScript -->
