<?xml version="1.0" encoding="UTF-8"?>
<!-- Generated by org.testng.reporters.JUnitReportReporter -->
<testsuite hostname="CopiousCare" failures="0" tests="3" name="webAutoQueueNegative.FavouriteMedicineQ" time="21.607" errors="0" timestamp="2024-05-02T14:33:47 IST" skipped="0">
  <testcase classname="webAutoQueueNegative.FavouriteMedicineQ" name="numberField" time="0.251"/>
  <system-out/>
  <testcase classname="webAutoQueueNegative.FavouriteMedicineQ" name="sendOTP" time="10.746"/>
  <system-out/>
  <testcase classname="webAutoQueueNegative.FavouriteMedicineQ" name="verifyButton" time="10.610"/>
  <system-out/>
</testsuite> <!-- webAutoQueueNegative.FavouriteMedicineQ -->
