<?xml version="1.0" encoding="UTF-8"?>
<!-- Generated by org.testng.reporters.JUnitReportReporter -->
<testsuite hostname="CopiousCare" failures="0" tests="50" name="webAuto.WebOpdEndToEndWorkflow" time="647.200" errors="0" timestamp="2024-09-18T10:18:42 IST" skipped="0">
  <testcase classname="webAuto.WebOpdEndToEndWorkflow" name="numberField" time="0.127"/>
  <system-out/>
  <testcase classname="webAuto.WebOpdEndToEndWorkflow" name="sendOTP" time="11.791"/>
  <system-out/>
  <testcase classname="webAuto.WebOpdEndToEndWorkflow" name="verifyButton" time="10.067"/>
  <system-out/>
  <testcase classname="webAuto.WebOpdEndToEndWorkflow" name="createPatient" time="0.466"/>
  <system-out/>
  <testcase classname="webAuto.WebOpdEndToEndWorkflow" name="Number1" time="0.201"/>
  <system-out/>
  <testcase classname="webAuto.WebOpdEndToEndWorkflow" name="confirm" time="1.952"/>
  <system-out/>
  <testcase classname="webAuto.WebOpdEndToEndWorkflow" name="number2" time="0.237"/>
  <system-out/>
  <testcase classname="webAuto.WebOpdEndToEndWorkflow" name="firstName" time="0.197"/>
  <system-out/>
  <testcase classname="webAuto.WebOpdEndToEndWorkflow" name="middleName" time="0.232"/>
  <system-out/>
  <testcase classname="webAuto.WebOpdEndToEndWorkflow" name="lastName" time="0.243"/>
  <system-out/>
  <testcase classname="webAuto.WebOpdEndToEndWorkflow" name="birthDate" time="0.276"/>
  <system-out/>
  <testcase classname="webAuto.WebOpdEndToEndWorkflow" name="genFemale" time="0.075"/>
  <system-out/>
  <testcase classname="webAuto.WebOpdEndToEndWorkflow" name="address" time="0.197"/>
  <system-out/>
  <testcase classname="webAuto.WebOpdEndToEndWorkflow" name="locality" time="0.230"/>
  <system-out/>
  <testcase classname="webAuto.WebOpdEndToEndWorkflow" name="city" time="0.198"/>
  <system-out/>
  <testcase classname="webAuto.WebOpdEndToEndWorkflow" name="pinCode" time="0.236"/>
  <system-out/>
  <testcase classname="webAuto.WebOpdEndToEndWorkflow" name="proceedWithSameRMN" time="0.206"/>
  <system-out/>
  <testcase classname="webAuto.WebOpdEndToEndWorkflow" name="nextButton" time="15.126"/>
  <system-out/>
  <testcase classname="webAuto.WebOpdEndToEndWorkflow" name="clickClose" time="1.852"/>
  <system-out/>
  <testcase classname="webAuto.WebOpdEndToEndWorkflow" name="fillVitalForm" time="16.467"/>
  <system-out/>
  <testcase classname="webAuto.WebOpdEndToEndWorkflow" name="fillHealthProfile" time="11.465"/>
  <system-out/>
  <testcase classname="webAuto.WebOpdEndToEndWorkflow" name="fillFamilyProfile" time="17.540"/>
  <system-out/>
  <testcase classname="webAuto.WebOpdEndToEndWorkflow" name="GoHome" time="0.222"/>
  <system-out/>
  <testcase classname="webAuto.WebOpdEndToEndWorkflow" name="AddNewAppointment" time="25.694"/>
  <system-out/>
  <testcase classname="webAuto.WebOpdEndToEndWorkflow" name="AddPrescription" time="15.494"/>
  <system-out/>
  <testcase classname="webAuto.WebOpdEndToEndWorkflow" name="Complaints" time="3.546"/>
  <system-out/>
  <testcase classname="webAuto.WebOpdEndToEndWorkflow" name="VitalsOption" time="3.859"/>
  <system-out/>
  <testcase classname="webAuto.WebOpdEndToEndWorkflow" name="BpandHeartOption" time="16.383"/>
  <system-out/>
  <testcase classname="webAuto.WebOpdEndToEndWorkflow" name="BloodAndAnalysis" time="16.705"/>
  <system-out/>
  <testcase classname="webAuto.WebOpdEndToEndWorkflow" name="LipidProfile" time="15.955"/>
  <system-out/>
  <testcase classname="webAuto.WebOpdEndToEndWorkflow" name="OnExamination" time="15.403"/>
  <system-out/>
  <testcase classname="webAuto.WebOpdEndToEndWorkflow" name="Diagnosis" time="15.326"/>
  <system-out/>
  <testcase classname="webAuto.WebOpdEndToEndWorkflow" name="Medicine1" time="47.160"/>
  <system-out/>
  <testcase classname="webAuto.WebOpdEndToEndWorkflow" name="DietaryAdvice" time="15.288"/>
  <system-out/>
  <testcase classname="webAuto.WebOpdEndToEndWorkflow" name="GeneralInstruction" time="15.268"/>
  <system-out/>
  <testcase classname="webAuto.WebOpdEndToEndWorkflow" name="SaveandProceed" time="0.143"/>
  <system-out/>
  <testcase classname="webAuto.WebOpdEndToEndWorkflow" name="ConfirmPrescription" time="55.764"/>
  <system-out/>
  <testcase classname="webAuto.WebOpdEndToEndWorkflow" name="Investigation" time="36.964"/>
  <system-out/>
  <testcase classname="webAuto.WebOpdEndToEndWorkflow" name="Investigation1" time="34.154"/>
  <system-out/>
  <testcase classname="webAuto.WebOpdEndToEndWorkflow" name="HealthProfile" time="34.534"/>
  <system-out/>
  <testcase classname="webAuto.WebOpdEndToEndWorkflow" name="Document1" time="0.057"/>
  <system-out/>
  <testcase classname="webAuto.WebOpdEndToEndWorkflow" name="ReceiptOption" time="14.787"/>
  <system-out/>
  <testcase classname="webAuto.WebOpdEndToEndWorkflow" name="previewReceipt" time="30.525"/>
  <system-out/>
  <testcase classname="webAuto.WebOpdEndToEndWorkflow" name="cirtificateOption1" time="20.247"/>
  <system-out/>
  <testcase classname="webAuto.WebOpdEndToEndWorkflow" name="AllDocuments" time="16.203"/>
  <system-out/>
  <testcase classname="webAuto.WebOpdEndToEndWorkflow" name="Document2" time="0.096"/>
  <system-out/>
  <testcase classname="webAuto.WebOpdEndToEndWorkflow" name="cirtificateOption" time="32.348"/>
  <system-out/>
  <testcase classname="webAuto.WebOpdEndToEndWorkflow" name="cirtificateOption3" time="20.243"/>
  <system-out/>
  <testcase classname="webAuto.WebOpdEndToEndWorkflow" name="AllDocuments1" time="11.157"/>
  <system-out/>
  <testcase classname="webAuto.WebOpdEndToEndWorkflow" name="ReferralOption3" time="44.294"/>
  <system-out/>
</testsuite> <!-- webAuto.WebOpdEndToEndWorkflow -->
