<?xml version="1.0" encoding="UTF-8"?>
<!-- Generated by org.testng.reporters.JUnitReportReporter -->
<testsuite hostname="CopiousCare" failures="0" tests="8" name="webAuto.ViewReceipt" time="75.622" errors="0" timestamp="2024-11-15T11:09:07 IST" skipped="0">
  <testcase classname="webAuto.ViewReceipt" name="numberField" time="0.147"/>
  <system-out/>
  <testcase classname="webAuto.ViewReceipt" name="sendOTP" time="8.033"/>
  <system-out/>
  <testcase classname="webAuto.ViewReceipt" name="verifyButton" time="10.140"/>
  <system-out/>
  <testcase classname="webAuto.ViewReceipt" name="searchBar" time="0.426"/>
  <system-out/>
  <testcase classname="webAuto.ViewReceipt" name="searchOpt" time="3.140"/>
  <system-out/>
  <testcase classname="webAuto.ViewReceipt" name="clickPatient" time="10.329"/>
  <system-out/>
  <testcase classname="webAuto.ViewReceipt" name="Document" time="0.357"/>
  <system-out/>
  <testcase classname="webAuto.ViewReceipt" name="cirtificateOption" time="43.050"/>
  <system-out/>
</testsuite> <!-- webAuto.ViewReceipt -->
