<?xml version="1.0" encoding="UTF-8"?>
<!-- Generated by org.testng.reporters.JUnitReportReporter -->
<testsuite hostname="DESKTOP-VQLLA2K" failures="0" tests="37" name="webAuto.OpdEndToEndWorkFlow1" time="374.274" errors="0" timestamp="2024-01-16T10:34:21 IST" skipped="0">
  <testcase classname="webAuto.OpdEndToEndWorkFlow1" name="numberField" time="0.325"/>
  <testcase classname="webAuto.OpdEndToEndWorkFlow1" name="sendOTP" time="12.634"/>
  <testcase classname="webAuto.OpdEndToEndWorkFlow1" name="verifyButton" time="10.201"/>
  <testcase classname="webAuto.OpdEndToEndWorkFlow1" name="createPatient" time="5.098"/>
  <testcase classname="webAuto.OpdEndToEndWorkFlow1" name="Number1" time="0.578"/>
  <testcase classname="webAuto.OpdEndToEndWorkFlow1" name="confirm" time="2.713"/>
  <testcase classname="webAuto.OpdEndToEndWorkFlow1" name="number2" time="0.766"/>
  <testcase classname="webAuto.OpdEndToEndWorkFlow1" name="firstName" time="0.489"/>
  <testcase classname="webAuto.OpdEndToEndWorkFlow1" name="middleName" time="0.421"/>
  <testcase classname="webAuto.OpdEndToEndWorkFlow1" name="lastName" time="0.412"/>
  <testcase classname="webAuto.OpdEndToEndWorkFlow1" name="birthDate" time="0.759"/>
  <testcase classname="webAuto.OpdEndToEndWorkFlow1" name="genFemale" time="0.212"/>
  <testcase classname="webAuto.OpdEndToEndWorkFlow1" name="address" time="0.616"/>
  <testcase classname="webAuto.OpdEndToEndWorkFlow1" name="locality" time="0.445"/>
  <testcase classname="webAuto.OpdEndToEndWorkFlow1" name="city" time="0.440"/>
  <testcase classname="webAuto.OpdEndToEndWorkFlow1" name="pinCode" time="0.433"/>
  <testcase classname="webAuto.OpdEndToEndWorkFlow1" name="proceedWithSameRMN" time="0.604"/>
  <testcase classname="webAuto.OpdEndToEndWorkFlow1" name="nextButton" time="15.142"/>
  <testcase classname="webAuto.OpdEndToEndWorkFlow1" name="clickClose" time="1.288"/>
  <testcase classname="webAuto.OpdEndToEndWorkFlow1" name="fillVitalForm" time="18.175"/>
  <testcase classname="webAuto.OpdEndToEndWorkFlow1" name="fillHealthProfile" time="13.201"/>
  <testcase classname="webAuto.OpdEndToEndWorkFlow1" name="fillFamilyProfile" time="18.269"/>
  <testcase classname="webAuto.OpdEndToEndWorkFlow1" name="GoHome" time="0.665"/>
  <testcase classname="webAuto.OpdEndToEndWorkFlow1" name="AddNewAppointment" time="26.151"/>
  <testcase classname="webAuto.OpdEndToEndWorkFlow1" name="AddPrescription" time="15.902"/>
  <testcase classname="webAuto.OpdEndToEndWorkFlow1" name="Complaints" time="4.733"/>
  <testcase classname="webAuto.OpdEndToEndWorkFlow1" name="VitalsOption" time="5.465"/>
  <testcase classname="webAuto.OpdEndToEndWorkFlow1" name="BpandHeartOption" time="16.584"/>
  <testcase classname="webAuto.OpdEndToEndWorkFlow1" name="BloodAndAnalysis" time="17.185"/>
  <testcase classname="webAuto.OpdEndToEndWorkFlow1" name="LipidProfile" time="16.585"/>
  <testcase classname="webAuto.OpdEndToEndWorkFlow1" name="OnExamination" time="15.636"/>
  <testcase classname="webAuto.OpdEndToEndWorkFlow1" name="Diagnosis" time="15.404"/>
  <testcase classname="webAuto.OpdEndToEndWorkFlow1" name="Medicine1" time="48.678"/>
  <testcase classname="webAuto.OpdEndToEndWorkFlow1" name="DietaryAdvice" time="15.497"/>
  <testcase classname="webAuto.OpdEndToEndWorkFlow1" name="GeneralInstruction" time="15.418"/>
  <testcase classname="webAuto.OpdEndToEndWorkFlow1" name="SaveandProceed" time="0.284"/>
  <testcase classname="webAuto.OpdEndToEndWorkFlow1" name="ConfirmPrescription" time="56.866"/>
</testsuite> <!-- webAuto.OpdEndToEndWorkFlow1 -->
