<?xml version="1.0" encoding="UTF-8"?>
<!-- Generated by org.testng.reporters.JUnitReportReporter -->
<testsuite hostname="CopiousCare" failures="0" tests="31" name="webAuto.NewAdultOverview" time="185.796" errors="0" timestamp="2024-11-19T10:25:32 IST" skipped="0">
  <testcase classname="webAuto.NewAdultOverview" name="numberField" time="2.311"/>
  <system-out/>
  <testcase classname="webAuto.NewAdultOverview" name="sendOTP" time="7.022"/>
  <system-out/>
  <testcase classname="webAuto.NewAdultOverview" name="verifyButton" time="10.119"/>
  <system-out/>
  <testcase classname="webAuto.NewAdultOverview" name="createPatient" time="0.432"/>
  <system-out/>
  <testcase classname="webAuto.NewAdultOverview" name="Number1" time="0.321"/>
  <system-out/>
  <testcase classname="webAuto.NewAdultOverview" name="confirm" time="2.615"/>
  <system-out/>
  <testcase classname="webAuto.NewAdultOverview" name="number2" time="0.351"/>
  <system-out/>
  <testcase classname="webAuto.NewAdultOverview" name="firstName" time="0.326"/>
  <system-out/>
  <testcase classname="webAuto.NewAdultOverview" name="middleName" time="0.363"/>
  <system-out/>
  <testcase classname="webAuto.NewAdultOverview" name="lastName" time="0.318"/>
  <system-out/>
  <testcase classname="webAuto.NewAdultOverview" name="birthDate" time="0.664"/>
  <system-out/>
  <testcase classname="webAuto.NewAdultOverview" name="genFemale" time="0.091"/>
  <system-out/>
  <testcase classname="webAuto.NewAdultOverview" name="address" time="0.313"/>
  <system-out/>
  <testcase classname="webAuto.NewAdultOverview" name="locality" time="0.319"/>
  <system-out/>
  <testcase classname="webAuto.NewAdultOverview" name="city" time="0.294"/>
  <system-out/>
  <testcase classname="webAuto.NewAdultOverview" name="pinCode" time="0.328"/>
  <system-out/>
  <testcase classname="webAuto.NewAdultOverview" name="prefferedLanguage" time="0.205"/>
  <system-out/>
  <testcase classname="webAuto.NewAdultOverview" name="nextButton" time="15.132"/>
  <system-out/>
  <testcase classname="webAuto.NewAdultOverview" name="clickClose" time="0.882"/>
  <system-out/>
  <testcase classname="webAuto.NewAdultOverview" name="BloodGroups" time="0.229"/>
  <system-out/>
  <testcase classname="webAuto.NewAdultOverview" name="Habits" time="0.098"/>
  <system-out/>
  <testcase classname="webAuto.NewAdultOverview" name="HealthNext" time="15.093"/>
  <system-out/>
  <testcase classname="webAuto.NewAdultOverview" name="HealthProfile" time="19.341"/>
  <system-out/>
  <testcase classname="webAuto.NewAdultOverview" name="FamilyProfile" time="19.506"/>
  <system-out/>
  <testcase classname="webAuto.NewAdultOverview" name="EditPatientProfile" time="20.348"/>
  <system-out/>
  <testcase classname="webAuto.NewAdultOverview" name="PatientProfile" time="5.218"/>
  <system-out/>
  <testcase classname="webAuto.NewAdultOverview" name="AdditionalInformation" time="5.375"/>
  <system-out/>
  <testcase classname="webAuto.NewAdultOverview" name="Notes" time="15.253"/>
  <system-out/>
  <testcase classname="webAuto.NewAdultOverview" name="LinkPatient" time="15.380"/>
  <system-out/>
  <testcase classname="webAuto.NewAdultOverview" name="History" time="15.260"/>
  <system-out/>
  <testcase classname="webAuto.NewAdultOverview" name="DeletePatient" time="12.289"/>
  <system-out/>
</testsuite> <!-- webAuto.NewAdultOverview -->
