<?xml version="1.0" encoding="UTF-8"?>
<!-- Generated by org.testng.reporters.JUnitReportReporter -->
<testsuite hostname="DESKTOP-VQLLA2K" failures="0" tests="37" name="webAuto.OpdEndToEndWorkFlow1" time="731.790" errors="0" timestamp="2024-01-05T09:48:06 IST" skipped="0">
  <testcase classname="webAuto.OpdEndToEndWorkFlow1" name="numberField" time="1.573"/>
  <testcase classname="webAuto.OpdEndToEndWorkFlow1" name="sendOTP" time="47.496"/>
  <testcase classname="webAuto.OpdEndToEndWorkFlow1" name="verifyButton" time="10.849"/>
  <testcase classname="webAuto.OpdEndToEndWorkFlow1" name="createPatient" time="6.387"/>
  <testcase classname="webAuto.OpdEndToEndWorkFlow1" name="Number1" time="1.980"/>
  <testcase classname="webAuto.OpdEndToEndWorkFlow1" name="confirm" time="10.036"/>
  <testcase classname="webAuto.OpdEndToEndWorkFlow1" name="number2" time="14.332"/>
  <testcase classname="webAuto.OpdEndToEndWorkFlow1" name="firstName" time="24.992"/>
  <testcase classname="webAuto.OpdEndToEndWorkFlow1" name="middleName" time="2.392"/>
  <testcase classname="webAuto.OpdEndToEndWorkFlow1" name="lastName" time="2.476"/>
  <testcase classname="webAuto.OpdEndToEndWorkFlow1" name="birthDate" time="1.686"/>
  <testcase classname="webAuto.OpdEndToEndWorkFlow1" name="genFemale" time="0.621"/>
  <testcase classname="webAuto.OpdEndToEndWorkFlow1" name="address" time="1.415"/>
  <testcase classname="webAuto.OpdEndToEndWorkFlow1" name="locality" time="0.993"/>
  <testcase classname="webAuto.OpdEndToEndWorkFlow1" name="city" time="0.992"/>
  <testcase classname="webAuto.OpdEndToEndWorkFlow1" name="pinCode" time="1.576"/>
  <testcase classname="webAuto.OpdEndToEndWorkFlow1" name="proceedWithSameRMN" time="5.507"/>
  <testcase classname="webAuto.OpdEndToEndWorkFlow1" name="nextButton" time="39.253"/>
  <testcase classname="webAuto.OpdEndToEndWorkFlow1" name="clickClose" time="12.593"/>
  <testcase classname="webAuto.OpdEndToEndWorkFlow1" name="fillVitalForm" time="40.890"/>
  <testcase classname="webAuto.OpdEndToEndWorkFlow1" name="fillHealthProfile" time="39.649"/>
  <testcase classname="webAuto.OpdEndToEndWorkFlow1" name="fillFamilyProfile" time="42.910"/>
  <testcase classname="webAuto.OpdEndToEndWorkFlow1" name="GoHome" time="3.529"/>
  <testcase classname="webAuto.OpdEndToEndWorkFlow1" name="AddNewAppointment" time="27.739"/>
  <testcase classname="webAuto.OpdEndToEndWorkFlow1" name="AddPrescription" time="16.745"/>
  <testcase classname="webAuto.OpdEndToEndWorkFlow1" name="Complaints" time="116.757"/>
  <testcase classname="webAuto.OpdEndToEndWorkFlow1" name="VitalsOption" time="25.980"/>
  <testcase classname="webAuto.OpdEndToEndWorkFlow1" name="BpandHeartOption" time="22.507"/>
  <testcase classname="webAuto.OpdEndToEndWorkFlow1" name="BloodAndAnalysis" time="18.446"/>
  <testcase classname="webAuto.OpdEndToEndWorkFlow1" name="LipidProfile" time="17.546"/>
  <testcase classname="webAuto.OpdEndToEndWorkFlow1" name="OnExamination" time="16.020"/>
  <testcase classname="webAuto.OpdEndToEndWorkFlow1" name="Diagnosis" time="15.611"/>
  <testcase classname="webAuto.OpdEndToEndWorkFlow1" name="Medicine1" time="50.231"/>
  <testcase classname="webAuto.OpdEndToEndWorkFlow1" name="DietaryAdvice" time="16.137"/>
  <testcase classname="webAuto.OpdEndToEndWorkFlow1" name="GeneralInstruction" time="15.622"/>
  <testcase classname="webAuto.OpdEndToEndWorkFlow1" name="SaveandProceed" time="0.391"/>
  <testcase classname="webAuto.OpdEndToEndWorkFlow1" name="ConfirmPrescription" time="57.931"/>
</testsuite> <!-- webAuto.OpdEndToEndWorkFlow1 -->
