<?xml version="1.0" encoding="UTF-8"?>
<!-- Generated by org.testng.reporters.JUnitReportReporter -->
<testsuite hostname="CopiousCare" failures="0" tests="8" name="webAuto.ViewCertificateInAllDocuments" time="59.444" errors="0" timestamp="2024-11-15T11:03:34 IST" skipped="0">
  <testcase classname="webAuto.ViewCertificateInAllDocuments" name="numberField" time="0.130"/>
  <system-out/>
  <testcase classname="webAuto.ViewCertificateInAllDocuments" name="sendOTP" time="8.093"/>
  <system-out/>
  <testcase classname="webAuto.ViewCertificateInAllDocuments" name="verifyButton" time="10.112"/>
  <system-out/>
  <testcase classname="webAuto.ViewCertificateInAllDocuments" name="searchBar" time="0.463"/>
  <system-out/>
  <testcase classname="webAuto.ViewCertificateInAllDocuments" name="searchOpt" time="3.143"/>
  <system-out/>
  <testcase classname="webAuto.ViewCertificateInAllDocuments" name="clickPatient" time="10.389"/>
  <system-out/>
  <testcase classname="webAuto.ViewCertificateInAllDocuments" name="Document" time="0.356"/>
  <system-out/>
  <testcase classname="webAuto.ViewCertificateInAllDocuments" name="AllDocuments" time="26.758"/>
  <system-out/>
</testsuite> <!-- webAuto.ViewCertificateInAllDocuments -->
