<?xml version="1.0" encoding="UTF-8"?>
<!-- Generated by org.testng.reporters.JUnitReportReporter -->
<testsuite hostname="CopiousCare" failures="0" tests="37" name="pivotalApplication.UploadDocument" time="223.783" errors="0" timestamp="2024-08-20T11:30:10 IST" skipped="0">
  <testcase classname="pivotalApplication.UploadDocument" name="NumberField" time="1.393"/>
  <system-out/>
  <testcase classname="pivotalApplication.UploadDocument" name="BfSuite" time="0.589"/>
  <system-out/>
  <testcase classname="pivotalApplication.UploadDocument" name="IAgree" time="2.003"/>
  <system-out/>
  <testcase classname="pivotalApplication.UploadDocument" name="proceedButton" time="2.396"/>
  <system-out/>
  <testcase classname="pivotalApplication.UploadDocument" name="OTP" time="11.857"/>
  <system-out/>
  <testcase classname="pivotalApplication.UploadDocument" name="submit" time="7.744"/>
  <system-out/>
  <testcase classname="pivotalApplication.UploadDocument" name="Search" time="8.121"/>
  <system-out/>
  <testcase classname="pivotalApplication.UploadDocument" name="ClickPatient" time="3.106"/>
  <system-out/>
  <testcase classname="pivotalApplication.UploadDocument" name="UploadDocuments" time="20.744"/>
  <system-out/>
  <testcase classname="pivotalApplication.UploadDocument" name="DocumentsDropDown" time="10.307"/>
  <system-out/>
  <testcase classname="pivotalApplication.UploadDocument" name="DischargeSummary" time="3.584"/>
  <system-out/>
  <testcase classname="pivotalApplication.UploadDocument" name="CreatedBy" time="2.351"/>
  <system-out/>
  <testcase classname="pivotalApplication.UploadDocument" name="DocumentOn" time="2.290"/>
  <system-out/>
  <testcase classname="pivotalApplication.UploadDocument" name="popUpOk" time="7.345"/>
  <system-out/>
  <testcase classname="pivotalApplication.UploadDocument" name="Camera" time="21.776"/>
  <system-out/>
  <testcase classname="pivotalApplication.UploadDocument" name="UploadCam" time="2.391"/>
  <system-out/>
  <testcase classname="pivotalApplication.UploadDocument" name="UploadCamOk" time="10.826"/>
  <system-out/>
  <testcase classname="pivotalApplication.UploadDocument" name="UploadDocuments1" time="2.706"/>
  <system-out/>
  <testcase classname="pivotalApplication.UploadDocument" name="DocumentsDropDown1" time="5.341"/>
  <system-out/>
  <testcase classname="pivotalApplication.UploadDocument" name="DischargeSummary1" time="3.724"/>
  <system-out/>
  <testcase classname="pivotalApplication.UploadDocument" name="CreatedBy1" time="2.822"/>
  <system-out/>
  <testcase classname="pivotalApplication.UploadDocument" name="DocumentOn1" time="2.292"/>
  <system-out/>
  <testcase classname="pivotalApplication.UploadDocument" name="popUpOk1" time="10.320"/>
  <system-out/>
  <testcase classname="pivotalApplication.UploadDocument" name="Gallery" time="2.323"/>
  <system-out/>
  <testcase classname="pivotalApplication.UploadDocument" name="photo" time="10.342"/>
  <system-out/>
  <testcase classname="pivotalApplication.UploadDocument" name="Upload" time="2.305"/>
  <system-out/>
  <testcase classname="pivotalApplication.UploadDocument" name="UploadOk" time="10.779"/>
  <system-out/>
  <testcase classname="pivotalApplication.UploadDocument" name="UploadDocuments2" time="2.667"/>
  <system-out/>
  <testcase classname="pivotalApplication.UploadDocument" name="DocumentsDropDown2" time="5.322"/>
  <system-out/>
  <testcase classname="pivotalApplication.UploadDocument" name="LabReport2" time="2.344"/>
  <system-out/>
  <testcase classname="pivotalApplication.UploadDocument" name="CreatedBy2" time="2.793"/>
  <system-out/>
  <testcase classname="pivotalApplication.UploadDocument" name="DocumentOn2" time="2.301"/>
  <system-out/>
  <testcase classname="pivotalApplication.UploadDocument" name="popUpOk2" time="10.306"/>
  <system-out/>
  <testcase classname="pivotalApplication.UploadDocument" name="Files" time="2.322"/>
  <system-out/>
  <testcase classname="pivotalApplication.UploadDocument" name="docPdf" time="10.374"/>
  <system-out/>
  <testcase classname="pivotalApplication.UploadDocument" name="Upload1" time="2.818"/>
  <system-out/>
  <testcase classname="pivotalApplication.UploadDocument" name="UploadOk1" time="10.759"/>
  <system-out/>
</testsuite> <!-- pivotalApplication.UploadDocument -->
