<?xml version="1.0" encoding="UTF-8"?>
<!-- Generated by org.testng.reporters.JUnitReportReporter -->
<testsuite hostname="CopiousCare" failures="0" tests="36" name="pivotalApplicationNegative.EditBackPatientProfile" time="256.031" errors="0" timestamp="2024-04-16T16:42:03 IST" skipped="0">
  <testcase classname="pivotalApplicationNegative.EditBackPatientProfile" name="NumberField" time="1.198"/>
  <system-out/>
  <testcase classname="pivotalApplicationNegative.EditBackPatientProfile" name="BfSuite" time="0.593"/>
  <system-out/>
  <testcase classname="pivotalApplicationNegative.EditBackPatientProfile" name="IAgree" time="2.145"/>
  <system-out/>
  <testcase classname="pivotalApplicationNegative.EditBackPatientProfile" name="proceedButton" time="5.380"/>
  <system-out/>
  <testcase classname="pivotalApplicationNegative.EditBackPatientProfile" name="OTP" time="10.737"/>
  <system-out/>
  <testcase classname="pivotalApplicationNegative.EditBackPatientProfile" name="submit" time="10.644"/>
  <system-out/>
  <testcase classname="pivotalApplicationNegative.EditBackPatientProfile" name="Search" time="9.372"/>
  <system-out/>
  <testcase classname="pivotalApplicationNegative.EditBackPatientProfile" name="ClickPatient" time="13.942"/>
  <system-out/>
  <testcase classname="pivotalApplicationNegative.EditBackPatientProfile" name="FirstName" time="5.582"/>
  <system-out/>
  <testcase classname="pivotalApplicationNegative.EditBackPatientProfile" name="MiddleName" time="5.667"/>
  <system-out/>
  <testcase classname="pivotalApplicationNegative.EditBackPatientProfile" name="LastName" time="19.386"/>
  <system-out/>
  <testcase classname="pivotalApplicationNegative.EditBackPatientProfile" name="Address" time="3.350"/>
  <system-out/>
  <testcase classname="pivotalApplicationNegative.EditBackPatientProfile" name="Area" time="3.342"/>
  <system-out/>
  <testcase classname="pivotalApplicationNegative.EditBackPatientProfile" name="City" time="3.320"/>
  <system-out/>
  <testcase classname="pivotalApplicationNegative.EditBackPatientProfile" name="PinCode" time="3.343"/>
  <system-out/>
  <testcase classname="pivotalApplicationNegative.EditBackPatientProfile" name="Next" time="15.467"/>
  <system-out/>
  <testcase classname="pivotalApplicationNegative.EditBackPatientProfile" name="weightl" time="3.426"/>
  <system-out/>
  <testcase classname="pivotalApplicationNegative.EditBackPatientProfile" name="Heightl" time="3.374"/>
  <system-out/>
  <testcase classname="pivotalApplicationNegative.EditBackPatientProfile" name="HC" time="3.371"/>
  <system-out/>
  <testcase classname="pivotalApplicationNegative.EditBackPatientProfile" name="CC" time="3.333"/>
  <system-out/>
  <testcase classname="pivotalApplicationNegative.EditBackPatientProfile" name="BPSYS" time="3.268"/>
  <system-out/>
  <testcase classname="pivotalApplicationNegative.EditBackPatientProfile" name="BPDia" time="3.731"/>
  <system-out/>
  <testcase classname="pivotalApplicationNegative.EditBackPatientProfile" name="BirthHistoryNext" time="7.607"/>
  <system-out/>
  <testcase classname="pivotalApplicationNegative.EditBackPatientProfile" name="Allergies" time="3.460"/>
  <system-out/>
  <testcase classname="pivotalApplicationNegative.EditBackPatientProfile" name="Reactions" time="3.487"/>
  <system-out/>
  <testcase classname="pivotalApplicationNegative.EditBackPatientProfile" name="RecurringComplaints" time="3.491"/>
  <system-out/>
  <testcase classname="pivotalApplicationNegative.EditBackPatientProfile" name="HospitalizationHistory" time="3.447"/>
  <system-out/>
  <testcase classname="pivotalApplicationNegative.EditBackPatientProfile" name="HealthHistory" time="3.538"/>
  <system-out/>
  <testcase classname="pivotalApplicationNegative.EditBackPatientProfile" name="OtherEmailId" time="3.472"/>
  <system-out/>
  <testcase classname="pivotalApplicationNegative.EditBackPatientProfile" name="helathNext" time="2.405"/>
  <system-out/>
  <testcase classname="pivotalApplicationNegative.EditBackPatientProfile" name="FathersName" time="3.629"/>
  <system-out/>
  <testcase classname="pivotalApplicationNegative.EditBackPatientProfile" name="MothersName" time="3.563"/>
  <system-out/>
  <testcase classname="pivotalApplicationNegative.EditBackPatientProfile" name="Fatherheight" time="7.078"/>
  <system-out/>
  <testcase classname="pivotalApplicationNegative.EditBackPatientProfile" name="Mothersheight" time="7.081"/>
  <system-out/>
  <testcase classname="pivotalApplicationNegative.EditBackPatientProfile" name="FamailyBackward" time="18.051"/>
  <system-out/>
  <testcase classname="pivotalApplicationNegative.EditBackPatientProfile" name="GetData" time="51.751"/>
  <system-out/>
</testsuite> <!-- pivotalApplicationNegative.EditBackPatientProfile -->
