<?xml version="1.0" encoding="UTF-8"?>
<!-- Generated by org.testng.reporters.JUnitReportReporter -->
<testsuite hostname="CopiousCare" failures="0" tests="7" name="healthApp.TinyUrl" time="63.407" errors="0" timestamp="2024-04-25T13:18:08 IST" skipped="0">
  <testcase classname="healthApp.TinyUrl" name="NumberField" time="16.599"/>
  <system-out/>
  <testcase classname="healthApp.TinyUrl" name="BfSuite" time="0.642"/>
  <system-out/>
  <testcase classname="healthApp.TinyUrl" name="IAgree" time="2.113"/>
  <system-out/>
  <testcase classname="healthApp.TinyUrl" name="proceedButton" time="5.279"/>
  <system-out/>
  <testcase classname="healthApp.TinyUrl" name="OTP" time="17.138"/>
  <system-out/>
  <testcase classname="healthApp.TinyUrl" name="Verify" time="15.821"/>
  <system-out/>
  <testcase classname="healthApp.TinyUrl" name="precriptionClick" time="5.815"/>
  <system-out/>
</testsuite> <!-- healthApp.TinyUrl -->
