<?xml version="1.0" encoding="UTF-8"?>
<!-- Generated by org.testng.reporters.JUnitReportReporter -->
<testsuite hostname="CopiousCare" failures="0" tests="7" name="webAuto.ImmunizationBasicRecord" time="52.592" errors="0" timestamp="2024-11-14T16:29:02 IST" skipped="0">
  <testcase classname="webAuto.ImmunizationBasicRecord" name="numberField" time="0.173"/>
  <system-out/>
  <testcase classname="webAuto.ImmunizationBasicRecord" name="sendOTP" time="8.403"/>
  <system-out/>
  <testcase classname="webAuto.ImmunizationBasicRecord" name="verifyButton" time="10.207"/>
  <system-out/>
  <testcase classname="webAuto.ImmunizationBasicRecord" name="searchBar" time="0.555"/>
  <system-out/>
  <testcase classname="webAuto.ImmunizationBasicRecord" name="searchOpt" time="3.159"/>
  <system-out/>
  <testcase classname="webAuto.ImmunizationBasicRecord" name="clickPatient" time="10.180"/>
  <system-out/>
  <testcase classname="webAuto.ImmunizationBasicRecord" name="HealthProfile" time="19.915"/>
  <system-out/>
</testsuite> <!-- webAuto.ImmunizationBasicRecord -->
