<?xml version="1.0" encoding="UTF-8"?>
<!-- Generated by org.testng.reporters.JUnitReportReporter -->
<testsuite hostname="CopiousCare" failures="0" tests="7" name="webAutoQueue.InvestigationReport" time="52.836" errors="0" timestamp="2024-04-29T14:36:12 IST" skipped="0">
  <testcase classname="webAutoQueue.InvestigationReport" name="numberField" time="0.101"/>
  <system-out/>
  <testcase classname="webAutoQueue.InvestigationReport" name="sendOTP" time="7.598"/>
  <system-out/>
  <testcase classname="webAutoQueue.InvestigationReport" name="verifyButton" time="10.065"/>
  <system-out/>
  <testcase classname="webAutoQueue.InvestigationReport" name="searchBar" time="0.359"/>
  <system-out/>
  <testcase classname="webAutoQueue.InvestigationReport" name="searchOpt" time="3.072"/>
  <system-out/>
  <testcase classname="webAutoQueue.InvestigationReport" name="clickPatient" time="10.142"/>
  <system-out/>
  <testcase classname="webAutoQueue.InvestigationReport" name="Investigation" time="21.499"/>
  <system-out/>
</testsuite> <!-- webAutoQueue.InvestigationReport -->
