<?xml version="1.0" encoding="UTF-8"?>
<!-- Generated by org.testng.reporters.JUnitReportReporter -->
<testsuite hostname="DESKTOP-VQLLA2K" failures="0" tests="83" name="healthApp.HealthEndToEndScript" time="658.339" errors="0" timestamp="2023-12-28T10:39:41 IST" skipped="0">
  <testcase classname="healthApp.HealthEndToEndScript" name="NumberField" time="16.705"/>
  <testcase classname="healthApp.HealthEndToEndScript" name="BfSuite" time="3.388"/>
  <testcase classname="healthApp.HealthEndToEndScript" name="IAgree" time="2.109"/>
  <testcase classname="healthApp.HealthEndToEndScript" name="proceedButton" time="5.340"/>
  <testcase classname="healthApp.HealthEndToEndScript" name="OTP" time="16.111"/>
  <testcase classname="healthApp.HealthEndToEndScript" name="Verify" time="15.939"/>
  <testcase classname="healthApp.HealthEndToEndScript" name="Family" time="5.791"/>
  <testcase classname="healthApp.HealthEndToEndScript" name="AddFamilyMember" time="6.493"/>
  <testcase classname="healthApp.HealthEndToEndScript" name="FirstName" time="5.849"/>
  <testcase classname="healthApp.HealthEndToEndScript" name="MiddleName" time="5.336"/>
  <testcase classname="healthApp.HealthEndToEndScript" name="Birthdate" time="10.638"/>
  <testcase classname="healthApp.HealthEndToEndScript" name="Male" time="5.336"/>
  <testcase classname="healthApp.HealthEndToEndScript" name="SaveAndNext" time="10.586"/>
  <testcase classname="healthApp.HealthEndToEndScript" name="SelectClick" time="6.157"/>
  <testcase classname="healthApp.HealthEndToEndScript" name="SelectOther" time="5.367"/>
  <testcase classname="healthApp.HealthEndToEndScript" name="Next" time="6.101"/>
  <testcase classname="healthApp.HealthEndToEndScript" name="LinkDr" time="2.652"/>
  <testcase classname="healthApp.HealthEndToEndScript" name="AddtionalInformation" time="2.540"/>
  <testcase classname="healthApp.HealthEndToEndScript" name="MedicalConditionAdd" time="3.796"/>
  <testcase classname="healthApp.HealthEndToEndScript" name="MedicalConditionSelect" time="4.274"/>
  <testcase classname="healthApp.HealthEndToEndScript" name="AddMedicalCondition" time="2.393"/>
  <testcase classname="healthApp.HealthEndToEndScript" name="Allergies" time="2.284"/>
  <testcase classname="healthApp.HealthEndToEndScript" name="Reactions" time="2.301"/>
  <testcase classname="healthApp.HealthEndToEndScript" name="RecurringComplaints" time="2.800"/>
  <testcase classname="healthApp.HealthEndToEndScript" name="HospitalizationHistory" time="2.790"/>
  <testcase classname="healthApp.HealthEndToEndScript" name="HealthHistory" time="2.300"/>
  <testcase classname="healthApp.HealthEndToEndScript" name="GeneticdisoredrAdd" time="3.983"/>
  <testcase classname="healthApp.HealthEndToEndScript" name="GeneticdisoredrSelect" time="12.946"/>
  <testcase classname="healthApp.HealthEndToEndScript" name="AddGeneticdisoredr" time="2.474"/>
  <testcase classname="healthApp.HealthEndToEndScript" name="helathNext" time="2.268"/>
  <testcase classname="healthApp.HealthEndToEndScript" name="FamailyNedicalHistory" time="8.256"/>
  <testcase classname="healthApp.HealthEndToEndScript" name="EnterDisorders" time="10.103"/>
  <testcase classname="healthApp.HealthEndToEndScript" name="FathersName" time="3.461"/>
  <testcase classname="healthApp.HealthEndToEndScript" name="MothersName" time="19.568"/>
  <testcase classname="healthApp.HealthEndToEndScript" name="BookAppointment" time="6.512"/>
  <testcase classname="healthApp.HealthEndToEndScript" name="SelectFamilyMember" time="2.269"/>
  <testcase classname="healthApp.HealthEndToEndScript" name="SelectDoctor" time="5.342"/>
  <testcase classname="healthApp.HealthEndToEndScript" name="Doctor" time="5.224"/>
  <testcase classname="healthApp.HealthEndToEndScript" name="DateClick" time="5.421"/>
  <testcase classname="healthApp.HealthEndToEndScript" name="Time" time="5.574"/>
  <testcase classname="healthApp.HealthEndToEndScript" name="PurposeVisit" time="32.510"/>
  <testcase classname="healthApp.HealthEndToEndScript" name="CreateAppointment" time="5.362"/>
  <testcase classname="healthApp.HealthEndToEndScript" name="Done" time="5.238"/>
  <testcase classname="healthApp.HealthEndToEndScript" name="SelectFamilyMember2" time="10.714"/>
  <testcase classname="healthApp.HealthEndToEndScript" name="AddButton1" time="5.444"/>
  <testcase classname="healthApp.HealthEndToEndScript" name="GrowthRecord1" time="5.610"/>
  <testcase classname="healthApp.HealthEndToEndScript" name="Vital" time="13.506"/>
  <testcase classname="healthApp.HealthEndToEndScript" name="UploadDoc" time="16.024"/>
  <testcase classname="healthApp.HealthEndToEndScript" name="DocumentsDropDown" time="5.765"/>
  <testcase classname="healthApp.HealthEndToEndScript" name="DischargeSummary" time="2.254"/>
  <testcase classname="healthApp.HealthEndToEndScript" name="CreatedBy" time="2.247"/>
  <testcase classname="healthApp.HealthEndToEndScript" name="DocumentOn" time="2.272"/>
  <testcase classname="healthApp.HealthEndToEndScript" name="popUpOk" time="4.493"/>
  <testcase classname="healthApp.HealthEndToEndScript" name="Camera" time="17.084"/>
  <testcase classname="healthApp.HealthEndToEndScript" name="UploadCam" time="7.287"/>
  <testcase classname="healthApp.HealthEndToEndScript" name="UploadCamOk" time="10.722"/>
  <testcase classname="healthApp.HealthEndToEndScript" name="UploadDocuments1" time="2.954"/>
  <testcase classname="healthApp.HealthEndToEndScript" name="DocumentsDropDown1" time="5.233"/>
  <testcase classname="healthApp.HealthEndToEndScript" name="DischargeSummary1" time="2.236"/>
  <testcase classname="healthApp.HealthEndToEndScript" name="CreatedBy1" time="2.754"/>
  <testcase classname="healthApp.HealthEndToEndScript" name="DocumentOn1" time="2.242"/>
  <testcase classname="healthApp.HealthEndToEndScript" name="popUpOk1" time="2.278"/>
  <testcase classname="healthApp.HealthEndToEndScript" name="Gallery" time="2.262"/>
  <testcase classname="healthApp.HealthEndToEndScript" name="photo" time="10.302"/>
  <testcase classname="healthApp.HealthEndToEndScript" name="Upload" time="2.337"/>
  <testcase classname="healthApp.HealthEndToEndScript" name="UploadOk" time="12.358"/>
  <testcase classname="healthApp.HealthEndToEndScript" name="AddButton4" time="10.462"/>
  <testcase classname="healthApp.HealthEndToEndScript" name="BookLabTest11" time="5.491"/>
  <testcase classname="healthApp.HealthEndToEndScript" name="SelectLab" time="5.292"/>
  <testcase classname="healthApp.HealthEndToEndScript" name="ClickLab" time="5.312"/>
  <testcase classname="healthApp.HealthEndToEndScript" name="Comments" time="5.260"/>
  <testcase classname="healthApp.HealthEndToEndScript" name="VaccineLabel" time="16.851"/>
  <testcase classname="healthApp.HealthEndToEndScript" name="BookLabTest1" time="5.301"/>
  <testcase classname="healthApp.HealthEndToEndScript" name="Done2" time="5.246"/>
  <testcase classname="healthApp.HealthEndToEndScript" name="SelectFamilyMember3" time="10.741"/>
  <testcase classname="healthApp.HealthEndToEndScript" name="Immunization" time="5.464"/>
  <testcase classname="healthApp.HealthEndToEndScript" name="Birth" time="30.729"/>
  <testcase classname="healthApp.HealthEndToEndScript" name="PopUpOk" time="16.970"/>
  <testcase classname="healthApp.HealthEndToEndScript" name="AddButton2" time="21.735"/>
  <testcase classname="healthApp.HealthEndToEndScript" name="AllVisits" time="5.544"/>
  <testcase classname="healthApp.HealthEndToEndScript" name="AddVitalsClick" time="5.473"/>
  <testcase classname="healthApp.HealthEndToEndScript" name="AddVitals" time="35.175"/>
  <testcase classname="healthApp.HealthEndToEndScript" name="LipidProfile" time="27.028"/>
</testsuite> <!-- healthApp.HealthEndToEndScript -->
