<?xml version="1.0" encoding="UTF-8"?>
<!-- Generated by org.testng.reporters.JUnitReportReporter -->
<testsuite hostname="CopiousCare" failures="0" tests="8" name="webAutoQueue.ViewCertificateInAllDocQ" time="57.871" errors="0" timestamp="2024-04-29T15:29:44 IST" skipped="0">
  <testcase classname="webAutoQueue.ViewCertificateInAllDocQ" name="numberField" time="0.116"/>
  <system-out/>
  <testcase classname="webAutoQueue.ViewCertificateInAllDocQ" name="sendOTP" time="7.562"/>
  <system-out/>
  <testcase classname="webAutoQueue.ViewCertificateInAllDocQ" name="verifyButton" time="10.069"/>
  <system-out/>
  <testcase classname="webAutoQueue.ViewCertificateInAllDocQ" name="searchBar" time="0.363"/>
  <system-out/>
  <testcase classname="webAutoQueue.ViewCertificateInAllDocQ" name="searchOpt" time="3.074"/>
  <system-out/>
  <testcase classname="webAutoQueue.ViewCertificateInAllDocQ" name="clickPatient" time="10.127"/>
  <system-out/>
  <testcase classname="webAutoQueue.ViewCertificateInAllDocQ" name="Document" time="0.096"/>
  <system-out/>
  <testcase classname="webAutoQueue.ViewCertificateInAllDocQ" name="AllDocuments" time="26.464"/>
  <system-out/>
</testsuite> <!-- webAutoQueue.ViewCertificateInAllDocQ -->
