<?xml version="1.0" encoding="UTF-8"?>
<!-- Generated by org.testng.reporters.JUnitReportReporter -->
<testsuite hostname="CopiousCare" failures="0" tests="7" name="webAuto.ImmunizationBasicRecord" time="58.133" errors="0" timestamp="2024-04-01T16:55:45 IST" skipped="0">
  <testcase classname="webAuto.ImmunizationBasicRecord" name="numberField" time="0.102"/>
  <system-out/>
  <testcase classname="webAuto.ImmunizationBasicRecord" name="sendOTP" time="7.577"/>
  <system-out/>
  <testcase classname="webAuto.ImmunizationBasicRecord" name="verifyButton" time="10.081"/>
  <system-out/>
  <testcase classname="webAuto.ImmunizationBasicRecord" name="searchBar" time="0.394"/>
  <system-out/>
  <testcase classname="webAuto.ImmunizationBasicRecord" name="searchOpt" time="3.076"/>
  <system-out/>
  <testcase classname="webAuto.ImmunizationBasicRecord" name="clickPatient" time="10.149"/>
  <system-out/>
  <testcase classname="webAuto.ImmunizationBasicRecord" name="HealthProfile" time="26.754"/>
  <system-out/>
</testsuite> <!-- webAuto.ImmunizationBasicRecord -->
