<?xml version="1.0" encoding="UTF-8"?>
<!-- Generated by org.testng.reporters.JUnitReportReporter -->
<testsuite hostname="DESKTOP-VQLLA2K" failures="0" tests="173" name="pivotalApplication.PivoFin1" time="1075.876" errors="0" timestamp="2023-12-22T09:32:06 IST" skipped="0">
  <testcase classname="pivotalApplication.PivoFin1" name="NumberField" time="1.019"/>
  <testcase classname="pivotalApplication.PivoFin1" name="IAgree" time="2.072"/>
  <testcase classname="pivotalApplication.PivoFin1" name="proceedButton" time="2.565"/>
  <testcase classname="pivotalApplication.PivoFin1" name="OTP" time="11.144"/>
  <testcase classname="pivotalApplication.PivoFin1" name="submit" time="8.457"/>
  <testcase classname="pivotalApplication.PivoFin1" name="Createptient" time="4.524"/>
  <testcase classname="pivotalApplication.PivoFin1" name="Neweptient" time="12.404"/>
  <testcase classname="pivotalApplication.PivoFin1" name="Close" time="5.048"/>
  <testcase classname="pivotalApplication.PivoFin1" name="MobileNumber1" time="3.031"/>
  <testcase classname="pivotalApplication.PivoFin1" name="confirm" time="4.513"/>
  <testcase classname="pivotalApplication.PivoFin1" name="confirmPopup" time="5.005"/>
  <testcase classname="pivotalApplication.PivoFin1" name="AdditionalNumber1" time="2.534"/>
  <testcase classname="pivotalApplication.PivoFin1" name="FirstName" time="5.034"/>
  <testcase classname="pivotalApplication.PivoFin1" name="MiddleName" time="5.152"/>
  <testcase classname="pivotalApplication.PivoFin1" name="LastName" time="4.969"/>
  <testcase classname="pivotalApplication.PivoFin1" name="BirthCalender" time="5.290"/>
  <testcase classname="pivotalApplication.PivoFin1" name="Birthok" time="4.436"/>
  <testcase classname="pivotalApplication.PivoFin1" name="GenFemale" time="4.436"/>
  <testcase classname="pivotalApplication.PivoFin1" name="Address" time="2.431"/>
  <testcase classname="pivotalApplication.PivoFin1" name="Area" time="2.932"/>
  <testcase classname="pivotalApplication.PivoFin1" name="City" time="2.431"/>
  <testcase classname="pivotalApplication.PivoFin1" name="PinCode" time="3.035"/>
  <testcase classname="pivotalApplication.PivoFin1" name="Next" time="15.539"/>
  <testcase classname="pivotalApplication.PivoFin1" name="ContinueProfile" time="10.658"/>
  <testcase classname="pivotalApplication.PivoFin1" name="TypeOfDelivery" time="2.433"/>
  <testcase classname="pivotalApplication.PivoFin1" name="TypeOfDeliveryNormal" time="2.651"/>
  <testcase classname="pivotalApplication.PivoFin1" name="weightl" time="2.754"/>
  <testcase classname="pivotalApplication.PivoFin1" name="Heightl" time="2.380"/>
  <testcase classname="pivotalApplication.PivoFin1" name="HC" time="2.498"/>
  <testcase classname="pivotalApplication.PivoFin1" name="CC" time="2.457"/>
  <testcase classname="pivotalApplication.PivoFin1" name="BPSYS" time="2.385"/>
  <testcase classname="pivotalApplication.PivoFin1" name="BPDia" time="2.365"/>
  <testcase classname="pivotalApplication.PivoFin1" name="BloodGroup" time="2.427"/>
  <testcase classname="pivotalApplication.PivoFin1" name="BloodGroupA" time="3.429"/>
  <testcase classname="pivotalApplication.PivoFin1" name="BirthHistoryNext" time="7.616"/>
  <testcase classname="pivotalApplication.PivoFin1" name="MedicalConditionAdd" time="3.768"/>
  <testcase classname="pivotalApplication.PivoFin1" name="MedicalConditionSelect" time="4.000"/>
  <testcase classname="pivotalApplication.PivoFin1" name="AddMedicalCondition" time="3.433"/>
  <testcase classname="pivotalApplication.PivoFin1" name="Allergies" time="2.972"/>
  <testcase classname="pivotalApplication.PivoFin1" name="Reactions" time="2.831"/>
  <testcase classname="pivotalApplication.PivoFin1" name="RecurringComplaints" time="2.824"/>
  <testcase classname="pivotalApplication.PivoFin1" name="HospitalizationHistory" time="2.994"/>
  <testcase classname="pivotalApplication.PivoFin1" name="HealthHistory" time="2.356"/>
  <testcase classname="pivotalApplication.PivoFin1" name="GeneticdisoredrAdd" time="4.171"/>
  <testcase classname="pivotalApplication.PivoFin1" name="GeneticdisoredrSelect" time="13.014"/>
  <testcase classname="pivotalApplication.PivoFin1" name="AddGeneticdisoredr" time="2.518"/>
  <testcase classname="pivotalApplication.PivoFin1" name="OtherEmailId" time="2.854"/>
  <testcase classname="pivotalApplication.PivoFin1" name="helathNext" time="2.615"/>
  <testcase classname="pivotalApplication.PivoFin1" name="FathersName" time="3.001"/>
  <testcase classname="pivotalApplication.PivoFin1" name="MothersName" time="2.780"/>
  <testcase classname="pivotalApplication.PivoFin1" name="Fatherheight" time="7.712"/>
  <testcase classname="pivotalApplication.PivoFin1" name="Mothersheight" time="5.632"/>
  <testcase classname="pivotalApplication.PivoFin1" name="FamailyMedicalHistory" time="9.839"/>
  <testcase classname="pivotalApplication.PivoFin1" name="EnterDisorders" time="15.898"/>
  <testcase classname="pivotalApplication.PivoFin1" name="AddVital" time="5.839"/>
  <testcase classname="pivotalApplication.PivoFin1" name="weight" time="0.373"/>
  <testcase classname="pivotalApplication.PivoFin1" name="Height" time="6.398"/>
  <testcase classname="pivotalApplication.PivoFin1" name="HC1" time="5.546"/>
  <testcase classname="pivotalApplication.PivoFin1" name="CC1" time="5.446"/>
  <testcase classname="pivotalApplication.PivoFin1" name="Temperature" time="5.373"/>
  <testcase classname="pivotalApplication.PivoFin1" name="SPO2" time="11.649"/>
  <testcase classname="pivotalApplication.PivoFin1" name="UpArrow" time="10.835"/>
  <testcase classname="pivotalApplication.PivoFin1" name="BPSYS1" time="5.379"/>
  <testcase classname="pivotalApplication.PivoFin1" name="BPDIA" time="5.852"/>
  <testcase classname="pivotalApplication.PivoFin1" name="HeartRate" time="6.381"/>
  <testcase classname="pivotalApplication.PivoFin1" name="Pulse" time="11.923"/>
  <testcase classname="pivotalApplication.PivoFin1" name="BloodSugar" time="10.862"/>
  <testcase classname="pivotalApplication.PivoFin1" name="BloodSugarf" time="5.793"/>
  <testcase classname="pivotalApplication.PivoFin1" name="BloodSugarPP" time="5.292"/>
  <testcase classname="pivotalApplication.PivoFin1" name="BloodSugarHB" time="17.684"/>
  <testcase classname="pivotalApplication.PivoFin1" name="CholesterolHDL" time="5.860"/>
  <testcase classname="pivotalApplication.PivoFin1" name="CholesterolLDL" time="5.922"/>
  <testcase classname="pivotalApplication.PivoFin1" name="TotalCholesterol" time="6.052"/>
  <testcase classname="pivotalApplication.PivoFin1" name="Triglycerides" time="6.095"/>
  <testcase classname="pivotalApplication.PivoFin1" name="Save" time="6.754"/>
  <testcase classname="pivotalApplication.PivoFin1" name="Appointment" time="23.226"/>
  <testcase classname="pivotalApplication.PivoFin1" name="SlotTime" time="43.884"/>
  <testcase classname="pivotalApplication.PivoFin1" name="VideoCheckBox" time="2.321"/>
  <testcase classname="pivotalApplication.PivoFin1" name="Book" time="7.672"/>
  <testcase classname="pivotalApplication.PivoFin1" name="AppointmentBookedPopup" time="16.891"/>
  <testcase classname="pivotalApplication.PivoFin1" name="ClickPatient" time="3.155"/>
  <testcase classname="pivotalApplication.PivoFin1" name="prescription" time="2.821"/>
  <testcase classname="pivotalApplication.PivoFin1" name="ComplaintAndDiagnosis" time="2.578"/>
  <testcase classname="pivotalApplication.PivoFin1" name="AddChiefComplaints" time="2.444"/>
  <testcase classname="pivotalApplication.PivoFin1" name="Fever" time="4.236"/>
  <testcase classname="pivotalApplication.PivoFin1" name="Details" time="2.485"/>
  <testcase classname="pivotalApplication.PivoFin1" name="mild" time="2.513"/>
  <testcase classname="pivotalApplication.PivoFin1" name="moreSymptoms" time="2.479"/>
  <testcase classname="pivotalApplication.PivoFin1" name="Since2Days" time="2.318"/>
  <testcase classname="pivotalApplication.PivoFin1" name="AddComplaint" time="2.323"/>
  <testcase classname="pivotalApplication.PivoFin1" name="AddWorkingDiagnosis" time="2.981"/>
  <testcase classname="pivotalApplication.PivoFin1" name="AcuteUrti" time="5.314"/>
  <testcase classname="pivotalApplication.PivoFin1" name="AddDiagnosis" time="2.378"/>
  <testcase classname="pivotalApplication.PivoFin1" name="Medicine" time="2.479"/>
  <testcase classname="pivotalApplication.PivoFin1" name="TapToAddMedicine" time="2.475"/>
  <testcase classname="pivotalApplication.PivoFin1" name="SearchMedDolo" time="6.825"/>
  <testcase classname="pivotalApplication.PivoFin1" name="AddToPrescription" time="2.314"/>
  <testcase classname="pivotalApplication.PivoFin1" name="ClickFavourite" time="2.488"/>
  <testcase classname="pivotalApplication.PivoFin1" name="ClickFavoutiteDropdown" time="2.478"/>
  <testcase classname="pivotalApplication.PivoFin1" name="ClickFavoutiteMedDrp" time="2.220"/>
  <testcase classname="pivotalApplication.PivoFin1" name="ClickFavoutiteMedicine" time="2.397"/>
  <testcase classname="pivotalApplication.PivoFin1" name="CopyMedicine" time="3.203"/>
  <testcase classname="pivotalApplication.PivoFin1" name="popularClick" time="3.069"/>
  <testcase classname="pivotalApplication.PivoFin1" name="popularMedicineClick" time="4.404"/>
  <testcase classname="pivotalApplication.PivoFin1" name="popularCopyMedicine" time="5.308"/>
  <testcase classname="pivotalApplication.PivoFin1" name="DietAndNutrition" time="4.937"/>
  <testcase classname="pivotalApplication.PivoFin1" name="DietAndNutritionAdd" time="2.630"/>
  <testcase classname="pivotalApplication.PivoFin1" name="DietAdvice" time="2.755"/>
  <testcase classname="pivotalApplication.PivoFin1" name="AddDietAdvice" time="2.376"/>
  <testcase classname="pivotalApplication.PivoFin1" name="GeneralInstructions" time="2.473"/>
  <testcase classname="pivotalApplication.PivoFin1" name="GeneralInstructionsAdd" time="2.339"/>
  <testcase classname="pivotalApplication.PivoFin1" name="InstructionsAdd" time="2.502"/>
  <testcase classname="pivotalApplication.PivoFin1" name="Instructions" time="2.569"/>
  <testcase classname="pivotalApplication.PivoFin1" name="NextFollowup" time="4.484"/>
  <testcase classname="pivotalApplication.PivoFin1" name="NextFollowupCln7der" time="2.607"/>
  <testcase classname="pivotalApplication.PivoFin1" name="NextOk" time="2.355"/>
  <testcase classname="pivotalApplication.PivoFin1" name="NextVistTab" time="2.416"/>
  <testcase classname="pivotalApplication.PivoFin1" name="PreviewPrescription" time="2.418"/>
  <testcase classname="pivotalApplication.PivoFin1" name="SaveAndShare" time="10.988"/>
  <testcase classname="pivotalApplication.PivoFin1" name="DownloadBack" time="25.369"/>
  <testcase classname="pivotalApplication.PivoFin1" name="ImmunizationClick" time="2.782"/>
  <testcase classname="pivotalApplication.PivoFin1" name="AtBirth" time="2.936"/>
  <testcase classname="pivotalApplication.PivoFin1" name="AddVaccine" time="2.512"/>
  <testcase classname="pivotalApplication.PivoFin1" name="SelectBrand" time="3.644"/>
  <testcase classname="pivotalApplication.PivoFin1" name="SelectDate" time="10.660"/>
  <testcase classname="pivotalApplication.PivoFin1" name="VaccineLabel" time="48.744"/>
  <testcase classname="pivotalApplication.PivoFin1" name="BulkUpdate" time="8.184"/>
  <testcase classname="pivotalApplication.PivoFin1" name="PCV" time="4.953"/>
  <testcase classname="pivotalApplication.PivoFin1" name="IPV" time="8.175"/>
  <testcase classname="pivotalApplication.PivoFin1" name="Rotavirus" time="6.602"/>
  <testcase classname="pivotalApplication.PivoFin1" name="AddToSchedule" time="6.919"/>
  <testcase classname="pivotalApplication.PivoFin1" name="BulkUpdate1" time="10.788"/>
  <testcase classname="pivotalApplication.PivoFin1" name="TransScript" time="5.806"/>
  <testcase classname="pivotalApplication.PivoFin1" name="CreatedBy" time="17.158"/>
  <testcase classname="pivotalApplication.PivoFin1" name="DocumentOn" time="7.605"/>
  <testcase classname="pivotalApplication.PivoFin1" name="popoupOk" time="4.617"/>
  <testcase classname="pivotalApplication.PivoFin1" name="Gallaries" time="2.694"/>
  <testcase classname="pivotalApplication.PivoFin1" name="GallariesPhoto" time="11.117"/>
  <testcase classname="pivotalApplication.PivoFin1" name="Upload" time="8.778"/>
  <testcase classname="pivotalApplication.PivoFin1" name="UploadOk" time="7.277"/>
  <testcase classname="pivotalApplication.PivoFin1" name="TransScript1" time="67.571"/>
  <testcase classname="pivotalApplication.PivoFin1" name="ImmunizationGovClick" time="2.843"/>
  <testcase classname="pivotalApplication.PivoFin1" name="BulkCancel" time="5.650"/>
  <testcase classname="pivotalApplication.PivoFin1" name="opvO" time="12.314"/>
  <testcase classname="pivotalApplication.PivoFin1" name="SaveVaccine" time="8.478"/>
  <testcase classname="pivotalApplication.PivoFin1" name="IPV1" time="2.623"/>
  <testcase classname="pivotalApplication.PivoFin1" name="SaveVaccine1" time="4.876"/>
  <testcase classname="pivotalApplication.PivoFin1" name="HepB" time="2.578"/>
  <testcase classname="pivotalApplication.PivoFin1" name="SaveVaccine2" time="2.251"/>
  <testcase classname="pivotalApplication.PivoFin1" name="Transscript" time="3.379"/>
  <testcase classname="pivotalApplication.PivoFin1" name="CreatedBy2" time="2.390"/>
  <testcase classname="pivotalApplication.PivoFin1" name="DocumentOn2" time="2.265"/>
  <testcase classname="pivotalApplication.PivoFin1" name="popUpOk" time="2.287"/>
  <testcase classname="pivotalApplication.PivoFin1" name="Camera" time="13.745"/>
  <testcase classname="pivotalApplication.PivoFin1" name="UploadCam" time="2.308"/>
  <testcase classname="pivotalApplication.PivoFin1" name="UploadCamOk" time="3.175"/>
  <testcase classname="pivotalApplication.PivoFin1" name="Transscript1" time="3.015"/>
  <testcase classname="pivotalApplication.PivoFin1" name="CreatedBy1" time="2.937"/>
  <testcase classname="pivotalApplication.PivoFin1" name="DocumentOn1" time="2.369"/>
  <testcase classname="pivotalApplication.PivoFin1" name="popUpOk1" time="2.981"/>
  <testcase classname="pivotalApplication.PivoFin1" name="Gallery" time="2.266"/>
  <testcase classname="pivotalApplication.PivoFin1" name="photo" time="10.277"/>
  <testcase classname="pivotalApplication.PivoFin1" name="Upload1" time="2.314"/>
  <testcase classname="pivotalApplication.PivoFin1" name="UploadOk1" time="8.851"/>
  <testcase classname="pivotalApplication.PivoFin1" name="ImmunizationClick1" time="3.021"/>
  <testcase classname="pivotalApplication.PivoFin1" name="Records" time="5.442"/>
  <testcase classname="pivotalApplication.PivoFin1" name="Certificates" time="5.425"/>
  <testcase classname="pivotalApplication.PivoFin1" name="SelectVaciines" time="5.254"/>
  <testcase classname="pivotalApplication.PivoFin1" name="Proceed" time="5.499"/>
  <testcase classname="pivotalApplication.PivoFin1" name="SpecialityDropdown" time="5.300"/>
  <testcase classname="pivotalApplication.PivoFin1" name="DefaultV3" time="5.159"/>
  <testcase classname="pivotalApplication.PivoFin1" name="Preview" time="5.313"/>
  <testcase classname="pivotalApplication.PivoFin1" name="Print" time="26.298"/>
</testsuite> <!-- pivotalApplication.PivoFin1 -->
