<?xml version="1.0" encoding="UTF-8"?>
<!-- Generated by org.testng.reporters.JUnitReportReporter -->
<testsuite hostname="CopiousCare" failures="0" tests="14" name="healthApp.HealthChat" time="102.115" errors="0" timestamp="2024-04-24T16:06:54 IST" skipped="0">
  <testcase classname="healthApp.HealthChat" name="BfSuite" time="2.755"/>
  <system-out/>
  <testcase classname="healthApp.HealthChat" name="NumberField" time="11.831"/>
  <system-out/>
  <testcase classname="healthApp.HealthChat" name="IAgree" time="2.144"/>
  <system-out/>
  <testcase classname="healthApp.HealthChat" name="proceedButton" time="5.316"/>
  <system-out/>
  <testcase classname="healthApp.HealthChat" name="OTP" time="15.989"/>
  <system-out/>
  <testcase classname="healthApp.HealthChat" name="Verify" time="2.761"/>
  <system-out/>
  <testcase classname="healthApp.HealthChat" name="Chats" time="9.021"/>
  <system-out/>
  <testcase classname="healthApp.HealthChat" name="SelectFamilyMember" time="7.375"/>
  <system-out/>
  <testcase classname="healthApp.HealthChat" name="clickCamera" time="7.345"/>
  <system-out/>
  <testcase classname="healthApp.HealthChat" name="CameraAllow" time="7.312"/>
  <system-out/>
  <testcase classname="healthApp.HealthChat" name="CameraClick" time="7.451"/>
  <system-out/>
  <testcase classname="healthApp.HealthChat" name="OkClick" time="7.386"/>
  <system-out/>
  <testcase classname="healthApp.HealthChat" name="TypeMessage" time="7.961"/>
  <system-out/>
  <testcase classname="healthApp.HealthChat" name="SendButton" time="7.468"/>
  <system-out/>
</testsuite> <!-- healthApp.HealthChat -->
