<?xml version="1.0" encoding="UTF-8"?>
<!-- Generated by org.testng.reporters.JUnitReportReporter -->
<testsuite hostname="CopiousCare" failures="0" tests="38" name="webAutoQueue.OverviewQ" time="389.514" errors="0" timestamp="2024-04-29T14:52:25 IST" skipped="0">
  <testcase classname="webAutoQueue.OverviewQ" name="numberField" time="0.114"/>
  <system-out/>
  <testcase classname="webAutoQueue.OverviewQ" name="sendOTP" time="11.506"/>
  <system-out/>
  <testcase classname="webAutoQueue.OverviewQ" name="verifyButton" time="10.063"/>
  <system-out/>
  <testcase classname="webAutoQueue.OverviewQ" name="createPatient" time="0.448"/>
  <system-out/>
  <testcase classname="webAutoQueue.OverviewQ" name="Number1" time="0.199"/>
  <system-out/>
  <testcase classname="webAutoQueue.OverviewQ" name="confirm" time="2.181"/>
  <system-out/>
  <testcase classname="webAutoQueue.OverviewQ" name="number2" time="0.198"/>
  <system-out/>
  <testcase classname="webAutoQueue.OverviewQ" name="firstName" time="0.102"/>
  <system-out/>
  <testcase classname="webAutoQueue.OverviewQ" name="middleName" time="0.113"/>
  <system-out/>
  <testcase classname="webAutoQueue.OverviewQ" name="lastName" time="0.111"/>
  <system-out/>
  <testcase classname="webAutoQueue.OverviewQ" name="birthDate" time="0.149"/>
  <system-out/>
  <testcase classname="webAutoQueue.OverviewQ" name="genFemale" time="0.052"/>
  <system-out/>
  <testcase classname="webAutoQueue.OverviewQ" name="address" time="0.138"/>
  <system-out/>
  <testcase classname="webAutoQueue.OverviewQ" name="locality" time="0.115"/>
  <system-out/>
  <testcase classname="webAutoQueue.OverviewQ" name="city" time="0.101"/>
  <system-out/>
  <testcase classname="webAutoQueue.OverviewQ" name="pinCode" time="0.224"/>
  <system-out/>
  <testcase classname="webAutoQueue.OverviewQ" name="nextButton" time="15.072"/>
  <system-out/>
  <testcase classname="webAutoQueue.OverviewQ" name="clickClose" time="0.842"/>
  <system-out/>
  <testcase classname="webAutoQueue.OverviewQ" name="fillVitalForm" time="15.782"/>
  <system-out/>
  <testcase classname="webAutoQueue.OverviewQ" name="fillHealthProfile" time="10.891"/>
  <system-out/>
  <testcase classname="webAutoQueue.OverviewQ" name="fillFamilyProfile" time="16.217"/>
  <system-out/>
  <testcase classname="webAutoQueue.OverviewQ" name="GoHome" time="0.118"/>
  <system-out/>
  <testcase classname="webAutoQueue.OverviewQ" name="searchBar2" time="57.209"/>
  <system-out/>
  <testcase classname="webAutoQueue.OverviewQ" name="AdVitals" time="3.688"/>
  <system-out/>
  <testcase classname="webAutoQueue.OverviewQ" name="AdBpandHeartOption" time="15.639"/>
  <system-out/>
  <testcase classname="webAutoQueue.OverviewQ" name="AdBloodAndAnalysis" time="15.626"/>
  <system-out/>
  <testcase classname="webAutoQueue.OverviewQ" name="AdLipidProfile" time="15.601"/>
  <system-out/>
  <testcase classname="webAutoQueue.OverviewQ" name="DischargeSummary" time="5.321"/>
  <system-out/>
  <testcase classname="webAutoQueue.OverviewQ" name="RecentVitals" time="5.298"/>
  <system-out/>
  <testcase classname="webAutoQueue.OverviewQ" name="VitalsGraph" time="81.674"/>
  <system-out/>
  <testcase classname="webAutoQueue.OverviewQ" name="Profile" time="5.421"/>
  <system-out/>
  <testcase classname="webAutoQueue.OverviewQ" name="EditPatientProfile" time="5.675"/>
  <system-out/>
  <testcase classname="webAutoQueue.OverviewQ" name="PatientProfile" time="5.188"/>
  <system-out/>
  <testcase classname="webAutoQueue.OverviewQ" name="Notes" time="15.260"/>
  <system-out/>
  <testcase classname="webAutoQueue.OverviewQ" name="LinkPatient" time="15.250"/>
  <system-out/>
  <testcase classname="webAutoQueue.OverviewQ" name="History" time="15.197"/>
  <system-out/>
  <testcase classname="webAutoQueue.OverviewQ" name="NewScreening" time="30.483"/>
  <system-out/>
  <testcase classname="webAutoQueue.OverviewQ" name="DeletePatient" time="12.248"/>
  <system-out/>
</testsuite> <!-- webAutoQueue.OverviewQ -->
