<?xml version="1.0" encoding="UTF-8"?>
<!-- Generated by org.testng.reporters.JUnitReportReporter -->
<testsuite hostname="CopiousCare" failures="0" tests="17" name="pivotalApplicationNegative.Nreferal" time="81.393" errors="0" timestamp="2024-04-22T14:11:31 IST" skipped="0">
  <testcase classname="pivotalApplicationNegative.Nreferal" name="NumberField" time="1.204"/>
  <system-out/>
  <testcase classname="pivotalApplicationNegative.Nreferal" name="BfSuite" time="1.210"/>
  <system-out/>
  <testcase classname="pivotalApplicationNegative.Nreferal" name="IAgree" time="2.171"/>
  <system-out/>
  <testcase classname="pivotalApplicationNegative.Nreferal" name="proceedButton" time="2.369"/>
  <system-out/>
  <testcase classname="pivotalApplicationNegative.Nreferal" name="OTP" time="11.104"/>
  <system-out/>
  <testcase classname="pivotalApplicationNegative.Nreferal" name="submit" time="13.176"/>
  <system-out/>
  <testcase classname="pivotalApplicationNegative.Nreferal" name="Search" time="8.108"/>
  <system-out/>
  <testcase classname="pivotalApplicationNegative.Nreferal" name="ClickPatient" time="3.901"/>
  <system-out/>
  <testcase classname="pivotalApplicationNegative.Nreferal" name="RffralCreation" time="3.176"/>
  <system-out/>
  <testcase classname="pivotalApplicationNegative.Nreferal" name="DrName" time="3.025"/>
  <system-out/>
  <testcase classname="pivotalApplicationNegative.Nreferal" name="DrEmail" time="2.799"/>
  <system-out/>
  <testcase classname="pivotalApplicationNegative.Nreferal" name="DrMobNumber" time="2.290"/>
  <system-out/>
  <testcase classname="pivotalApplicationNegative.Nreferal" name="HealthCondition" time="2.750"/>
  <system-out/>
  <testcase classname="pivotalApplicationNegative.Nreferal" name="Duration" time="8.455"/>
  <system-out/>
  <testcase classname="pivotalApplicationNegative.Nreferal" name="Speciality" time="7.879"/>
  <system-out/>
  <testcase classname="pivotalApplicationNegative.Nreferal" name="preview" time="2.524"/>
  <system-out/>
  <testcase classname="pivotalApplicationNegative.Nreferal" name="Save" time="5.252"/>
  <system-out/>
</testsuite> <!-- pivotalApplicationNegative.Nreferal -->
