<?xml version="1.0" encoding="UTF-8"?>
<!-- Generated by org.testng.reporters.JUnitReportReporter -->
<testsuite hostname="CopiousCare" failures="0" tests="12" name="pivotalApplication.PivoVaccineInventory" time="63.777" errors="1" timestamp="2024-07-30T15:32:14 IST" skipped="0">
  <testcase classname="pivotalApplication.PivoVaccineInventory" name="BfSuite" time="0.593"/>
  <system-out/>
  <testcase classname="pivotalApplication.PivoVaccineInventory" name="NumberField" time="1.742"/>
  <system-out/>
  <testcase classname="pivotalApplication.PivoVaccineInventory" name="IAgree" time="1.994"/>
  <system-out/>
  <testcase classname="pivotalApplication.PivoVaccineInventory" name="proceedButton" time="2.375"/>
  <system-out/>
  <testcase classname="pivotalApplication.PivoVaccineInventory" name="OTP" time="12.036"/>
  <system-out/>
  <testcase classname="pivotalApplication.PivoVaccineInventory" name="submit" time="0.520"/>
  <system-out/>
  <testcase classname="pivotalApplication.PivoVaccineInventory" name="close" time="13.188"/>
  <system-out/>
  <testcase classname="pivotalApplication.PivoVaccineInventory" name="menu" time="4.670"/>
  <system-out/>
  <testcase classname="pivotalApplication.PivoVaccineInventory" name="VccineInventory" time="4.413"/>
  <system-out/>
  <testcase classname="pivotalApplication.PivoVaccineInventory" name="NewStock" time="4.811"/>
  <system-out/>
  <testcase classname="pivotalApplication.PivoVaccineInventory" name="SearchBrand" time="17.282"/>
  <system-out/>
  <testcase classname="pivotalApplication.PivoVaccineInventory" name="SearchBrandOrCompany" time="0.153">
    <error message="Index 0 out of bounds for length 0" type="java.lang.IndexOutOfBoundsException">
      <![CDATA[java.lang.IndexOutOfBoundsException: Index 0 out of bounds for length 0
at java.base/jdk.internal.util.Preconditions.outOfBounds(Preconditions.java:64)
at java.base/jdk.internal.util.Preconditions.outOfBoundsCheckIndex(Preconditions.java:70)
at java.base/jdk.internal.util.Preconditions.checkIndex(Preconditions.java:266)
at java.base/java.util.Objects.checkIndex(Objects.java:361)
at java.base/java.util.ArrayList.get(ArrayList.java:427)
at pivotalApplication.PivoVaccineInventory.SearchBrandOrCompany(PivoVaccineInventory.java:163)
at java.base/jdk.internal.reflect.NativeMethodAccessorImpl.invoke0(Native Method)
at java.base/jdk.internal.reflect.NativeMethodAccessorImpl.invoke(NativeMethodAccessorImpl.java:77)
at java.base/jdk.internal.reflect.DelegatingMethodAccessorImpl.invoke(DelegatingMethodAccessorImpl.java:43)
at java.base/java.lang.reflect.Method.invoke(Method.java:568)
at org.testng.internal.MethodInvocationHelper.invokeMethod(MethodInvocationHelper.java:133)
at org.testng.internal.TestInvoker.invokeMethod(TestInvoker.java:598)
at org.testng.internal.TestInvoker.invokeTestMethod(TestInvoker.java:173)
at org.testng.internal.MethodRunner.runInSequence(MethodRunner.java:46)
at org.testng.internal.TestInvoker$MethodInvocationAgent.invoke(TestInvoker.java:824)
at org.testng.internal.TestInvoker.invokeTestMethods(TestInvoker.java:146)
at org.testng.internal.TestMethodWorker.invokeTestMethods(TestMethodWorker.java:146)
at org.testng.internal.TestMethodWorker.run(TestMethodWorker.java:128)
at java.base/java.util.ArrayList.forEach(ArrayList.java:1511)
at org.testng.TestRunner.privateRun(TestRunner.java:794)
at org.testng.TestRunner.run(TestRunner.java:596)
at org.testng.SuiteRunner.runTest(SuiteRunner.java:377)
at org.testng.SuiteRunner.runSequentially(SuiteRunner.java:371)
at org.testng.SuiteRunner.privateRun(SuiteRunner.java:332)
at org.testng.SuiteRunner.run(SuiteRunner.java:276)
at org.testng.SuiteRunnerWorker.runSuite(SuiteRunnerWorker.java:53)
at org.testng.SuiteRunnerWorker.run(SuiteRunnerWorker.java:96)
at org.testng.TestNG.runSuitesSequentially(TestNG.java:1212)
at org.testng.TestNG.runSuitesLocally(TestNG.java:1134)
at org.testng.TestNG.runSuites(TestNG.java:1063)
at org.testng.TestNG.run(TestNG.java:1031)
at org.testng.remote.AbstractRemoteTestNG.run(AbstractRemoteTestNG.java:115)
at org.testng.remote.RemoteTestNG.initAndRun(RemoteTestNG.java:251)
at org.testng.remote.RemoteTestNG.main(RemoteTestNG.java:77)
]]>
    </error>
  </testcase> <!-- SearchBrandOrCompany -->
  <system-out/>
</testsuite> <!-- pivotalApplication.PivoVaccineInventory -->
