<?xml version="1.0" encoding="UTF-8"?>
<!-- Generated by org.testng.reporters.JUnitReportReporter -->
<testsuite hostname="DESKTOP-VQLLA2K" failures="0" tests="19" name="webAuto.OPDEndToEndWorkFlow2" time="342.796" errors="0" timestamp="2023-12-22T11:41:51 IST" skipped="0">
  <testcase classname="webAuto.OPDEndToEndWorkFlow2" name="numberField" time="0.569"/>
  <testcase classname="webAuto.OPDEndToEndWorkFlow2" name="sendOTP" time="16.220"/>
  <testcase classname="webAuto.OPDEndToEndWorkFlow2" name="verifyButton" time="10.480"/>
  <testcase classname="webAuto.OPDEndToEndWorkFlow2" name="searchBar1" time="16.912"/>
  <testcase classname="webAuto.OPDEndToEndWorkFlow2" name="searchOpt" time="3.134"/>
  <testcase classname="webAuto.OPDEndToEndWorkFlow2" name="searchBar2" time="15.323"/>
  <testcase classname="webAuto.OPDEndToEndWorkFlow2" name="Investigation" time="29.934"/>
  <testcase classname="webAuto.OPDEndToEndWorkFlow2" name="Investigation1" time="36.218"/>
  <testcase classname="webAuto.OPDEndToEndWorkFlow2" name="HealthProfile" time="16.256"/>
  <testcase classname="webAuto.OPDEndToEndWorkFlow2" name="Document1" time="0.318"/>
  <testcase classname="webAuto.OPDEndToEndWorkFlow2" name="ReceiptOption" time="16.333"/>
  <testcase classname="webAuto.OPDEndToEndWorkFlow2" name="previewReceipt" time="31.421"/>
  <testcase classname="webAuto.OPDEndToEndWorkFlow2" name="cirtificateOption1" time="20.529"/>
  <testcase classname="webAuto.OPDEndToEndWorkFlow2" name="AllDocuments" time="16.863"/>
  <testcase classname="webAuto.OPDEndToEndWorkFlow2" name="Document2" time="0.236"/>
  <testcase classname="webAuto.OPDEndToEndWorkFlow2" name="cirtificateOption" time="33.439"/>
  <testcase classname="webAuto.OPDEndToEndWorkFlow2" name="cirtificateOption3" time="20.411"/>
  <testcase classname="webAuto.OPDEndToEndWorkFlow2" name="AllDocuments1" time="11.964"/>
  <testcase classname="webAuto.OPDEndToEndWorkFlow2" name="ReferralOption3" time="46.236"/>
</testsuite> <!-- webAuto.OPDEndToEndWorkFlow2 -->
