<?xml version="1.0" encoding="UTF-8"?>
<!-- Generated by org.testng.reporters.JUnitReportReporter -->
<testsuite hostname="CopiousCare" failures="0" tests="11" name="webAutoQueue.EditPatientProfile" time="80.917" errors="0" timestamp="2024-04-26T16:13:45 IST" skipped="0">
  <testcase classname="webAutoQueue.EditPatientProfile" name="numberField" time="0.110"/>
  <system-out/>
  <testcase classname="webAutoQueue.EditPatientProfile" name="sendOTP" time="7.561"/>
  <system-out/>
  <testcase classname="webAutoQueue.EditPatientProfile" name="verifyButton" time="10.066"/>
  <system-out/>
  <testcase classname="webAutoQueue.EditPatientProfile" name="searchBar" time="0.464"/>
  <system-out/>
  <testcase classname="webAutoQueue.EditPatientProfile" name="searchOpt" time="3.081"/>
  <system-out/>
  <testcase classname="webAutoQueue.EditPatientProfile" name="clickPatient" time="10.311"/>
  <system-out/>
  <testcase classname="webAutoQueue.EditPatientProfile" name="firstName" time="0.279"/>
  <system-out/>
  <testcase classname="webAutoQueue.EditPatientProfile" name="lastName" time="0.195"/>
  <system-out/>
  <testcase classname="webAutoQueue.EditPatientProfile" name="middleName" time="0.173"/>
  <system-out/>
  <testcase classname="webAutoQueue.EditPatientProfile" name="nextButton" time="15.110"/>
  <system-out/>
  <testcase classname="webAutoQueue.EditPatientProfile" name="fillVitalForm" time="33.567"/>
  <system-out/>
</testsuite> <!-- webAutoQueue.EditPatientProfile -->
