<?xml version="1.0" encoding="UTF-8"?>
<!-- Generated by org.testng.reporters.JUnitReportReporter -->
<testsuite hostname="CopiousCare" failures="0" tests="38" name="webAuto.NewOverView" time="359.270" errors="0" timestamp="2024-04-02T16:37:02 IST" skipped="0">
  <testcase classname="webAuto.NewOverView" name="numberField" time="0.190"/>
  <system-out/>
  <testcase classname="webAuto.NewOverView" name="sendOTP" time="11.741"/>
  <system-out/>
  <testcase classname="webAuto.NewOverView" name="verifyButton" time="10.098"/>
  <system-out/>
  <testcase classname="webAuto.NewOverView" name="createPatient" time="0.887"/>
  <system-out/>
  <testcase classname="webAuto.NewOverView" name="Number1" time="0.331"/>
  <system-out/>
  <testcase classname="webAuto.NewOverView" name="confirm" time="1.748"/>
  <system-out/>
  <testcase classname="webAuto.NewOverView" name="number2" time="0.168"/>
  <system-out/>
  <testcase classname="webAuto.NewOverView" name="firstName" time="0.110"/>
  <system-out/>
  <testcase classname="webAuto.NewOverView" name="middleName" time="0.147"/>
  <system-out/>
  <testcase classname="webAuto.NewOverView" name="lastName" time="0.105"/>
  <system-out/>
  <testcase classname="webAuto.NewOverView" name="birthDate" time="0.182"/>
  <system-out/>
  <testcase classname="webAuto.NewOverView" name="genFemale" time="0.055"/>
  <system-out/>
  <testcase classname="webAuto.NewOverView" name="address" time="0.138"/>
  <system-out/>
  <testcase classname="webAuto.NewOverView" name="locality" time="0.122"/>
  <system-out/>
  <testcase classname="webAuto.NewOverView" name="city" time="0.118"/>
  <system-out/>
  <testcase classname="webAuto.NewOverView" name="pinCode" time="0.245"/>
  <system-out/>
  <testcase classname="webAuto.NewOverView" name="nextButton" time="15.119"/>
  <system-out/>
  <testcase classname="webAuto.NewOverView" name="clickClose" time="0.886"/>
  <system-out/>
  <testcase classname="webAuto.NewOverView" name="fillVitalForm" time="16.138"/>
  <system-out/>
  <testcase classname="webAuto.NewOverView" name="fillHealthProfile" time="11.467"/>
  <system-out/>
  <testcase classname="webAuto.NewOverView" name="fillFamilyProfile" time="16.793"/>
  <system-out/>
  <testcase classname="webAuto.NewOverView" name="GoHome" time="0.172"/>
  <system-out/>
  <testcase classname="webAuto.NewOverView" name="searchBar2" time="21.215"/>
  <system-out/>
  <testcase classname="webAuto.NewOverView" name="AdVitals" time="3.712"/>
  <system-out/>
  <testcase classname="webAuto.NewOverView" name="AdBpandHeartOption" time="15.600"/>
  <system-out/>
  <testcase classname="webAuto.NewOverView" name="AdBloodAndAnalysis" time="16.104"/>
  <system-out/>
  <testcase classname="webAuto.NewOverView" name="AdLipidProfile" time="16.012"/>
  <system-out/>
  <testcase classname="webAuto.NewOverView" name="DischargeSummary" time="5.598"/>
  <system-out/>
  <testcase classname="webAuto.NewOverView" name="RecentVitals" time="5.326"/>
  <system-out/>
  <testcase classname="webAuto.NewOverView" name="VitalsGraph" time="82.131"/>
  <system-out/>
  <testcase classname="webAuto.NewOverView" name="Profile" time="5.356"/>
  <system-out/>
  <testcase classname="webAuto.NewOverView" name="EditPatientProfile" time="6.192"/>
  <system-out/>
  <testcase classname="webAuto.NewOverView" name="PatientProfile" time="5.263"/>
  <system-out/>
  <testcase classname="webAuto.NewOverView" name="Notes" time="15.338"/>
  <system-out/>
  <testcase classname="webAuto.NewOverView" name="LinkPatient" time="16.013"/>
  <system-out/>
  <testcase classname="webAuto.NewOverView" name="History" time="15.333"/>
  <system-out/>
  <testcase classname="webAuto.NewOverView" name="NewScreening" time="30.826"/>
  <system-out/>
  <testcase classname="webAuto.NewOverView" name="DeletePatient" time="12.291"/>
  <system-out/>
</testsuite> <!-- webAuto.NewOverView -->
