<?xml version="1.0" encoding="UTF-8"?>
<!-- Generated by org.testng.reporters.JUnitReportReporter -->
<testsuite hostname="CopiousCare" failures="0" tests="1" name="webAuto.BaseClass" time="18.301" errors="0" timestamp="2024-09-05T15:00:16 IST" skipped="0">
  <testcase classname="webAuto.BaseClass" name="clickDoctorLoginLink" time="18.301"/>
  <system-out/>
</testsuite> <!-- webAuto.BaseClass -->
