<?xml version="1.0" encoding="UTF-8"?>
<!-- Generated by org.testng.reporters.JUnitReportReporter -->
<testsuite hostname="CopiousCare" failures="0" tests="50" name="webAuto.WebOpdEndToEndWorkflow" time="650.583" errors="0" timestamp="2024-06-21T11:38:51 IST" skipped="0">
  <testcase classname="webAuto.WebOpdEndToEndWorkflow" name="numberField" time="0.121"/>
  <system-out/>
  <testcase classname="webAuto.WebOpdEndToEndWorkflow" name="sendOTP" time="11.954"/>
  <system-out/>
  <testcase classname="webAuto.WebOpdEndToEndWorkflow" name="verifyButton" time="10.097"/>
  <system-out/>
  <testcase classname="webAuto.WebOpdEndToEndWorkflow" name="createPatient" time="0.498"/>
  <system-out/>
  <testcase classname="webAuto.WebOpdEndToEndWorkflow" name="Number1" time="0.199"/>
  <system-out/>
  <testcase classname="webAuto.WebOpdEndToEndWorkflow" name="confirm" time="2.417"/>
  <system-out/>
  <testcase classname="webAuto.WebOpdEndToEndWorkflow" name="number2" time="0.228"/>
  <system-out/>
  <testcase classname="webAuto.WebOpdEndToEndWorkflow" name="firstName" time="0.249"/>
  <system-out/>
  <testcase classname="webAuto.WebOpdEndToEndWorkflow" name="middleName" time="0.205"/>
  <system-out/>
  <testcase classname="webAuto.WebOpdEndToEndWorkflow" name="lastName" time="0.215"/>
  <system-out/>
  <testcase classname="webAuto.WebOpdEndToEndWorkflow" name="birthDate" time="0.272"/>
  <system-out/>
  <testcase classname="webAuto.WebOpdEndToEndWorkflow" name="genFemale" time="0.076"/>
  <system-out/>
  <testcase classname="webAuto.WebOpdEndToEndWorkflow" name="address" time="0.195"/>
  <system-out/>
  <testcase classname="webAuto.WebOpdEndToEndWorkflow" name="locality" time="0.213"/>
  <system-out/>
  <testcase classname="webAuto.WebOpdEndToEndWorkflow" name="city" time="0.206"/>
  <system-out/>
  <testcase classname="webAuto.WebOpdEndToEndWorkflow" name="pinCode" time="0.227"/>
  <system-out/>
  <testcase classname="webAuto.WebOpdEndToEndWorkflow" name="proceedWithSameRMN" time="0.212"/>
  <system-out/>
  <testcase classname="webAuto.WebOpdEndToEndWorkflow" name="nextButton" time="15.112"/>
  <system-out/>
  <testcase classname="webAuto.WebOpdEndToEndWorkflow" name="clickClose" time="0.989"/>
  <system-out/>
  <testcase classname="webAuto.WebOpdEndToEndWorkflow" name="fillVitalForm" time="16.914"/>
  <system-out/>
  <testcase classname="webAuto.WebOpdEndToEndWorkflow" name="fillHealthProfile" time="12.201"/>
  <system-out/>
  <testcase classname="webAuto.WebOpdEndToEndWorkflow" name="fillFamilyProfile" time="17.217"/>
  <system-out/>
  <testcase classname="webAuto.WebOpdEndToEndWorkflow" name="GoHome" time="0.197"/>
  <system-out/>
  <testcase classname="webAuto.WebOpdEndToEndWorkflow" name="AddNewAppointment" time="25.586"/>
  <system-out/>
  <testcase classname="webAuto.WebOpdEndToEndWorkflow" name="AddPrescription" time="15.441"/>
  <system-out/>
  <testcase classname="webAuto.WebOpdEndToEndWorkflow" name="Complaints" time="3.393"/>
  <system-out/>
  <testcase classname="webAuto.WebOpdEndToEndWorkflow" name="VitalsOption" time="3.833"/>
  <system-out/>
  <testcase classname="webAuto.WebOpdEndToEndWorkflow" name="BpandHeartOption" time="15.881"/>
  <system-out/>
  <testcase classname="webAuto.WebOpdEndToEndWorkflow" name="BloodAndAnalysis" time="16.602"/>
  <system-out/>
  <testcase classname="webAuto.WebOpdEndToEndWorkflow" name="LipidProfile" time="16.383"/>
  <system-out/>
  <testcase classname="webAuto.WebOpdEndToEndWorkflow" name="OnExamination" time="15.420"/>
  <system-out/>
  <testcase classname="webAuto.WebOpdEndToEndWorkflow" name="Diagnosis" time="15.316"/>
  <system-out/>
  <testcase classname="webAuto.WebOpdEndToEndWorkflow" name="Medicine1" time="47.310"/>
  <system-out/>
  <testcase classname="webAuto.WebOpdEndToEndWorkflow" name="DietaryAdvice" time="15.247"/>
  <system-out/>
  <testcase classname="webAuto.WebOpdEndToEndWorkflow" name="GeneralInstruction" time="15.232"/>
  <system-out/>
  <testcase classname="webAuto.WebOpdEndToEndWorkflow" name="SaveandProceed" time="0.112"/>
  <system-out/>
  <testcase classname="webAuto.WebOpdEndToEndWorkflow" name="ConfirmPrescription" time="56.592"/>
  <system-out/>
  <testcase classname="webAuto.WebOpdEndToEndWorkflow" name="Investigation" time="37.408"/>
  <system-out/>
  <testcase classname="webAuto.WebOpdEndToEndWorkflow" name="Investigation1" time="34.373"/>
  <system-out/>
  <testcase classname="webAuto.WebOpdEndToEndWorkflow" name="HealthProfile" time="34.950"/>
  <system-out/>
  <testcase classname="webAuto.WebOpdEndToEndWorkflow" name="Document1" time="0.167"/>
  <system-out/>
  <testcase classname="webAuto.WebOpdEndToEndWorkflow" name="ReceiptOption" time="15.054"/>
  <system-out/>
  <testcase classname="webAuto.WebOpdEndToEndWorkflow" name="previewReceipt" time="30.840"/>
  <system-out/>
  <testcase classname="webAuto.WebOpdEndToEndWorkflow" name="cirtificateOption1" time="20.308"/>
  <system-out/>
  <testcase classname="webAuto.WebOpdEndToEndWorkflow" name="AllDocuments" time="16.091"/>
  <system-out/>
  <testcase classname="webAuto.WebOpdEndToEndWorkflow" name="Document2" time="0.036"/>
  <system-out/>
  <testcase classname="webAuto.WebOpdEndToEndWorkflow" name="cirtificateOption" time="32.709"/>
  <system-out/>
  <testcase classname="webAuto.WebOpdEndToEndWorkflow" name="cirtificateOption3" time="20.331"/>
  <system-out/>
  <testcase classname="webAuto.WebOpdEndToEndWorkflow" name="AllDocuments1" time="11.554"/>
  <system-out/>
  <testcase classname="webAuto.WebOpdEndToEndWorkflow" name="ReferralOption3" time="44.200"/>
  <system-out/>
</testsuite> <!-- webAuto.WebOpdEndToEndWorkflow -->
