<?xml version="1.0" encoding="UTF-8"?>
<!-- Generated by org.testng.reporters.JUnitReportReporter -->
<testsuite hostname="CopiousCare" failures="0" tests="8" name="webAuto.CreateReferral" time="74.141" errors="0" timestamp="2024-03-29T16:26:48 IST" skipped="0">
  <testcase classname="webAuto.CreateReferral" name="numberField" time="0.120"/>
  <system-out/>
  <testcase classname="webAuto.CreateReferral" name="sendOTP" time="7.665"/>
  <system-out/>
  <testcase classname="webAuto.CreateReferral" name="verifyButton" time="10.067"/>
  <system-out/>
  <testcase classname="webAuto.CreateReferral" name="searchBar" time="0.725"/>
  <system-out/>
  <testcase classname="webAuto.CreateReferral" name="searchOpt" time="3.084"/>
  <system-out/>
  <testcase classname="webAuto.CreateReferral" name="clickPatient" time="10.230"/>
  <system-out/>
  <testcase classname="webAuto.CreateReferral" name="Document" time="0.188"/>
  <system-out/>
  <testcase classname="webAuto.CreateReferral" name="cirtificateOption" time="42.062"/>
  <system-out/>
</testsuite> <!-- webAuto.CreateReferral -->
