<?xml version="1.0" encoding="UTF-8"?>
<!-- Generated by org.testng.reporters.JUnitReportReporter -->
<testsuite hostname="DESKTOP-VQLLA2K" failures="0" tests="1" name="pivotalApplication.AppiumServerStart" time="4.089" errors="0" timestamp="2023-12-22T14:01:44 IST" skipped="0">
  <testcase classname="pivotalApplication.AppiumServerStart" name="BfSuite" time="4.089"/>
</testsuite> <!-- pivotalApplication.AppiumServerStart -->
