<?xml version="1.0" encoding="UTF-8"?>
<!-- Generated by org.testng.reporters.JUnitReportReporter -->
<testsuite hostname="CopiousCare" failures="0" tests="16" name="webAutoNegative.LogIn1" time="49.009" errors="0" timestamp="2024-11-27T14:38:57 IST" skipped="0">
  <testcase classname="webAutoNegative.LogIn1" name="numberField1" time="0.206"/>
  <system-out/>
  <testcase classname="webAutoNegative.LogIn1" name="numberField2" time="0.338"/>
  <system-out/>
  <testcase classname="webAutoNegative.LogIn1" name="numberField3" time="0.517"/>
  <system-out/>
  <testcase classname="webAutoNegative.LogIn1" name="numberField4" time="0.471"/>
  <system-out/>
  <testcase classname="webAutoNegative.LogIn1" name="numberField5" time="0.292"/>
  <system-out/>
  <testcase classname="webAutoNegative.LogIn1" name="numberField6" time="0.174"/>
  <system-out/>
  <testcase classname="webAutoNegative.LogIn1" name="sendOTP5" time="4.625"/>
  <system-out/>
  <testcase classname="webAutoNegative.LogIn1" name="sendOTP1" time="1.244"/>
  <system-out/>
  <testcase classname="webAutoNegative.LogIn1" name="searchBar1" time="0.579"/>
  <system-out/>
  <testcase classname="webAutoNegative.LogIn1" name="createPatient" time="0.205"/>
  <system-out/>
  <testcase classname="webAutoNegative.LogIn1" name="Number1" time="5.528"/>
  <system-out/>
  <testcase classname="webAutoNegative.LogIn1" name="confirm" time="2.312"/>
  <system-out/>
  <testcase classname="webAutoNegative.LogIn1" name="number2" time="0.616"/>
  <system-out/>
  <testcase classname="webAutoNegative.LogIn1" name="firstName" time="0.432"/>
  <system-out/>
  <testcase classname="webAutoNegative.LogIn1" name="lastName" time="0.628"/>
  <system-out/>
  <testcase classname="webAutoNegative.LogIn1" name="nextButton" time="30.842"/>
  <system-out/>
</testsuite> <!-- webAutoNegative.LogIn1 -->
