<?xml version="1.0" encoding="UTF-8"?>
<!-- Generated by org.testng.reporters.JUnitReportReporter -->
<testsuite hostname="CopiousCare" failures="0" tests="6" name="webAuto.PriorityTimeAppointment" time="56.900" errors="0" timestamp="2024-04-02T15:24:18 IST" skipped="0">
  <testcase classname="webAuto.PriorityTimeAppointment" name="numberField" time="0.100"/>
  <system-out/>
  <testcase classname="webAuto.PriorityTimeAppointment" name="sendOTP" time="7.561"/>
  <system-out/>
  <testcase classname="webAuto.PriorityTimeAppointment" name="verifyButton" time="10.071"/>
  <system-out/>
  <testcase classname="webAuto.PriorityTimeAppointment" name="searchBar" time="0.378"/>
  <system-out/>
  <testcase classname="webAuto.PriorityTimeAppointment" name="searchOpt" time="3.082"/>
  <system-out/>
  <testcase classname="webAuto.PriorityTimeAppointment" name="AddNewAppointment" time="35.708"/>
  <system-out/>
</testsuite> <!-- webAuto.PriorityTimeAppointment -->
