<?xml version="1.0" encoding="UTF-8"?>
<!-- Generated by org.testng.reporters.JUnitReportReporter -->
<testsuite hostname="CopiousCare" failures="0" tests="31" name="pivotalApplication.GovImmunization" time="131.056" errors="0" timestamp="2024-04-17T11:29:03 IST" skipped="0">
  <testcase classname="pivotalApplication.GovImmunization" name="NumberField" time="1.231"/>
  <system-out/>
  <testcase classname="pivotalApplication.GovImmunization" name="BfSuite" time="1.120"/>
  <system-out/>
  <testcase classname="pivotalApplication.GovImmunization" name="IAgree" time="2.221"/>
  <system-out/>
  <testcase classname="pivotalApplication.GovImmunization" name="proceedButton" time="2.378"/>
  <system-out/>
  <testcase classname="pivotalApplication.GovImmunization" name="OTP" time="12.125"/>
  <system-out/>
  <testcase classname="pivotalApplication.GovImmunization" name="submit" time="12.650"/>
  <system-out/>
  <testcase classname="pivotalApplication.GovImmunization" name="Search" time="8.121"/>
  <system-out/>
  <testcase classname="pivotalApplication.GovImmunization" name="ClickPatient" time="3.120"/>
  <system-out/>
  <testcase classname="pivotalApplication.GovImmunization" name="ImmunizationGovClick" time="3.496"/>
  <system-out/>
  <testcase classname="pivotalApplication.GovImmunization" name="BulkCancel" time="5.454"/>
  <system-out/>
  <testcase classname="pivotalApplication.GovImmunization" name="opvO" time="2.877"/>
  <system-out/>
  <testcase classname="pivotalApplication.GovImmunization" name="SaveVaccine" time="4.779"/>
  <system-out/>
  <testcase classname="pivotalApplication.GovImmunization" name="IPV1" time="2.823"/>
  <system-out/>
  <testcase classname="pivotalApplication.GovImmunization" name="SaveVaccine1" time="2.329"/>
  <system-out/>
  <testcase classname="pivotalApplication.GovImmunization" name="HepB" time="3.950"/>
  <system-out/>
  <testcase classname="pivotalApplication.GovImmunization" name="SaveVaccine2" time="2.320"/>
  <system-out/>
  <testcase classname="pivotalApplication.GovImmunization" name="Transscript" time="3.171"/>
  <system-out/>
  <testcase classname="pivotalApplication.GovImmunization" name="CreatedBy" time="2.914"/>
  <system-out/>
  <testcase classname="pivotalApplication.GovImmunization" name="DocumentOn" time="2.279"/>
  <system-out/>
  <testcase classname="pivotalApplication.GovImmunization" name="popUpOk" time="2.339"/>
  <system-out/>
  <testcase classname="pivotalApplication.GovImmunization" name="Camera" time="16.291"/>
  <system-out/>
  <testcase classname="pivotalApplication.GovImmunization" name="UploadCam" time="2.324"/>
  <system-out/>
  <testcase classname="pivotalApplication.GovImmunization" name="UploadCamOk" time="3.111"/>
  <system-out/>
  <testcase classname="pivotalApplication.GovImmunization" name="Transscript1" time="2.654"/>
  <system-out/>
  <testcase classname="pivotalApplication.GovImmunization" name="CreatedBy1" time="2.930"/>
  <system-out/>
  <testcase classname="pivotalApplication.GovImmunization" name="DocumentOn1" time="2.308"/>
  <system-out/>
  <testcase classname="pivotalApplication.GovImmunization" name="popUpOk1" time="2.338"/>
  <system-out/>
  <testcase classname="pivotalApplication.GovImmunization" name="Gallery" time="2.329"/>
  <system-out/>
  <testcase classname="pivotalApplication.GovImmunization" name="photo" time="10.357"/>
  <system-out/>
  <testcase classname="pivotalApplication.GovImmunization" name="Upload" time="2.421"/>
  <system-out/>
  <testcase classname="pivotalApplication.GovImmunization" name="UploadOk" time="2.296"/>
  <system-out/>
</testsuite> <!-- pivotalApplication.GovImmunization -->
