<?xml version="1.0" encoding="UTF-8"?>
<!-- Generated by org.testng.reporters.JUnitReportReporter -->
<testsuite hostname="CopiousCare" failures="0" tests="14" name="HealthNegative.RescheduleAppointment" time="176.490" errors="0" timestamp="2024-04-26T15:12:48 IST" skipped="0">
  <testcase classname="HealthNegative.RescheduleAppointment" name="BfSuite" time="0.680"/>
  <system-out/>
  <testcase classname="HealthNegative.RescheduleAppointment" name="NumberField" time="11.135"/>
  <system-out/>
  <testcase classname="HealthNegative.RescheduleAppointment" name="IAgree" time="2.111"/>
  <system-out/>
  <testcase classname="HealthNegative.RescheduleAppointment" name="proceedButton" time="5.318"/>
  <system-out/>
  <testcase classname="HealthNegative.RescheduleAppointment" name="OTP" time="15.727"/>
  <system-out/>
  <testcase classname="HealthNegative.RescheduleAppointment" name="Verify" time="15.859"/>
  <system-out/>
  <testcase classname="HealthNegative.RescheduleAppointment" name="Change" time="16.433"/>
  <system-out/>
  <testcase classname="HealthNegative.RescheduleAppointment" name="DateClick1" time="5.936"/>
  <system-out/>
  <testcase classname="HealthNegative.RescheduleAppointment" name="Time1" time="5.653"/>
  <system-out/>
  <testcase classname="HealthNegative.RescheduleAppointment" name="PurposeVisit1" time="34.039"/>
  <system-out/>
  <testcase classname="HealthNegative.RescheduleAppointment" name="CreateAppointment1" time="5.420"/>
  <system-out/>
  <testcase classname="HealthNegative.RescheduleAppointment" name="Done1" time="10.316"/>
  <system-out/>
  <testcase classname="HealthNegative.RescheduleAppointment" name="EditComplaints" time="28.093"/>
  <system-out/>
  <testcase classname="HealthNegative.RescheduleAppointment" name="UpdateComplaints" time="19.770"/>
  <system-out/>
</testsuite> <!-- HealthNegative.RescheduleAppointment -->
