<?xml version="1.0" encoding="UTF-8"?>
<!-- Generated by org.testng.reporters.JUnitReportReporter -->
<testsuite hostname="CopiousCare" failures="0" tests="18" name="pivotalApplication.FreshReceipt" time="194.001" errors="0" timestamp="2024-04-15T11:23:56 IST" skipped="0">
  <testcase classname="pivotalApplication.FreshReceipt" name="BfSuite" time="0.604"/>
  <system-out/>
  <testcase classname="pivotalApplication.FreshReceipt" name="NumberField" time="1.206"/>
  <system-out/>
  <testcase classname="pivotalApplication.FreshReceipt" name="IAgree" time="2.144"/>
  <system-out/>
  <testcase classname="pivotalApplication.FreshReceipt" name="proceedButton" time="2.383"/>
  <system-out/>
  <testcase classname="pivotalApplication.FreshReceipt" name="OTP" time="10.968"/>
  <system-out/>
  <testcase classname="pivotalApplication.FreshReceipt" name="submit" time="13.146"/>
  <system-out/>
  <testcase classname="pivotalApplication.FreshReceipt" name="Search" time="11.050"/>
  <system-out/>
  <testcase classname="pivotalApplication.FreshReceipt" name="ClickPatient" time="17.677"/>
  <system-out/>
  <testcase classname="pivotalApplication.FreshReceipt" name="Reciept" time="7.541"/>
  <system-out/>
  <testcase classname="pivotalApplication.FreshReceipt" name="AddNewReceipt" time="10.329"/>
  <system-out/>
  <testcase classname="pivotalApplication.FreshReceipt" name="ReceiptNo" time="8.033"/>
  <system-out/>
  <testcase classname="pivotalApplication.FreshReceipt" name="Consultation" time="4.883"/>
  <system-out/>
  <testcase classname="pivotalApplication.FreshReceipt" name="Vaccination" time="4.876"/>
  <system-out/>
  <testcase classname="pivotalApplication.FreshReceipt" name="OtherReasons" time="4.872"/>
  <system-out/>
  <testcase classname="pivotalApplication.FreshReceipt" name="Addmore" time="4.526"/>
  <system-out/>
  <testcase classname="pivotalApplication.FreshReceipt" name="Preview" time="35.535"/>
  <system-out/>
  <testcase classname="pivotalApplication.FreshReceipt" name="PayerName" time="2.696"/>
  <system-out/>
  <testcase classname="pivotalApplication.FreshReceipt" name="CreateReceipt" time="51.532"/>
  <system-out/>
</testsuite> <!-- pivotalApplication.FreshReceipt -->
