<?xml version="1.0" encoding="UTF-8"?>
<!-- Generated by org.testng.reporters.JUnitReportReporter -->
<testsuite hostname="CopiousCare" failures="0" tests="11" name="webAutoQueue.MovePatientToEndQ" time="39.880" errors="0" timestamp="2024-04-30T15:57:15 IST" skipped="0">
  <testcase classname="webAutoQueue.MovePatientToEndQ" name="numberField" time="0.107"/>
  <system-out/>
  <testcase classname="webAutoQueue.MovePatientToEndQ" name="sendOTP" time="7.703"/>
  <system-out/>
  <testcase classname="webAutoQueue.MovePatientToEndQ" name="verifyButton" time="10.074"/>
  <system-out/>
  <testcase classname="webAutoQueue.MovePatientToEndQ" name="searchBar" time="0.466"/>
  <system-out/>
  <testcase classname="webAutoQueue.MovePatientToEndQ" name="searchOpt" time="3.075"/>
  <system-out/>
  <testcase classname="webAutoQueue.MovePatientToEndQ" name="Queue" time="3.086"/>
  <system-out/>
  <testcase classname="webAutoQueue.MovePatientToEndQ" name="Join" time="3.078"/>
  <system-out/>
  <testcase classname="webAutoQueue.MovePatientToEndQ" name="JoinOk" time="3.070"/>
  <system-out/>
  <testcase classname="webAutoQueue.MovePatientToEndQ" name="Queue1" time="3.083"/>
  <system-out/>
  <testcase classname="webAutoQueue.MovePatientToEndQ" name="Join1" time="3.075"/>
  <system-out/>
  <testcase classname="webAutoQueue.MovePatientToEndQ" name="JoinOk1" time="3.063"/>
  <system-out/>
</testsuite> <!-- webAutoQueue.MovePatientToEndQ -->
