<?xml version="1.0" encoding="UTF-8"?>
<!-- Generated by org.testng.reporters.JUnitReportReporter -->
<testsuite hostname="CopiousCare" failures="0" tests="6" name="webAuto.MoreInformation" time="36.097" errors="0" timestamp="2024-04-02T13:25:02 IST" skipped="0">
  <testcase classname="webAuto.MoreInformation" name="numberField" time="0.123"/>
  <system-out/>
  <testcase classname="webAuto.MoreInformation" name="sendOTP" time="8.516"/>
  <system-out/>
  <testcase classname="webAuto.MoreInformation" name="verifyButton" time="10.064"/>
  <system-out/>
  <testcase classname="webAuto.MoreInformation" name="searchBar" time="0.420"/>
  <system-out/>
  <testcase classname="webAuto.MoreInformation" name="searchOpt" time="3.077"/>
  <system-out/>
  <testcase classname="webAuto.MoreInformation" name="clickPatient" time="13.897"/>
  <system-out/>
</testsuite> <!-- webAuto.MoreInformation -->
