<?xml version="1.0" encoding="UTF-8"?>
<!-- Generated by org.testng.reporters.JUnitReportReporter -->
<testsuite hostname="CopiousCare" failures="0" tests="6" name="webAuto.AppointmentCreation" time="46.596" errors="0" timestamp="2024-03-29T14:26:08 IST" skipped="0">
  <testcase classname="webAuto.AppointmentCreation" name="numberField" time="0.112"/>
  <system-out/>
  <testcase classname="webAuto.AppointmentCreation" name="sendOTP" time="7.507"/>
  <system-out/>
  <testcase classname="webAuto.AppointmentCreation" name="verifyButton" time="10.044"/>
  <system-out/>
  <testcase classname="webAuto.AppointmentCreation" name="searchBar" time="0.374"/>
  <system-out/>
  <testcase classname="webAuto.AppointmentCreation" name="searchOpt" time="3.054"/>
  <system-out/>
  <testcase classname="webAuto.AppointmentCreation" name="AddNewAppointment" time="25.505"/>
  <system-out/>
</testsuite> <!-- webAuto.AppointmentCreation -->
