<?xml version="1.0" encoding="UTF-8"?>
<!-- Generated by org.testng.reporters.JUnitReportReporter -->
<testsuite hostname="CopiousCare" failures="0" tests="17" name="pivotalApplication.ImmunizationCerificate" time="114.104" errors="0" timestamp="2024-04-15T16:18:00 IST" skipped="0">
  <testcase classname="pivotalApplication.ImmunizationCerificate" name="NumberField" time="1.261"/>
  <system-out/>
  <testcase classname="pivotalApplication.ImmunizationCerificate" name="BfSuite" time="1.159"/>
  <system-out/>
  <testcase classname="pivotalApplication.ImmunizationCerificate" name="IAgree" time="2.149"/>
  <system-out/>
  <testcase classname="pivotalApplication.ImmunizationCerificate" name="proceedButton" time="2.421"/>
  <system-out/>
  <testcase classname="pivotalApplication.ImmunizationCerificate" name="OTP" time="10.963"/>
  <system-out/>
  <testcase classname="pivotalApplication.ImmunizationCerificate" name="submit" time="13.242"/>
  <system-out/>
  <testcase classname="pivotalApplication.ImmunizationCerificate" name="Search" time="11.201"/>
  <system-out/>
  <testcase classname="pivotalApplication.ImmunizationCerificate" name="ClickPatient" time="3.169"/>
  <system-out/>
  <testcase classname="pivotalApplication.ImmunizationCerificate" name="ImmunizationClick" time="3.401"/>
  <system-out/>
  <testcase classname="pivotalApplication.ImmunizationCerificate" name="Records" time="5.651"/>
  <system-out/>
  <testcase classname="pivotalApplication.ImmunizationCerificate" name="Certificates" time="5.732"/>
  <system-out/>
  <testcase classname="pivotalApplication.ImmunizationCerificate" name="SelectVaciines" time="5.364"/>
  <system-out/>
  <testcase classname="pivotalApplication.ImmunizationCerificate" name="Proceed" time="5.612"/>
  <system-out/>
  <testcase classname="pivotalApplication.ImmunizationCerificate" name="SpecialityDropdown" time="5.438"/>
  <system-out/>
  <testcase classname="pivotalApplication.ImmunizationCerificate" name="DefaultV3" time="5.261"/>
  <system-out/>
  <testcase classname="pivotalApplication.ImmunizationCerificate" name="Preview" time="5.355"/>
  <system-out/>
  <testcase classname="pivotalApplication.ImmunizationCerificate" name="Print" time="26.725"/>
  <system-out/>
</testsuite> <!-- pivotalApplication.ImmunizationCerificate -->
