<?xml version="1.0" encoding="UTF-8"?>
<!-- Generated by org.testng.reporters.JUnitReportReporter -->
<testsuite hostname="CopiousCare" failures="0" tests="34" name="pivotalApplication.EditPatientProfile" time="199.070" errors="0" timestamp="2024-04-15T17:19:18 IST" skipped="0">
  <testcase classname="pivotalApplication.EditPatientProfile" name="NumberField" time="1.386"/>
  <system-out/>
  <testcase classname="pivotalApplication.EditPatientProfile" name="IAgree" time="2.195"/>
  <system-out/>
  <testcase classname="pivotalApplication.EditPatientProfile" name="proceedButton" time="5.424"/>
  <system-out/>
  <testcase classname="pivotalApplication.EditPatientProfile" name="OTP" time="10.758"/>
  <system-out/>
  <testcase classname="pivotalApplication.EditPatientProfile" name="submit" time="10.746"/>
  <system-out/>
  <testcase classname="pivotalApplication.EditPatientProfile" name="Search" time="10.257"/>
  <system-out/>
  <testcase classname="pivotalApplication.EditPatientProfile" name="ClickPatient" time="14.880"/>
  <system-out/>
  <testcase classname="pivotalApplication.EditPatientProfile" name="FirstName" time="6.516"/>
  <system-out/>
  <testcase classname="pivotalApplication.EditPatientProfile" name="MiddleName" time="5.374"/>
  <system-out/>
  <testcase classname="pivotalApplication.EditPatientProfile" name="LastName" time="18.979"/>
  <system-out/>
  <testcase classname="pivotalApplication.EditPatientProfile" name="Address" time="3.334"/>
  <system-out/>
  <testcase classname="pivotalApplication.EditPatientProfile" name="Area" time="3.366"/>
  <system-out/>
  <testcase classname="pivotalApplication.EditPatientProfile" name="City" time="3.334"/>
  <system-out/>
  <testcase classname="pivotalApplication.EditPatientProfile" name="PinCode" time="2.828"/>
  <system-out/>
  <testcase classname="pivotalApplication.EditPatientProfile" name="Next" time="15.431"/>
  <system-out/>
  <testcase classname="pivotalApplication.EditPatientProfile" name="weightl" time="3.248"/>
  <system-out/>
  <testcase classname="pivotalApplication.EditPatientProfile" name="Heightl" time="3.327"/>
  <system-out/>
  <testcase classname="pivotalApplication.EditPatientProfile" name="HC" time="3.636"/>
  <system-out/>
  <testcase classname="pivotalApplication.EditPatientProfile" name="CC" time="3.256"/>
  <system-out/>
  <testcase classname="pivotalApplication.EditPatientProfile" name="BPSYS" time="3.244"/>
  <system-out/>
  <testcase classname="pivotalApplication.EditPatientProfile" name="BPDia" time="3.284"/>
  <system-out/>
  <testcase classname="pivotalApplication.EditPatientProfile" name="BirthHistoryNext" time="7.563"/>
  <system-out/>
  <testcase classname="pivotalApplication.EditPatientProfile" name="Allergies" time="3.264"/>
  <system-out/>
  <testcase classname="pivotalApplication.EditPatientProfile" name="Reactions" time="3.260"/>
  <system-out/>
  <testcase classname="pivotalApplication.EditPatientProfile" name="RecurringComplaints" time="3.198"/>
  <system-out/>
  <testcase classname="pivotalApplication.EditPatientProfile" name="HospitalizationHistory" time="3.259"/>
  <system-out/>
  <testcase classname="pivotalApplication.EditPatientProfile" name="HealthHistory" time="3.306"/>
  <system-out/>
  <testcase classname="pivotalApplication.EditPatientProfile" name="OtherEmailId" time="3.198"/>
  <system-out/>
  <testcase classname="pivotalApplication.EditPatientProfile" name="helathNext" time="2.359"/>
  <system-out/>
  <testcase classname="pivotalApplication.EditPatientProfile" name="FathersName" time="4.467"/>
  <system-out/>
  <testcase classname="pivotalApplication.EditPatientProfile" name="MothersName" time="3.274"/>
  <system-out/>
  <testcase classname="pivotalApplication.EditPatientProfile" name="Fatherheight" time="7.120"/>
  <system-out/>
  <testcase classname="pivotalApplication.EditPatientProfile" name="Mothersheight" time="7.215"/>
  <system-out/>
  <testcase classname="pivotalApplication.EditPatientProfile" name="FamailyNedicalHistory" time="12.784"/>
  <system-out/>
</testsuite> <!-- pivotalApplication.EditPatientProfile -->
