<?xml version="1.0" encoding="UTF-8"?>
<!-- Generated by org.testng.reporters.JUnitReportReporter -->
<testsuite hostname="CopiousCare" failures="0" tests="15" name="pivotalApplicationNegative.NSpecialVaccine" time="85.127" errors="0" timestamp="2024-09-05T12:16:35 IST" skipped="0">
  <testcase classname="pivotalApplicationNegative.NSpecialVaccine" name="BfSuite" time="0.735"/>
  <system-out/>
  <testcase classname="pivotalApplicationNegative.NSpecialVaccine" name="NumberField" time="1.376"/>
  <system-out/>
  <testcase classname="pivotalApplicationNegative.NSpecialVaccine" name="IAgree" time="2.019"/>
  <system-out/>
  <testcase classname="pivotalApplicationNegative.NSpecialVaccine" name="proceedButton" time="2.354"/>
  <system-out/>
  <testcase classname="pivotalApplicationNegative.NSpecialVaccine" name="OTP" time="11.918"/>
  <system-out/>
  <testcase classname="pivotalApplicationNegative.NSpecialVaccine" name="submit" time="7.776"/>
  <system-out/>
  <testcase classname="pivotalApplicationNegative.NSpecialVaccine" name="Search" time="8.020"/>
  <system-out/>
  <testcase classname="pivotalApplicationNegative.NSpecialVaccine" name="ClickPatient" time="3.145"/>
  <system-out/>
  <testcase classname="pivotalApplicationNegative.NSpecialVaccine" name="SpecialVaccine" time="25.404"/>
  <system-out/>
  <testcase classname="pivotalApplicationNegative.NSpecialVaccine" name="PopUpOk" time="7.467"/>
  <system-out/>
  <testcase classname="pivotalApplicationNegative.NSpecialVaccine" name="AdministeredDate" time="5.230"/>
  <system-out/>
  <testcase classname="pivotalApplicationNegative.NSpecialVaccine" name="VaccineDropdown" time="2.300"/>
  <system-out/>
  <testcase classname="pivotalApplicationNegative.NSpecialVaccine" name="CholeraVaccine" time="2.308"/>
  <system-out/>
  <testcase classname="pivotalApplicationNegative.NSpecialVaccine" name="Submit" time="2.292"/>
  <system-out/>
  <testcase classname="pivotalApplicationNegative.NSpecialVaccine" name="VaccinationOk" time="2.783"/>
  <system-out/>
</testsuite> <!-- pivotalApplicationNegative.NSpecialVaccine -->
