<?xml version="1.0" encoding="UTF-8"?>
<!-- Generated by org.testng.reporters.JUnitReportReporter -->
<testsuite hostname="CopiousCare" failures="0" tests="8" name="webAuto.ViewCirtificate" time="57.565" errors="0" timestamp="2024-04-02T15:29:11 IST" skipped="0">
  <testcase classname="webAuto.ViewCirtificate" name="numberField" time="0.137"/>
  <system-out/>
  <testcase classname="webAuto.ViewCirtificate" name="sendOTP" time="7.619"/>
  <system-out/>
  <testcase classname="webAuto.ViewCirtificate" name="verifyButton" time="10.060"/>
  <system-out/>
  <testcase classname="webAuto.ViewCirtificate" name="searchBar" time="0.454"/>
  <system-out/>
  <testcase classname="webAuto.ViewCirtificate" name="searchOpt" time="3.087"/>
  <system-out/>
  <testcase classname="webAuto.ViewCirtificate" name="clickPatient" time="10.115"/>
  <system-out/>
  <testcase classname="webAuto.ViewCirtificate" name="Document" time="0.079"/>
  <system-out/>
  <testcase classname="webAuto.ViewCirtificate" name="cirtificateOption" time="26.014"/>
  <system-out/>
</testsuite> <!-- webAuto.ViewCirtificate -->
