<?xml version="1.0" encoding="UTF-8"?>
<!-- Generated by org.testng.reporters.JUnitReportReporter -->
<testsuite hostname="CopiousCare" failures="0" tests="17" name="pivotalApplication.ReferralCreation" time="78.666" errors="0" timestamp="2024-07-30T15:19:14 IST" skipped="0">
  <testcase classname="pivotalApplication.ReferralCreation" name="NumberField" time="1.674"/>
  <system-out/>
  <testcase classname="pivotalApplication.ReferralCreation" name="BfSuite" time="0.590"/>
  <system-out/>
  <testcase classname="pivotalApplication.ReferralCreation" name="IAgree" time="2.407"/>
  <system-out/>
  <testcase classname="pivotalApplication.ReferralCreation" name="proceedButton" time="2.360"/>
  <system-out/>
  <testcase classname="pivotalApplication.ReferralCreation" name="OTP" time="11.898"/>
  <system-out/>
  <testcase classname="pivotalApplication.ReferralCreation" name="submit" time="7.695"/>
  <system-out/>
  <testcase classname="pivotalApplication.ReferralCreation" name="Search" time="8.139"/>
  <system-out/>
  <testcase classname="pivotalApplication.ReferralCreation" name="ClickPatient" time="3.184"/>
  <system-out/>
  <testcase classname="pivotalApplication.ReferralCreation" name="RffralCreation" time="10.891"/>
  <system-out/>
  <testcase classname="pivotalApplication.ReferralCreation" name="DrName" time="2.838"/>
  <system-out/>
  <testcase classname="pivotalApplication.ReferralCreation" name="DrEmail" time="2.808"/>
  <system-out/>
  <testcase classname="pivotalApplication.ReferralCreation" name="DrMobNumber" time="2.795"/>
  <system-out/>
  <testcase classname="pivotalApplication.ReferralCreation" name="HealthCondition" time="2.801"/>
  <system-out/>
  <testcase classname="pivotalApplication.ReferralCreation" name="Duration" time="3.220"/>
  <system-out/>
  <testcase classname="pivotalApplication.ReferralCreation" name="Speciality" time="7.709"/>
  <system-out/>
  <testcase classname="pivotalApplication.ReferralCreation" name="preview" time="2.392"/>
  <system-out/>
  <testcase classname="pivotalApplication.ReferralCreation" name="Save" time="5.265"/>
  <system-out/>
</testsuite> <!-- pivotalApplication.ReferralCreation -->
