<?xml version="1.0" encoding="UTF-8"?>
<!-- Generated by org.testng.reporters.JUnitReportReporter -->
<testsuite hostname="DESKTOP-VQLLA2K" failures="0" tests="43" name="pivotalApplication.LMPAddPivo" time="265.690" errors="0" timestamp="2024-01-15T10:49:02 IST" skipped="0">
  <testcase classname="pivotalApplication.LMPAddPivo" name="NumberField" time="1.231"/>
  <testcase classname="pivotalApplication.LMPAddPivo" name="IAgree" time="2.125"/>
  <testcase classname="pivotalApplication.LMPAddPivo" name="proceedButton" time="2.439"/>
  <testcase classname="pivotalApplication.LMPAddPivo" name="OTP" time="11.044"/>
  <testcase classname="pivotalApplication.LMPAddPivo" name="submit" time="11.112"/>
  <testcase classname="pivotalApplication.LMPAddPivo" name="Createptient" time="4.488"/>
  <testcase classname="pivotalApplication.LMPAddPivo" name="Neweptient" time="12.305"/>
  <testcase classname="pivotalApplication.LMPAddPivo" name="Close" time="5.103"/>
  <testcase classname="pivotalApplication.LMPAddPivo" name="MobileNumber1" time="3.075"/>
  <testcase classname="pivotalApplication.LMPAddPivo" name="confirm" time="4.565"/>
  <testcase classname="pivotalApplication.LMPAddPivo" name="confirmPopup" time="6.332"/>
  <testcase classname="pivotalApplication.LMPAddPivo" name="AdditionalNumber1" time="3.166"/>
  <testcase classname="pivotalApplication.LMPAddPivo" name="FirstName" time="5.025"/>
  <testcase classname="pivotalApplication.LMPAddPivo" name="MiddleName" time="5.004"/>
  <testcase classname="pivotalApplication.LMPAddPivo" name="LastName" time="5.019"/>
  <testcase classname="pivotalApplication.LMPAddPivo" name="Age" time="0.961"/>
  <testcase classname="pivotalApplication.LMPAddPivo" name="GenFemale" time="4.449"/>
  <testcase classname="pivotalApplication.LMPAddPivo" name="Address" time="2.458"/>
  <testcase classname="pivotalApplication.LMPAddPivo" name="Area" time="2.963"/>
  <testcase classname="pivotalApplication.LMPAddPivo" name="City" time="2.466"/>
  <testcase classname="pivotalApplication.LMPAddPivo" name="PinCode" time="2.954"/>
  <testcase classname="pivotalApplication.LMPAddPivo" name="Next" time="15.496"/>
  <testcase classname="pivotalApplication.LMPAddPivo" name="AddVital" time="5.334"/>
  <testcase classname="pivotalApplication.LMPAddPivo" name="Continue" time="5.260"/>
  <testcase classname="pivotalApplication.LMPAddPivo" name="weight" time="0.300"/>
  <testcase classname="pivotalApplication.LMPAddPivo" name="Height" time="6.100"/>
  <testcase classname="pivotalApplication.LMPAddPivo" name="Temperature" time="5.914"/>
  <testcase classname="pivotalApplication.LMPAddPivo" name="SPO2" time="5.853"/>
  <testcase classname="pivotalApplication.LMPAddPivo" name="LMPDate" time="16.285"/>
  <testcase classname="pivotalApplication.LMPAddPivo" name="UpArrow" time="10.745"/>
  <testcase classname="pivotalApplication.LMPAddPivo" name="BPSYS" time="5.792"/>
  <testcase classname="pivotalApplication.LMPAddPivo" name="BPDIA" time="5.784"/>
  <testcase classname="pivotalApplication.LMPAddPivo" name="HeartRate" time="6.254"/>
  <testcase classname="pivotalApplication.LMPAddPivo" name="Pulse" time="16.445"/>
  <testcase classname="pivotalApplication.LMPAddPivo" name="BloodSugar" time="5.773"/>
  <testcase classname="pivotalApplication.LMPAddPivo" name="BloodSugarf" time="5.839"/>
  <testcase classname="pivotalApplication.LMPAddPivo" name="BloodSugarPP" time="5.768"/>
  <testcase classname="pivotalApplication.LMPAddPivo" name="BloodSugarHB" time="16.487"/>
  <testcase classname="pivotalApplication.LMPAddPivo" name="CholesterolHDL" time="5.763"/>
  <testcase classname="pivotalApplication.LMPAddPivo" name="CholesterolLDL" time="5.294"/>
  <testcase classname="pivotalApplication.LMPAddPivo" name="TotalCholesterol" time="5.765"/>
  <testcase classname="pivotalApplication.LMPAddPivo" name="Triglycerides" time="5.778"/>
  <testcase classname="pivotalApplication.LMPAddPivo" name="Save" time="5.377"/>
</testsuite> <!-- pivotalApplication.LMPAddPivo -->
