<?xml version="1.0" encoding="UTF-8"?>
<!-- Generated by org.testng.reporters.JUnitReportReporter -->
<testsuite hostname="DESKTOP-VQLLA2K" failures="0" tests="28" name="webAuto.AddVitalWeb" time="209.628" errors="0" timestamp="2024-01-05T11:53:36 IST" skipped="0">
  <testcase classname="webAuto.AddVitalWeb" name="numberField" time="0.398"/>
  <testcase classname="webAuto.AddVitalWeb" name="sendOTP" time="12.427"/>
  <testcase classname="webAuto.AddVitalWeb" name="verifyButton" time="10.219"/>
  <testcase classname="webAuto.AddVitalWeb" name="createPatient" time="19.833"/>
  <testcase classname="webAuto.AddVitalWeb" name="Number1" time="1.202"/>
  <testcase classname="webAuto.AddVitalWeb" name="confirm" time="4.818"/>
  <testcase classname="webAuto.AddVitalWeb" name="number2" time="0.872"/>
  <testcase classname="webAuto.AddVitalWeb" name="firstName" time="0.691"/>
  <testcase classname="webAuto.AddVitalWeb" name="middleName" time="0.459"/>
  <testcase classname="webAuto.AddVitalWeb" name="lastName" time="0.463"/>
  <testcase classname="webAuto.AddVitalWeb" name="birthDate" time="1.169"/>
  <testcase classname="webAuto.AddVitalWeb" name="genFemale" time="0.238"/>
  <testcase classname="webAuto.AddVitalWeb" name="address" time="0.690"/>
  <testcase classname="webAuto.AddVitalWeb" name="locality" time="0.537"/>
  <testcase classname="webAuto.AddVitalWeb" name="city" time="0.585"/>
  <testcase classname="webAuto.AddVitalWeb" name="pinCode" time="0.571"/>
  <testcase classname="webAuto.AddVitalWeb" name="proceedWithSameRMN" time="0.520"/>
  <testcase classname="webAuto.AddVitalWeb" name="nextButton" time="15.247"/>
  <testcase classname="webAuto.AddVitalWeb" name="clickClose" time="1.388"/>
  <testcase classname="webAuto.AddVitalWeb" name="fillVitalForm" time="18.504"/>
  <testcase classname="webAuto.AddVitalWeb" name="fillHealthProfile" time="14.049"/>
  <testcase classname="webAuto.AddVitalWeb" name="fillFamilyProfile" time="19.108"/>
  <testcase classname="webAuto.AddVitalWeb" name="GoHome" time="0.771"/>
  <testcase classname="webAuto.AddVitalWeb" name="searchBar2" time="19.861"/>
  <testcase classname="webAuto.AddVitalWeb" name="AdVitals" time="12.565"/>
  <testcase classname="webAuto.AddVitalWeb" name="AdBpandHeartOption" time="17.216"/>
  <testcase classname="webAuto.AddVitalWeb" name="AdBloodAndAnalysis" time="17.404"/>
  <testcase classname="webAuto.AddVitalWeb" name="AdLipidProfile" time="17.823"/>
</testsuite> <!-- webAuto.AddVitalWeb -->
