<?xml version="1.0" encoding="UTF-8"?>
<!-- Generated by org.testng.reporters.JUnitReportReporter -->
<testsuite hostname="CopiousCare" failures="0" tests="8" name="webAutoQueue.CancelQueue" time="46.543" errors="0" timestamp="2024-04-30T14:53:40 IST" skipped="0">
  <testcase classname="webAutoQueue.CancelQueue" name="numberField" time="0.313"/>
  <system-out/>
  <testcase classname="webAutoQueue.CancelQueue" name="sendOTP" time="7.687"/>
  <system-out/>
  <testcase classname="webAutoQueue.CancelQueue" name="verifyButton" time="10.073"/>
  <system-out/>
  <testcase classname="webAutoQueue.CancelQueue" name="searchBar" time="0.955"/>
  <system-out/>
  <testcase classname="webAutoQueue.CancelQueue" name="searchOpt" time="3.072"/>
  <system-out/>
  <testcase classname="webAutoQueue.CancelQueue" name="Queue" time="3.125"/>
  <system-out/>
  <testcase classname="webAutoQueue.CancelQueue" name="Join" time="3.076"/>
  <system-out/>
  <testcase classname="webAutoQueue.CancelQueue" name="JoinOk" time="18.242"/>
  <system-out/>
</testsuite> <!-- webAutoQueue.CancelQueue -->
