<?xml version="1.0" encoding="UTF-8"?>
<!-- Generated by org.testng.reporters.JUnitReportReporter -->
<testsuite hostname="CopiousCare" failures="0" tests="36" name="pivotalApplicationNegative.EditBackPatientProfile" time="259.959" errors="0" timestamp="2024-08-05T12:22:22 IST" skipped="0">
  <testcase classname="pivotalApplicationNegative.EditBackPatientProfile" name="NumberField" time="1.314"/>
  <system-out/>
  <testcase classname="pivotalApplicationNegative.EditBackPatientProfile" name="BfSuite" time="0.638"/>
  <system-out/>
  <testcase classname="pivotalApplicationNegative.EditBackPatientProfile" name="IAgree" time="1.982"/>
  <system-out/>
  <testcase classname="pivotalApplicationNegative.EditBackPatientProfile" name="proceedButton" time="2.361"/>
  <system-out/>
  <testcase classname="pivotalApplicationNegative.EditBackPatientProfile" name="OTP" time="11.986"/>
  <system-out/>
  <testcase classname="pivotalApplicationNegative.EditBackPatientProfile" name="submit" time="7.897"/>
  <system-out/>
  <testcase classname="pivotalApplicationNegative.EditBackPatientProfile" name="Search" time="9.549"/>
  <system-out/>
  <testcase classname="pivotalApplicationNegative.EditBackPatientProfile" name="ClickPatient" time="14.477"/>
  <system-out/>
  <testcase classname="pivotalApplicationNegative.EditBackPatientProfile" name="FirstName" time="5.742"/>
  <system-out/>
  <testcase classname="pivotalApplicationNegative.EditBackPatientProfile" name="MiddleName" time="6.260"/>
  <system-out/>
  <testcase classname="pivotalApplicationNegative.EditBackPatientProfile" name="LastName" time="20.223"/>
  <system-out/>
  <testcase classname="pivotalApplicationNegative.EditBackPatientProfile" name="Address" time="3.736"/>
  <system-out/>
  <testcase classname="pivotalApplicationNegative.EditBackPatientProfile" name="Area" time="3.674"/>
  <system-out/>
  <testcase classname="pivotalApplicationNegative.EditBackPatientProfile" name="City" time="3.676"/>
  <system-out/>
  <testcase classname="pivotalApplicationNegative.EditBackPatientProfile" name="PinCode" time="3.689"/>
  <system-out/>
  <testcase classname="pivotalApplicationNegative.EditBackPatientProfile" name="Next" time="15.515"/>
  <system-out/>
  <testcase classname="pivotalApplicationNegative.EditBackPatientProfile" name="weightl" time="3.531"/>
  <system-out/>
  <testcase classname="pivotalApplicationNegative.EditBackPatientProfile" name="Heightl" time="4.029"/>
  <system-out/>
  <testcase classname="pivotalApplicationNegative.EditBackPatientProfile" name="HC" time="3.446"/>
  <system-out/>
  <testcase classname="pivotalApplicationNegative.EditBackPatientProfile" name="CC" time="3.333"/>
  <system-out/>
  <testcase classname="pivotalApplicationNegative.EditBackPatientProfile" name="BPSYS" time="3.412"/>
  <system-out/>
  <testcase classname="pivotalApplicationNegative.EditBackPatientProfile" name="BPDia" time="3.477"/>
  <system-out/>
  <testcase classname="pivotalApplicationNegative.EditBackPatientProfile" name="BirthHistoryNext" time="7.526"/>
  <system-out/>
  <testcase classname="pivotalApplicationNegative.EditBackPatientProfile" name="Allergies" time="3.529"/>
  <system-out/>
  <testcase classname="pivotalApplicationNegative.EditBackPatientProfile" name="Reactions" time="3.949"/>
  <system-out/>
  <testcase classname="pivotalApplicationNegative.EditBackPatientProfile" name="RecurringComplaints" time="3.565"/>
  <system-out/>
  <testcase classname="pivotalApplicationNegative.EditBackPatientProfile" name="HospitalizationHistory" time="3.533"/>
  <system-out/>
  <testcase classname="pivotalApplicationNegative.EditBackPatientProfile" name="HealthHistory" time="3.567"/>
  <system-out/>
  <testcase classname="pivotalApplicationNegative.EditBackPatientProfile" name="OtherEmailId" time="3.549"/>
  <system-out/>
  <testcase classname="pivotalApplicationNegative.EditBackPatientProfile" name="helathNext" time="2.381"/>
  <system-out/>
  <testcase classname="pivotalApplicationNegative.EditBackPatientProfile" name="FathersName" time="3.662"/>
  <system-out/>
  <testcase classname="pivotalApplicationNegative.EditBackPatientProfile" name="MothersName" time="3.533"/>
  <system-out/>
  <testcase classname="pivotalApplicationNegative.EditBackPatientProfile" name="Fatherheight" time="7.410"/>
  <system-out/>
  <testcase classname="pivotalApplicationNegative.EditBackPatientProfile" name="Mothersheight" time="7.400"/>
  <system-out/>
  <testcase classname="pivotalApplicationNegative.EditBackPatientProfile" name="FamailyBackward" time="18.137"/>
  <system-out/>
  <testcase classname="pivotalApplicationNegative.EditBackPatientProfile" name="GetData" time="54.271"/>
  <system-out/>
</testsuite> <!-- pivotalApplicationNegative.EditBackPatientProfile -->
