<?xml version="1.0" encoding="UTF-8"?>
<!-- Generated by org.testng.reporters.JUnitReportReporter -->
<testsuite hostname="DESKTOP-VQLLA2K" failures="0" tests="19" name="webAuto.OPDEndToEndWorkFlow2" time="562.733" errors="0" timestamp="2024-01-05T09:48:06 IST" skipped="0">
  <testcase classname="webAuto.OPDEndToEndWorkFlow2" name="numberField" time="3.693"/>
  <testcase classname="webAuto.OPDEndToEndWorkFlow2" name="sendOTP" time="20.225"/>
  <testcase classname="webAuto.OPDEndToEndWorkFlow2" name="verifyButton" time="14.808"/>
  <testcase classname="webAuto.OPDEndToEndWorkFlow2" name="searchBar1" time="47.820"/>
  <testcase classname="webAuto.OPDEndToEndWorkFlow2" name="searchOpt" time="4.323"/>
  <testcase classname="webAuto.OPDEndToEndWorkFlow2" name="searchBar2" time="32.140"/>
  <testcase classname="webAuto.OPDEndToEndWorkFlow2" name="Investigation" time="44.075"/>
  <testcase classname="webAuto.OPDEndToEndWorkFlow2" name="Investigation1" time="55.580"/>
  <testcase classname="webAuto.OPDEndToEndWorkFlow2" name="HealthProfile" time="61.345"/>
  <testcase classname="webAuto.OPDEndToEndWorkFlow2" name="Document1" time="0.493"/>
  <testcase classname="webAuto.OPDEndToEndWorkFlow2" name="ReceiptOption" time="39.537"/>
  <testcase classname="webAuto.OPDEndToEndWorkFlow2" name="previewReceipt" time="41.756"/>
  <testcase classname="webAuto.OPDEndToEndWorkFlow2" name="cirtificateOption1" time="20.739"/>
  <testcase classname="webAuto.OPDEndToEndWorkFlow2" name="AllDocuments" time="19.567"/>
  <testcase classname="webAuto.OPDEndToEndWorkFlow2" name="Document2" time="2.545"/>
  <testcase classname="webAuto.OPDEndToEndWorkFlow2" name="cirtificateOption" time="55.406"/>
  <testcase classname="webAuto.OPDEndToEndWorkFlow2" name="cirtificateOption3" time="22.090"/>
  <testcase classname="webAuto.OPDEndToEndWorkFlow2" name="AllDocuments1" time="27.117"/>
  <testcase classname="webAuto.OPDEndToEndWorkFlow2" name="ReferralOption3" time="49.474"/>
</testsuite> <!-- webAuto.OPDEndToEndWorkFlow2 -->
