<?xml version="1.0" encoding="UTF-8"?>
<!-- Generated by org.testng.reporters.JUnitReportReporter -->
<testsuite hostname="CopiousCare" failures="0" tests="83" name="healthApp.HealthEndToEndScript" time="730.114" errors="0" timestamp="2024-09-18T14:16:18 IST" skipped="0">
  <testcase classname="healthApp.HealthEndToEndScript" name="NumberField" time="16.725"/>
  <system-out/>
  <testcase classname="healthApp.HealthEndToEndScript" name="BfSuite" time="0.688"/>
  <system-out/>
  <testcase classname="healthApp.HealthEndToEndScript" name="IAgree" time="1.998"/>
  <system-out/>
  <testcase classname="healthApp.HealthEndToEndScript" name="proceedButton" time="5.249"/>
  <system-out/>
  <testcase classname="healthApp.HealthEndToEndScript" name="OTP" time="14.267"/>
  <system-out/>
  <testcase classname="healthApp.HealthEndToEndScript" name="Verify" time="15.430"/>
  <system-out/>
  <testcase classname="healthApp.HealthEndToEndScript" name="Family" time="5.874"/>
  <system-out/>
  <testcase classname="healthApp.HealthEndToEndScript" name="AddFamilyMember" time="9.636"/>
  <system-out/>
  <testcase classname="healthApp.HealthEndToEndScript" name="FirstName" time="5.879"/>
  <system-out/>
  <testcase classname="healthApp.HealthEndToEndScript" name="MiddleName" time="5.886"/>
  <system-out/>
  <testcase classname="healthApp.HealthEndToEndScript" name="Birthdate" time="10.691"/>
  <system-out/>
  <testcase classname="healthApp.HealthEndToEndScript" name="Male" time="5.376"/>
  <system-out/>
  <testcase classname="healthApp.HealthEndToEndScript" name="SaveAndNext" time="11.330"/>
  <system-out/>
  <testcase classname="healthApp.HealthEndToEndScript" name="SelectClick" time="8.647"/>
  <system-out/>
  <testcase classname="healthApp.HealthEndToEndScript" name="SelectOther" time="5.332"/>
  <system-out/>
  <testcase classname="healthApp.HealthEndToEndScript" name="Next" time="8.713"/>
  <system-out/>
  <testcase classname="healthApp.HealthEndToEndScript" name="LinkDr" time="2.628"/>
  <system-out/>
  <testcase classname="healthApp.HealthEndToEndScript" name="AddtionalInformation" time="1.685"/>
  <system-out/>
  <testcase classname="healthApp.HealthEndToEndScript" name="MedicalConditionAdd" time="3.644"/>
  <system-out/>
  <testcase classname="healthApp.HealthEndToEndScript" name="MedicalConditionSelect" time="3.833"/>
  <system-out/>
  <testcase classname="healthApp.HealthEndToEndScript" name="AddMedicalCondition" time="2.462"/>
  <system-out/>
  <testcase classname="healthApp.HealthEndToEndScript" name="Allergies" time="2.292"/>
  <system-out/>
  <testcase classname="healthApp.HealthEndToEndScript" name="Reactions" time="2.773"/>
  <system-out/>
  <testcase classname="healthApp.HealthEndToEndScript" name="RecurringComplaints" time="2.283"/>
  <system-out/>
  <testcase classname="healthApp.HealthEndToEndScript" name="HospitalizationHistory" time="2.797"/>
  <system-out/>
  <testcase classname="healthApp.HealthEndToEndScript" name="HealthHistory" time="2.813"/>
  <system-out/>
  <testcase classname="healthApp.HealthEndToEndScript" name="GeneticdisoredrAdd" time="3.854"/>
  <system-out/>
  <testcase classname="healthApp.HealthEndToEndScript" name="GeneticdisoredrSelect" time="13.139"/>
  <system-out/>
  <testcase classname="healthApp.HealthEndToEndScript" name="AddGeneticdisoredr" time="2.522"/>
  <system-out/>
  <testcase classname="healthApp.HealthEndToEndScript" name="healthNext" time="2.311"/>
  <system-out/>
  <testcase classname="healthApp.HealthEndToEndScript" name="FamailyNedicalHistory" time="11.151"/>
  <system-out/>
  <testcase classname="healthApp.HealthEndToEndScript" name="EnterDisorders" time="10.115"/>
  <system-out/>
  <testcase classname="healthApp.HealthEndToEndScript" name="FathersDetails" time="3.214"/>
  <system-out/>
  <testcase classname="healthApp.HealthEndToEndScript" name="MothersDetails" time="19.609"/>
  <system-out/>
  <testcase classname="healthApp.HealthEndToEndScript" name="BookAppointment" time="11.015"/>
  <system-out/>
  <testcase classname="healthApp.HealthEndToEndScript" name="SelectFamilyMember" time="7.301"/>
  <system-out/>
  <testcase classname="healthApp.HealthEndToEndScript" name="SelectDoctor" time="5.337"/>
  <system-out/>
  <testcase classname="healthApp.HealthEndToEndScript" name="Doctor" time="5.289"/>
  <system-out/>
  <testcase classname="healthApp.HealthEndToEndScript" name="DateClick" time="5.399"/>
  <system-out/>
  <testcase classname="healthApp.HealthEndToEndScript" name="Time" time="5.648"/>
  <system-out/>
  <testcase classname="healthApp.HealthEndToEndScript" name="PurposeVisit" time="32.213"/>
  <system-out/>
  <testcase classname="healthApp.HealthEndToEndScript" name="CreateAppointment" time="5.394"/>
  <system-out/>
  <testcase classname="healthApp.HealthEndToEndScript" name="Done" time="5.261"/>
  <system-out/>
  <testcase classname="healthApp.HealthEndToEndScript" name="SelectFamilyMember2" time="5.599"/>
  <system-out/>
  <testcase classname="healthApp.HealthEndToEndScript" name="AddButton1" time="10.583"/>
  <system-out/>
  <testcase classname="healthApp.HealthEndToEndScript" name="GrowthRecord1" time="5.662"/>
  <system-out/>
  <testcase classname="healthApp.HealthEndToEndScript" name="Vital" time="13.823"/>
  <system-out/>
  <testcase classname="healthApp.HealthEndToEndScript" name="UploadDoc" time="16.133"/>
  <system-out/>
  <testcase classname="healthApp.HealthEndToEndScript" name="DocumentsDropDown" time="5.230"/>
  <system-out/>
  <testcase classname="healthApp.HealthEndToEndScript" name="DischargeSummary" time="2.229"/>
  <system-out/>
  <testcase classname="healthApp.HealthEndToEndScript" name="CreatedBy" time="2.758"/>
  <system-out/>
  <testcase classname="healthApp.HealthEndToEndScript" name="DocumentOn" time="2.213"/>
  <system-out/>
  <testcase classname="healthApp.HealthEndToEndScript" name="popUpOk" time="4.272"/>
  <system-out/>
  <testcase classname="healthApp.HealthEndToEndScript" name="Camera" time="17.110"/>
  <system-out/>
  <testcase classname="healthApp.HealthEndToEndScript" name="UploadCam" time="7.288"/>
  <system-out/>
  <testcase classname="healthApp.HealthEndToEndScript" name="UploadCamOk" time="15.970"/>
  <system-out/>
  <testcase classname="healthApp.HealthEndToEndScript" name="UploadDocuments1" time="3.134"/>
  <system-out/>
  <testcase classname="healthApp.HealthEndToEndScript" name="DocumentsDropDown1" time="5.215"/>
  <system-out/>
  <testcase classname="healthApp.HealthEndToEndScript" name="DischargeSummary1" time="2.246"/>
  <system-out/>
  <testcase classname="healthApp.HealthEndToEndScript" name="CreatedBy1" time="2.746"/>
  <system-out/>
  <testcase classname="healthApp.HealthEndToEndScript" name="DocumentOn1" time="2.240"/>
  <system-out/>
  <testcase classname="healthApp.HealthEndToEndScript" name="popUpOk1" time="2.270"/>
  <system-out/>
  <testcase classname="healthApp.HealthEndToEndScript" name="Gallery" time="2.290"/>
  <system-out/>
  <testcase classname="healthApp.HealthEndToEndScript" name="photo" time="10.299"/>
  <system-out/>
  <testcase classname="healthApp.HealthEndToEndScript" name="Upload" time="2.283"/>
  <system-out/>
  <testcase classname="healthApp.HealthEndToEndScript" name="UploadOk" time="20.751"/>
  <system-out/>
  <testcase classname="healthApp.HealthEndToEndScript" name="AddButton4" time="10.527"/>
  <system-out/>
  <testcase classname="healthApp.HealthEndToEndScript" name="BookLabTest11" time="5.662"/>
  <system-out/>
  <testcase classname="healthApp.HealthEndToEndScript" name="SelectLab" time="5.299"/>
  <system-out/>
  <testcase classname="healthApp.HealthEndToEndScript" name="ClickLab" time="5.326"/>
  <system-out/>
  <testcase classname="healthApp.HealthEndToEndScript" name="Comments" time="5.216"/>
  <system-out/>
  <testcase classname="healthApp.HealthEndToEndScript" name="VaccineLabel" time="30.727"/>
  <system-out/>
  <testcase classname="healthApp.HealthEndToEndScript" name="BookLabTest1" time="10.249"/>
  <system-out/>
  <testcase classname="healthApp.HealthEndToEndScript" name="Done2" time="5.244"/>
  <system-out/>
  <testcase classname="healthApp.HealthEndToEndScript" name="SelectFamilyMember3" time="15.545"/>
  <system-out/>
  <testcase classname="healthApp.HealthEndToEndScript" name="Immunization" time="5.583"/>
  <system-out/>
  <testcase classname="healthApp.HealthEndToEndScript" name="Birth" time="36.266"/>
  <system-out/>
  <testcase classname="healthApp.HealthEndToEndScript" name="PopUpOk" time="26.774"/>
  <system-out/>
  <testcase classname="healthApp.HealthEndToEndScript" name="AddButton2" time="21.566"/>
  <system-out/>
  <testcase classname="healthApp.HealthEndToEndScript" name="AllVisits" time="5.623"/>
  <system-out/>
  <testcase classname="healthApp.HealthEndToEndScript" name="AddVitalsClick" time="5.326"/>
  <system-out/>
  <testcase classname="healthApp.HealthEndToEndScript" name="AddVitals" time="37.820"/>
  <system-out/>
  <testcase classname="healthApp.HealthEndToEndScript" name="LipidProfile" time="27.314"/>
  <system-out/>
</testsuite> <!-- healthApp.HealthEndToEndScript -->
