<?xml version="1.0" encoding="UTF-8"?>
<!-- Generated by org.testng.reporters.JUnitReportReporter -->
<testsuite hostname="CopiousCare" failures="0" tests="8" name="webAutoQueue.Certificate" time="72.846" errors="0" timestamp="2024-04-26T16:08:10 IST" skipped="0">
  <testcase classname="webAutoQueue.Certificate" name="numberField" time="0.113"/>
  <system-out/>
  <testcase classname="webAutoQueue.Certificate" name="sendOTP" time="7.697"/>
  <system-out/>
  <testcase classname="webAutoQueue.Certificate" name="verifyButton" time="10.069"/>
  <system-out/>
  <testcase classname="webAutoQueue.Certificate" name="searchBar" time="0.440"/>
  <system-out/>
  <testcase classname="webAutoQueue.Certificate" name="searchOpt" time="3.075"/>
  <system-out/>
  <testcase classname="webAutoQueue.Certificate" name="clickPatient" time="10.128"/>
  <system-out/>
  <testcase classname="webAutoQueue.Certificate" name="Document" time="0.075"/>
  <system-out/>
  <testcase classname="webAutoQueue.Certificate" name="cirtificateOption" time="41.249"/>
  <system-out/>
</testsuite> <!-- webAutoQueue.Certificate -->
