<?xml version="1.0" encoding="UTF-8"?>
<!-- Generated by org.testng.reporters.JUnitReportReporter -->
<testsuite hostname="CopiousCare" failures="0" tests="15" name="pivotalApplicationNegative.NSpecialVaccine" time="90.273" errors="0" timestamp="2024-04-22T14:15:33 IST" skipped="0">
  <testcase classname="pivotalApplicationNegative.NSpecialVaccine" name="BfSuite" time="1.321"/>
  <system-out/>
  <testcase classname="pivotalApplicationNegative.NSpecialVaccine" name="NumberField" time="1.212"/>
  <system-out/>
  <testcase classname="pivotalApplicationNegative.NSpecialVaccine" name="IAgree" time="2.150"/>
  <system-out/>
  <testcase classname="pivotalApplicationNegative.NSpecialVaccine" name="proceedButton" time="2.390"/>
  <system-out/>
  <testcase classname="pivotalApplicationNegative.NSpecialVaccine" name="OTP" time="10.901"/>
  <system-out/>
  <testcase classname="pivotalApplicationNegative.NSpecialVaccine" name="submit" time="13.151"/>
  <system-out/>
  <testcase classname="pivotalApplicationNegative.NSpecialVaccine" name="Search" time="8.094"/>
  <system-out/>
  <testcase classname="pivotalApplicationNegative.NSpecialVaccine" name="ClickPatient" time="4.045"/>
  <system-out/>
  <testcase classname="pivotalApplicationNegative.NSpecialVaccine" name="SpecialVaccine" time="24.299"/>
  <system-out/>
  <testcase classname="pivotalApplicationNegative.NSpecialVaccine" name="PopUpOk" time="7.857"/>
  <system-out/>
  <testcase classname="pivotalApplicationNegative.NSpecialVaccine" name="AdministeredDate" time="5.208"/>
  <system-out/>
  <testcase classname="pivotalApplicationNegative.NSpecialVaccine" name="VaccineDropdown" time="2.247"/>
  <system-out/>
  <testcase classname="pivotalApplicationNegative.NSpecialVaccine" name="CholeraVaccine" time="2.316"/>
  <system-out/>
  <testcase classname="pivotalApplicationNegative.NSpecialVaccine" name="Submit" time="2.298"/>
  <system-out/>
  <testcase classname="pivotalApplicationNegative.NSpecialVaccine" name="VaccinationOk" time="2.784"/>
  <system-out/>
</testsuite> <!-- pivotalApplicationNegative.NSpecialVaccine -->
