<?xml version="1.0" encoding="UTF-8"?>
<!-- Generated by org.testng.reporters.JUnitReportReporter -->
<testsuite hostname="CopiousCare" failures="0" tests="17" name="webAutoNegative.DeletePatient" time="40.810" errors="0" timestamp="2024-11-27T14:50:44 IST" skipped="0">
  <testcase classname="webAutoNegative.DeletePatient" name="numberField" time="0.145"/>
  <system-out/>
  <testcase classname="webAutoNegative.DeletePatient" name="sendOTP" time="8.792"/>
  <system-out/>
  <testcase classname="webAutoNegative.DeletePatient" name="verifyButton" time="10.109"/>
  <system-out/>
  <testcase classname="webAutoNegative.DeletePatient" name="createPatient" time="0.375"/>
  <system-out/>
  <testcase classname="webAutoNegative.DeletePatient" name="Number1" time="0.218"/>
  <system-out/>
  <testcase classname="webAutoNegative.DeletePatient" name="confirm" time="2.398"/>
  <system-out/>
  <testcase classname="webAutoNegative.DeletePatient" name="number2" time="0.245"/>
  <system-out/>
  <testcase classname="webAutoNegative.DeletePatient" name="firstName" time="0.203"/>
  <system-out/>
  <testcase classname="webAutoNegative.DeletePatient" name="middleName" time="0.234"/>
  <system-out/>
  <testcase classname="webAutoNegative.DeletePatient" name="lastName" time="0.197"/>
  <system-out/>
  <testcase classname="webAutoNegative.DeletePatient" name="birthDate" time="0.232"/>
  <system-out/>
  <testcase classname="webAutoNegative.DeletePatient" name="genFemale" time="0.066"/>
  <system-out/>
  <testcase classname="webAutoNegative.DeletePatient" name="address" time="0.185"/>
  <system-out/>
  <testcase classname="webAutoNegative.DeletePatient" name="locality" time="0.238"/>
  <system-out/>
  <testcase classname="webAutoNegative.DeletePatient" name="city" time="0.198"/>
  <system-out/>
  <testcase classname="webAutoNegative.DeletePatient" name="pinCode" time="0.422"/>
  <system-out/>
  <testcase classname="webAutoNegative.DeletePatient" name="nextButton" time="16.553"/>
  <system-out/>
</testsuite> <!-- webAutoNegative.DeletePatient -->
