<?xml version="1.0" encoding="UTF-8"?>
<!-- Generated by org.testng.reporters.JUnitReportReporter -->
<testsuite hostname="DESKTOP-VQLLA2K" failures="0" tests="44" name="pivotalApplication.LMPAddPivo" time="264.150" errors="0" timestamp="2023-12-28T11:00:49 IST" skipped="0">
  <testcase classname="pivotalApplication.LMPAddPivo" name="BfSuite" time="3.452"/>
  <testcase classname="pivotalApplication.LMPAddPivo" name="NumberField" time="1.224"/>
  <testcase classname="pivotalApplication.LMPAddPivo" name="IAgree" time="2.151"/>
  <testcase classname="pivotalApplication.LMPAddPivo" name="proceedButton" time="2.382"/>
  <testcase classname="pivotalApplication.LMPAddPivo" name="OTP" time="10.999"/>
  <testcase classname="pivotalApplication.LMPAddPivo" name="submit" time="10.666"/>
  <testcase classname="pivotalApplication.LMPAddPivo" name="Createptient" time="4.500"/>
  <testcase classname="pivotalApplication.LMPAddPivo" name="Neweptient" time="12.316"/>
  <testcase classname="pivotalApplication.LMPAddPivo" name="Close" time="5.099"/>
  <testcase classname="pivotalApplication.LMPAddPivo" name="MobileNumber1" time="2.547"/>
  <testcase classname="pivotalApplication.LMPAddPivo" name="confirm" time="4.561"/>
  <testcase classname="pivotalApplication.LMPAddPivo" name="confirmPopup" time="6.177"/>
  <testcase classname="pivotalApplication.LMPAddPivo" name="AdditionalNumber1" time="3.127"/>
  <testcase classname="pivotalApplication.LMPAddPivo" name="FirstName" time="5.011"/>
  <testcase classname="pivotalApplication.LMPAddPivo" name="MiddleName" time="4.979"/>
  <testcase classname="pivotalApplication.LMPAddPivo" name="LastName" time="4.950"/>
  <testcase classname="pivotalApplication.LMPAddPivo" name="Age" time="0.941"/>
  <testcase classname="pivotalApplication.LMPAddPivo" name="GenFemale" time="4.503"/>
  <testcase classname="pivotalApplication.LMPAddPivo" name="Address" time="2.425"/>
  <testcase classname="pivotalApplication.LMPAddPivo" name="Area" time="2.938"/>
  <testcase classname="pivotalApplication.LMPAddPivo" name="City" time="3.368"/>
  <testcase classname="pivotalApplication.LMPAddPivo" name="PinCode" time="2.416"/>
  <testcase classname="pivotalApplication.LMPAddPivo" name="Next" time="15.418"/>
  <testcase classname="pivotalApplication.LMPAddPivo" name="AddVital" time="5.330"/>
  <testcase classname="pivotalApplication.LMPAddPivo" name="Continue" time="5.229"/>
  <testcase classname="pivotalApplication.LMPAddPivo" name="weight" time="0.296"/>
  <testcase classname="pivotalApplication.LMPAddPivo" name="Height" time="6.071"/>
  <testcase classname="pivotalApplication.LMPAddPivo" name="Temperature" time="5.847"/>
  <testcase classname="pivotalApplication.LMPAddPivo" name="SPO2" time="5.861"/>
  <testcase classname="pivotalApplication.LMPAddPivo" name="LMPDate" time="16.814"/>
  <testcase classname="pivotalApplication.LMPAddPivo" name="UpArrow" time="10.797"/>
  <testcase classname="pivotalApplication.LMPAddPivo" name="BPSYS" time="5.819"/>
  <testcase classname="pivotalApplication.LMPAddPivo" name="BPDIA" time="5.775"/>
  <testcase classname="pivotalApplication.LMPAddPivo" name="HeartRate" time="6.867"/>
  <testcase classname="pivotalApplication.LMPAddPivo" name="Pulse" time="16.009"/>
  <testcase classname="pivotalApplication.LMPAddPivo" name="BloodSugar" time="5.292"/>
  <testcase classname="pivotalApplication.LMPAddPivo" name="BloodSugarf" time="5.800"/>
  <testcase classname="pivotalApplication.LMPAddPivo" name="BloodSugarPP" time="5.295"/>
  <testcase classname="pivotalApplication.LMPAddPivo" name="BloodSugarHB" time="11.487"/>
  <testcase classname="pivotalApplication.LMPAddPivo" name="CholesterolHDL" time="6.615"/>
  <testcase classname="pivotalApplication.LMPAddPivo" name="CholesterolLDL" time="5.792"/>
  <testcase classname="pivotalApplication.LMPAddPivo" name="TotalCholesterol" time="5.839"/>
  <testcase classname="pivotalApplication.LMPAddPivo" name="Triglycerides" time="5.775"/>
  <testcase classname="pivotalApplication.LMPAddPivo" name="Save" time="5.390"/>
</testsuite> <!-- pivotalApplication.LMPAddPivo -->
