<?xml version="1.0" encoding="UTF-8"?>
<!-- Generated by org.testng.reporters.JUnitReportReporter -->
<testsuite hostname="CopiousCare" failures="0" tests="11" name="pivotalApplicationNegative.NMedicine" time="84.582" errors="0" timestamp="2024-08-02T15:14:14 IST" skipped="0">
  <testcase classname="pivotalApplicationNegative.NMedicine" name="NumberField" time="1.624"/>
  <system-out/>
  <testcase classname="pivotalApplicationNegative.NMedicine" name="BfSuite" time="0.616"/>
  <system-out/>
  <testcase classname="pivotalApplicationNegative.NMedicine" name="IAgree" time="2.018"/>
  <system-out/>
  <testcase classname="pivotalApplicationNegative.NMedicine" name="proceedButton" time="2.355"/>
  <system-out/>
  <testcase classname="pivotalApplicationNegative.NMedicine" name="OTP" time="12.441"/>
  <system-out/>
  <testcase classname="pivotalApplicationNegative.NMedicine" name="submit" time="8.230"/>
  <system-out/>
  <testcase classname="pivotalApplicationNegative.NMedicine" name="Search" time="11.234"/>
  <system-out/>
  <testcase classname="pivotalApplicationNegative.NMedicine" name="ClickPatient" time="22.790"/>
  <system-out/>
  <testcase classname="pivotalApplicationNegative.NMedicine" name="SearchMedDolo" time="12.718"/>
  <system-out/>
  <testcase classname="pivotalApplicationNegative.NMedicine" name="DosageAndDays" time="8.014"/>
  <system-out/>
  <testcase classname="pivotalApplicationNegative.NMedicine" name="AddToPrescription" time="2.542"/>
  <system-out/>
</testsuite> <!-- pivotalApplicationNegative.NMedicine -->
