<?xml version="1.0" encoding="UTF-8"?>
<!-- Generated by org.testng.reporters.JUnitReportReporter -->
<testsuite hostname="DESKTOP-VQLLA2K" failures="0" tests="173" name="pivotalApplication.PivoFin1" time="976.699" errors="1" timestamp="2024-01-03T11:27:24 IST" skipped="0">
  <testcase classname="pivotalApplication.PivoFin1" name="NumberField" time="0.759"/>
  <testcase classname="pivotalApplication.PivoFin1" name="IAgree" time="2.137"/>
  <testcase classname="pivotalApplication.PivoFin1" name="proceedButton" time="2.398"/>
  <testcase classname="pivotalApplication.PivoFin1" name="OTP" time="10.994"/>
  <testcase classname="pivotalApplication.PivoFin1" name="submit" time="8.853"/>
  <testcase classname="pivotalApplication.PivoFin1" name="Createptient" time="4.484"/>
  <testcase classname="pivotalApplication.PivoFin1" name="Neweptient" time="12.331"/>
  <testcase classname="pivotalApplication.PivoFin1" name="Close" time="5.080"/>
  <testcase classname="pivotalApplication.PivoFin1" name="MobileNumber1" time="3.048"/>
  <testcase classname="pivotalApplication.PivoFin1" name="confirm" time="4.557"/>
  <testcase classname="pivotalApplication.PivoFin1" name="confirmPopup" time="4.785"/>
  <testcase classname="pivotalApplication.PivoFin1" name="AdditionalNumber1" time="2.544"/>
  <testcase classname="pivotalApplication.PivoFin1" name="FirstName" time="4.984"/>
  <testcase classname="pivotalApplication.PivoFin1" name="MiddleName" time="5.015"/>
  <testcase classname="pivotalApplication.PivoFin1" name="LastName" time="4.466"/>
  <testcase classname="pivotalApplication.PivoFin1" name="BirthCalender" time="5.080"/>
  <testcase classname="pivotalApplication.PivoFin1" name="Birthok" time="4.353"/>
  <testcase classname="pivotalApplication.PivoFin1" name="GenFemale" time="4.457"/>
  <testcase classname="pivotalApplication.PivoFin1" name="Address" time="2.911"/>
  <testcase classname="pivotalApplication.PivoFin1" name="Area" time="2.910"/>
  <testcase classname="pivotalApplication.PivoFin1" name="City" time="2.944"/>
  <testcase classname="pivotalApplication.PivoFin1" name="PinCode" time="2.421"/>
  <testcase classname="pivotalApplication.PivoFin1" name="Next" time="15.435"/>
  <testcase classname="pivotalApplication.PivoFin1" name="ContinueProfile" time="10.376"/>
  <testcase classname="pivotalApplication.PivoFin1" name="TypeOfDelivery" time="2.402"/>
  <testcase classname="pivotalApplication.PivoFin1" name="TypeOfDeliveryNormal" time="2.247"/>
  <testcase classname="pivotalApplication.PivoFin1" name="weightl" time="2.319"/>
  <testcase classname="pivotalApplication.PivoFin1" name="Heightl" time="2.310"/>
  <testcase classname="pivotalApplication.PivoFin1" name="HC" time="2.294"/>
  <testcase classname="pivotalApplication.PivoFin1" name="CC" time="2.331"/>
  <testcase classname="pivotalApplication.PivoFin1" name="BPSYS" time="2.311"/>
  <testcase classname="pivotalApplication.PivoFin1" name="BPDia" time="2.319"/>
  <testcase classname="pivotalApplication.PivoFin1" name="BloodGroup" time="2.369"/>
  <testcase classname="pivotalApplication.PivoFin1" name="BloodGroupA" time="2.301"/>
  <testcase classname="pivotalApplication.PivoFin1" name="BirthHistoryNext" time="7.417"/>
  <testcase classname="pivotalApplication.PivoFin1" name="MedicalConditionAdd" time="3.764"/>
  <testcase classname="pivotalApplication.PivoFin1" name="MedicalConditionSelect" time="3.854"/>
  <testcase classname="pivotalApplication.PivoFin1" name="AddMedicalCondition" time="2.375"/>
  <testcase classname="pivotalApplication.PivoFin1" name="Allergies" time="2.805"/>
  <testcase classname="pivotalApplication.PivoFin1" name="Reactions" time="2.816"/>
  <testcase classname="pivotalApplication.PivoFin1" name="RecurringComplaints" time="2.325"/>
  <testcase classname="pivotalApplication.PivoFin1" name="HospitalizationHistory" time="2.852"/>
  <testcase classname="pivotalApplication.PivoFin1" name="HealthHistory" time="2.835"/>
  <testcase classname="pivotalApplication.PivoFin1" name="GeneticdisoredrAdd" time="3.968"/>
  <testcase classname="pivotalApplication.PivoFin1" name="GeneticdisoredrSelect" time="12.861"/>
  <testcase classname="pivotalApplication.PivoFin1" name="AddGeneticdisoredr" time="2.489"/>
  <testcase classname="pivotalApplication.PivoFin1" name="OtherEmailId" time="2.368"/>
  <testcase classname="pivotalApplication.PivoFin1" name="helathNext" time="2.353"/>
  <testcase classname="pivotalApplication.PivoFin1" name="FathersName" time="2.365"/>
  <testcase classname="pivotalApplication.PivoFin1" name="MothersName" time="2.789"/>
  <testcase classname="pivotalApplication.PivoFin1" name="Fatherheight" time="7.104"/>
  <testcase classname="pivotalApplication.PivoFin1" name="Mothersheight" time="6.557"/>
  <testcase classname="pivotalApplication.PivoFin1" name="FamailyMedicalHistory" time="8.300"/>
  <testcase classname="pivotalApplication.PivoFin1" name="EnterDisorders" time="15.608"/>
  <testcase classname="pivotalApplication.PivoFin1" name="AddVital" time="5.314"/>
  <testcase classname="pivotalApplication.PivoFin1" name="weight" time="0.310"/>
  <testcase classname="pivotalApplication.PivoFin1" name="Height" time="5.969"/>
  <testcase classname="pivotalApplication.PivoFin1" name="HC1" time="5.329"/>
  <testcase classname="pivotalApplication.PivoFin1" name="CC1" time="5.313"/>
  <testcase classname="pivotalApplication.PivoFin1" name="Temperature" time="5.307"/>
  <testcase classname="pivotalApplication.PivoFin1" name="SPO2" time="11.673"/>
  <testcase classname="pivotalApplication.PivoFin1" name="UpArrow" time="10.716"/>
  <testcase classname="pivotalApplication.PivoFin1" name="BPSYS1" time="5.834"/>
  <testcase classname="pivotalApplication.PivoFin1" name="BPDIA" time="5.793"/>
  <testcase classname="pivotalApplication.PivoFin1" name="HeartRate" time="6.705"/>
  <testcase classname="pivotalApplication.PivoFin1" name="Pulse" time="11.454"/>
  <testcase classname="pivotalApplication.PivoFin1" name="BloodSugar" time="10.876"/>
  <testcase classname="pivotalApplication.PivoFin1" name="BloodSugarf" time="5.871"/>
  <testcase classname="pivotalApplication.PivoFin1" name="BloodSugarPP" time="5.784"/>
  <testcase classname="pivotalApplication.PivoFin1" name="BloodSugarHB" time="16.521"/>
  <testcase classname="pivotalApplication.PivoFin1" name="CholesterolHDL" time="5.776"/>
  <testcase classname="pivotalApplication.PivoFin1" name="CholesterolLDL" time="5.803"/>
  <testcase classname="pivotalApplication.PivoFin1" name="TotalCholesterol" time="5.794"/>
  <testcase classname="pivotalApplication.PivoFin1" name="Triglycerides" time="5.801"/>
  <testcase classname="pivotalApplication.PivoFin1" name="Save" time="5.424"/>
  <testcase classname="pivotalApplication.PivoFin1" name="Appointment" time="21.159"/>
  <testcase classname="pivotalApplication.PivoFin1" name="SlotTime" time="42.352"/>
  <testcase classname="pivotalApplication.PivoFin1" name="VideoCheckBox" time="2.306"/>
  <testcase classname="pivotalApplication.PivoFin1" name="Book" time="7.653"/>
  <testcase classname="pivotalApplication.PivoFin1" name="AppointmentBookedPopup" time="14.907"/>
  <testcase classname="pivotalApplication.PivoFin1" name="ClickPatient" time="3.120"/>
  <testcase classname="pivotalApplication.PivoFin1" name="prescription" time="2.846"/>
  <testcase classname="pivotalApplication.PivoFin1" name="ComplaintAndDiagnosis" time="2.565"/>
  <testcase classname="pivotalApplication.PivoFin1" name="AddChiefComplaints" time="2.356"/>
  <testcase classname="pivotalApplication.PivoFin1" name="Fever" time="4.277"/>
  <testcase classname="pivotalApplication.PivoFin1" name="Details" time="2.474"/>
  <testcase classname="pivotalApplication.PivoFin1" name="mild" time="2.388"/>
  <testcase classname="pivotalApplication.PivoFin1" name="moreSymptoms" time="2.345"/>
  <testcase classname="pivotalApplication.PivoFin1" name="Since2Days" time="2.303"/>
  <testcase classname="pivotalApplication.PivoFin1" name="AddComplaint" time="2.264"/>
  <testcase classname="pivotalApplication.PivoFin1" name="AddWorkingDiagnosis" time="2.349"/>
  <testcase classname="pivotalApplication.PivoFin1" name="AcuteUrti" time="5.244"/>
  <testcase classname="pivotalApplication.PivoFin1" name="AddDiagnosis" time="2.355"/>
  <testcase classname="pivotalApplication.PivoFin1" name="Medicine" time="2.401"/>
  <testcase classname="pivotalApplication.PivoFin1" name="TapToAddMedicine" time="2.443"/>
  <testcase classname="pivotalApplication.PivoFin1" name="SearchMedDolo" time="6.716"/>
  <testcase classname="pivotalApplication.PivoFin1" name="AddToPrescription" time="2.365"/>
  <testcase classname="pivotalApplication.PivoFin1" name="ClickFavourite" time="2.394"/>
  <testcase classname="pivotalApplication.PivoFin1" name="ClickFavoutiteDropdown" time="2.174"/>
  <testcase classname="pivotalApplication.PivoFin1" name="ClickFavoutiteMedDrp" time="2.173"/>
  <testcase classname="pivotalApplication.PivoFin1" name="ClickFavoutiteMedicine" time="2.266"/>
  <testcase classname="pivotalApplication.PivoFin1" name="CopyMedicine" time="2.205"/>
  <testcase classname="pivotalApplication.PivoFin1" name="popularClick" time="2.432"/>
  <testcase classname="pivotalApplication.PivoFin1" name="popularMedicineClick" time="3.842"/>
  <testcase classname="pivotalApplication.PivoFin1" name="popularCopyMedicine" time="2.661"/>
  <testcase classname="pivotalApplication.PivoFin1" name="DietAndNutrition" time="2.400"/>
  <testcase classname="pivotalApplication.PivoFin1" name="DietAndNutritionAdd" time="2.338"/>
  <testcase classname="pivotalApplication.PivoFin1" name="DietAdvice" time="2.361"/>
  <testcase classname="pivotalApplication.PivoFin1" name="AddDietAdvice" time="2.339"/>
  <testcase classname="pivotalApplication.PivoFin1" name="GeneralInstructions" time="2.362"/>
  <testcase classname="pivotalApplication.PivoFin1" name="GeneralInstructionsAdd" time="2.328"/>
  <testcase classname="pivotalApplication.PivoFin1" name="InstructionsAdd" time="2.421"/>
  <testcase classname="pivotalApplication.PivoFin1" name="Instructions" time="2.355"/>
  <testcase classname="pivotalApplication.PivoFin1" name="NextFollowup" time="4.324"/>
  <testcase classname="pivotalApplication.PivoFin1" name="NextFollowupCln7der" time="2.324"/>
  <testcase classname="pivotalApplication.PivoFin1" name="NextOk" time="2.304"/>
  <testcase classname="pivotalApplication.PivoFin1" name="NextVistTab" time="2.393"/>
  <testcase classname="pivotalApplication.PivoFin1" name="PreviewPrescription" time="2.371"/>
  <testcase classname="pivotalApplication.PivoFin1" name="SaveAndShare" time="10.214"/>
  <testcase classname="pivotalApplication.PivoFin1" name="DownloadBack" time="20.814"/>
  <testcase classname="pivotalApplication.PivoFin1" name="ImmunizationClick" time="2.482"/>
  <testcase classname="pivotalApplication.PivoFin1" name="AtBirth" time="2.497"/>
  <testcase classname="pivotalApplication.PivoFin1" name="AddVaccine" time="2.571"/>
  <testcase classname="pivotalApplication.PivoFin1" name="SelectBrand" time="2.630"/>
  <testcase classname="pivotalApplication.PivoFin1" name="SelectDate" time="7.558"/>
  <testcase classname="pivotalApplication.PivoFin1" name="VaccineLabel" time="27.642"/>
  <testcase classname="pivotalApplication.PivoFin1" name="BulkUpdate" time="7.674"/>
  <testcase classname="pivotalApplication.PivoFin1" name="PCV" time="4.445"/>
  <testcase classname="pivotalApplication.PivoFin1" name="IPV" time="4.457"/>
  <testcase classname="pivotalApplication.PivoFin1" name="Rotavirus" time="4.469"/>
  <testcase classname="pivotalApplication.PivoFin1" name="AddToSchedule" time="4.474"/>
  <testcase classname="pivotalApplication.PivoFin1" name="BulkUpdate1" time="10.451"/>
  <testcase classname="pivotalApplication.PivoFin1" name="TransScript" time="5.424"/>
  <testcase classname="pivotalApplication.PivoFin1" name="CreatedBy" time="15.970"/>
  <testcase classname="pivotalApplication.PivoFin1" name="DocumentOn" time="7.226"/>
  <testcase classname="pivotalApplication.PivoFin1" name="popoupOk" time="4.310"/>
  <testcase classname="pivotalApplication.PivoFin1" name="Gallaries" time="2.246"/>
  <testcase classname="pivotalApplication.PivoFin1" name="GallariesPhoto" time="10.316"/>
  <testcase classname="pivotalApplication.PivoFin1" name="Upload" time="7.290"/>
  <testcase classname="pivotalApplication.PivoFin1" name="UploadOk" time="7.792"/>
  <testcase classname="pivotalApplication.PivoFin1" name="TransScript1" time="60.653"/>
  <testcase classname="pivotalApplication.PivoFin1" name="ImmunizationGovClick" time="2.508"/>
  <testcase classname="pivotalApplication.PivoFin1" name="BulkCancel" time="5.509">
    <error message="An element could not be located on the page using the given search parameters.
For documentation on this error, please visit: https://www.selenium.dev/documentation/webdriver/troubleshooting/errors#no-such-element-exception
Build info: version: &#039;4.13.0&#039;, revision: &#039;ba948ece5b*&#039;
System info: os.name: &#039;Windows 10&#039;, os.arch: &#039;amd64&#039;, os.version: &#039;10.0&#039;, java.version: &#039;17.0.5&#039;
Driver info: io.appium.java_client.AppiumDriver
Command: [95b225b6-6740-4fa0-a6d5-1727cc6c5c51, findElement {using=xpath, value=//*[@text=&#039;Cancel&#039;]}]
Capabilities {appium:app: D:\pivoapp-prod-16-nov.apk, appium:appActivity: com.calculator_apps.MainAct..., appium:appPackage: com.calculator_apps, appium:automationName: UiAutomator2, appium:databaseEnabled: false, appium:desired: {app: D:\pivoapp-prod-16-nov.apk, appActivity: com.calculator_apps.MainAct..., appPackage: com.calculator_apps, automationName: UiAutomator2, deviceName: samsung, newCommandTimeout: 120000, noReset: false, platformName: ANDROID, platformVersion: 11, –session-override: true}, appium:deviceApiLevel: 30, appium:deviceManufacturer: samsung, appium:deviceModel: SM-A305F, appium:deviceName: RZ8M5181Y3M, appium:deviceScreenDensity: 420, appium:deviceScreenSize: 1080x2340, appium:deviceUDID: RZ8M5181Y3M, appium:javascriptEnabled: true, appium:locationContextEnabled: false, appium:networkConnectionEnabled: true, appium:newCommandTimeout: 120000, appium:noReset: false, appium:pixelRatio: 2.625, appium:platformVersion: 11, appium:statBarHeight: 83, appium:takesScreenshot: true, appium:viewportRect: {height: 2048, left: 0, top: 83, width: 1080}, appium:warnings: {}, appium:webStorageEnabled: false, appium:–session-override: true, platformName: ANDROID}
Session ID: 95b225b6-6740-4fa0-a6d5-1727cc6c5c51" type="org.openqa.selenium.NoSuchElementException">
      <![CDATA[org.openqa.selenium.NoSuchElementException: An element could not be located on the page using the given search parameters.
For documentation on this error, please visit: https://www.selenium.dev/documentation/webdriver/troubleshooting/errors#no-such-element-exception
Build info: version: '4.13.0', revision: 'ba948ece5b*'
System info: os.name: 'Windows 10', os.arch: 'amd64', os.version: '10.0', java.version: '17.0.5'
Driver info: io.appium.java_client.AppiumDriver
Command: [95b225b6-6740-4fa0-a6d5-1727cc6c5c51, findElement {using=xpath, value=//*[@text='Cancel']}]
Capabilities {appium:app: D:\pivoapp-prod-16-nov.apk, appium:appActivity: com.calculator_apps.MainAct..., appium:appPackage: com.calculator_apps, appium:automationName: UiAutomator2, appium:databaseEnabled: false, appium:desired: {app: D:\pivoapp-prod-16-nov.apk, appActivity: com.calculator_apps.MainAct..., appPackage: com.calculator_apps, automationName: UiAutomator2, deviceName: samsung, newCommandTimeout: 120000, noReset: false, platformName: ANDROID, platformVersion: 11, –session-override: true}, appium:deviceApiLevel: 30, appium:deviceManufacturer: samsung, appium:deviceModel: SM-A305F, appium:deviceName: RZ8M5181Y3M, appium:deviceScreenDensity: 420, appium:deviceScreenSize: 1080x2340, appium:deviceUDID: RZ8M5181Y3M, appium:javascriptEnabled: true, appium:locationContextEnabled: false, appium:networkConnectionEnabled: true, appium:newCommandTimeout: 120000, appium:noReset: false, appium:pixelRatio: 2.625, appium:platformVersion: 11, appium:statBarHeight: 83, appium:takesScreenshot: true, appium:viewportRect: {height: 2048, left: 0, top: 83, width: 1080}, appium:warnings: {}, appium:webStorageEnabled: false, appium:–session-override: true, platformName: ANDROID}
Session ID: 95b225b6-6740-4fa0-a6d5-1727cc6c5c51
at java.base/jdk.internal.reflect.NativeConstructorAccessorImpl.newInstance0(Native Method)
at java.base/jdk.internal.reflect.NativeConstructorAccessorImpl.newInstance(NativeConstructorAccessorImpl.java:77)
at java.base/jdk.internal.reflect.DelegatingConstructorAccessorImpl.newInstance(DelegatingConstructorAccessorImpl.java:45)
at java.base/java.lang.reflect.Constructor.newInstanceWithCaller(Constructor.java:499)
at java.base/java.lang.reflect.Constructor.newInstance(Constructor.java:480)
at org.openqa.selenium.remote.codec.w3c.W3CHttpResponseCodec.createException(W3CHttpResponseCodec.java:200)
at org.openqa.selenium.remote.codec.w3c.W3CHttpResponseCodec.decode(W3CHttpResponseCodec.java:133)
at org.openqa.selenium.remote.codec.w3c.W3CHttpResponseCodec.decode(W3CHttpResponseCodec.java:52)
at org.openqa.selenium.remote.HttpCommandExecutor.execute(HttpCommandExecutor.java:191)
at io.appium.java_client.remote.AppiumCommandExecutor.execute(AppiumCommandExecutor.java:250)
at org.openqa.selenium.remote.RemoteWebDriver.execute(RemoteWebDriver.java:602)
at org.openqa.selenium.remote.ElementLocation$ElementFinder$2.findElement(ElementLocation.java:165)
at org.openqa.selenium.remote.ElementLocation.findElement(ElementLocation.java:59)
at org.openqa.selenium.remote.RemoteWebDriver.findElement(RemoteWebDriver.java:359)
at org.openqa.selenium.remote.RemoteWebDriver.findElement(RemoteWebDriver.java:353)
at pivotalApplication.PivoFin1.BulkCancel(PivoFin1.java:1671)
at java.base/jdk.internal.reflect.NativeMethodAccessorImpl.invoke0(Native Method)
at java.base/jdk.internal.reflect.NativeMethodAccessorImpl.invoke(NativeMethodAccessorImpl.java:77)
at java.base/jdk.internal.reflect.DelegatingMethodAccessorImpl.invoke(DelegatingMethodAccessorImpl.java:43)
at java.base/java.lang.reflect.Method.invoke(Method.java:568)
at org.testng.internal.invokers.MethodInvocationHelper.invokeMethod(MethodInvocationHelper.java:139)
at org.testng.internal.invokers.TestInvoker.invokeMethod(TestInvoker.java:664)
at org.testng.internal.invokers.TestInvoker.invokeTestMethod(TestInvoker.java:228)
at org.testng.internal.invokers.MethodRunner.runInSequence(MethodRunner.java:63)
at org.testng.internal.invokers.TestInvoker$MethodInvocationAgent.invoke(TestInvoker.java:961)
at org.testng.internal.invokers.TestInvoker.invokeTestMethods(TestInvoker.java:201)
at org.testng.internal.invokers.TestMethodWorker.invokeTestMethods(TestMethodWorker.java:148)
at org.testng.internal.invokers.TestMethodWorker.run(TestMethodWorker.java:128)
at java.base/java.util.ArrayList.forEach(ArrayList.java:1511)
at org.testng.TestRunner.privateRun(TestRunner.java:819)
at org.testng.TestRunner.run(TestRunner.java:619)
at org.testng.SuiteRunner.runTest(SuiteRunner.java:443)
at org.testng.SuiteRunner.runSequentially(SuiteRunner.java:437)
at org.testng.SuiteRunner.privateRun(SuiteRunner.java:397)
at org.testng.SuiteRunner.run(SuiteRunner.java:336)
at org.testng.SuiteRunnerWorker.runSuite(SuiteRunnerWorker.java:52)
at org.testng.SuiteRunnerWorker.run(SuiteRunnerWorker.java:95)
at org.testng.TestNG.runSuitesSequentially(TestNG.java:1301)
at org.testng.TestNG.runSuitesLocally(TestNG.java:1228)
at org.testng.TestNG.runSuites(TestNG.java:1134)
at org.testng.TestNG.run(TestNG.java:1101)
at org.testng.remote.AbstractRemoteTestNG.run(AbstractRemoteTestNG.java:115)
at org.testng.remote.RemoteTestNG.initAndRun(RemoteTestNG.java:251)
at org.testng.remote.RemoteTestNG.main(RemoteTestNG.java:77)
]]>
    </error>
  </testcase> <!-- BulkCancel -->
  <testcase classname="pivotalApplication.PivoFin1" name="opvO" time="2.574"/>
  <testcase classname="pivotalApplication.PivoFin1" name="SaveVaccine" time="5.629"/>
  <testcase classname="pivotalApplication.PivoFin1" name="IPV1" time="2.607"/>
  <testcase classname="pivotalApplication.PivoFin1" name="SaveVaccine1" time="2.294"/>
  <testcase classname="pivotalApplication.PivoFin1" name="HepB" time="3.601"/>
  <testcase classname="pivotalApplication.PivoFin1" name="SaveVaccine2" time="2.330"/>
  <testcase classname="pivotalApplication.PivoFin1" name="Transscript" time="3.211"/>
  <testcase classname="pivotalApplication.PivoFin1" name="CreatedBy2" time="2.884"/>
  <testcase classname="pivotalApplication.PivoFin1" name="DocumentOn2" time="2.211"/>
  <testcase classname="pivotalApplication.PivoFin1" name="popUpOk" time="2.287"/>
  <testcase classname="pivotalApplication.PivoFin1" name="Camera" time="13.603"/>
  <testcase classname="pivotalApplication.PivoFin1" name="UploadCam" time="2.304"/>
  <testcase classname="pivotalApplication.PivoFin1" name="UploadCamOk" time="2.288"/>
  <testcase classname="pivotalApplication.PivoFin1" name="Transscript1" time="2.549"/>
  <testcase classname="pivotalApplication.PivoFin1" name="CreatedBy1" time="2.831"/>
  <testcase classname="pivotalApplication.PivoFin1" name="DocumentOn1" time="2.196"/>
  <testcase classname="pivotalApplication.PivoFin1" name="popUpOk1" time="2.300"/>
  <testcase classname="pivotalApplication.PivoFin1" name="Gallery" time="2.266"/>
  <testcase classname="pivotalApplication.PivoFin1" name="photo" time="10.299"/>
  <testcase classname="pivotalApplication.PivoFin1" name="Upload1" time="2.306"/>
  <testcase classname="pivotalApplication.PivoFin1" name="UploadOk1" time="8.422"/>
  <testcase classname="pivotalApplication.PivoFin1" name="ImmunizationClick1" time="2.540"/>
  <testcase classname="pivotalApplication.PivoFin1" name="Records" time="5.450"/>
  <testcase classname="pivotalApplication.PivoFin1" name="Certificates" time="5.452"/>
  <testcase classname="pivotalApplication.PivoFin1" name="SelectVaciines" time="5.308"/>
  <testcase classname="pivotalApplication.PivoFin1" name="Proceed" time="5.474"/>
  <testcase classname="pivotalApplication.PivoFin1" name="SpecialityDropdown" time="5.308"/>
  <testcase classname="pivotalApplication.PivoFin1" name="DefaultV3" time="5.182"/>
  <testcase classname="pivotalApplication.PivoFin1" name="Preview" time="5.372"/>
  <testcase classname="pivotalApplication.PivoFin1" name="Print" time="26.347"/>
</testsuite> <!-- pivotalApplication.PivoFin1 -->
