<?xml version="1.0" encoding="UTF-8"?>
<!-- Generated by org.testng.reporters.JUnitReportReporter -->
<testsuite hostname="CopiousCare" failures="0" tests="19" name="webAuto.OPDEndToEndWorkFlow2" time="307.165" errors="0" timestamp="2024-05-28T11:05:18 IST" skipped="0">
  <testcase classname="webAuto.OPDEndToEndWorkFlow2" name="numberField" time="0.244"/>
  <system-out/>
  <testcase classname="webAuto.OPDEndToEndWorkFlow2" name="sendOTP" time="11.824"/>
  <system-out/>
  <testcase classname="webAuto.OPDEndToEndWorkFlow2" name="verifyButton" time="10.096"/>
  <system-out/>
  <testcase classname="webAuto.OPDEndToEndWorkFlow2" name="searchBar1" time="0.671"/>
  <system-out/>
  <testcase classname="webAuto.OPDEndToEndWorkFlow2" name="searchOpt" time="3.085"/>
  <system-out/>
  <testcase classname="webAuto.OPDEndToEndWorkFlow2" name="searchBar2" time="15.169"/>
  <system-out/>
  <testcase classname="webAuto.OPDEndToEndWorkFlow2" name="Investigation" time="26.767"/>
  <system-out/>
  <testcase classname="webAuto.OPDEndToEndWorkFlow2" name="Investigation1" time="34.256"/>
  <system-out/>
  <testcase classname="webAuto.OPDEndToEndWorkFlow2" name="HealthProfile" time="14.583"/>
  <system-out/>
  <testcase classname="webAuto.OPDEndToEndWorkFlow2" name="Document1" time="0.079"/>
  <system-out/>
  <testcase classname="webAuto.OPDEndToEndWorkFlow2" name="ReceiptOption" time="14.912"/>
  <system-out/>
  <testcase classname="webAuto.OPDEndToEndWorkFlow2" name="previewReceipt" time="30.663"/>
  <system-out/>
  <testcase classname="webAuto.OPDEndToEndWorkFlow2" name="cirtificateOption1" time="20.252"/>
  <system-out/>
  <testcase classname="webAuto.OPDEndToEndWorkFlow2" name="AllDocuments" time="16.157"/>
  <system-out/>
  <testcase classname="webAuto.OPDEndToEndWorkFlow2" name="Document2" time="0.135"/>
  <system-out/>
  <testcase classname="webAuto.OPDEndToEndWorkFlow2" name="cirtificateOption" time="32.402"/>
  <system-out/>
  <testcase classname="webAuto.OPDEndToEndWorkFlow2" name="cirtificateOption3" time="20.376"/>
  <system-out/>
  <testcase classname="webAuto.OPDEndToEndWorkFlow2" name="AllDocuments1" time="11.260"/>
  <system-out/>
  <testcase classname="webAuto.OPDEndToEndWorkFlow2" name="ReferralOption3" time="44.234"/>
  <system-out/>
</testsuite> <!-- webAuto.OPDEndToEndWorkFlow2 -->
