<?xml version="1.0" encoding="UTF-8"?>
<!-- Generated by org.testng.reporters.JUnitReportReporter -->
<testsuite hostname="CopiousCare" failures="0" tests="172" name="pivotalApplication.PivoFin1" time="981.471" errors="0" timestamp="2024-04-22T13:03:38 IST" skipped="0">
  <testcase classname="pivotalApplication.PivoFin1" name="BfSuite" time="1.176"/>
  <system-out/>
  <testcase classname="pivotalApplication.PivoFin1" name="NumberField" time="1.270"/>
  <system-out/>
  <testcase classname="pivotalApplication.PivoFin1" name="IAgree" time="2.165"/>
  <system-out/>
  <testcase classname="pivotalApplication.PivoFin1" name="proceedButton" time="2.436"/>
  <system-out/>
  <testcase classname="pivotalApplication.PivoFin1" name="OTP" time="11.495"/>
  <system-out/>
  <testcase classname="pivotalApplication.PivoFin1" name="submit" time="8.174"/>
  <system-out/>
  <testcase classname="pivotalApplication.PivoFin1" name="Createptient" time="4.475"/>
  <system-out/>
  <testcase classname="pivotalApplication.PivoFin1" name="Neweptient" time="12.278"/>
  <system-out/>
  <testcase classname="pivotalApplication.PivoFin1" name="Close" time="5.041"/>
  <system-out/>
  <testcase classname="pivotalApplication.PivoFin1" name="MobileNumber1" time="3.060"/>
  <system-out/>
  <testcase classname="pivotalApplication.PivoFin1" name="confirm" time="4.579"/>
  <system-out/>
  <testcase classname="pivotalApplication.PivoFin1" name="confirmPopup" time="4.880"/>
  <system-out/>
  <testcase classname="pivotalApplication.PivoFin1" name="AdditionalNumber1" time="3.075"/>
  <system-out/>
  <testcase classname="pivotalApplication.PivoFin1" name="FirstName" time="5.033"/>
  <system-out/>
  <testcase classname="pivotalApplication.PivoFin1" name="MiddleName" time="4.972"/>
  <system-out/>
  <testcase classname="pivotalApplication.PivoFin1" name="LastName" time="4.973"/>
  <system-out/>
  <testcase classname="pivotalApplication.PivoFin1" name="BirthCalender" time="5.134"/>
  <system-out/>
  <testcase classname="pivotalApplication.PivoFin1" name="Birthok" time="4.355"/>
  <system-out/>
  <testcase classname="pivotalApplication.PivoFin1" name="GenFemale" time="4.454"/>
  <system-out/>
  <testcase classname="pivotalApplication.PivoFin1" name="Address" time="2.437"/>
  <system-out/>
  <testcase classname="pivotalApplication.PivoFin1" name="Area" time="2.927"/>
  <system-out/>
  <testcase classname="pivotalApplication.PivoFin1" name="City" time="2.912"/>
  <system-out/>
  <testcase classname="pivotalApplication.PivoFin1" name="PinCode" time="2.925"/>
  <system-out/>
  <testcase classname="pivotalApplication.PivoFin1" name="Next" time="15.450"/>
  <system-out/>
  <testcase classname="pivotalApplication.PivoFin1" name="ContinueProfile" time="10.361"/>
  <system-out/>
  <testcase classname="pivotalApplication.PivoFin1" name="TypeOfDelivery" time="2.349"/>
  <system-out/>
  <testcase classname="pivotalApplication.PivoFin1" name="TypeOfDeliveryNormal" time="2.266"/>
  <system-out/>
  <testcase classname="pivotalApplication.PivoFin1" name="weightl" time="2.317"/>
  <system-out/>
  <testcase classname="pivotalApplication.PivoFin1" name="Heightl" time="2.305"/>
  <system-out/>
  <testcase classname="pivotalApplication.PivoFin1" name="HC" time="2.275"/>
  <system-out/>
  <testcase classname="pivotalApplication.PivoFin1" name="CC" time="2.317"/>
  <system-out/>
  <testcase classname="pivotalApplication.PivoFin1" name="BPSYS" time="2.316"/>
  <system-out/>
  <testcase classname="pivotalApplication.PivoFin1" name="BPDia" time="2.337"/>
  <system-out/>
  <testcase classname="pivotalApplication.PivoFin1" name="BloodGroup" time="2.376"/>
  <system-out/>
  <testcase classname="pivotalApplication.PivoFin1" name="BloodGroupA" time="2.299"/>
  <system-out/>
  <testcase classname="pivotalApplication.PivoFin1" name="BirthHistoryNext" time="7.436"/>
  <system-out/>
  <testcase classname="pivotalApplication.PivoFin1" name="MedicalConditionAdd" time="3.653"/>
  <system-out/>
  <testcase classname="pivotalApplication.PivoFin1" name="MedicalConditionSelect" time="3.595"/>
  <system-out/>
  <testcase classname="pivotalApplication.PivoFin1" name="AddMedicalCondition" time="2.399"/>
  <system-out/>
  <testcase classname="pivotalApplication.PivoFin1" name="Allergies" time="2.828"/>
  <system-out/>
  <testcase classname="pivotalApplication.PivoFin1" name="Reactions" time="2.789"/>
  <system-out/>
  <testcase classname="pivotalApplication.PivoFin1" name="RecurringComplaints" time="2.348"/>
  <system-out/>
  <testcase classname="pivotalApplication.PivoFin1" name="HospitalizationHistory" time="2.812"/>
  <system-out/>
  <testcase classname="pivotalApplication.PivoFin1" name="HealthHistory" time="2.803"/>
  <system-out/>
  <testcase classname="pivotalApplication.PivoFin1" name="GeneticdisoredrAdd" time="4.207"/>
  <system-out/>
  <testcase classname="pivotalApplication.PivoFin1" name="GeneticdisoredrSelect" time="13.019"/>
  <system-out/>
  <testcase classname="pivotalApplication.PivoFin1" name="AddGeneticdisoredr" time="2.490"/>
  <system-out/>
  <testcase classname="pivotalApplication.PivoFin1" name="OtherEmailId" time="2.814"/>
  <system-out/>
  <testcase classname="pivotalApplication.PivoFin1" name="helathNext" time="2.308"/>
  <system-out/>
  <testcase classname="pivotalApplication.PivoFin1" name="FathersName" time="2.834"/>
  <system-out/>
  <testcase classname="pivotalApplication.PivoFin1" name="MothersName" time="2.855"/>
  <system-out/>
  <testcase classname="pivotalApplication.PivoFin1" name="Fatherheight" time="7.558"/>
  <system-out/>
  <testcase classname="pivotalApplication.PivoFin1" name="Mothersheight" time="5.655"/>
  <system-out/>
  <testcase classname="pivotalApplication.PivoFin1" name="FamailyMedicalHistory" time="8.335"/>
  <system-out/>
  <testcase classname="pivotalApplication.PivoFin1" name="EnterDisorders" time="15.594"/>
  <system-out/>
  <testcase classname="pivotalApplication.PivoFin1" name="AddVital" time="5.286"/>
  <system-out/>
  <testcase classname="pivotalApplication.PivoFin1" name="weight" time="0.268"/>
  <system-out/>
  <testcase classname="pivotalApplication.PivoFin1" name="Height" time="6.007"/>
  <system-out/>
  <testcase classname="pivotalApplication.PivoFin1" name="HC1" time="5.242"/>
  <system-out/>
  <testcase classname="pivotalApplication.PivoFin1" name="Temperature" time="5.771"/>
  <system-out/>
  <testcase classname="pivotalApplication.PivoFin1" name="SPO2" time="11.633"/>
  <system-out/>
  <testcase classname="pivotalApplication.PivoFin1" name="UpArrow" time="10.639"/>
  <system-out/>
  <testcase classname="pivotalApplication.PivoFin1" name="BPSYS1" time="5.853"/>
  <system-out/>
  <testcase classname="pivotalApplication.PivoFin1" name="BPDIA" time="5.795"/>
  <system-out/>
  <testcase classname="pivotalApplication.PivoFin1" name="HeartRate" time="7.172"/>
  <system-out/>
  <testcase classname="pivotalApplication.PivoFin1" name="Pulse" time="11.492"/>
  <system-out/>
  <testcase classname="pivotalApplication.PivoFin1" name="BloodSugar" time="10.792"/>
  <system-out/>
  <testcase classname="pivotalApplication.PivoFin1" name="BloodSugarf" time="5.773"/>
  <system-out/>
  <testcase classname="pivotalApplication.PivoFin1" name="BloodSugarPP" time="5.795"/>
  <system-out/>
  <testcase classname="pivotalApplication.PivoFin1" name="BloodSugarHB" time="16.414"/>
  <system-out/>
  <testcase classname="pivotalApplication.PivoFin1" name="CholesterolHDL" time="6.161"/>
  <system-out/>
  <testcase classname="pivotalApplication.PivoFin1" name="CholesterolLDL" time="5.748"/>
  <system-out/>
  <testcase classname="pivotalApplication.PivoFin1" name="TotalCholesterol" time="5.731"/>
  <system-out/>
  <testcase classname="pivotalApplication.PivoFin1" name="Triglycerides" time="5.768"/>
  <system-out/>
  <testcase classname="pivotalApplication.PivoFin1" name="Save" time="5.389"/>
  <system-out/>
  <testcase classname="pivotalApplication.PivoFin1" name="Appointment" time="21.213"/>
  <system-out/>
  <testcase classname="pivotalApplication.PivoFin1" name="SlotTime" time="42.685"/>
  <system-out/>
  <testcase classname="pivotalApplication.PivoFin1" name="VideoCheckBox" time="2.253"/>
  <system-out/>
  <testcase classname="pivotalApplication.PivoFin1" name="Book" time="7.665"/>
  <system-out/>
  <testcase classname="pivotalApplication.PivoFin1" name="AppointmentBookedPopup" time="14.927"/>
  <system-out/>
  <testcase classname="pivotalApplication.PivoFin1" name="ClickPatient" time="3.085"/>
  <system-out/>
  <testcase classname="pivotalApplication.PivoFin1" name="prescription" time="3.140"/>
  <system-out/>
  <testcase classname="pivotalApplication.PivoFin1" name="ComplaintAndDiagnosis" time="2.597"/>
  <system-out/>
  <testcase classname="pivotalApplication.PivoFin1" name="AddChiefComplaints" time="2.375"/>
  <system-out/>
  <testcase classname="pivotalApplication.PivoFin1" name="Fever" time="3.206"/>
  <system-out/>
  <testcase classname="pivotalApplication.PivoFin1" name="Details" time="3.519"/>
  <system-out/>
  <testcase classname="pivotalApplication.PivoFin1" name="moreSymptoms" time="2.340"/>
  <system-out/>
  <testcase classname="pivotalApplication.PivoFin1" name="Since2Days" time="2.275"/>
  <system-out/>
  <testcase classname="pivotalApplication.PivoFin1" name="AddComplaint" time="2.245"/>
  <system-out/>
  <testcase classname="pivotalApplication.PivoFin1" name="AddWorkingDiagnosis" time="2.377"/>
  <system-out/>
  <testcase classname="pivotalApplication.PivoFin1" name="AcuteUrti" time="5.502"/>
  <system-out/>
  <testcase classname="pivotalApplication.PivoFin1" name="AddDiagnosis" time="2.349"/>
  <system-out/>
  <testcase classname="pivotalApplication.PivoFin1" name="Medicine" time="2.388"/>
  <system-out/>
  <testcase classname="pivotalApplication.PivoFin1" name="TapToAddMedicine" time="2.415"/>
  <system-out/>
  <testcase classname="pivotalApplication.PivoFin1" name="SearchMedDolo" time="6.668"/>
  <system-out/>
  <testcase classname="pivotalApplication.PivoFin1" name="AddToPrescription" time="2.388"/>
  <system-out/>
  <testcase classname="pivotalApplication.PivoFin1" name="ClickFavourite" time="2.397"/>
  <system-out/>
  <testcase classname="pivotalApplication.PivoFin1" name="ClickFavoutiteDropdown" time="2.179"/>
  <system-out/>
  <testcase classname="pivotalApplication.PivoFin1" name="ClickFavoutiteMedDrp" time="2.217"/>
  <system-out/>
  <testcase classname="pivotalApplication.PivoFin1" name="ClickFavoutiteMedicine" time="2.213"/>
  <system-out/>
  <testcase classname="pivotalApplication.PivoFin1" name="CopyMedicine" time="2.259"/>
  <system-out/>
  <testcase classname="pivotalApplication.PivoFin1" name="popularClick" time="2.995"/>
  <system-out/>
  <testcase classname="pivotalApplication.PivoFin1" name="popularMedicineClick" time="2.567"/>
  <system-out/>
  <testcase classname="pivotalApplication.PivoFin1" name="popularCopyMedicine" time="2.268"/>
  <system-out/>
  <testcase classname="pivotalApplication.PivoFin1" name="DietAndNutrition" time="2.413"/>
  <system-out/>
  <testcase classname="pivotalApplication.PivoFin1" name="DietAndNutritionAdd" time="2.411"/>
  <system-out/>
  <testcase classname="pivotalApplication.PivoFin1" name="DietAdvice" time="2.354"/>
  <system-out/>
  <testcase classname="pivotalApplication.PivoFin1" name="AddDietAdvice" time="2.351"/>
  <system-out/>
  <testcase classname="pivotalApplication.PivoFin1" name="GeneralInstructions" time="2.444"/>
  <system-out/>
  <testcase classname="pivotalApplication.PivoFin1" name="GeneralInstructionsAdd" time="2.307"/>
  <system-out/>
  <testcase classname="pivotalApplication.PivoFin1" name="InstructionsAdd" time="2.389"/>
  <system-out/>
  <testcase classname="pivotalApplication.PivoFin1" name="Instructions" time="2.344"/>
  <system-out/>
  <testcase classname="pivotalApplication.PivoFin1" name="NextFollowup" time="4.403"/>
  <system-out/>
  <testcase classname="pivotalApplication.PivoFin1" name="NextFollowupCln7der" time="2.383"/>
  <system-out/>
  <testcase classname="pivotalApplication.PivoFin1" name="NextOk" time="2.298"/>
  <system-out/>
  <testcase classname="pivotalApplication.PivoFin1" name="NextVistTab" time="2.379"/>
  <system-out/>
  <testcase classname="pivotalApplication.PivoFin1" name="PreviewPrescription" time="2.390"/>
  <system-out/>
  <testcase classname="pivotalApplication.PivoFin1" name="SaveAndShare" time="10.195"/>
  <system-out/>
  <testcase classname="pivotalApplication.PivoFin1" name="DownloadBack" time="22.727"/>
  <system-out/>
  <testcase classname="pivotalApplication.PivoFin1" name="ImmunizationClick" time="2.479"/>
  <system-out/>
  <testcase classname="pivotalApplication.PivoFin1" name="AtBirth" time="2.675"/>
  <system-out/>
  <testcase classname="pivotalApplication.PivoFin1" name="AddVaccine" time="2.431"/>
  <system-out/>
  <testcase classname="pivotalApplication.PivoFin1" name="SelectBrand" time="2.485"/>
  <system-out/>
  <testcase classname="pivotalApplication.PivoFin1" name="SelectDate" time="7.614"/>
  <system-out/>
  <testcase classname="pivotalApplication.PivoFin1" name="VaccineLabel" time="29.023"/>
  <system-out/>
  <testcase classname="pivotalApplication.PivoFin1" name="BulkUpdate" time="8.520"/>
  <system-out/>
  <testcase classname="pivotalApplication.PivoFin1" name="PCV" time="4.453"/>
  <system-out/>
  <testcase classname="pivotalApplication.PivoFin1" name="IPV" time="4.469"/>
  <system-out/>
  <testcase classname="pivotalApplication.PivoFin1" name="Rotavirus" time="4.468"/>
  <system-out/>
  <testcase classname="pivotalApplication.PivoFin1" name="AddToSchedule" time="4.474"/>
  <system-out/>
  <testcase classname="pivotalApplication.PivoFin1" name="BulkUpdate1" time="10.445"/>
  <system-out/>
  <testcase classname="pivotalApplication.PivoFin1" name="TransScript" time="5.518"/>
  <system-out/>
  <testcase classname="pivotalApplication.PivoFin1" name="CreatedBy" time="15.763"/>
  <system-out/>
  <testcase classname="pivotalApplication.PivoFin1" name="DocumentOn" time="7.222"/>
  <system-out/>
  <testcase classname="pivotalApplication.PivoFin1" name="popoupOk" time="4.286"/>
  <system-out/>
  <testcase classname="pivotalApplication.PivoFin1" name="Gallaries" time="2.288"/>
  <system-out/>
  <testcase classname="pivotalApplication.PivoFin1" name="GallariesPhoto" time="10.321"/>
  <system-out/>
  <testcase classname="pivotalApplication.PivoFin1" name="Upload" time="7.233"/>
  <system-out/>
  <testcase classname="pivotalApplication.PivoFin1" name="UploadOk" time="7.795"/>
  <system-out/>
  <testcase classname="pivotalApplication.PivoFin1" name="TransScript1" time="61.967"/>
  <system-out/>
  <testcase classname="pivotalApplication.PivoFin1" name="ImmunizationGovClick" time="2.512"/>
  <system-out/>
  <testcase classname="pivotalApplication.PivoFin1" name="BulkCancel" time="5.255"/>
  <system-out/>
  <testcase classname="pivotalApplication.PivoFin1" name="opvO" time="2.654"/>
  <system-out/>
  <testcase classname="pivotalApplication.PivoFin1" name="SaveVaccine" time="4.972"/>
  <system-out/>
  <testcase classname="pivotalApplication.PivoFin1" name="IPV1" time="2.628"/>
  <system-out/>
  <testcase classname="pivotalApplication.PivoFin1" name="SaveVaccine1" time="4.918"/>
  <system-out/>
  <testcase classname="pivotalApplication.PivoFin1" name="HepB" time="2.563"/>
  <system-out/>
  <testcase classname="pivotalApplication.PivoFin1" name="SaveVaccine2" time="4.966"/>
  <system-out/>
  <testcase classname="pivotalApplication.PivoFin1" name="Transscript" time="2.599"/>
  <system-out/>
  <testcase classname="pivotalApplication.PivoFin1" name="CreatedBy2" time="2.879"/>
  <system-out/>
  <testcase classname="pivotalApplication.PivoFin1" name="DocumentOn2" time="2.225"/>
  <system-out/>
  <testcase classname="pivotalApplication.PivoFin1" name="popUpOk" time="2.246"/>
  <system-out/>
  <testcase classname="pivotalApplication.PivoFin1" name="Camera" time="13.562"/>
  <system-out/>
  <testcase classname="pivotalApplication.PivoFin1" name="UploadCam" time="2.278"/>
  <system-out/>
  <testcase classname="pivotalApplication.PivoFin1" name="UploadCamOk" time="2.290"/>
  <system-out/>
  <testcase classname="pivotalApplication.PivoFin1" name="Transscript1" time="2.533"/>
  <system-out/>
  <testcase classname="pivotalApplication.PivoFin1" name="CreatedBy1" time="2.918"/>
  <system-out/>
  <testcase classname="pivotalApplication.PivoFin1" name="DocumentOn1" time="2.194"/>
  <system-out/>
  <testcase classname="pivotalApplication.PivoFin1" name="popUpOk1" time="2.297"/>
  <system-out/>
  <testcase classname="pivotalApplication.PivoFin1" name="Gallery" time="2.301"/>
  <system-out/>
  <testcase classname="pivotalApplication.PivoFin1" name="photo" time="10.285"/>
  <system-out/>
  <testcase classname="pivotalApplication.PivoFin1" name="Upload1" time="2.265"/>
  <system-out/>
  <testcase classname="pivotalApplication.PivoFin1" name="UploadOk1" time="8.564"/>
  <system-out/>
  <testcase classname="pivotalApplication.PivoFin1" name="ImmunizationClick1" time="2.542"/>
  <system-out/>
  <testcase classname="pivotalApplication.PivoFin1" name="Records" time="5.448"/>
  <system-out/>
  <testcase classname="pivotalApplication.PivoFin1" name="Certificates" time="5.420"/>
  <system-out/>
  <testcase classname="pivotalApplication.PivoFin1" name="SelectVaciines" time="5.238"/>
  <system-out/>
  <testcase classname="pivotalApplication.PivoFin1" name="Proceed" time="5.538"/>
  <system-out/>
  <testcase classname="pivotalApplication.PivoFin1" name="SpecialityDropdown" time="5.290"/>
  <system-out/>
  <testcase classname="pivotalApplication.PivoFin1" name="DefaultV3" time="5.205"/>
  <system-out/>
  <testcase classname="pivotalApplication.PivoFin1" name="Preview" time="5.315"/>
  <system-out/>
  <testcase classname="pivotalApplication.PivoFin1" name="Print" time="26.892"/>
  <system-out/>
</testsuite> <!-- pivotalApplication.PivoFin1 -->
