<?xml version="1.0" encoding="UTF-8"?>
<!-- Generated by org.testng.reporters.JUnitReportReporter -->
<testsuite hostname="CopiousCare" failures="0" tests="18" name="pivotalApplicationNegative.NReceipt" time="200.440" errors="0" timestamp="2024-04-22T13:16:10 IST" skipped="0">
  <testcase classname="pivotalApplicationNegative.NReceipt" name="BfSuite" time="0.834"/>
  <system-out/>
  <testcase classname="pivotalApplicationNegative.NReceipt" name="NumberField" time="1.173"/>
  <system-out/>
  <testcase classname="pivotalApplicationNegative.NReceipt" name="IAgree" time="2.125"/>
  <system-out/>
  <testcase classname="pivotalApplicationNegative.NReceipt" name="proceedButton" time="2.357"/>
  <system-out/>
  <testcase classname="pivotalApplicationNegative.NReceipt" name="OTP" time="10.961"/>
  <system-out/>
  <testcase classname="pivotalApplicationNegative.NReceipt" name="submit" time="13.131"/>
  <system-out/>
  <testcase classname="pivotalApplicationNegative.NReceipt" name="Search" time="11.051"/>
  <system-out/>
  <testcase classname="pivotalApplicationNegative.NReceipt" name="ClickPatient" time="21.321"/>
  <system-out/>
  <testcase classname="pivotalApplicationNegative.NReceipt" name="Reciept" time="7.560"/>
  <system-out/>
  <testcase classname="pivotalApplicationNegative.NReceipt" name="AddNewReceipt" time="13.216"/>
  <system-out/>
  <testcase classname="pivotalApplicationNegative.NReceipt" name="ReceiptNo" time="7.971"/>
  <system-out/>
  <testcase classname="pivotalApplicationNegative.NReceipt" name="Consultation" time="4.901"/>
  <system-out/>
  <testcase classname="pivotalApplicationNegative.NReceipt" name="Vaccination" time="4.796"/>
  <system-out/>
  <testcase classname="pivotalApplicationNegative.NReceipt" name="OtherReasons" time="4.882"/>
  <system-out/>
  <testcase classname="pivotalApplicationNegative.NReceipt" name="Addmore" time="4.446"/>
  <system-out/>
  <testcase classname="pivotalApplicationNegative.NReceipt" name="Preview" time="35.479"/>
  <system-out/>
  <testcase classname="pivotalApplicationNegative.NReceipt" name="PayerName" time="2.717"/>
  <system-out/>
  <testcase classname="pivotalApplicationNegative.NReceipt" name="CreateReceipt" time="51.519"/>
  <system-out/>
</testsuite> <!-- pivotalApplicationNegative.NReceipt -->
