<?xml version="1.0" encoding="UTF-8"?>
<!-- Generated by org.testng.reporters.JUnitReportReporter -->
<testsuite hostname="CopiousCare" failures="0" tests="18" name="webAutoQueueNegative.MultipleNextQ" time="58.652" errors="0" timestamp="2024-05-02T14:47:43 IST" skipped="0">
  <testcase classname="webAutoQueueNegative.MultipleNextQ" name="numberField" time="0.135"/>
  <system-out/>
  <testcase classname="webAutoQueueNegative.MultipleNextQ" name="sendOTP" time="5.613"/>
  <system-out/>
  <testcase classname="webAutoQueueNegative.MultipleNextQ" name="verifyButton" time="10.091"/>
  <system-out/>
  <testcase classname="webAutoQueueNegative.MultipleNextQ" name="createPatient" time="2.058"/>
  <system-out/>
  <testcase classname="webAutoQueueNegative.MultipleNextQ" name="Number1" time="0.196"/>
  <system-out/>
  <testcase classname="webAutoQueueNegative.MultipleNextQ" name="confirm" time="3.722"/>
  <system-out/>
  <testcase classname="webAutoQueueNegative.MultipleNextQ" name="number2" time="0.187"/>
  <system-out/>
  <testcase classname="webAutoQueueNegative.MultipleNextQ" name="firstName" time="0.162"/>
  <system-out/>
  <testcase classname="webAutoQueueNegative.MultipleNextQ" name="middleName" time="0.137"/>
  <system-out/>
  <testcase classname="webAutoQueueNegative.MultipleNextQ" name="lastName" time="0.100"/>
  <system-out/>
  <testcase classname="webAutoQueueNegative.MultipleNextQ" name="birthDate" time="5.188"/>
  <system-out/>
  <testcase classname="webAutoQueueNegative.MultipleNextQ" name="genFemale" time="0.071"/>
  <system-out/>
  <testcase classname="webAutoQueueNegative.MultipleNextQ" name="address" time="0.145"/>
  <system-out/>
  <testcase classname="webAutoQueueNegative.MultipleNextQ" name="locality" time="0.121"/>
  <system-out/>
  <testcase classname="webAutoQueueNegative.MultipleNextQ" name="city" time="0.142"/>
  <system-out/>
  <testcase classname="webAutoQueueNegative.MultipleNextQ" name="pinCode" time="0.104"/>
  <system-out/>
  <testcase classname="webAutoQueueNegative.MultipleNextQ" name="nextButton" time="0.112"/>
  <system-out/>
  <testcase classname="webAutoQueueNegative.MultipleNextQ" name="Done" time="30.368"/>
  <system-out/>
</testsuite> <!-- webAutoQueueNegative.MultipleNextQ -->
