<?xml version="1.0" encoding="UTF-8"?>
<!-- Generated by org.testng.reporters.JUnitReportReporter -->
<testsuite hostname="CopiousCare" failures="0" tests="11" name="healthApp.HealthAddVital" time="143.877" errors="0" timestamp="2024-04-23T17:01:57 IST" skipped="0">
  <testcase classname="healthApp.HealthAddVital" name="BfSuite" time="0.884"/>
  <system-out/>
  <testcase classname="healthApp.HealthAddVital" name="NumberField" time="11.708"/>
  <system-out/>
  <testcase classname="healthApp.HealthAddVital" name="IAgree" time="2.133"/>
  <system-out/>
  <testcase classname="healthApp.HealthAddVital" name="proceedButton" time="5.318"/>
  <system-out/>
  <testcase classname="healthApp.HealthAddVital" name="OTP" time="16.080"/>
  <system-out/>
  <testcase classname="healthApp.HealthAddVital" name="Verify" time="5.956"/>
  <system-out/>
  <testcase classname="healthApp.HealthAddVital" name="AddButton2" time="21.292"/>
  <system-out/>
  <testcase classname="healthApp.HealthAddVital" name="AllVisits" time="5.755"/>
  <system-out/>
  <testcase classname="healthApp.HealthAddVital" name="AddVitalsClick" time="5.404"/>
  <system-out/>
  <testcase classname="healthApp.HealthAddVital" name="AddVitals" time="41.119"/>
  <system-out/>
  <testcase classname="healthApp.HealthAddVital" name="LipidProfile" time="28.228"/>
  <system-out/>
</testsuite> <!-- healthApp.HealthAddVital -->
